================================================================================
CONFIGURABLE RANDOM FOREST TRAINING SCRIPT
Dataset: /home/brusc/Projects/random_forest/datasets/dataset_rgb_uniform_10/mini
Area: assatigue
Feature Method: wst
K Features: 20
Output: /home/brusc/Projects/random_forest/experiments_organized/uniform_output/dataset_rgb_uniform_10/assatigue/mini/k20/wst
N Estimators: 3
================================================================================
Loading images from assatigue area...
Found classes in assatigue: ['low_veg', 'trees', 'water']
Loading 5 images from assatigue/low_veg
Loading 5 images from assatigue/trees
Loading 5 images from assatigue/water
Loaded 15 images with 3 classes
Classes: [np.str_('low_veg'), np.str_('trees'), np.str_('water')]
Image shape: (3, 128, 128)
Extracting wst features...
Feature matrix shape: (15, 486)
Applying SelectKBest feature selection (k=20)...
Selected features: ['R_wst_mean_2', 'R_wst_mean_6', 'R_wst_mean_14', 'R_wst_mean_15', 'R_wst_mean_25', 'R_wst_mean_27', 'R_wst_mean_44', 'R_wst_mean_55', 'R_wst_mean_62', 'R_wst_mean_68', 'R_wst_mean_69', 'G_wst_mean_1', 'G_wst_mean_2', 'G_wst_mean_7', 'G_wst_mean_14', 'G_wst_mean_15', 'G_wst_mean_70', 'G_wst_mean_71', 'G_wst_mean_72', 'G_wst_std_29']
Feature scores: [0.84314963 0.95981629 0.87092741 0.82426074 0.81203852 0.81537185
 0.83362582 0.80203852 0.82981629 0.81195915 0.80759407 0.86314963
 0.85029249 0.82870518 0.86537185 0.87314963 0.86259407 0.99870518
 0.89370518 0.92092741]
Training final Random Forest model...
Saving model and artifacts...
Saved trained model: /home/brusc/Projects/random_forest/experiments_organized/uniform_output/dataset_rgb_uniform_10/assatigue/mini/k20/wst/trained_model.joblib
Saved scaler: /home/brusc/Projects/random_forest/experiments_organized/uniform_output/dataset_rgb_uniform_10/assatigue/mini/k20/wst/scaler.joblib
Saved feature selector: /home/brusc/Projects/random_forest/experiments_organized/uniform_output/dataset_rgb_uniform_10/assatigue/mini/k20/wst/feature_selector.joblib
Saved feature information: /home/brusc/Projects/random_forest/experiments_organized/uniform_output/dataset_rgb_uniform_10/assatigue/mini/k20/wst/feature_names.json
Saved experiment report: /home/brusc/Projects/random_forest/experiments_organized/uniform_output/dataset_rgb_uniform_10/assatigue/mini/k20/wst/experiment_report_with_model.json
Saved usage instructions: /home/brusc/Projects/random_forest/experiments_organized/uniform_output/dataset_rgb_uniform_10/assatigue/mini/k20/wst/model_usage_instructions.md

================================================================================
TRAINING COMPLETED SUCCESSFULLY
================================================================================
Area: assatigue
Dataset: /home/brusc/Projects/random_forest/datasets/dataset_rgb_uniform_10/mini
Feature method: wst
Total images: 15
Classes: ['low_veg', 'trees', 'water']
Original features: 486
Selected features: 20
N estimators: 3

PERFORMANCE RESULTS:
Test Accuracy: 0.6667
CV Accuracy: 0.8667 ± 0.1633

Top 20 selected features:
  1. R_wst_mean_2: 0.8431
  2. R_wst_mean_6: 0.9598
  3. R_wst_mean_14: 0.8709
  4. R_wst_mean_15: 0.8243
  5. R_wst_mean_25: 0.8120
  6. R_wst_mean_27: 0.8154
  7. R_wst_mean_44: 0.8336
  8. R_wst_mean_55: 0.8020
  9. R_wst_mean_62: 0.8298
  10. R_wst_mean_68: 0.8120
  11. R_wst_mean_69: 0.8076
  12. G_wst_mean_1: 0.8631
  13. G_wst_mean_2: 0.8503
  14. G_wst_mean_7: 0.8287
  15. G_wst_mean_14: 0.8654
  16. G_wst_mean_15: 0.8731
  17. G_wst_mean_70: 0.8626
  18. G_wst_mean_71: 0.9987
  19. G_wst_mean_72: 0.8937
  20. G_wst_std_29: 0.9209

Model and artifacts saved to: /home/brusc/Projects/random_forest/experiments_organized/uniform_output/dataset_rgb_uniform_10/assatigue/mini/k20/wst
================================================================================
