================================================================================
CONFIGURABLE RANDOM FOREST TRAINING SCRIPT
Dataset: /home/brusc/Projects/random_forest/datasets/dataset_rgb_uniform_10/small
Area: popolar
Feature Method: hybrid
K Features: 20
Output: /home/brusc/Projects/random_forest/experiments_organized/uniform_output/dataset_rgb_uniform_10/popolar/small/k20/hybrid
N Estimators: 10
================================================================================
Loading images from popolar area...
Found classes in popolar: ['low_veg', 'trees', 'water']
Loading 15 images from popolar/low_veg
Loading 15 images from popolar/trees
Loading 15 images from popolar/water
Loaded 45 images with 3 classes
Classes: [np.str_('low_veg'), np.str_('trees'), np.str_('water')]
Image shape: (3, 128, 128)
Extracting hybrid features...
Feature matrix shape: (45, 540)
Applying SelectKBest feature selection (k=20)...
Selected features: ['R_std', 'R_min', 'R_cv', 'R_p10', 'R_iqr', 'R_mad', 'G_std', 'G_var', 'G_min', 'G_range', 'G_iqr', 'G_mad', 'B_min', 'B_cv', 'B_p10', 'B_iqr', 'R_wst_mean_16', 'R_wst_std_0', 'G_wst_mean_16', 'G_wst_std_0']
Feature scores: [0.94169187 1.01755383 0.95960994 0.94789774 1.08200131 1.04301542
 0.96153369 0.96324309 1.06324758 1.06038811 1.0662774  1.07206304
 1.04852977 1.03849963 0.99580546 0.97175661 0.95318297 0.96424406
 0.95373852 0.98576289]
Training final Random Forest model...
Saving model and artifacts...
Saved trained model: /home/brusc/Projects/random_forest/experiments_organized/uniform_output/dataset_rgb_uniform_10/popolar/small/k20/hybrid/trained_model.joblib
Saved scaler: /home/brusc/Projects/random_forest/experiments_organized/uniform_output/dataset_rgb_uniform_10/popolar/small/k20/hybrid/scaler.joblib
Saved feature selector: /home/brusc/Projects/random_forest/experiments_organized/uniform_output/dataset_rgb_uniform_10/popolar/small/k20/hybrid/feature_selector.joblib
Saved feature information: /home/brusc/Projects/random_forest/experiments_organized/uniform_output/dataset_rgb_uniform_10/popolar/small/k20/hybrid/feature_names.json
Saved experiment report: /home/brusc/Projects/random_forest/experiments_organized/uniform_output/dataset_rgb_uniform_10/popolar/small/k20/hybrid/experiment_report_with_model.json
Saved usage instructions: /home/brusc/Projects/random_forest/experiments_organized/uniform_output/dataset_rgb_uniform_10/popolar/small/k20/hybrid/model_usage_instructions.md

================================================================================
TRAINING COMPLETED SUCCESSFULLY
================================================================================
Area: popolar
Dataset: /home/brusc/Projects/random_forest/datasets/dataset_rgb_uniform_10/small
Feature method: hybrid
Total images: 45
Classes: ['low_veg', 'trees', 'water']
Original features: 540
Selected features: 20
N estimators: 10

PERFORMANCE RESULTS:
Test Accuracy: 0.8889
CV Accuracy: 0.9778 ± 0.0444

Top 20 selected features:
  1. R_std: 0.9417
  2. R_min: 1.0176
  3. R_cv: 0.9596
  4. R_p10: 0.9479
  5. R_iqr: 1.0820
  6. R_mad: 1.0430
  7. G_std: 0.9615
  8. G_var: 0.9632
  9. G_min: 1.0632
  10. G_range: 1.0604
  11. G_iqr: 1.0663
  12. G_mad: 1.0721
  13. B_min: 1.0485
  14. B_cv: 1.0385
  15. B_p10: 0.9958
  16. B_iqr: 0.9718
  17. R_wst_mean_16: 0.9532
  18. R_wst_std_0: 0.9642
  19. G_wst_mean_16: 0.9537
  20. G_wst_std_0: 0.9858

Model and artifacts saved to: /home/brusc/Projects/random_forest/experiments_organized/uniform_output/dataset_rgb_uniform_10/popolar/small/k20/hybrid
================================================================================
