================================================================================
CONFIGURABLE RANDOM FOREST TRAINING SCRIPT
Dataset: /home/brusc/Projects/random_forest/datasets/dataset_rgb_uniform_10/mini
Area: sunset
Feature Method: wst
K Features: 10
Output: /home/brusc/Projects/random_forest/experiments_organized/uniform_output/dataset_rgb_uniform_10/sunset/mini/k10/wst
N Estimators: 3
================================================================================
Loading images from sunset area...
Found classes in sunset: ['garden', 'low_veg', 'trees']
Loading 5 images from sunset/garden
Loading 5 images from sunset/low_veg
Loading 5 images from sunset/trees
Loaded 15 images with 3 classes
Classes: [np.str_('garden'), np.str_('low_veg'), np.str_('trees')]
Image shape: (3, 128, 128)
Extracting wst features...
Feature matrix shape: (15, 486)
Applying SelectKBest feature selection (k=10)...
Selected features: ['R_wst_mean_35', 'R_wst_mean_43', 'R_wst_mean_45', 'R_wst_mean_53', 'R_wst_std_11', 'R_wst_std_19', 'R_wst_std_25', 'G_wst_mean_12', 'G_wst_std_11', 'G_wst_std_45']
Feature scores: [1.07314963 1.03489566 1.0793401  1.05092741 1.02711788 1.00822899
 1.0793401  1.01296444 1.06045122 1.05711788]
Training final Random Forest model...
Saving model and artifacts...
Saved trained model: /home/brusc/Projects/random_forest/experiments_organized/uniform_output/dataset_rgb_uniform_10/sunset/mini/k10/wst/trained_model.joblib
Saved scaler: /home/brusc/Projects/random_forest/experiments_organized/uniform_output/dataset_rgb_uniform_10/sunset/mini/k10/wst/scaler.joblib
Saved feature selector: /home/brusc/Projects/random_forest/experiments_organized/uniform_output/dataset_rgb_uniform_10/sunset/mini/k10/wst/feature_selector.joblib
Saved feature information: /home/brusc/Projects/random_forest/experiments_organized/uniform_output/dataset_rgb_uniform_10/sunset/mini/k10/wst/feature_names.json
Saved experiment report: /home/brusc/Projects/random_forest/experiments_organized/uniform_output/dataset_rgb_uniform_10/sunset/mini/k10/wst/experiment_report_with_model.json
Saved usage instructions: /home/brusc/Projects/random_forest/experiments_organized/uniform_output/dataset_rgb_uniform_10/sunset/mini/k10/wst/model_usage_instructions.md

================================================================================
TRAINING COMPLETED SUCCESSFULLY
================================================================================
Area: sunset
Dataset: /home/brusc/Projects/random_forest/datasets/dataset_rgb_uniform_10/mini
Feature method: wst
Total images: 15
Classes: ['garden', 'low_veg', 'trees']
Original features: 486
Selected features: 10
N estimators: 3

PERFORMANCE RESULTS:
Test Accuracy: 0.6667
CV Accuracy: 1.0000 ± 0.0000

Top 10 selected features:
  1. R_wst_mean_35: 1.0731
  2. R_wst_mean_43: 1.0349
  3. R_wst_mean_45: 1.0793
  4. R_wst_mean_53: 1.0509
  5. R_wst_std_11: 1.0271
  6. R_wst_std_19: 1.0082
  7. R_wst_std_25: 1.0793
  8. G_wst_mean_12: 1.0130
  9. G_wst_std_11: 1.0605
  10. G_wst_std_45: 1.0571

Model and artifacts saved to: /home/brusc/Projects/random_forest/experiments_organized/uniform_output/dataset_rgb_uniform_10/sunset/mini/k10/wst
================================================================================
