================================================================================
CONFIGURABLE RANDOM FOREST TRAINING SCRIPT
Dataset: /home/brusc/Projects/random_forest/datasets/dataset_rgb_uniform_10/mini
Area: assatigue
Feature Method: hybrid
K Features: 20
Output: /home/brusc/Projects/random_forest/experiments_organized/uniform_output/dataset_rgb_uniform_10/assatigue/mini/k20/hybrid
N Estimators: 3
================================================================================
Loading images from assatigue area...
Found classes in assatigue: ['low_veg', 'trees', 'water']
Loading 5 images from assatigue/low_veg
Loading 5 images from assatigue/trees
Loading 5 images from assatigue/water
Loaded 15 images with 3 classes
Classes: [np.str_('low_veg'), np.str_('trees'), np.str_('water')]
Image shape: (3, 128, 128)
Extracting hybrid features...
Feature matrix shape: (15, 540)
Applying SelectKBest feature selection (k=20)...
Selected features: ['R_min', 'R_iqr', 'R_mad', 'R_grad_mean', 'G_min', 'G_max', 'G_iqr', 'G_mad', 'G_grad_mean', 'B_min', 'B_p10', 'R_wst_mean_2', 'R_wst_mean_6', 'R_wst_mean_14', 'G_wst_mean_2', 'G_wst_mean_14', 'G_wst_mean_70', 'G_wst_mean_71', 'G_wst_mean_72', 'G_wst_std_29']
Feature scores: [1.13981629 0.96203852 0.92314963 0.90426074 0.9114036  0.92118955
 1.09870518 0.95092741 0.91537185 0.97870518 0.95981629 0.90426074
 0.95981629 0.91537185 0.89473693 0.90029249 0.95426074 0.89870518
 0.90203852 0.88203852]
Training final Random Forest model...
Saving model and artifacts...
Saved trained model: /home/brusc/Projects/random_forest/experiments_organized/uniform_output/dataset_rgb_uniform_10/assatigue/mini/k20/hybrid/trained_model.joblib
Saved scaler: /home/brusc/Projects/random_forest/experiments_organized/uniform_output/dataset_rgb_uniform_10/assatigue/mini/k20/hybrid/scaler.joblib
Saved feature selector: /home/brusc/Projects/random_forest/experiments_organized/uniform_output/dataset_rgb_uniform_10/assatigue/mini/k20/hybrid/feature_selector.joblib
Saved feature information: /home/brusc/Projects/random_forest/experiments_organized/uniform_output/dataset_rgb_uniform_10/assatigue/mini/k20/hybrid/feature_names.json
Saved experiment report: /home/brusc/Projects/random_forest/experiments_organized/uniform_output/dataset_rgb_uniform_10/assatigue/mini/k20/hybrid/experiment_report_with_model.json
Saved usage instructions: /home/brusc/Projects/random_forest/experiments_organized/uniform_output/dataset_rgb_uniform_10/assatigue/mini/k20/hybrid/model_usage_instructions.md

================================================================================
TRAINING COMPLETED SUCCESSFULLY
================================================================================
Area: assatigue
Dataset: /home/brusc/Projects/random_forest/datasets/dataset_rgb_uniform_10/mini
Feature method: hybrid
Total images: 15
Classes: ['low_veg', 'trees', 'water']
Original features: 540
Selected features: 20
N estimators: 3

PERFORMANCE RESULTS:
Test Accuracy: 0.6667
CV Accuracy: 0.8667 ± 0.1633

Top 20 selected features:
  1. R_min: 1.1398
  2. R_iqr: 0.9620
  3. R_mad: 0.9231
  4. R_grad_mean: 0.9043
  5. G_min: 0.9114
  6. G_max: 0.9212
  7. G_iqr: 1.0987
  8. G_mad: 0.9509
  9. G_grad_mean: 0.9154
  10. B_min: 0.9787
  11. B_p10: 0.9598
  12. R_wst_mean_2: 0.9043
  13. R_wst_mean_6: 0.9598
  14. R_wst_mean_14: 0.9154
  15. G_wst_mean_2: 0.8947
  16. G_wst_mean_14: 0.9003
  17. G_wst_mean_70: 0.9543
  18. G_wst_mean_71: 0.8987
  19. G_wst_mean_72: 0.9020
  20. G_wst_std_29: 0.8820

Model and artifacts saved to: /home/brusc/Projects/random_forest/experiments_organized/uniform_output/dataset_rgb_uniform_10/assatigue/mini/k20/hybrid
================================================================================
