================================================================================
CONFIGURABLE RANDOM FOREST TRAINING SCRIPT
Dataset: /home/brusc/Projects/random_forest/datasets/dataset_rgb_uniform_10/original
Area: assatigue
Feature Method: advanced_stats
K Features: 10
Output: /home/brusc/Projects/random_forest/experiments_organized/uniform_output/dataset_rgb_uniform_10/assatigue/original/k10/advanced_stats
N Estimators: 50
================================================================================
Loading images from assatigue area...
Found classes in assatigue: ['low_veg', 'trees', 'water']
Loading 40 images from assatigue/low_veg
Loading 36 images from assatigue/trees
Loading 40 images from assatigue/water
Loaded 116 images with 3 classes
Classes: [np.str_('low_veg'), np.str_('trees'), np.str_('water')]
Image shape: (3, 128, 128)
Extracting advanced_stats features...
Feature matrix shape: (116, 54)
Applying SelectKBest feature selection (k=10)...
Selected features: ['R_min', 'R_cv', 'R_iqr', 'R_mad', 'G_std', 'G_min', 'G_cv', 'G_iqr', 'G_mad', 'B_min']
Feature scores: [1.03851166 0.9699659  1.06007632 0.99726032 0.92313618 1.03959011
 0.92649772 1.08799523 1.01012287 1.07488773]
Training final Random Forest model...
Saving model and artifacts...
Saved trained model: /home/brusc/Projects/random_forest/experiments_organized/uniform_output/dataset_rgb_uniform_10/assatigue/original/k10/advanced_stats/trained_model.joblib
Saved scaler: /home/brusc/Projects/random_forest/experiments_organized/uniform_output/dataset_rgb_uniform_10/assatigue/original/k10/advanced_stats/scaler.joblib
Saved feature selector: /home/brusc/Projects/random_forest/experiments_organized/uniform_output/dataset_rgb_uniform_10/assatigue/original/k10/advanced_stats/feature_selector.joblib
Saved feature information: /home/brusc/Projects/random_forest/experiments_organized/uniform_output/dataset_rgb_uniform_10/assatigue/original/k10/advanced_stats/feature_names.json
Saved experiment report: /home/brusc/Projects/random_forest/experiments_organized/uniform_output/dataset_rgb_uniform_10/assatigue/original/k10/advanced_stats/experiment_report_with_model.json
Saved usage instructions: /home/brusc/Projects/random_forest/experiments_organized/uniform_output/dataset_rgb_uniform_10/assatigue/original/k10/advanced_stats/model_usage_instructions.md

================================================================================
TRAINING COMPLETED SUCCESSFULLY
================================================================================
Area: assatigue
Dataset: /home/brusc/Projects/random_forest/datasets/dataset_rgb_uniform_10/original
Feature method: advanced_stats
Total images: 116
Classes: ['low_veg', 'water', 'trees']
Original features: 54
Selected features: 10
N estimators: 50

PERFORMANCE RESULTS:
Test Accuracy: 1.0000
CV Accuracy: 0.9746 ± 0.0335

Top 10 selected features:
  1. R_min: 1.0385
  2. R_cv: 0.9700
  3. R_iqr: 1.0601
  4. R_mad: 0.9973
  5. G_std: 0.9231
  6. G_min: 1.0396
  7. G_cv: 0.9265
  8. G_iqr: 1.0880
  9. G_mad: 1.0101
  10. B_min: 1.0749

Model and artifacts saved to: /home/brusc/Projects/random_forest/experiments_organized/uniform_output/dataset_rgb_uniform_10/assatigue/original/k10/advanced_stats
================================================================================
