================================================================================
CONFIGURABLE RANDOM FOREST TRAINING SCRIPT
Dataset: /home/brusc/Projects/random_forest/datasets/dataset_rgb_uniform_10/original
Area: sunset
Feature Method: wst
K Features: 20
Output: /home/brusc/Projects/random_forest/experiments_organized/uniform_output/dataset_rgb_uniform_10/sunset/original/k20/wst
N Estimators: 50
================================================================================
Loading images from sunset area...
Found classes in sunset: ['garden', 'low_veg', 'trees']
Loading 40 images from sunset/garden
Loading 40 images from sunset/low_veg
Loading 40 images from sunset/trees
Loaded 120 images with 3 classes
Classes: [np.str_('garden'), np.str_('low_veg'), np.str_('trees')]
Image shape: (3, 128, 128)
Extracting wst features...
Feature matrix shape: (120, 486)
Applying SelectKBest feature selection (k=20)...
Selected features: ['R_wst_mean_4', 'R_wst_mean_11', 'R_wst_mean_13', 'R_wst_mean_34', 'R_wst_mean_52', 'R_wst_std_0', 'G_wst_mean_3', 'G_wst_mean_4', 'G_wst_mean_5', 'G_wst_mean_11', 'G_wst_mean_12', 'G_wst_mean_13', 'G_wst_mean_36', 'G_wst_mean_44', 'G_wst_mean_45', 'G_wst_mean_53', 'G_wst_mean_54', 'G_wst_std_4', 'G_wst_std_5', 'G_wst_std_12']
Feature scores: [0.81274705 0.80718747 0.85181572 0.81530838 0.80237311 0.9029344
 0.81839706 0.85867565 0.85748858 0.83478337 0.82129195 0.86252424
 0.80760962 0.86674401 0.84037655 0.81441874 0.81031826 0.82462316
 0.82493995 0.84068946]
Training final Random Forest model...
Saving model and artifacts...
Saved trained model: /home/brusc/Projects/random_forest/experiments_organized/uniform_output/dataset_rgb_uniform_10/sunset/original/k20/wst/trained_model.joblib
Saved scaler: /home/brusc/Projects/random_forest/experiments_organized/uniform_output/dataset_rgb_uniform_10/sunset/original/k20/wst/scaler.joblib
Saved feature selector: /home/brusc/Projects/random_forest/experiments_organized/uniform_output/dataset_rgb_uniform_10/sunset/original/k20/wst/feature_selector.joblib
Saved feature information: /home/brusc/Projects/random_forest/experiments_organized/uniform_output/dataset_rgb_uniform_10/sunset/original/k20/wst/feature_names.json
Saved experiment report: /home/brusc/Projects/random_forest/experiments_organized/uniform_output/dataset_rgb_uniform_10/sunset/original/k20/wst/experiment_report_with_model.json
Saved usage instructions: /home/brusc/Projects/random_forest/experiments_organized/uniform_output/dataset_rgb_uniform_10/sunset/original/k20/wst/model_usage_instructions.md

================================================================================
TRAINING COMPLETED SUCCESSFULLY
================================================================================
Area: sunset
Dataset: /home/brusc/Projects/random_forest/datasets/dataset_rgb_uniform_10/original
Feature method: wst
Total images: 120
Classes: ['garden', 'low_veg', 'trees']
Original features: 486
Selected features: 20
N estimators: 50

PERFORMANCE RESULTS:
Test Accuracy: 0.9167
CV Accuracy: 0.9167 ± 0.0645

Top 20 selected features:
  1. R_wst_mean_4: 0.8127
  2. R_wst_mean_11: 0.8072
  3. R_wst_mean_13: 0.8518
  4. R_wst_mean_34: 0.8153
  5. R_wst_mean_52: 0.8024
  6. R_wst_std_0: 0.9029
  7. G_wst_mean_3: 0.8184
  8. G_wst_mean_4: 0.8587
  9. G_wst_mean_5: 0.8575
  10. G_wst_mean_11: 0.8348
  11. G_wst_mean_12: 0.8213
  12. G_wst_mean_13: 0.8625
  13. G_wst_mean_36: 0.8076
  14. G_wst_mean_44: 0.8667
  15. G_wst_mean_45: 0.8404
  16. G_wst_mean_53: 0.8144
  17. G_wst_mean_54: 0.8103
  18. G_wst_std_4: 0.8246
  19. G_wst_std_5: 0.8249
  20. G_wst_std_12: 0.8407

Model and artifacts saved to: /home/brusc/Projects/random_forest/experiments_organized/uniform_output/dataset_rgb_uniform_10/sunset/original/k20/wst
================================================================================
