================================================================================
CONFIGURABLE RANDOM FOREST TRAINING SCRIPT
Dataset: /home/brusc/Projects/random_forest/datasets/dataset_rgb_uniform_25/small
Area: assatigue
Feature Method: wst
K Features: 10
Output: /home/brusc/Projects/random_forest/experiments_organized/uniform_output/dataset_rgb_uniform_25/assatigue/small/k10/wst
N Estimators: 10
================================================================================
Loading images from assatigue area...
Found classes in assatigue: ['low_veg', 'trees', 'water']
Loading 15 images from assatigue/low_veg
Loading 15 images from assatigue/trees
Loading 15 images from assatigue/water
Loaded 45 images with 3 classes
Classes: [np.str_('low_veg'), np.str_('trees'), np.str_('water')]
Image shape: (3, 128, 128)
Extracting wst features...
Feature matrix shape: (45, 486)
Applying SelectKBest feature selection (k=10)...
Selected features: ['R_wst_mean_5', 'R_wst_mean_14', 'R_wst_mean_15', 'R_wst_std_0', 'G_wst_mean_5', 'G_wst_mean_6', 'G_wst_mean_14', 'G_wst_mean_15', 'G_wst_mean_16', 'G_wst_std_0']
Feature scores: [0.76760096 0.90113631 0.88860646 0.87845248 0.82962741 0.81793012
 0.91535517 0.81430193 0.79896549 0.82383719]
Training final Random Forest model...
Saving model and artifacts...
Saved trained model: /home/brusc/Projects/random_forest/experiments_organized/uniform_output/dataset_rgb_uniform_25/assatigue/small/k10/wst/trained_model.joblib
Saved scaler: /home/brusc/Projects/random_forest/experiments_organized/uniform_output/dataset_rgb_uniform_25/assatigue/small/k10/wst/scaler.joblib
Saved feature selector: /home/brusc/Projects/random_forest/experiments_organized/uniform_output/dataset_rgb_uniform_25/assatigue/small/k10/wst/feature_selector.joblib
Saved feature information: /home/brusc/Projects/random_forest/experiments_organized/uniform_output/dataset_rgb_uniform_25/assatigue/small/k10/wst/feature_names.json
Saved experiment report: /home/brusc/Projects/random_forest/experiments_organized/uniform_output/dataset_rgb_uniform_25/assatigue/small/k10/wst/experiment_report_with_model.json
Saved usage instructions: /home/brusc/Projects/random_forest/experiments_organized/uniform_output/dataset_rgb_uniform_25/assatigue/small/k10/wst/model_usage_instructions.md

================================================================================
TRAINING COMPLETED SUCCESSFULLY
================================================================================
Area: assatigue
Dataset: /home/brusc/Projects/random_forest/datasets/dataset_rgb_uniform_25/small
Feature method: wst
Total images: 45
Classes: ['low_veg', 'trees', 'water']
Original features: 486
Selected features: 10
N estimators: 10

PERFORMANCE RESULTS:
Test Accuracy: 1.0000
CV Accuracy: 0.8889 ± 0.0703

Top 10 selected features:
  1. R_wst_mean_5: 0.7676
  2. R_wst_mean_14: 0.9011
  3. R_wst_mean_15: 0.8886
  4. R_wst_std_0: 0.8785
  5. G_wst_mean_5: 0.8296
  6. G_wst_mean_6: 0.8179
  7. G_wst_mean_14: 0.9154
  8. G_wst_mean_15: 0.8143
  9. G_wst_mean_16: 0.7990
  10. G_wst_std_0: 0.8238

Model and artifacts saved to: /home/brusc/Projects/random_forest/experiments_organized/uniform_output/dataset_rgb_uniform_25/assatigue/small/k10/wst
================================================================================
