================================================================================
CONFIGURABLE RANDOM FOREST TRAINING SCRIPT
Dataset: /home/brusc/Projects/random_forest/datasets/dataset_rgb_uniform_25/small
Area: assatigue
Feature Method: wst
K Features: 20
Output: /home/brusc/Projects/random_forest/experiments_organized/uniform_output/dataset_rgb_uniform_25/assatigue/small/k20/wst
N Estimators: 10
================================================================================
Loading images from assatigue area...
Found classes in assatigue: ['low_veg', 'trees', 'water']
Loading 15 images from assatigue/low_veg
Loading 15 images from assatigue/trees
Loading 15 images from assatigue/water
Loaded 45 images with 3 classes
Classes: [np.str_('low_veg'), np.str_('trees'), np.str_('water')]
Image shape: (3, 128, 128)
Extracting wst features...
Feature matrix shape: (45, 486)
Applying SelectKBest feature selection (k=20)...
Selected features: ['R_wst_mean_0', 'R_wst_mean_4', 'R_wst_mean_5', 'R_wst_mean_12', 'R_wst_mean_13', 'R_wst_mean_14', 'R_wst_mean_15', 'R_wst_mean_16', 'R_wst_std_0', 'R_wst_std_13', 'R_wst_std_14', 'G_wst_mean_3', 'G_wst_mean_5', 'G_wst_mean_6', 'G_wst_mean_7', 'G_wst_mean_13', 'G_wst_mean_14', 'G_wst_mean_15', 'G_wst_mean_16', 'G_wst_std_0']
Feature scores: [0.71594311 0.74249433 0.76760096 0.72408164 0.75674558 0.90113631
 0.88860646 0.73899735 0.87845248 0.70786066 0.70471572 0.73962918
 0.82962741 0.81793012 0.75137552 0.70009062 0.91535517 0.81430193
 0.79896549 0.82383719]
Training final Random Forest model...
Saving model and artifacts...
Saved trained model: /home/brusc/Projects/random_forest/experiments_organized/uniform_output/dataset_rgb_uniform_25/assatigue/small/k20/wst/trained_model.joblib
Saved scaler: /home/brusc/Projects/random_forest/experiments_organized/uniform_output/dataset_rgb_uniform_25/assatigue/small/k20/wst/scaler.joblib
Saved feature selector: /home/brusc/Projects/random_forest/experiments_organized/uniform_output/dataset_rgb_uniform_25/assatigue/small/k20/wst/feature_selector.joblib
Saved feature information: /home/brusc/Projects/random_forest/experiments_organized/uniform_output/dataset_rgb_uniform_25/assatigue/small/k20/wst/feature_names.json
Saved experiment report: /home/brusc/Projects/random_forest/experiments_organized/uniform_output/dataset_rgb_uniform_25/assatigue/small/k20/wst/experiment_report_with_model.json
Saved usage instructions: /home/brusc/Projects/random_forest/experiments_organized/uniform_output/dataset_rgb_uniform_25/assatigue/small/k20/wst/model_usage_instructions.md

================================================================================
TRAINING COMPLETED SUCCESSFULLY
================================================================================
Area: assatigue
Dataset: /home/brusc/Projects/random_forest/datasets/dataset_rgb_uniform_25/small
Feature method: wst
Total images: 45
Classes: ['low_veg', 'trees', 'water']
Original features: 486
Selected features: 20
N estimators: 10

PERFORMANCE RESULTS:
Test Accuracy: 1.0000
CV Accuracy: 0.9333 ± 0.0544

Top 20 selected features:
  1. R_wst_mean_0: 0.7159
  2. R_wst_mean_4: 0.7425
  3. R_wst_mean_5: 0.7676
  4. R_wst_mean_12: 0.7241
  5. R_wst_mean_13: 0.7567
  6. R_wst_mean_14: 0.9011
  7. R_wst_mean_15: 0.8886
  8. R_wst_mean_16: 0.7390
  9. R_wst_std_0: 0.8785
  10. R_wst_std_13: 0.7079
  11. R_wst_std_14: 0.7047
  12. G_wst_mean_3: 0.7396
  13. G_wst_mean_5: 0.8296
  14. G_wst_mean_6: 0.8179
  15. G_wst_mean_7: 0.7514
  16. G_wst_mean_13: 0.7001
  17. G_wst_mean_14: 0.9154
  18. G_wst_mean_15: 0.8143
  19. G_wst_mean_16: 0.7990
  20. G_wst_std_0: 0.8238

Model and artifacts saved to: /home/brusc/Projects/random_forest/experiments_organized/uniform_output/dataset_rgb_uniform_25/assatigue/small/k20/wst
================================================================================
