================================================================================
CONFIGURABLE RANDOM FOREST TRAINING SCRIPT
Dataset: /home/brusc/Projects/random_forest/datasets/dataset_rgb_uniform_40/mini
Area: popolar
Feature Method: advanced_stats
K Features: 20
Output: /home/brusc/Projects/random_forest/experiments_organized/uniform_output/dataset_rgb_uniform_40/popolar/mini/k20/advanced_stats
N Estimators: 3
================================================================================
Loading images from popolar area...
Found classes in popolar: ['low_veg', 'trees', 'water']
Loading 5 images from popolar/low_veg
Loading 5 images from popolar/trees
Loading 5 images from popolar/water
Loaded 15 images with 3 classes
Classes: [np.str_('low_veg'), np.str_('trees'), np.str_('water')]
Image shape: (3, 128, 128)
Extracting advanced_stats features...
Feature matrix shape: (15, 54)
Applying SelectKBest feature selection (k=20)...
Selected features: ['R_mean', 'R_std', 'R_min', 'R_max', 'R_p10', 'R_p25', 'R_p75', 'G_std', 'G_var', 'G_min', 'G_range', 'B_mean', 'B_min', 'B_max', 'B_cv', 'B_p10', 'B_p25', 'B_p50', 'B_p75', 'B_p90']
Feature scores: [0.81626892 0.76473693 1.2814036  1.75920302 0.85558516 0.79182447
 0.79126892 0.87481629 0.82918137 1.35426074 1.58703852 0.89037185
 1.35243534 1.36867392 0.88690384 1.06822899 0.80703852 0.82740889
 0.85912606 0.79460225]
Training final Random Forest model...
Saving model and artifacts...
Saved trained model: /home/brusc/Projects/random_forest/experiments_organized/uniform_output/dataset_rgb_uniform_40/popolar/mini/k20/advanced_stats/trained_model.joblib
Saved scaler: /home/brusc/Projects/random_forest/experiments_organized/uniform_output/dataset_rgb_uniform_40/popolar/mini/k20/advanced_stats/scaler.joblib
Saved feature selector: /home/brusc/Projects/random_forest/experiments_organized/uniform_output/dataset_rgb_uniform_40/popolar/mini/k20/advanced_stats/feature_selector.joblib
Saved feature information: /home/brusc/Projects/random_forest/experiments_organized/uniform_output/dataset_rgb_uniform_40/popolar/mini/k20/advanced_stats/feature_names.json
Saved experiment report: /home/brusc/Projects/random_forest/experiments_organized/uniform_output/dataset_rgb_uniform_40/popolar/mini/k20/advanced_stats/experiment_report_with_model.json
Saved usage instructions: /home/brusc/Projects/random_forest/experiments_organized/uniform_output/dataset_rgb_uniform_40/popolar/mini/k20/advanced_stats/model_usage_instructions.md

================================================================================
TRAINING COMPLETED SUCCESSFULLY
================================================================================
Area: popolar
Dataset: /home/brusc/Projects/random_forest/datasets/dataset_rgb_uniform_40/mini
Feature method: advanced_stats
Total images: 15
Classes: ['low_veg', 'trees', 'water']
Original features: 54
Selected features: 20
N estimators: 3

PERFORMANCE RESULTS:
Test Accuracy: 1.0000
CV Accuracy: 0.9333 ± 0.1333

Top 20 selected features:
  1. R_mean: 0.8163
  2. R_std: 0.7647
  3. R_min: 1.2814
  4. R_max: 1.7592
  5. R_p10: 0.8556
  6. R_p25: 0.7918
  7. R_p75: 0.7913
  8. G_std: 0.8748
  9. G_var: 0.8292
  10. G_min: 1.3543
  11. G_range: 1.5870
  12. B_mean: 0.8904
  13. B_min: 1.3524
  14. B_max: 1.3687
  15. B_cv: 0.8869
  16. B_p10: 1.0682
  17. B_p25: 0.8070
  18. B_p50: 0.8274
  19. B_p75: 0.8591
  20. B_p90: 0.7946

Model and artifacts saved to: /home/brusc/Projects/random_forest/experiments_organized/uniform_output/dataset_rgb_uniform_40/popolar/mini/k20/advanced_stats
================================================================================
