================================================================================
CONFIGURABLE RANDOM FOREST TRAINING SCRIPT
Dataset: /home/brusc/Projects/random_forest/datasets/dataset_rgb_uniform_40/small
Area: assatigue
Feature Method: hybrid
K Features: 20
Output: /home/brusc/Projects/random_forest/experiments_organized/uniform_output/dataset_rgb_uniform_40/assatigue/small/k20/hybrid
N Estimators: 10
================================================================================
Loading images from assatigue area...
Found classes in assatigue: ['low_veg', 'trees', 'water']
Loading 15 images from assatigue/low_veg
Loading 15 images from assatigue/trees
Loading 15 images from assatigue/water
Loaded 45 images with 3 classes
Classes: [np.str_('low_veg'), np.str_('trees'), np.str_('water')]
Image shape: (3, 128, 128)
Extracting hybrid features...
Feature matrix shape: (45, 540)
Applying SelectKBest feature selection (k=20)...
Selected features: ['R_std', 'R_var', 'R_min', 'R_range', 'R_mad', 'G_std', 'G_var', 'G_min', 'G_range', 'G_cv', 'G_p10', 'G_mad', 'G_grad_mean', 'B_min', 'B_cv', 'B_p10', 'R_wst_mean_15', 'R_wst_std_0', 'G_wst_mean_14', 'G_wst_std_0']
Feature scores: [0.95631403 0.95017647 0.92961139 0.8270647  0.96290935 0.8741359
 0.87532638 0.92986343 0.97710768 0.90778599 0.85240078 0.85260953
 0.79552688 0.85140936 0.85473336 0.82271479 0.84206522 0.9006747
 0.96507298 0.85225599]
Training final Random Forest model...
Saving model and artifacts...
Saved trained model: /home/brusc/Projects/random_forest/experiments_organized/uniform_output/dataset_rgb_uniform_40/assatigue/small/k20/hybrid/trained_model.joblib
Saved scaler: /home/brusc/Projects/random_forest/experiments_organized/uniform_output/dataset_rgb_uniform_40/assatigue/small/k20/hybrid/scaler.joblib
Saved feature selector: /home/brusc/Projects/random_forest/experiments_organized/uniform_output/dataset_rgb_uniform_40/assatigue/small/k20/hybrid/feature_selector.joblib
Saved feature information: /home/brusc/Projects/random_forest/experiments_organized/uniform_output/dataset_rgb_uniform_40/assatigue/small/k20/hybrid/feature_names.json
Saved experiment report: /home/brusc/Projects/random_forest/experiments_organized/uniform_output/dataset_rgb_uniform_40/assatigue/small/k20/hybrid/experiment_report_with_model.json
Saved usage instructions: /home/brusc/Projects/random_forest/experiments_organized/uniform_output/dataset_rgb_uniform_40/assatigue/small/k20/hybrid/model_usage_instructions.md

================================================================================
TRAINING COMPLETED SUCCESSFULLY
================================================================================
Area: assatigue
Dataset: /home/brusc/Projects/random_forest/datasets/dataset_rgb_uniform_40/small
Feature method: hybrid
Total images: 45
Classes: ['low_veg', 'trees', 'water']
Original features: 540
Selected features: 20
N estimators: 10

PERFORMANCE RESULTS:
Test Accuracy: 1.0000
CV Accuracy: 0.9556 ± 0.0544

Top 20 selected features:
  1. R_std: 0.9563
  2. R_var: 0.9502
  3. R_min: 0.9296
  4. R_range: 0.8271
  5. R_mad: 0.9629
  6. G_std: 0.8741
  7. G_var: 0.8753
  8. G_min: 0.9299
  9. G_range: 0.9771
  10. G_cv: 0.9078
  11. G_p10: 0.8524
  12. G_mad: 0.8526
  13. G_grad_mean: 0.7955
  14. B_min: 0.8514
  15. B_cv: 0.8547
  16. B_p10: 0.8227
  17. R_wst_mean_15: 0.8421
  18. R_wst_std_0: 0.9007
  19. G_wst_mean_14: 0.9651
  20. G_wst_std_0: 0.8523

Model and artifacts saved to: /home/brusc/Projects/random_forest/experiments_organized/uniform_output/dataset_rgb_uniform_40/assatigue/small/k20/hybrid
================================================================================
