================================================================================
CONFIGURABLE RANDOM FOREST TRAINING SCRIPT
Dataset: /home/brusc/Projects/random_forest/datasets/dataset_rgb_uniform_40/small
Area: sunset
Feature Method: advanced_stats
K Features: 10
Output: /home/brusc/Projects/random_forest/experiments_organized/uniform_output/dataset_rgb_uniform_40/sunset/small/k10/advanced_stats
N Estimators: 10
================================================================================
Loading images from sunset area...
Found classes in sunset: ['garden', 'low_veg', 'trees']
Loading 15 images from sunset/garden
Loading 15 images from sunset/low_veg
Loading 15 images from sunset/trees
Loaded 45 images with 3 classes
Classes: [np.str_('garden'), np.str_('low_veg'), np.str_('trees')]
Image shape: (3, 128, 128)
Extracting advanced_stats features...
Feature matrix shape: (45, 54)
Applying SelectKBest feature selection (k=10)...
Selected features: ['R_std', 'R_var', 'R_iqr', 'R_mad', 'R_grad_mean', 'G_var', 'G_kurt', 'G_mad', 'G_grad_mean', 'B_kurt']
Feature scores: [0.71542409 0.71264631 0.72676841 0.76317596 0.77671891 0.67328879
 0.67171912 0.67205422 0.81720524 0.78082853]
Training final Random Forest model...
Saving model and artifacts...
Saved trained model: /home/brusc/Projects/random_forest/experiments_organized/uniform_output/dataset_rgb_uniform_40/sunset/small/k10/advanced_stats/trained_model.joblib
Saved scaler: /home/brusc/Projects/random_forest/experiments_organized/uniform_output/dataset_rgb_uniform_40/sunset/small/k10/advanced_stats/scaler.joblib
Saved feature selector: /home/brusc/Projects/random_forest/experiments_organized/uniform_output/dataset_rgb_uniform_40/sunset/small/k10/advanced_stats/feature_selector.joblib
Saved feature information: /home/brusc/Projects/random_forest/experiments_organized/uniform_output/dataset_rgb_uniform_40/sunset/small/k10/advanced_stats/feature_names.json
Saved experiment report: /home/brusc/Projects/random_forest/experiments_organized/uniform_output/dataset_rgb_uniform_40/sunset/small/k10/advanced_stats/experiment_report_with_model.json
Saved usage instructions: /home/brusc/Projects/random_forest/experiments_organized/uniform_output/dataset_rgb_uniform_40/sunset/small/k10/advanced_stats/model_usage_instructions.md

================================================================================
TRAINING COMPLETED SUCCESSFULLY
================================================================================
Area: sunset
Dataset: /home/brusc/Projects/random_forest/datasets/dataset_rgb_uniform_40/small
Feature method: advanced_stats
Total images: 45
Classes: ['garden', 'low_veg', 'trees']
Original features: 54
Selected features: 10
N estimators: 10

PERFORMANCE RESULTS:
Test Accuracy: 1.0000
CV Accuracy: 0.8667 ± 0.1296

Top 10 selected features:
  1. R_std: 0.7154
  2. R_var: 0.7126
  3. R_iqr: 0.7268
  4. R_mad: 0.7632
  5. R_grad_mean: 0.7767
  6. G_var: 0.6733
  7. G_kurt: 0.6717
  8. G_mad: 0.6721
  9. G_grad_mean: 0.8172
  10. B_kurt: 0.7808

Model and artifacts saved to: /home/brusc/Projects/random_forest/experiments_organized/uniform_output/dataset_rgb_uniform_40/sunset/small/k10/advanced_stats
================================================================================
