================================================================================
CONFIGURABLE RANDOM FOREST TRAINING SCRIPT
Dataset: /home/brusc/Projects/random_forest/datasets/dataset_rgb_uniform_40/mini
Area: sunset
Feature Method: advanced_stats
K Features: 20
Output: /home/brusc/Projects/random_forest/experiments_organized/uniform_output/dataset_rgb_uniform_40/sunset/mini/k20/advanced_stats
N Estimators: 3
================================================================================
Loading images from sunset area...
Found classes in sunset: ['garden', 'low_veg', 'trees']
Loading 5 images from sunset/garden
Loading 5 images from sunset/low_veg
Loading 5 images from sunset/trees
Loaded 15 images with 3 classes
Classes: [np.str_('garden'), np.str_('low_veg'), np.str_('trees')]
Image shape: (3, 128, 128)
Extracting advanced_stats features...
Feature matrix shape: (15, 54)
Applying SelectKBest feature selection (k=20)...
Selected features: ['R_std', 'R_var', 'R_min', 'R_kurt', 'R_iqr', 'R_mad', 'R_grad_mean', 'G_var', 'G_min', 'G_range', 'G_kurt', 'G_iqr', 'G_mad', 'G_grad_mean', 'B_max', 'B_skew', 'B_kurt', 'B_p90', 'B_iqr', 'B_grad_mean']
Feature scores: [0.76703852 0.78092741 1.47763496 0.58132423 0.67862582 0.75870518
 0.77870518 0.58473693 0.8846263  0.56695915 0.55743534 0.69203852
 0.54410201 1.05092741 0.53348873 0.62730066 0.5674346  0.53973452
 0.52550413 0.52237762]
Training final Random Forest model...
Saving model and artifacts...
Saved trained model: /home/brusc/Projects/random_forest/experiments_organized/uniform_output/dataset_rgb_uniform_40/sunset/mini/k20/advanced_stats/trained_model.joblib
Saved scaler: /home/brusc/Projects/random_forest/experiments_organized/uniform_output/dataset_rgb_uniform_40/sunset/mini/k20/advanced_stats/scaler.joblib
Saved feature selector: /home/brusc/Projects/random_forest/experiments_organized/uniform_output/dataset_rgb_uniform_40/sunset/mini/k20/advanced_stats/feature_selector.joblib
Saved feature information: /home/brusc/Projects/random_forest/experiments_organized/uniform_output/dataset_rgb_uniform_40/sunset/mini/k20/advanced_stats/feature_names.json
Saved experiment report: /home/brusc/Projects/random_forest/experiments_organized/uniform_output/dataset_rgb_uniform_40/sunset/mini/k20/advanced_stats/experiment_report_with_model.json
Saved usage instructions: /home/brusc/Projects/random_forest/experiments_organized/uniform_output/dataset_rgb_uniform_40/sunset/mini/k20/advanced_stats/model_usage_instructions.md

================================================================================
TRAINING COMPLETED SUCCESSFULLY
================================================================================
Area: sunset
Dataset: /home/brusc/Projects/random_forest/datasets/dataset_rgb_uniform_40/mini
Feature method: advanced_stats
Total images: 15
Classes: ['garden', 'low_veg', 'trees']
Original features: 54
Selected features: 20
N estimators: 3

PERFORMANCE RESULTS:
Test Accuracy: 1.0000
CV Accuracy: 0.7333 ± 0.2494

Top 20 selected features:
  1. R_std: 0.7670
  2. R_var: 0.7809
  3. R_min: 1.4776
  4. R_kurt: 0.5813
  5. R_iqr: 0.6786
  6. R_mad: 0.7587
  7. R_grad_mean: 0.7787
  8. G_var: 0.5847
  9. G_min: 0.8846
  10. G_range: 0.5670
  11. G_kurt: 0.5574
  12. G_iqr: 0.6920
  13. G_mad: 0.5441
  14. G_grad_mean: 1.0509
  15. B_max: 0.5335
  16. B_skew: 0.6273
  17. B_kurt: 0.5674
  18. B_p90: 0.5397
  19. B_iqr: 0.5255
  20. B_grad_mean: 0.5224

Model and artifacts saved to: /home/brusc/Projects/random_forest/experiments_organized/uniform_output/dataset_rgb_uniform_40/sunset/mini/k20/advanced_stats
================================================================================
