================================================================================
CONFIGURABLE RANDOM FOREST TRAINING SCRIPT
Dataset: /home/brusc/Projects/random_forest/datasets/dataset_rgb_uniform_25/mini
Area: assatigue
Feature Method: hybrid
K Features: 20
Output: /home/brusc/Projects/random_forest/experiments_organized/uniform_output/dataset_rgb_uniform_25/assatigue/mini/k20/hybrid
N Estimators: 3
================================================================================
Loading images from assatigue area...
Found classes in assatigue: ['low_veg', 'trees', 'water']
Loading 5 images from assatigue/low_veg
Loading 5 images from assatigue/trees
Loading 5 images from assatigue/water
Loaded 15 images with 3 classes
Classes: [np.str_('low_veg'), np.str_('trees'), np.str_('water')]
Image shape: (3, 128, 128)
Extracting hybrid features...
Feature matrix shape: (15, 540)
Applying SelectKBest feature selection (k=20)...
Selected features: ['R_var', 'R_min', 'R_grad_mean', 'G_std', 'G_min', 'G_range', 'G_mad', 'G_grad_mean', 'B_min', 'B_max', 'B_p10', 'B_p25', 'B_p50', 'R_wst_mean_2', 'R_wst_mean_6', 'R_wst_mean_13', 'R_wst_mean_14', 'R_wst_mean_15', 'G_wst_mean_10', 'B_wst_mean_0']
Feature scores: [0.84370518 1.25703852 0.85981629 0.81870518 0.88918137 0.85981629
 0.81537185 0.87092741 1.50648296 0.82798849 0.86592741 0.89092741
 0.86537185 0.88759407 0.88600677 0.84251471 0.84592741 0.85981629
 0.82807026 0.85203852]
Training final Random Forest model...
Saving model and artifacts...
Saved trained model: /home/brusc/Projects/random_forest/experiments_organized/uniform_output/dataset_rgb_uniform_25/assatigue/mini/k20/hybrid/trained_model.joblib
Saved scaler: /home/brusc/Projects/random_forest/experiments_organized/uniform_output/dataset_rgb_uniform_25/assatigue/mini/k20/hybrid/scaler.joblib
Saved feature selector: /home/brusc/Projects/random_forest/experiments_organized/uniform_output/dataset_rgb_uniform_25/assatigue/mini/k20/hybrid/feature_selector.joblib
Saved feature information: /home/brusc/Projects/random_forest/experiments_organized/uniform_output/dataset_rgb_uniform_25/assatigue/mini/k20/hybrid/feature_names.json
Saved experiment report: /home/brusc/Projects/random_forest/experiments_organized/uniform_output/dataset_rgb_uniform_25/assatigue/mini/k20/hybrid/experiment_report_with_model.json
Saved usage instructions: /home/brusc/Projects/random_forest/experiments_organized/uniform_output/dataset_rgb_uniform_25/assatigue/mini/k20/hybrid/model_usage_instructions.md

================================================================================
TRAINING COMPLETED SUCCESSFULLY
================================================================================
Area: assatigue
Dataset: /home/brusc/Projects/random_forest/datasets/dataset_rgb_uniform_25/mini
Feature method: hybrid
Total images: 15
Classes: ['low_veg', 'trees', 'water']
Original features: 540
Selected features: 20
N estimators: 3

PERFORMANCE RESULTS:
Test Accuracy: 1.0000
CV Accuracy: 0.8667 ± 0.1633

Top 20 selected features:
  1. R_var: 0.8437
  2. R_min: 1.2570
  3. R_grad_mean: 0.8598
  4. G_std: 0.8187
  5. G_min: 0.8892
  6. G_range: 0.8598
  7. G_mad: 0.8154
  8. G_grad_mean: 0.8709
  9. B_min: 1.5065
  10. B_max: 0.8280
  11. B_p10: 0.8659
  12. B_p25: 0.8909
  13. B_p50: 0.8654
  14. R_wst_mean_2: 0.8876
  15. R_wst_mean_6: 0.8860
  16. R_wst_mean_13: 0.8425
  17. R_wst_mean_14: 0.8459
  18. R_wst_mean_15: 0.8598
  19. G_wst_mean_10: 0.8281
  20. B_wst_mean_0: 0.8520

Model and artifacts saved to: /home/brusc/Projects/random_forest/experiments_organized/uniform_output/dataset_rgb_uniform_25/assatigue/mini/k20/hybrid
================================================================================
