================================================================================
CONFIGURABLE RANDOM FOREST TRAINING SCRIPT
Dataset: /home/brusc/Projects/random_forest/datasets/dataset_rgb_uniform_40/mini
Area: sunset
Feature Method: wst
K Features: 20
Output: /home/brusc/Projects/random_forest/experiments_organized/uniform_output/dataset_rgb_uniform_40/sunset/mini/k20/wst
N Estimators: 3
================================================================================
Loading images from sunset area...
Found classes in sunset: ['garden', 'low_veg', 'trees']
Loading 5 images from sunset/garden
Loading 5 images from sunset/low_veg
Loading 5 images from sunset/trees
Loaded 15 images with 3 classes
Classes: [np.str_('garden'), np.str_('low_veg'), np.str_('trees')]
Image shape: (3, 128, 128)
Extracting wst features...
Feature matrix shape: (15, 486)
Applying SelectKBest feature selection (k=20)...
Selected features: ['R_wst_mean_10', 'R_wst_mean_11', 'R_wst_mean_12', 'R_wst_mean_13', 'R_wst_mean_14', 'R_wst_std_0', 'R_wst_std_11', 'R_wst_std_12', 'R_wst_std_13', 'G_wst_mean_3', 'G_wst_mean_4', 'G_wst_mean_9', 'G_wst_mean_10', 'G_wst_mean_11', 'G_wst_mean_12', 'G_wst_mean_13', 'G_wst_std_10', 'G_wst_std_11', 'G_wst_std_12', 'B_wst_std_12']
Feature scores: [0.660634   0.82074222 0.95023717 0.88518667 0.67195915 0.90267344
 0.9114036  0.640634   0.8535705  0.64608373 0.67849114 0.92267344
 0.91759407 0.98981629 1.03912606 0.90579273 0.70537185 0.82182447
 0.8835705  0.71846709]
Training final Random Forest model...
Saving model and artifacts...
Saved trained model: /home/brusc/Projects/random_forest/experiments_organized/uniform_output/dataset_rgb_uniform_40/sunset/mini/k20/wst/trained_model.joblib
Saved scaler: /home/brusc/Projects/random_forest/experiments_organized/uniform_output/dataset_rgb_uniform_40/sunset/mini/k20/wst/scaler.joblib
Saved feature selector: /home/brusc/Projects/random_forest/experiments_organized/uniform_output/dataset_rgb_uniform_40/sunset/mini/k20/wst/feature_selector.joblib
Saved feature information: /home/brusc/Projects/random_forest/experiments_organized/uniform_output/dataset_rgb_uniform_40/sunset/mini/k20/wst/feature_names.json
Saved experiment report: /home/brusc/Projects/random_forest/experiments_organized/uniform_output/dataset_rgb_uniform_40/sunset/mini/k20/wst/experiment_report_with_model.json
Saved usage instructions: /home/brusc/Projects/random_forest/experiments_organized/uniform_output/dataset_rgb_uniform_40/sunset/mini/k20/wst/model_usage_instructions.md

================================================================================
TRAINING COMPLETED SUCCESSFULLY
================================================================================
Area: sunset
Dataset: /home/brusc/Projects/random_forest/datasets/dataset_rgb_uniform_40/mini
Feature method: wst
Total images: 15
Classes: ['garden', 'low_veg', 'trees']
Original features: 486
Selected features: 20
N estimators: 3

PERFORMANCE RESULTS:
Test Accuracy: 1.0000
CV Accuracy: 0.9333 ± 0.1333

Top 20 selected features:
  1. R_wst_mean_10: 0.6606
  2. R_wst_mean_11: 0.8207
  3. R_wst_mean_12: 0.9502
  4. R_wst_mean_13: 0.8852
  5. R_wst_mean_14: 0.6720
  6. R_wst_std_0: 0.9027
  7. R_wst_std_11: 0.9114
  8. R_wst_std_12: 0.6406
  9. R_wst_std_13: 0.8536
  10. G_wst_mean_3: 0.6461
  11. G_wst_mean_4: 0.6785
  12. G_wst_mean_9: 0.9227
  13. G_wst_mean_10: 0.9176
  14. G_wst_mean_11: 0.9898
  15. G_wst_mean_12: 1.0391
  16. G_wst_mean_13: 0.9058
  17. G_wst_std_10: 0.7054
  18. G_wst_std_11: 0.8218
  19. G_wst_std_12: 0.8836
  20. B_wst_std_12: 0.7185

Model and artifacts saved to: /home/brusc/Projects/random_forest/experiments_organized/uniform_output/dataset_rgb_uniform_40/sunset/mini/k20/wst
================================================================================
