================================================================================
CONFIGURABLE RANDOM FOREST TRAINING SCRIPT
Dataset: /home/brusc/Projects/random_forest/datasets/dataset_rgb_uniform_10/small
Area: sunset
Feature Method: advanced_stats
K Features: 20
Output: /home/brusc/Projects/random_forest/experiments_organized/uniform_output/dataset_rgb_uniform_10/sunset/small/k20/advanced_stats
N Estimators: 10
================================================================================
Loading images from sunset area...
Found classes in sunset: ['garden', 'low_veg', 'trees']
Loading 15 images from sunset/garden
Loading 15 images from sunset/low_veg
Loading 15 images from sunset/trees
Loaded 45 images with 3 classes
Classes: [np.str_('garden'), np.str_('low_veg'), np.str_('trees')]
Image shape: (3, 128, 128)
Extracting advanced_stats features...
Feature matrix shape: (45, 54)
Applying SelectKBest feature selection (k=20)...
Selected features: ['R_std', 'R_var', 'R_iqr', 'R_mad', 'R_grad_mean', 'G_std', 'G_var', 'G_range', 'G_cv', 'G_iqr', 'G_mad', 'G_grad_mean', 'B_std', 'B_var', 'B_max', 'B_range', 'B_p90', 'B_iqr', 'B_mad', 'B_grad_mean']
Feature scores: [0.7396911  0.7364779  0.69506327 0.77256723 0.82392346 0.69699249
 0.70646339 0.77604893 0.66831831 0.74899456 0.69556312 0.79684369
 0.60287688 0.60181067 0.61521278 0.60335236 0.57898685 0.70862537
 0.6682782  0.84032791]
Training final Random Forest model...
Saving model and artifacts...
Saved trained model: /home/brusc/Projects/random_forest/experiments_organized/uniform_output/dataset_rgb_uniform_10/sunset/small/k20/advanced_stats/trained_model.joblib
Saved scaler: /home/brusc/Projects/random_forest/experiments_organized/uniform_output/dataset_rgb_uniform_10/sunset/small/k20/advanced_stats/scaler.joblib
Saved feature selector: /home/brusc/Projects/random_forest/experiments_organized/uniform_output/dataset_rgb_uniform_10/sunset/small/k20/advanced_stats/feature_selector.joblib
Saved feature information: /home/brusc/Projects/random_forest/experiments_organized/uniform_output/dataset_rgb_uniform_10/sunset/small/k20/advanced_stats/feature_names.json
Saved experiment report: /home/brusc/Projects/random_forest/experiments_organized/uniform_output/dataset_rgb_uniform_10/sunset/small/k20/advanced_stats/experiment_report_with_model.json
Saved usage instructions: /home/brusc/Projects/random_forest/experiments_organized/uniform_output/dataset_rgb_uniform_10/sunset/small/k20/advanced_stats/model_usage_instructions.md

================================================================================
TRAINING COMPLETED SUCCESSFULLY
================================================================================
Area: sunset
Dataset: /home/brusc/Projects/random_forest/datasets/dataset_rgb_uniform_10/small
Feature method: advanced_stats
Total images: 45
Classes: ['garden', 'low_veg', 'trees']
Original features: 54
Selected features: 20
N estimators: 10

PERFORMANCE RESULTS:
Test Accuracy: 1.0000
CV Accuracy: 0.9111 ± 0.0831

Top 20 selected features:
  1. R_std: 0.7397
  2. R_var: 0.7365
  3. R_iqr: 0.6951
  4. R_mad: 0.7726
  5. R_grad_mean: 0.8239
  6. G_std: 0.6970
  7. G_var: 0.7065
  8. G_range: 0.7760
  9. G_cv: 0.6683
  10. G_iqr: 0.7490
  11. G_mad: 0.6956
  12. G_grad_mean: 0.7968
  13. B_std: 0.6029
  14. B_var: 0.6018
  15. B_max: 0.6152
  16. B_range: 0.6034
  17. B_p90: 0.5790
  18. B_iqr: 0.7086
  19. B_mad: 0.6683
  20. B_grad_mean: 0.8403

Model and artifacts saved to: /home/brusc/Projects/random_forest/experiments_organized/uniform_output/dataset_rgb_uniform_10/sunset/small/k20/advanced_stats
================================================================================
