================================================================================
CONFIGURABLE RANDOM FOREST TRAINING SCRIPT
Dataset: /home/brusc/Projects/random_forest/datasets/dataset_rgb_uniform_10/mini
Area: assatigue
Feature Method: advanced_stats
K Features: 20
Output: /home/brusc/Projects/random_forest/experiments_organized/uniform_output/dataset_rgb_uniform_10/assatigue/mini/k20/advanced_stats
N Estimators: 3
================================================================================
Loading images from assatigue area...
Found classes in assatigue: ['low_veg', 'trees', 'water']
Loading 5 images from assatigue/low_veg
Loading 5 images from assatigue/trees
Loading 5 images from assatigue/water
Loaded 15 images with 3 classes
Classes: [np.str_('low_veg'), np.str_('trees'), np.str_('water')]
Image shape: (3, 128, 128)
Extracting advanced_stats features...
Feature matrix shape: (15, 54)
Applying SelectKBest feature selection (k=20)...
Selected features: ['R_std', 'R_var', 'R_min', 'R_max', 'R_range', 'R_cv', 'R_p10', 'R_iqr', 'R_mad', 'R_grad_mean', 'G_std', 'G_min', 'G_iqr', 'G_mad', 'G_grad_mean', 'B_mean', 'B_min', 'B_cv', 'B_p10', 'B_p25']
Feature scores: [0.73870518 0.73814963 1.38426074 0.82054742 0.76743534 0.85981629
 0.76759407 0.98426074 0.98981629 0.92092741 0.73926074 0.89473693
 1.34314963 0.92314963 0.88759407 0.78259407 1.11481629 0.74743534
 0.89870518 0.85981629]
Training final Random Forest model...
Saving model and artifacts...
Saved trained model: /home/brusc/Projects/random_forest/experiments_organized/uniform_output/dataset_rgb_uniform_10/assatigue/mini/k20/advanced_stats/trained_model.joblib
Saved scaler: /home/brusc/Projects/random_forest/experiments_organized/uniform_output/dataset_rgb_uniform_10/assatigue/mini/k20/advanced_stats/scaler.joblib
Saved feature selector: /home/brusc/Projects/random_forest/experiments_organized/uniform_output/dataset_rgb_uniform_10/assatigue/mini/k20/advanced_stats/feature_selector.joblib
Saved feature information: /home/brusc/Projects/random_forest/experiments_organized/uniform_output/dataset_rgb_uniform_10/assatigue/mini/k20/advanced_stats/feature_names.json
Saved experiment report: /home/brusc/Projects/random_forest/experiments_organized/uniform_output/dataset_rgb_uniform_10/assatigue/mini/k20/advanced_stats/experiment_report_with_model.json
Saved usage instructions: /home/brusc/Projects/random_forest/experiments_organized/uniform_output/dataset_rgb_uniform_10/assatigue/mini/k20/advanced_stats/model_usage_instructions.md

================================================================================
TRAINING COMPLETED SUCCESSFULLY
================================================================================
Area: assatigue
Dataset: /home/brusc/Projects/random_forest/datasets/dataset_rgb_uniform_10/mini
Feature method: advanced_stats
Total images: 15
Classes: ['low_veg', 'trees', 'water']
Original features: 54
Selected features: 20
N estimators: 3

PERFORMANCE RESULTS:
Test Accuracy: 1.0000
CV Accuracy: 0.8000 ± 0.1633

Top 20 selected features:
  1. R_std: 0.7387
  2. R_var: 0.7381
  3. R_min: 1.3843
  4. R_max: 0.8205
  5. R_range: 0.7674
  6. R_cv: 0.8598
  7. R_p10: 0.7676
  8. R_iqr: 0.9843
  9. R_mad: 0.9898
  10. R_grad_mean: 0.9209
  11. G_std: 0.7393
  12. G_min: 0.8947
  13. G_iqr: 1.3431
  14. G_mad: 0.9231
  15. G_grad_mean: 0.8876
  16. B_mean: 0.7826
  17. B_min: 1.1148
  18. B_cv: 0.7474
  19. B_p10: 0.8987
  20. B_p25: 0.8598

Model and artifacts saved to: /home/brusc/Projects/random_forest/experiments_organized/uniform_output/dataset_rgb_uniform_10/assatigue/mini/k20/advanced_stats
================================================================================
