================================================================================
CONFIGURABLE RANDOM FOREST TRAINING SCRIPT
Dataset: /home/brusc/Projects/random_forest/datasets/dataset_rgb_uniform_40/original
Area: assatigue
Feature Method: hybrid
K Features: 20
Output: /home/brusc/Projects/random_forest/experiments_organized/uniform_output/dataset_rgb_uniform_40/assatigue/original/k20/hybrid
N Estimators: 50
================================================================================
Loading images from assatigue area...
Found classes in assatigue: ['low_veg', 'trees', 'water']
Loading 40 images from assatigue/low_veg
Loading 36 images from assatigue/trees
Loading 40 images from assatigue/water
Loaded 116 images with 3 classes
Classes: [np.str_('low_veg'), np.str_('trees'), np.str_('water')]
Image shape: (3, 128, 128)
Extracting hybrid features...
Feature matrix shape: (116, 540)
Applying SelectKBest feature selection (k=20)...
Selected features: ['R_std', 'R_var', 'R_min', 'R_cv', 'R_mad', 'G_std', 'G_var', 'G_min', 'G_range', 'G_cv', 'G_mad', 'G_grad_mean', 'B_min', 'B_cv', 'R_wst_std_0', 'G_wst_mean_9', 'G_wst_mean_13', 'G_wst_mean_14', 'G_wst_mean_15', 'G_wst_std_0']
Feature scores: [0.89597602 0.89289567 0.99620787 0.76480599 0.880349   0.95261123
 0.95261123 0.98479112 0.90907532 0.88194082 0.92481015 0.83819912
 0.89340332 0.84685274 0.88468641 0.76735973 0.81403863 0.76336441
 0.8206648  0.89911857]
Training final Random Forest model...
Saving model and artifacts...
Saved trained model: /home/brusc/Projects/random_forest/experiments_organized/uniform_output/dataset_rgb_uniform_40/assatigue/original/k20/hybrid/trained_model.joblib
Saved scaler: /home/brusc/Projects/random_forest/experiments_organized/uniform_output/dataset_rgb_uniform_40/assatigue/original/k20/hybrid/scaler.joblib
Saved feature selector: /home/brusc/Projects/random_forest/experiments_organized/uniform_output/dataset_rgb_uniform_40/assatigue/original/k20/hybrid/feature_selector.joblib
Saved feature information: /home/brusc/Projects/random_forest/experiments_organized/uniform_output/dataset_rgb_uniform_40/assatigue/original/k20/hybrid/feature_names.json
Saved experiment report: /home/brusc/Projects/random_forest/experiments_organized/uniform_output/dataset_rgb_uniform_40/assatigue/original/k20/hybrid/experiment_report_with_model.json
Saved usage instructions: /home/brusc/Projects/random_forest/experiments_organized/uniform_output/dataset_rgb_uniform_40/assatigue/original/k20/hybrid/model_usage_instructions.md

================================================================================
TRAINING COMPLETED SUCCESSFULLY
================================================================================
Area: assatigue
Dataset: /home/brusc/Projects/random_forest/datasets/dataset_rgb_uniform_40/original
Feature method: hybrid
Total images: 116
Classes: ['low_veg', 'water', 'trees']
Original features: 540
Selected features: 20
N estimators: 50

PERFORMANCE RESULTS:
Test Accuracy: 1.0000
CV Accuracy: 1.0000 ± 0.0000

Top 20 selected features:
  1. R_std: 0.8960
  2. R_var: 0.8929
  3. R_min: 0.9962
  4. R_cv: 0.7648
  5. R_mad: 0.8803
  6. G_std: 0.9526
  7. G_var: 0.9526
  8. G_min: 0.9848
  9. G_range: 0.9091
  10. G_cv: 0.8819
  11. G_mad: 0.9248
  12. G_grad_mean: 0.8382
  13. B_min: 0.8934
  14. B_cv: 0.8469
  15. R_wst_std_0: 0.8847
  16. G_wst_mean_9: 0.7674
  17. G_wst_mean_13: 0.8140
  18. G_wst_mean_14: 0.7634
  19. G_wst_mean_15: 0.8207
  20. G_wst_std_0: 0.8991

Model and artifacts saved to: /home/brusc/Projects/random_forest/experiments_organized/uniform_output/dataset_rgb_uniform_40/assatigue/original/k20/hybrid
================================================================================
