================================================================================
CONFIGURABLE RANDOM FOREST TRAINING SCRIPT
Dataset: /home/brusc/Projects/random_forest/datasets/dataset_rgb_uniform_25/original
Area: sunset
Feature Method: hybrid
K Features: 20
Output: /home/brusc/Projects/random_forest/experiments_organized/uniform_output/dataset_rgb_uniform_25/sunset/original/k20/hybrid
N Estimators: 50
================================================================================
Loading images from sunset area...
Found classes in sunset: ['garden', 'low_veg', 'trees']
Loading 40 images from sunset/garden
Loading 40 images from sunset/low_veg
Loading 40 images from sunset/trees
Loaded 120 images with 3 classes
Classes: [np.str_('garden'), np.str_('low_veg'), np.str_('trees')]
Image shape: (3, 128, 128)
Extracting hybrid features...
Feature matrix shape: (120, 540)
Applying SelectKBest feature selection (k=20)...
Selected features: ['R_std', 'R_var', 'R_iqr', 'R_mad', 'G_grad_mean', 'B_grad_mean', 'R_wst_mean_11', 'R_wst_mean_12', 'R_wst_mean_13', 'R_wst_std_0', 'G_wst_mean_11', 'G_wst_mean_12', 'G_wst_mean_13', 'G_wst_mean_14', 'G_wst_std_11', 'G_wst_std_12', 'G_wst_std_13', 'G_wst_std_14', 'B_wst_mean_11', 'B_wst_mean_13']
Feature scores: [0.84267962 0.8413326  0.83145249 0.81496816 0.77482388 0.79019655
 0.76269996 0.77527562 0.83352101 0.89098004 0.82136588 0.81761944
 0.91001319 0.75405837 0.79395239 0.81317616 0.86346064 0.83374134
 0.78206891 0.77633184]
Training final Random Forest model...
Saving model and artifacts...
Saved trained model: /home/brusc/Projects/random_forest/experiments_organized/uniform_output/dataset_rgb_uniform_25/sunset/original/k20/hybrid/trained_model.joblib
Saved scaler: /home/brusc/Projects/random_forest/experiments_organized/uniform_output/dataset_rgb_uniform_25/sunset/original/k20/hybrid/scaler.joblib
Saved feature selector: /home/brusc/Projects/random_forest/experiments_organized/uniform_output/dataset_rgb_uniform_25/sunset/original/k20/hybrid/feature_selector.joblib
Saved feature information: /home/brusc/Projects/random_forest/experiments_organized/uniform_output/dataset_rgb_uniform_25/sunset/original/k20/hybrid/feature_names.json
Saved experiment report: /home/brusc/Projects/random_forest/experiments_organized/uniform_output/dataset_rgb_uniform_25/sunset/original/k20/hybrid/experiment_report_with_model.json
Saved usage instructions: /home/brusc/Projects/random_forest/experiments_organized/uniform_output/dataset_rgb_uniform_25/sunset/original/k20/hybrid/model_usage_instructions.md

================================================================================
TRAINING COMPLETED SUCCESSFULLY
================================================================================
Area: sunset
Dataset: /home/brusc/Projects/random_forest/datasets/dataset_rgb_uniform_25/original
Feature method: hybrid
Total images: 120
Classes: ['garden', 'low_veg', 'trees']
Original features: 540
Selected features: 20
N estimators: 50

PERFORMANCE RESULTS:
Test Accuracy: 1.0000
CV Accuracy: 0.9500 ± 0.0612

Top 20 selected features:
  1. R_std: 0.8427
  2. R_var: 0.8413
  3. R_iqr: 0.8315
  4. R_mad: 0.8150
  5. G_grad_mean: 0.7748
  6. B_grad_mean: 0.7902
  7. R_wst_mean_11: 0.7627
  8. R_wst_mean_12: 0.7753
  9. R_wst_mean_13: 0.8335
  10. R_wst_std_0: 0.8910
  11. G_wst_mean_11: 0.8214
  12. G_wst_mean_12: 0.8176
  13. G_wst_mean_13: 0.9100
  14. G_wst_mean_14: 0.7541
  15. G_wst_std_11: 0.7940
  16. G_wst_std_12: 0.8132
  17. G_wst_std_13: 0.8635
  18. G_wst_std_14: 0.8337
  19. B_wst_mean_11: 0.7821
  20. B_wst_mean_13: 0.7763

Model and artifacts saved to: /home/brusc/Projects/random_forest/experiments_organized/uniform_output/dataset_rgb_uniform_25/sunset/original/k20/hybrid
================================================================================
