================================================================================
CONFIGURABLE RANDOM FOREST TRAINING SCRIPT
Dataset: /home/brusc/Projects/random_forest/datasets/dataset_rgb_uniform_10/original
Area: assatigue
Feature Method: hybrid
K Features: 20
Output: /home/brusc/Projects/random_forest/experiments_organized/uniform_output/dataset_rgb_uniform_10/assatigue/original/k20/hybrid
N Estimators: 50
================================================================================
Loading images from assatigue area...
Found classes in assatigue: ['low_veg', 'trees', 'water']
Loading 40 images from assatigue/low_veg
Loading 36 images from assatigue/trees
Loading 40 images from assatigue/water
Loaded 116 images with 3 classes
Classes: [np.str_('low_veg'), np.str_('trees'), np.str_('water')]
Image shape: (3, 128, 128)
Extracting hybrid features...
Feature matrix shape: (116, 540)
Applying SelectKBest feature selection (k=20)...
Selected features: ['R_std', 'R_var', 'R_min', 'R_cv', 'R_iqr', 'R_mad', 'R_grad_mean', 'G_std', 'G_var', 'G_min', 'G_cv', 'G_iqr', 'G_mad', 'B_min', 'B_cv', 'R_wst_mean_5', 'R_wst_mean_6', 'R_wst_mean_15', 'R_wst_std_0', 'G_wst_std_0']
Feature scores: [0.90590961 0.89941356 1.03707487 0.9699659  1.04596704 0.99726032
 0.88043341 0.92313618 0.91949043 1.03959011 0.92649772 1.09159528
 1.01012287 1.07201417 0.87861053 0.88473465 0.89748596 0.88857864
 0.89146099 0.91132193]
Training final Random Forest model...
Saving model and artifacts...
Saved trained model: /home/brusc/Projects/random_forest/experiments_organized/uniform_output/dataset_rgb_uniform_10/assatigue/original/k20/hybrid/trained_model.joblib
Saved scaler: /home/brusc/Projects/random_forest/experiments_organized/uniform_output/dataset_rgb_uniform_10/assatigue/original/k20/hybrid/scaler.joblib
Saved feature selector: /home/brusc/Projects/random_forest/experiments_organized/uniform_output/dataset_rgb_uniform_10/assatigue/original/k20/hybrid/feature_selector.joblib
Saved feature information: /home/brusc/Projects/random_forest/experiments_organized/uniform_output/dataset_rgb_uniform_10/assatigue/original/k20/hybrid/feature_names.json
Saved experiment report: /home/brusc/Projects/random_forest/experiments_organized/uniform_output/dataset_rgb_uniform_10/assatigue/original/k20/hybrid/experiment_report_with_model.json
Saved usage instructions: /home/brusc/Projects/random_forest/experiments_organized/uniform_output/dataset_rgb_uniform_10/assatigue/original/k20/hybrid/model_usage_instructions.md

================================================================================
TRAINING COMPLETED SUCCESSFULLY
================================================================================
Area: assatigue
Dataset: /home/brusc/Projects/random_forest/datasets/dataset_rgb_uniform_10/original
Feature method: hybrid
Total images: 116
Classes: ['low_veg', 'water', 'trees']
Original features: 540
Selected features: 20
N estimators: 50

PERFORMANCE RESULTS:
Test Accuracy: 1.0000
CV Accuracy: 0.9743 ± 0.0210

Top 20 selected features:
  1. R_std: 0.9059
  2. R_var: 0.8994
  3. R_min: 1.0371
  4. R_cv: 0.9700
  5. R_iqr: 1.0460
  6. R_mad: 0.9973
  7. R_grad_mean: 0.8804
  8. G_std: 0.9231
  9. G_var: 0.9195
  10. G_min: 1.0396
  11. G_cv: 0.9265
  12. G_iqr: 1.0916
  13. G_mad: 1.0101
  14. B_min: 1.0720
  15. B_cv: 0.8786
  16. R_wst_mean_5: 0.8847
  17. R_wst_mean_6: 0.8975
  18. R_wst_mean_15: 0.8886
  19. R_wst_std_0: 0.8915
  20. G_wst_std_0: 0.9113

Model and artifacts saved to: /home/brusc/Projects/random_forest/experiments_organized/uniform_output/dataset_rgb_uniform_10/assatigue/original/k20/hybrid
================================================================================
