================================================================================
CONFIGURABLE RANDOM FOREST TRAINING SCRIPT
Dataset: /home/brusc/Projects/random_forest/datasets/dataset_rgb_uniform_40/mini
Area: popolar
Feature Method: hybrid
K Features: 20
Output: /home/brusc/Projects/random_forest/experiments_organized/uniform_output/dataset_rgb_uniform_40/popolar/mini/k20/hybrid
N Estimators: 3
================================================================================
Loading images from popolar area...
Found classes in popolar: ['low_veg', 'trees', 'water']
Loading 5 images from popolar/low_veg
Loading 5 images from popolar/trees
Loading 5 images from popolar/water
Loaded 15 images with 3 classes
Classes: [np.str_('low_veg'), np.str_('trees'), np.str_('water')]
Image shape: (3, 128, 128)
Extracting hybrid features...
Feature matrix shape: (15, 540)
Applying SelectKBest feature selection (k=20)...
Selected features: ['R_max', 'R_p10', 'R_p25', 'R_p50', 'R_p75', 'G_std', 'G_var', 'G_min', 'G_range', 'B_mean', 'B_min', 'B_max', 'B_p10', 'B_p25', 'B_p50', 'B_p75', 'R_wst_mean_0', 'R_wst_std_0', 'G_wst_std_0', 'B_wst_mean_0']
Feature scores: [0.9559226  0.82182447 0.83626892 0.82674511 0.83071336 0.87203852
 0.83870518 1.42092741 1.48426074 0.92529249 1.13687979 1.54171625
 1.00156233 0.83759407 0.86629778 0.91468161 0.84738003 0.82981629
 0.89092741 0.87370518]
Training final Random Forest model...
Saving model and artifacts...
Saved trained model: /home/brusc/Projects/random_forest/experiments_organized/uniform_output/dataset_rgb_uniform_40/popolar/mini/k20/hybrid/trained_model.joblib
Saved scaler: /home/brusc/Projects/random_forest/experiments_organized/uniform_output/dataset_rgb_uniform_40/popolar/mini/k20/hybrid/scaler.joblib
Saved feature selector: /home/brusc/Projects/random_forest/experiments_organized/uniform_output/dataset_rgb_uniform_40/popolar/mini/k20/hybrid/feature_selector.joblib
Saved feature information: /home/brusc/Projects/random_forest/experiments_organized/uniform_output/dataset_rgb_uniform_40/popolar/mini/k20/hybrid/feature_names.json
Saved experiment report: /home/brusc/Projects/random_forest/experiments_organized/uniform_output/dataset_rgb_uniform_40/popolar/mini/k20/hybrid/experiment_report_with_model.json
Saved usage instructions: /home/brusc/Projects/random_forest/experiments_organized/uniform_output/dataset_rgb_uniform_40/popolar/mini/k20/hybrid/model_usage_instructions.md

================================================================================
TRAINING COMPLETED SUCCESSFULLY
================================================================================
Area: popolar
Dataset: /home/brusc/Projects/random_forest/datasets/dataset_rgb_uniform_40/mini
Feature method: hybrid
Total images: 15
Classes: ['low_veg', 'trees', 'water']
Original features: 540
Selected features: 20
N estimators: 3

PERFORMANCE RESULTS:
Test Accuracy: 1.0000
CV Accuracy: 0.8667 ± 0.1633

Top 20 selected features:
  1. R_max: 0.9559
  2. R_p10: 0.8218
  3. R_p25: 0.8363
  4. R_p50: 0.8267
  5. R_p75: 0.8307
  6. G_std: 0.8720
  7. G_var: 0.8387
  8. G_min: 1.4209
  9. G_range: 1.4843
  10. B_mean: 0.9253
  11. B_min: 1.1369
  12. B_max: 1.5417
  13. B_p10: 1.0016
  14. B_p25: 0.8376
  15. B_p50: 0.8663
  16. B_p75: 0.9147
  17. R_wst_mean_0: 0.8474
  18. R_wst_std_0: 0.8298
  19. G_wst_std_0: 0.8909
  20. B_wst_mean_0: 0.8737

Model and artifacts saved to: /home/brusc/Projects/random_forest/experiments_organized/uniform_output/dataset_rgb_uniform_40/popolar/mini/k20/hybrid
================================================================================
