================================================================================
CONFIGURABLE RANDOM FOREST TRAINING SCRIPT
Dataset: /home/brusc/Projects/random_forest/datasets/dataset_rgb_uniform_40/mini
Area: popolar
Feature Method: wst
K Features: 20
Output: /home/brusc/Projects/random_forest/experiments_organized/uniform_output/dataset_rgb_uniform_40/popolar/mini/k20/wst
N Estimators: 3
================================================================================
Loading images from popolar area...
Found classes in popolar: ['low_veg', 'trees', 'water']
Loading 5 images from popolar/low_veg
Loading 5 images from popolar/trees
Loading 5 images from popolar/water
Loaded 15 images with 3 classes
Classes: [np.str_('low_veg'), np.str_('trees'), np.str_('water')]
Image shape: (3, 128, 128)
Extracting wst features...
Feature matrix shape: (15, 486)
Applying SelectKBest feature selection (k=20)...
Selected features: ['R_wst_mean_0', 'R_wst_mean_10', 'R_wst_mean_11', 'R_wst_mean_14', 'R_wst_mean_15', 'R_wst_std_0', 'R_wst_std_10', 'R_wst_std_15', 'G_wst_mean_9', 'G_wst_mean_10', 'G_wst_mean_11', 'G_wst_mean_12', 'G_wst_mean_13', 'G_wst_mean_14', 'G_wst_mean_15', 'G_wst_mean_18', 'G_wst_std_0', 'G_wst_std_13', 'B_wst_mean_0', 'B_wst_std_0']
Feature scores: [0.83015781 0.62418137 0.60021312 0.62354645 0.56549932 0.84648296
 0.54841177 0.54994376 0.56878214 0.64584804 0.55687979 0.59195915
 0.80084804 0.55817608 0.54049932 0.85045122 0.95759407 0.53132423
 0.87648296 0.61730066]
Training final Random Forest model...
Saving model and artifacts...
Saved trained model: /home/brusc/Projects/random_forest/experiments_organized/uniform_output/dataset_rgb_uniform_40/popolar/mini/k20/wst/trained_model.joblib
Saved scaler: /home/brusc/Projects/random_forest/experiments_organized/uniform_output/dataset_rgb_uniform_40/popolar/mini/k20/wst/scaler.joblib
Saved feature selector: /home/brusc/Projects/random_forest/experiments_organized/uniform_output/dataset_rgb_uniform_40/popolar/mini/k20/wst/feature_selector.joblib
Saved feature information: /home/brusc/Projects/random_forest/experiments_organized/uniform_output/dataset_rgb_uniform_40/popolar/mini/k20/wst/feature_names.json
Saved experiment report: /home/brusc/Projects/random_forest/experiments_organized/uniform_output/dataset_rgb_uniform_40/popolar/mini/k20/wst/experiment_report_with_model.json
Saved usage instructions: /home/brusc/Projects/random_forest/experiments_organized/uniform_output/dataset_rgb_uniform_40/popolar/mini/k20/wst/model_usage_instructions.md

================================================================================
TRAINING COMPLETED SUCCESSFULLY
================================================================================
Area: popolar
Dataset: /home/brusc/Projects/random_forest/datasets/dataset_rgb_uniform_40/mini
Feature method: wst
Total images: 15
Classes: ['low_veg', 'trees', 'water']
Original features: 486
Selected features: 20
N estimators: 3

PERFORMANCE RESULTS:
Test Accuracy: 1.0000
CV Accuracy: 0.8667 ± 0.1633

Top 20 selected features:
  1. R_wst_mean_0: 0.8302
  2. R_wst_mean_10: 0.6242
  3. R_wst_mean_11: 0.6002
  4. R_wst_mean_14: 0.6235
  5. R_wst_mean_15: 0.5655
  6. R_wst_std_0: 0.8465
  7. R_wst_std_10: 0.5484
  8. R_wst_std_15: 0.5499
  9. G_wst_mean_9: 0.5688
  10. G_wst_mean_10: 0.6458
  11. G_wst_mean_11: 0.5569
  12. G_wst_mean_12: 0.5920
  13. G_wst_mean_13: 0.8008
  14. G_wst_mean_14: 0.5582
  15. G_wst_mean_15: 0.5405
  16. G_wst_mean_18: 0.8505
  17. G_wst_std_0: 0.9576
  18. G_wst_std_13: 0.5313
  19. B_wst_mean_0: 0.8765
  20. B_wst_std_0: 0.6173

Model and artifacts saved to: /home/brusc/Projects/random_forest/experiments_organized/uniform_output/dataset_rgb_uniform_40/popolar/mini/k20/wst
================================================================================
