================================================================================
CONFIGURABLE RANDOM FOREST TRAINING SCRIPT
Dataset: /home/brusc/Projects/random_forest/datasets/dataset_rgb_uniform_40/original
Area: assatigue
Feature Method: wst
K Features: 20
Output: /home/brusc/Projects/random_forest/experiments_organized/uniform_output/dataset_rgb_uniform_40/assatigue/original/k20/wst
N Estimators: 50
================================================================================
Loading images from assatigue area...
Found classes in assatigue: ['low_veg', 'trees', 'water']
Loading 40 images from assatigue/low_veg
Loading 36 images from assatigue/trees
Loading 40 images from assatigue/water
Loaded 116 images with 3 classes
Classes: [np.str_('low_veg'), np.str_('trees'), np.str_('water')]
Image shape: (3, 128, 128)
Extracting wst features...
Feature matrix shape: (116, 486)
Applying SelectKBest feature selection (k=20)...
Selected features: ['R_wst_mean_9', 'R_wst_mean_10', 'R_wst_mean_11', 'R_wst_mean_12', 'R_wst_mean_13', 'R_wst_mean_14', 'R_wst_mean_15', 'R_wst_mean_16', 'R_wst_std_0', 'R_wst_std_12', 'G_wst_mean_9', 'G_wst_mean_10', 'G_wst_mean_11', 'G_wst_mean_12', 'G_wst_mean_13', 'G_wst_mean_14', 'G_wst_mean_15', 'G_wst_mean_16', 'G_wst_std_0', 'B_wst_mean_12']
Feature scores: [0.74653318 0.68487674 0.75671627 0.7197496  0.71552036 0.69365042
 0.68901447 0.71803221 0.88468641 0.68147015 0.76735973 0.7485622
 0.74899482 0.72400318 0.81403863 0.76336441 0.8206648  0.75746403
 0.89911857 0.72232046]
Training final Random Forest model...
Saving model and artifacts...
Saved trained model: /home/brusc/Projects/random_forest/experiments_organized/uniform_output/dataset_rgb_uniform_40/assatigue/original/k20/wst/trained_model.joblib
Saved scaler: /home/brusc/Projects/random_forest/experiments_organized/uniform_output/dataset_rgb_uniform_40/assatigue/original/k20/wst/scaler.joblib
Saved feature selector: /home/brusc/Projects/random_forest/experiments_organized/uniform_output/dataset_rgb_uniform_40/assatigue/original/k20/wst/feature_selector.joblib
Saved feature information: /home/brusc/Projects/random_forest/experiments_organized/uniform_output/dataset_rgb_uniform_40/assatigue/original/k20/wst/feature_names.json
Saved experiment report: /home/brusc/Projects/random_forest/experiments_organized/uniform_output/dataset_rgb_uniform_40/assatigue/original/k20/wst/experiment_report_with_model.json
Saved usage instructions: /home/brusc/Projects/random_forest/experiments_organized/uniform_output/dataset_rgb_uniform_40/assatigue/original/k20/wst/model_usage_instructions.md

================================================================================
TRAINING COMPLETED SUCCESSFULLY
================================================================================
Area: assatigue
Dataset: /home/brusc/Projects/random_forest/datasets/dataset_rgb_uniform_40/original
Feature method: wst
Total images: 116
Classes: ['low_veg', 'water', 'trees']
Original features: 486
Selected features: 20
N estimators: 50

PERFORMANCE RESULTS:
Test Accuracy: 0.9583
CV Accuracy: 0.9656 ± 0.0506

Top 20 selected features:
  1. R_wst_mean_9: 0.7465
  2. R_wst_mean_10: 0.6849
  3. R_wst_mean_11: 0.7567
  4. R_wst_mean_12: 0.7197
  5. R_wst_mean_13: 0.7155
  6. R_wst_mean_14: 0.6937
  7. R_wst_mean_15: 0.6890
  8. R_wst_mean_16: 0.7180
  9. R_wst_std_0: 0.8847
  10. R_wst_std_12: 0.6815
  11. G_wst_mean_9: 0.7674
  12. G_wst_mean_10: 0.7486
  13. G_wst_mean_11: 0.7490
  14. G_wst_mean_12: 0.7240
  15. G_wst_mean_13: 0.8140
  16. G_wst_mean_14: 0.7634
  17. G_wst_mean_15: 0.8207
  18. G_wst_mean_16: 0.7575
  19. G_wst_std_0: 0.8991
  20. B_wst_mean_12: 0.7223

Model and artifacts saved to: /home/brusc/Projects/random_forest/experiments_organized/uniform_output/dataset_rgb_uniform_40/assatigue/original/k20/wst
================================================================================
