================================================================================
CONFIGURABLE RANDOM FOREST TRAINING SCRIPT
Dataset: /home/brusc/Projects/random_forest/datasets/dataset_rgb_uniform_10/small
Area: popolar
Feature Method: advanced_stats
K Features: 20
Output: /home/brusc/Projects/random_forest/experiments_organized/uniform_output/dataset_rgb_uniform_10/popolar/small/k20/advanced_stats
N Estimators: 10
================================================================================
Loading images from popolar area...
Found classes in popolar: ['low_veg', 'trees', 'water']
Loading 15 images from popolar/low_veg
Loading 15 images from popolar/trees
Loading 15 images from popolar/water
Loaded 45 images with 3 classes
Classes: [np.str_('low_veg'), np.str_('trees'), np.str_('water')]
Image shape: (3, 128, 128)
Extracting advanced_stats features...
Feature matrix shape: (45, 54)
Applying SelectKBest feature selection (k=20)...
Selected features: ['R_std', 'R_var', 'R_min', 'R_cv', 'R_p10', 'R_iqr', 'R_mad', 'G_std', 'G_var', 'G_min', 'G_range', 'G_cv', 'G_iqr', 'G_mad', 'B_min', 'B_cv', 'B_p10', 'B_p25', 'B_iqr', 'B_mad']
Feature scores: [0.94169187 0.92125977 1.01755383 0.95960994 0.93308293 1.08200131
 1.04301542 0.96153369 0.96324309 1.06324758 1.06038811 0.89513238
 1.0662774  1.07206304 1.04852977 1.03849963 0.99580546 0.92145153
 0.97175661 0.93850657]
Training final Random Forest model...
Saving model and artifacts...
Saved trained model: /home/brusc/Projects/random_forest/experiments_organized/uniform_output/dataset_rgb_uniform_10/popolar/small/k20/advanced_stats/trained_model.joblib
Saved scaler: /home/brusc/Projects/random_forest/experiments_organized/uniform_output/dataset_rgb_uniform_10/popolar/small/k20/advanced_stats/scaler.joblib
Saved feature selector: /home/brusc/Projects/random_forest/experiments_organized/uniform_output/dataset_rgb_uniform_10/popolar/small/k20/advanced_stats/feature_selector.joblib
Saved feature information: /home/brusc/Projects/random_forest/experiments_organized/uniform_output/dataset_rgb_uniform_10/popolar/small/k20/advanced_stats/feature_names.json
Saved experiment report: /home/brusc/Projects/random_forest/experiments_organized/uniform_output/dataset_rgb_uniform_10/popolar/small/k20/advanced_stats/experiment_report_with_model.json
Saved usage instructions: /home/brusc/Projects/random_forest/experiments_organized/uniform_output/dataset_rgb_uniform_10/popolar/small/k20/advanced_stats/model_usage_instructions.md

================================================================================
TRAINING COMPLETED SUCCESSFULLY
================================================================================
Area: popolar
Dataset: /home/brusc/Projects/random_forest/datasets/dataset_rgb_uniform_10/small
Feature method: advanced_stats
Total images: 45
Classes: ['low_veg', 'trees', 'water']
Original features: 54
Selected features: 20
N estimators: 10

PERFORMANCE RESULTS:
Test Accuracy: 0.8889
CV Accuracy: 0.9556 ± 0.0544

Top 20 selected features:
  1. R_std: 0.9417
  2. R_var: 0.9213
  3. R_min: 1.0176
  4. R_cv: 0.9596
  5. R_p10: 0.9331
  6. R_iqr: 1.0820
  7. R_mad: 1.0430
  8. G_std: 0.9615
  9. G_var: 0.9632
  10. G_min: 1.0632
  11. G_range: 1.0604
  12. G_cv: 0.8951
  13. G_iqr: 1.0663
  14. G_mad: 1.0721
  15. B_min: 1.0485
  16. B_cv: 1.0385
  17. B_p10: 0.9958
  18. B_p25: 0.9215
  19. B_iqr: 0.9718
  20. B_mad: 0.9385

Model and artifacts saved to: /home/brusc/Projects/random_forest/experiments_organized/uniform_output/dataset_rgb_uniform_10/popolar/small/k20/advanced_stats
================================================================================
