================================================================================
CONFIGURABLE RANDOM FOREST TRAINING SCRIPT
Dataset: /home/brusc/Projects/random_forest/datasets/dataset_rgb_uniform_25/small
Area: sunset
Feature Method: advanced_stats
K Features: 20
Output: /home/brusc/Projects/random_forest/experiments_organized/uniform_output/dataset_rgb_uniform_25/sunset/small/k20/advanced_stats
N Estimators: 10
================================================================================
Loading images from sunset area...
Found classes in sunset: ['garden', 'low_veg', 'trees']
Loading 15 images from sunset/garden
Loading 15 images from sunset/low_veg
Loading 15 images from sunset/trees
Loaded 45 images with 3 classes
Classes: [np.str_('garden'), np.str_('low_veg'), np.str_('trees')]
Image shape: (3, 128, 128)
Extracting advanced_stats features...
Feature matrix shape: (45, 54)
Applying SelectKBest feature selection (k=20)...
Selected features: ['R_std', 'R_var', 'R_iqr', 'R_mad', 'R_grad_mean', 'G_std', 'G_var', 'G_range', 'G_kurt', 'G_iqr', 'G_mad', 'G_grad_mean', 'B_std', 'B_var', 'B_max', 'B_range', 'B_skew', 'B_kurt', 'B_mad', 'B_grad_mean']
Feature scores: [0.73781123 0.72810431 0.69459709 0.74426036 0.8218105  0.68291842
 0.68773323 0.58574029 0.68598295 0.67243048 0.68206304 0.81515057
 0.64068112 0.64270132 0.59044422 0.59414792 0.6329839  0.67873057
 0.65262115 0.86859359]
Training final Random Forest model...
Saving model and artifacts...
Saved trained model: /home/brusc/Projects/random_forest/experiments_organized/uniform_output/dataset_rgb_uniform_25/sunset/small/k20/advanced_stats/trained_model.joblib
Saved scaler: /home/brusc/Projects/random_forest/experiments_organized/uniform_output/dataset_rgb_uniform_25/sunset/small/k20/advanced_stats/scaler.joblib
Saved feature selector: /home/brusc/Projects/random_forest/experiments_organized/uniform_output/dataset_rgb_uniform_25/sunset/small/k20/advanced_stats/feature_selector.joblib
Saved feature information: /home/brusc/Projects/random_forest/experiments_organized/uniform_output/dataset_rgb_uniform_25/sunset/small/k20/advanced_stats/feature_names.json
Saved experiment report: /home/brusc/Projects/random_forest/experiments_organized/uniform_output/dataset_rgb_uniform_25/sunset/small/k20/advanced_stats/experiment_report_with_model.json
Saved usage instructions: /home/brusc/Projects/random_forest/experiments_organized/uniform_output/dataset_rgb_uniform_25/sunset/small/k20/advanced_stats/model_usage_instructions.md

================================================================================
TRAINING COMPLETED SUCCESSFULLY
================================================================================
Area: sunset
Dataset: /home/brusc/Projects/random_forest/datasets/dataset_rgb_uniform_25/small
Feature method: advanced_stats
Total images: 45
Classes: ['garden', 'low_veg', 'trees']
Original features: 54
Selected features: 20
N estimators: 10

PERFORMANCE RESULTS:
Test Accuracy: 1.0000
CV Accuracy: 0.9556 ± 0.0544

Top 20 selected features:
  1. R_std: 0.7378
  2. R_var: 0.7281
  3. R_iqr: 0.6946
  4. R_mad: 0.7443
  5. R_grad_mean: 0.8218
  6. G_std: 0.6829
  7. G_var: 0.6877
  8. G_range: 0.5857
  9. G_kurt: 0.6860
  10. G_iqr: 0.6724
  11. G_mad: 0.6821
  12. G_grad_mean: 0.8152
  13. B_std: 0.6407
  14. B_var: 0.6427
  15. B_max: 0.5904
  16. B_range: 0.5941
  17. B_skew: 0.6330
  18. B_kurt: 0.6787
  19. B_mad: 0.6526
  20. B_grad_mean: 0.8686

Model and artifacts saved to: /home/brusc/Projects/random_forest/experiments_organized/uniform_output/dataset_rgb_uniform_25/sunset/small/k20/advanced_stats
================================================================================
