================================================================================
CONFIGURABLE RANDOM FOREST TRAINING SCRIPT
Dataset: /home/brusc/Projects/random_forest/datasets/dataset_rgb_uniform_25/mini
Area: popolar
Feature Method: wst
K Features: 20
Output: /home/brusc/Projects/random_forest/experiments_organized/uniform_output/dataset_rgb_uniform_25/popolar/mini/k20/wst
N Estimators: 3
================================================================================
Loading images from popolar area...
Found classes in popolar: ['low_veg', 'trees', 'water']
Loading 5 images from popolar/low_veg
Loading 5 images from popolar/trees
Loading 5 images from popolar/water
Loaded 15 images with 3 classes
Classes: [np.str_('low_veg'), np.str_('trees'), np.str_('water')]
Image shape: (3, 128, 128)
Extracting wst features...
Feature matrix shape: (15, 486)
Applying SelectKBest feature selection (k=20)...
Selected features: ['R_wst_mean_0', 'R_wst_mean_10', 'R_wst_mean_11', 'R_wst_mean_14', 'R_wst_mean_15', 'R_wst_mean_27', 'R_wst_std_0', 'G_wst_mean_1', 'G_wst_mean_3', 'G_wst_mean_5', 'G_wst_mean_9', 'G_wst_mean_10', 'G_wst_mean_12', 'G_wst_mean_13', 'G_wst_mean_14', 'G_wst_mean_15', 'G_wst_mean_35', 'G_wst_std_0', 'B_wst_mean_0', 'B_wst_mean_1']
Feature scores: [0.86960225 0.67537185 0.67362582 0.82362582 0.7578009  0.73854645
 0.86092741 0.70023717 0.68354645 0.86537185 0.65801495 0.73473693
 0.68410201 0.74965756 0.70695915 0.68767103 0.79426074 0.84822899
 0.81074222 0.6620313 ]
Training final Random Forest model...
Saving model and artifacts...
Saved trained model: /home/brusc/Projects/random_forest/experiments_organized/uniform_output/dataset_rgb_uniform_25/popolar/mini/k20/wst/trained_model.joblib
Saved scaler: /home/brusc/Projects/random_forest/experiments_organized/uniform_output/dataset_rgb_uniform_25/popolar/mini/k20/wst/scaler.joblib
Saved feature selector: /home/brusc/Projects/random_forest/experiments_organized/uniform_output/dataset_rgb_uniform_25/popolar/mini/k20/wst/feature_selector.joblib
Saved feature information: /home/brusc/Projects/random_forest/experiments_organized/uniform_output/dataset_rgb_uniform_25/popolar/mini/k20/wst/feature_names.json
Saved experiment report: /home/brusc/Projects/random_forest/experiments_organized/uniform_output/dataset_rgb_uniform_25/popolar/mini/k20/wst/experiment_report_with_model.json
Saved usage instructions: /home/brusc/Projects/random_forest/experiments_organized/uniform_output/dataset_rgb_uniform_25/popolar/mini/k20/wst/model_usage_instructions.md

================================================================================
TRAINING COMPLETED SUCCESSFULLY
================================================================================
Area: popolar
Dataset: /home/brusc/Projects/random_forest/datasets/dataset_rgb_uniform_25/mini
Feature method: wst
Total images: 15
Classes: ['low_veg', 'trees', 'water']
Original features: 486
Selected features: 20
N estimators: 3

PERFORMANCE RESULTS:
Test Accuracy: 1.0000
CV Accuracy: 0.8000 ± 0.1633

Top 20 selected features:
  1. R_wst_mean_0: 0.8696
  2. R_wst_mean_10: 0.6754
  3. R_wst_mean_11: 0.6736
  4. R_wst_mean_14: 0.8236
  5. R_wst_mean_15: 0.7578
  6. R_wst_mean_27: 0.7385
  7. R_wst_std_0: 0.8609
  8. G_wst_mean_1: 0.7002
  9. G_wst_mean_3: 0.6835
  10. G_wst_mean_5: 0.8654
  11. G_wst_mean_9: 0.6580
  12. G_wst_mean_10: 0.7347
  13. G_wst_mean_12: 0.6841
  14. G_wst_mean_13: 0.7497
  15. G_wst_mean_14: 0.7070
  16. G_wst_mean_15: 0.6877
  17. G_wst_mean_35: 0.7943
  18. G_wst_std_0: 0.8482
  19. B_wst_mean_0: 0.8107
  20. B_wst_mean_1: 0.6620

Model and artifacts saved to: /home/brusc/Projects/random_forest/experiments_organized/uniform_output/dataset_rgb_uniform_25/popolar/mini/k20/wst
================================================================================
