================================================================================
CONFIGURABLE RANDOM FOREST TRAINING SCRIPT
Dataset: /home/brusc/Projects/random_forest/datasets/dataset_rgb_uniform_40/mini
Area: assatigue
Feature Method: hybrid
K Features: 20
Output: /home/brusc/Projects/random_forest/experiments_organized/uniform_output/dataset_rgb_uniform_40/assatigue/mini/k20/hybrid
N Estimators: 3
================================================================================
Loading images from assatigue area...
Found classes in assatigue: ['low_veg', 'trees', 'water']
Loading 5 images from assatigue/low_veg
Loading 5 images from assatigue/trees
Loading 5 images from assatigue/water
Loaded 15 images with 3 classes
Classes: [np.str_('low_veg'), np.str_('trees'), np.str_('water')]
Image shape: (3, 128, 128)
Extracting hybrid features...
Feature matrix shape: (15, 540)
Applying SelectKBest feature selection (k=20)...
Selected features: ['R_min', 'R_cv', 'R_mad', 'G_std', 'G_var', 'G_min', 'G_max', 'G_range', 'G_iqr', 'G_mad', 'B_mean', 'B_min', 'B_range', 'B_cv', 'B_p10', 'R_wst_mean_11', 'R_wst_mean_14', 'R_wst_mean_15', 'R_wst_std_13', 'B_wst_mean_0']
Feature scores: [1.1814036  0.79187979 0.82426074 0.82648296 0.83759407 0.96695915
 1.39709143 0.85981629 1.04325304 0.83203852 0.80759407 1.25084804
 0.76896733 0.89529249 0.82807026 0.77862582 0.88759407 0.75981629
 0.85023717 0.84807026]
Training final Random Forest model...
Saving model and artifacts...
Saved trained model: /home/brusc/Projects/random_forest/experiments_organized/uniform_output/dataset_rgb_uniform_40/assatigue/mini/k20/hybrid/trained_model.joblib
Saved scaler: /home/brusc/Projects/random_forest/experiments_organized/uniform_output/dataset_rgb_uniform_40/assatigue/mini/k20/hybrid/scaler.joblib
Saved feature selector: /home/brusc/Projects/random_forest/experiments_organized/uniform_output/dataset_rgb_uniform_40/assatigue/mini/k20/hybrid/feature_selector.joblib
Saved feature information: /home/brusc/Projects/random_forest/experiments_organized/uniform_output/dataset_rgb_uniform_40/assatigue/mini/k20/hybrid/feature_names.json
Saved experiment report: /home/brusc/Projects/random_forest/experiments_organized/uniform_output/dataset_rgb_uniform_40/assatigue/mini/k20/hybrid/experiment_report_with_model.json
Saved usage instructions: /home/brusc/Projects/random_forest/experiments_organized/uniform_output/dataset_rgb_uniform_40/assatigue/mini/k20/hybrid/model_usage_instructions.md

================================================================================
TRAINING COMPLETED SUCCESSFULLY
================================================================================
Area: assatigue
Dataset: /home/brusc/Projects/random_forest/datasets/dataset_rgb_uniform_40/mini
Feature method: hybrid
Total images: 15
Classes: ['low_veg', 'trees', 'water']
Original features: 540
Selected features: 20
N estimators: 3

PERFORMANCE RESULTS:
Test Accuracy: 0.6667
CV Accuracy: 0.9333 ± 0.1333

Top 20 selected features:
  1. R_min: 1.1814
  2. R_cv: 0.7919
  3. R_mad: 0.8243
  4. G_std: 0.8265
  5. G_var: 0.8376
  6. G_min: 0.9670
  7. G_max: 1.3971
  8. G_range: 0.8598
  9. G_iqr: 1.0433
  10. G_mad: 0.8320
  11. B_mean: 0.8076
  12. B_min: 1.2508
  13. B_range: 0.7690
  14. B_cv: 0.8953
  15. B_p10: 0.8281
  16. R_wst_mean_11: 0.7786
  17. R_wst_mean_14: 0.8876
  18. R_wst_mean_15: 0.7598
  19. R_wst_std_13: 0.8502
  20. B_wst_mean_0: 0.8481

Model and artifacts saved to: /home/brusc/Projects/random_forest/experiments_organized/uniform_output/dataset_rgb_uniform_40/assatigue/mini/k20/hybrid
================================================================================
