================================================================================
CONFIGURABLE RANDOM FOREST TRAINING SCRIPT
Dataset: /home/brusc/Projects/random_forest/datasets/dataset_rgb_uniform_25/small
Area: sunset
Feature Method: hybrid
K Features: 20
Output: /home/brusc/Projects/random_forest/experiments_organized/uniform_output/dataset_rgb_uniform_25/sunset/small/k20/hybrid
N Estimators: 10
================================================================================
Loading images from sunset area...
Found classes in sunset: ['garden', 'low_veg', 'trees']
Loading 15 images from sunset/garden
Loading 15 images from sunset/low_veg
Loading 15 images from sunset/trees
Loaded 45 images with 3 classes
Classes: [np.str_('garden'), np.str_('low_veg'), np.str_('trees')]
Image shape: (3, 128, 128)
Extracting hybrid features...
Feature matrix shape: (45, 540)
Applying SelectKBest feature selection (k=20)...
Selected features: ['R_grad_mean', 'G_grad_mean', 'B_grad_mean', 'R_wst_mean_4', 'R_wst_mean_11', 'R_wst_mean_13', 'R_wst_std_0', 'R_wst_std_13', 'G_wst_mean_10', 'G_wst_mean_11', 'G_wst_mean_12', 'G_wst_mean_13', 'G_wst_mean_14', 'G_wst_std_11', 'G_wst_std_13', 'B_wst_mean_9', 'B_wst_mean_10', 'B_wst_mean_11', 'B_wst_mean_12', 'B_wst_mean_13']
Feature scores: [0.8218105  0.81515057 0.86859359 0.79063553 0.82698534 0.83045921
 0.79786878 0.79997229 0.81656952 0.90791953 0.84037769 0.82152512
 0.8059864  0.79950658 0.85059919 0.82569047 0.82885894 0.86696948
 0.86475222 0.86493189]
Training final Random Forest model...
Saving model and artifacts...
Saved trained model: /home/brusc/Projects/random_forest/experiments_organized/uniform_output/dataset_rgb_uniform_25/sunset/small/k20/hybrid/trained_model.joblib
Saved scaler: /home/brusc/Projects/random_forest/experiments_organized/uniform_output/dataset_rgb_uniform_25/sunset/small/k20/hybrid/scaler.joblib
Saved feature selector: /home/brusc/Projects/random_forest/experiments_organized/uniform_output/dataset_rgb_uniform_25/sunset/small/k20/hybrid/feature_selector.joblib
Saved feature information: /home/brusc/Projects/random_forest/experiments_organized/uniform_output/dataset_rgb_uniform_25/sunset/small/k20/hybrid/feature_names.json
Saved experiment report: /home/brusc/Projects/random_forest/experiments_organized/uniform_output/dataset_rgb_uniform_25/sunset/small/k20/hybrid/experiment_report_with_model.json
Saved usage instructions: /home/brusc/Projects/random_forest/experiments_organized/uniform_output/dataset_rgb_uniform_25/sunset/small/k20/hybrid/model_usage_instructions.md

================================================================================
TRAINING COMPLETED SUCCESSFULLY
================================================================================
Area: sunset
Dataset: /home/brusc/Projects/random_forest/datasets/dataset_rgb_uniform_25/small
Feature method: hybrid
Total images: 45
Classes: ['garden', 'low_veg', 'trees']
Original features: 540
Selected features: 20
N estimators: 10

PERFORMANCE RESULTS:
Test Accuracy: 0.8889
CV Accuracy: 0.9333 ± 0.0544

Top 20 selected features:
  1. R_grad_mean: 0.8218
  2. G_grad_mean: 0.8152
  3. B_grad_mean: 0.8686
  4. R_wst_mean_4: 0.7906
  5. R_wst_mean_11: 0.8270
  6. R_wst_mean_13: 0.8305
  7. R_wst_std_0: 0.7979
  8. R_wst_std_13: 0.8000
  9. G_wst_mean_10: 0.8166
  10. G_wst_mean_11: 0.9079
  11. G_wst_mean_12: 0.8404
  12. G_wst_mean_13: 0.8215
  13. G_wst_mean_14: 0.8060
  14. G_wst_std_11: 0.7995
  15. G_wst_std_13: 0.8506
  16. B_wst_mean_9: 0.8257
  17. B_wst_mean_10: 0.8289
  18. B_wst_mean_11: 0.8670
  19. B_wst_mean_12: 0.8648
  20. B_wst_mean_13: 0.8649

Model and artifacts saved to: /home/brusc/Projects/random_forest/experiments_organized/uniform_output/dataset_rgb_uniform_25/sunset/small/k20/hybrid
================================================================================
