================================================================================
CONFIGURABLE RANDOM FOREST TRAINING SCRIPT
Dataset: /home/brusc/Projects/random_forest/datasets/dataset_rgb_uniform_25/mini
Area: assatigue
Feature Method: advanced_stats
K Features: 20
Output: /home/brusc/Projects/random_forest/experiments_organized/uniform_output/dataset_rgb_uniform_25/assatigue/mini/k20/advanced_stats
N Estimators: 3
================================================================================
Loading images from assatigue area...
Found classes in assatigue: ['low_veg', 'trees', 'water']
Loading 5 images from assatigue/low_veg
Loading 5 images from assatigue/trees
Loading 5 images from assatigue/water
Loaded 15 images with 3 classes
Classes: [np.str_('low_veg'), np.str_('trees'), np.str_('water')]
Image shape: (3, 128, 128)
Extracting advanced_stats features...
Feature matrix shape: (15, 54)
Applying SelectKBest feature selection (k=20)...
Selected features: ['R_std', 'R_var', 'R_min', 'R_cv', 'R_iqr', 'R_mad', 'R_grad_mean', 'G_std', 'G_var', 'G_min', 'G_range', 'G_iqr', 'G_mad', 'G_grad_mean', 'B_mean', 'B_min', 'B_cv', 'B_p10', 'B_p25', 'B_p50']
Feature scores: [0.80759407 0.70759407 1.44314963 0.71648296 0.82148296 0.81537185
 0.88203852 0.81648296 0.72481629 0.88918137 0.83481629 0.82118955
 0.82092741 0.85426074 0.81870518 1.37648296 0.79132423 0.83481629
 0.82092741 0.76870518]
Training final Random Forest model...
Saving model and artifacts...
Saved trained model: /home/brusc/Projects/random_forest/experiments_organized/uniform_output/dataset_rgb_uniform_25/assatigue/mini/k20/advanced_stats/trained_model.joblib
Saved scaler: /home/brusc/Projects/random_forest/experiments_organized/uniform_output/dataset_rgb_uniform_25/assatigue/mini/k20/advanced_stats/scaler.joblib
Saved feature selector: /home/brusc/Projects/random_forest/experiments_organized/uniform_output/dataset_rgb_uniform_25/assatigue/mini/k20/advanced_stats/feature_selector.joblib
Saved feature information: /home/brusc/Projects/random_forest/experiments_organized/uniform_output/dataset_rgb_uniform_25/assatigue/mini/k20/advanced_stats/feature_names.json
Saved experiment report: /home/brusc/Projects/random_forest/experiments_organized/uniform_output/dataset_rgb_uniform_25/assatigue/mini/k20/advanced_stats/experiment_report_with_model.json
Saved usage instructions: /home/brusc/Projects/random_forest/experiments_organized/uniform_output/dataset_rgb_uniform_25/assatigue/mini/k20/advanced_stats/model_usage_instructions.md

================================================================================
TRAINING COMPLETED SUCCESSFULLY
================================================================================
Area: assatigue
Dataset: /home/brusc/Projects/random_forest/datasets/dataset_rgb_uniform_25/mini
Feature method: advanced_stats
Total images: 15
Classes: ['low_veg', 'trees', 'water']
Original features: 54
Selected features: 20
N estimators: 3

PERFORMANCE RESULTS:
Test Accuracy: 1.0000
CV Accuracy: 0.9333 ± 0.1333

Top 20 selected features:
  1. R_std: 0.8076
  2. R_var: 0.7076
  3. R_min: 1.4431
  4. R_cv: 0.7165
  5. R_iqr: 0.8215
  6. R_mad: 0.8154
  7. R_grad_mean: 0.8820
  8. G_std: 0.8165
  9. G_var: 0.7248
  10. G_min: 0.8892
  11. G_range: 0.8348
  12. G_iqr: 0.8212
  13. G_mad: 0.8209
  14. G_grad_mean: 0.8543
  15. B_mean: 0.8187
  16. B_min: 1.3765
  17. B_cv: 0.7913
  18. B_p10: 0.8348
  19. B_p25: 0.8209
  20. B_p50: 0.7687

Model and artifacts saved to: /home/brusc/Projects/random_forest/experiments_organized/uniform_output/dataset_rgb_uniform_25/assatigue/mini/k20/advanced_stats
================================================================================
