================================================================================
CONFIGURABLE RANDOM FOREST TRAINING SCRIPT
Dataset: /home/brusc/Projects/random_forest/datasets/dataset_rgb_uniform_25/original
Area: popolar
Feature Method: hybrid
K Features: 20
Output: /home/brusc/Projects/random_forest/experiments_organized/uniform_output/dataset_rgb_uniform_25/popolar/original/k20/hybrid
N Estimators: 50
================================================================================
Loading images from popolar area...
Found classes in popolar: ['low_veg', 'trees', 'water']
Loading 41 images from popolar/low_veg
Loading 40 images from popolar/trees
Loading 40 images from popolar/water
Loaded 121 images with 3 classes
Classes: [np.str_('low_veg'), np.str_('trees'), np.str_('water')]
Image shape: (3, 128, 128)
Extracting hybrid features...
Feature matrix shape: (121, 540)
Applying SelectKBest feature selection (k=20)...
Selected features: ['R_std', 'R_var', 'R_min', 'R_cv', 'R_p10', 'R_iqr', 'R_mad', 'G_std', 'G_var', 'G_min', 'G_range', 'G_cv', 'G_iqr', 'G_mad', 'B_min', 'B_cv', 'B_p10', 'B_p25', 'R_wst_std_0', 'G_wst_std_0']
Feature scores: [0.96733859 0.96630554 0.9917064  0.98977701 0.99318891 0.97100326
 1.02618568 1.00967399 1.01000245 1.0104733  0.9991885  0.94680313
 1.03640619 1.03413346 0.97484003 1.07247338 0.9948766  0.94581963
 0.9534815  0.95687278]
Training final Random Forest model...
Saving model and artifacts...
Saved trained model: /home/brusc/Projects/random_forest/experiments_organized/uniform_output/dataset_rgb_uniform_25/popolar/original/k20/hybrid/trained_model.joblib
Saved scaler: /home/brusc/Projects/random_forest/experiments_organized/uniform_output/dataset_rgb_uniform_25/popolar/original/k20/hybrid/scaler.joblib
Saved feature selector: /home/brusc/Projects/random_forest/experiments_organized/uniform_output/dataset_rgb_uniform_25/popolar/original/k20/hybrid/feature_selector.joblib
Saved feature information: /home/brusc/Projects/random_forest/experiments_organized/uniform_output/dataset_rgb_uniform_25/popolar/original/k20/hybrid/feature_names.json
Saved experiment report: /home/brusc/Projects/random_forest/experiments_organized/uniform_output/dataset_rgb_uniform_25/popolar/original/k20/hybrid/experiment_report_with_model.json
Saved usage instructions: /home/brusc/Projects/random_forest/experiments_organized/uniform_output/dataset_rgb_uniform_25/popolar/original/k20/hybrid/model_usage_instructions.md

================================================================================
TRAINING COMPLETED SUCCESSFULLY
================================================================================
Area: popolar
Dataset: /home/brusc/Projects/random_forest/datasets/dataset_rgb_uniform_25/original
Feature method: hybrid
Total images: 121
Classes: ['low_veg', 'trees', 'water']
Original features: 540
Selected features: 20
N estimators: 50

PERFORMANCE RESULTS:
Test Accuracy: 0.9600
CV Accuracy: 0.9833 ± 0.0204

Top 20 selected features:
  1. R_std: 0.9673
  2. R_var: 0.9663
  3. R_min: 0.9917
  4. R_cv: 0.9898
  5. R_p10: 0.9932
  6. R_iqr: 0.9710
  7. R_mad: 1.0262
  8. G_std: 1.0097
  9. G_var: 1.0100
  10. G_min: 1.0105
  11. G_range: 0.9992
  12. G_cv: 0.9468
  13. G_iqr: 1.0364
  14. G_mad: 1.0341
  15. B_min: 0.9748
  16. B_cv: 1.0725
  17. B_p10: 0.9949
  18. B_p25: 0.9458
  19. R_wst_std_0: 0.9535
  20. G_wst_std_0: 0.9569

Model and artifacts saved to: /home/brusc/Projects/random_forest/experiments_organized/uniform_output/dataset_rgb_uniform_25/popolar/original/k20/hybrid
================================================================================
