================================================================================
CONFIGURABLE RANDOM FOREST TRAINING SCRIPT
Dataset: /home/brusc/Projects/random_forest/datasets/dataset_rgb_uniform_10/original
Area: assatigue
Feature Method: wst
K Features: 20
Output: /home/brusc/Projects/random_forest/experiments_organized/uniform_output/dataset_rgb_uniform_10/assatigue/original/k20/wst
N Estimators: 50
================================================================================
Loading images from assatigue area...
Found classes in assatigue: ['low_veg', 'trees', 'water']
Loading 40 images from assatigue/low_veg
Loading 36 images from assatigue/trees
Loading 40 images from assatigue/water
Loaded 116 images with 3 classes
Classes: [np.str_('low_veg'), np.str_('trees'), np.str_('water')]
Image shape: (3, 128, 128)
Extracting wst features...
Feature matrix shape: (116, 486)
Applying SelectKBest feature selection (k=20)...
Selected features: ['R_wst_mean_2', 'R_wst_mean_3', 'R_wst_mean_4', 'R_wst_mean_5', 'R_wst_mean_6', 'R_wst_mean_7', 'R_wst_mean_10', 'R_wst_mean_14', 'R_wst_mean_15', 'R_wst_mean_43', 'R_wst_mean_53', 'R_wst_std_0', 'G_wst_mean_3', 'G_wst_mean_6', 'G_wst_mean_10', 'G_wst_mean_14', 'G_wst_mean_15', 'G_wst_mean_61', 'G_wst_std_0', 'B_wst_mean_4']
Feature scores: [0.83615731 0.835136   0.84364703 0.88473465 0.89748596 0.81682196
 0.83418304 0.87108271 0.88857864 0.83323352 0.82768719 0.89146099
 0.82922487 0.84677769 0.83390031 0.8344943  0.84617423 0.81230128
 0.91132193 0.81279529]
Training final Random Forest model...
Saving model and artifacts...
Saved trained model: /home/brusc/Projects/random_forest/experiments_organized/uniform_output/dataset_rgb_uniform_10/assatigue/original/k20/wst/trained_model.joblib
Saved scaler: /home/brusc/Projects/random_forest/experiments_organized/uniform_output/dataset_rgb_uniform_10/assatigue/original/k20/wst/scaler.joblib
Saved feature selector: /home/brusc/Projects/random_forest/experiments_organized/uniform_output/dataset_rgb_uniform_10/assatigue/original/k20/wst/feature_selector.joblib
Saved feature information: /home/brusc/Projects/random_forest/experiments_organized/uniform_output/dataset_rgb_uniform_10/assatigue/original/k20/wst/feature_names.json
Saved experiment report: /home/brusc/Projects/random_forest/experiments_organized/uniform_output/dataset_rgb_uniform_10/assatigue/original/k20/wst/experiment_report_with_model.json
Saved usage instructions: /home/brusc/Projects/random_forest/experiments_organized/uniform_output/dataset_rgb_uniform_10/assatigue/original/k20/wst/model_usage_instructions.md

================================================================================
TRAINING COMPLETED SUCCESSFULLY
================================================================================
Area: assatigue
Dataset: /home/brusc/Projects/random_forest/datasets/dataset_rgb_uniform_10/original
Feature method: wst
Total images: 116
Classes: ['low_veg', 'water', 'trees']
Original features: 486
Selected features: 20
N estimators: 50

PERFORMANCE RESULTS:
Test Accuracy: 1.0000
CV Accuracy: 0.9569 ± 0.0389

Top 20 selected features:
  1. R_wst_mean_2: 0.8362
  2. R_wst_mean_3: 0.8351
  3. R_wst_mean_4: 0.8436
  4. R_wst_mean_5: 0.8847
  5. R_wst_mean_6: 0.8975
  6. R_wst_mean_7: 0.8168
  7. R_wst_mean_10: 0.8342
  8. R_wst_mean_14: 0.8711
  9. R_wst_mean_15: 0.8886
  10. R_wst_mean_43: 0.8332
  11. R_wst_mean_53: 0.8277
  12. R_wst_std_0: 0.8915
  13. G_wst_mean_3: 0.8292
  14. G_wst_mean_6: 0.8468
  15. G_wst_mean_10: 0.8339
  16. G_wst_mean_14: 0.8345
  17. G_wst_mean_15: 0.8462
  18. G_wst_mean_61: 0.8123
  19. G_wst_std_0: 0.9113
  20. B_wst_mean_4: 0.8128

Model and artifacts saved to: /home/brusc/Projects/random_forest/experiments_organized/uniform_output/dataset_rgb_uniform_10/assatigue/original/k20/wst
================================================================================
