================================================================================
CONFIGURABLE RANDOM FOREST TRAINING SCRIPT
Dataset: /home/brusc/Projects/random_forest/datasets/dataset_rgb_uniform_40/mini
Area: assatigue
Feature Method: wst
K Features: 20
Output: /home/brusc/Projects/random_forest/experiments_organized/uniform_output/dataset_rgb_uniform_40/assatigue/mini/k20/wst
N Estimators: 3
================================================================================
Loading images from assatigue area...
Found classes in assatigue: ['low_veg', 'trees', 'water']
Loading 5 images from assatigue/low_veg
Loading 5 images from assatigue/trees
Loading 5 images from assatigue/water
Loaded 15 images with 3 classes
Classes: [np.str_('low_veg'), np.str_('trees'), np.str_('water')]
Image shape: (3, 128, 128)
Extracting wst features...
Feature matrix shape: (15, 486)
Applying SelectKBest feature selection (k=20)...
Selected features: ['R_wst_mean_10', 'R_wst_mean_11', 'R_wst_mean_12', 'R_wst_mean_13', 'R_wst_mean_14', 'R_wst_mean_15', 'R_wst_std_0', 'R_wst_std_10', 'R_wst_std_11', 'R_wst_std_13', 'R_wst_std_15', 'G_wst_mean_4', 'G_wst_mean_10', 'G_wst_mean_11', 'G_wst_mean_12', 'G_wst_mean_13', 'G_wst_std_0', 'B_wst_mean_0', 'B_wst_mean_11', 'B_wst_mean_12']
Feature scores: [0.78695915 0.77029249 0.7814036  0.80703852 0.85981629 0.72092741
 0.66203852 0.77584804 0.69280738 0.82801495 0.6729909  0.62344063
 0.7614036  0.84807026 0.72015781 0.64608373 0.65092741 0.80759407
 0.64571336 0.68349114]
Training final Random Forest model...
Saving model and artifacts...
Saved trained model: /home/brusc/Projects/random_forest/experiments_organized/uniform_output/dataset_rgb_uniform_40/assatigue/mini/k20/wst/trained_model.joblib
Saved scaler: /home/brusc/Projects/random_forest/experiments_organized/uniform_output/dataset_rgb_uniform_40/assatigue/mini/k20/wst/scaler.joblib
Saved feature selector: /home/brusc/Projects/random_forest/experiments_organized/uniform_output/dataset_rgb_uniform_40/assatigue/mini/k20/wst/feature_selector.joblib
Saved feature information: /home/brusc/Projects/random_forest/experiments_organized/uniform_output/dataset_rgb_uniform_40/assatigue/mini/k20/wst/feature_names.json
Saved experiment report: /home/brusc/Projects/random_forest/experiments_organized/uniform_output/dataset_rgb_uniform_40/assatigue/mini/k20/wst/experiment_report_with_model.json
Saved usage instructions: /home/brusc/Projects/random_forest/experiments_organized/uniform_output/dataset_rgb_uniform_40/assatigue/mini/k20/wst/model_usage_instructions.md

================================================================================
TRAINING COMPLETED SUCCESSFULLY
================================================================================
Area: assatigue
Dataset: /home/brusc/Projects/random_forest/datasets/dataset_rgb_uniform_40/mini
Feature method: wst
Total images: 15
Classes: ['low_veg', 'trees', 'water']
Original features: 486
Selected features: 20
N estimators: 3

PERFORMANCE RESULTS:
Test Accuracy: 0.6667
CV Accuracy: 0.8000 ± 0.2667

Top 20 selected features:
  1. R_wst_mean_10: 0.7870
  2. R_wst_mean_11: 0.7703
  3. R_wst_mean_12: 0.7814
  4. R_wst_mean_13: 0.8070
  5. R_wst_mean_14: 0.8598
  6. R_wst_mean_15: 0.7209
  7. R_wst_std_0: 0.6620
  8. R_wst_std_10: 0.7758
  9. R_wst_std_11: 0.6928
  10. R_wst_std_13: 0.8280
  11. R_wst_std_15: 0.6730
  12. G_wst_mean_4: 0.6234
  13. G_wst_mean_10: 0.7614
  14. G_wst_mean_11: 0.8481
  15. G_wst_mean_12: 0.7202
  16. G_wst_mean_13: 0.6461
  17. G_wst_std_0: 0.6509
  18. B_wst_mean_0: 0.8076
  19. B_wst_mean_11: 0.6457
  20. B_wst_mean_12: 0.6835

Model and artifacts saved to: /home/brusc/Projects/random_forest/experiments_organized/uniform_output/dataset_rgb_uniform_40/assatigue/mini/k20/wst
================================================================================
