================================================================================
CONFIGURABLE RANDOM FOREST TRAINING SCRIPT
Dataset: /home/brusc/Projects/random_forest/datasets/dataset_rgb_uniform_40/small
Area: popolar
Feature Method: advanced_stats
K Features: 20
Output: /home/brusc/Projects/random_forest/experiments_organized/uniform_output/dataset_rgb_uniform_40/popolar/small/k20/advanced_stats
N Estimators: 10
================================================================================
Loading images from popolar area...
Found classes in popolar: ['low_veg', 'trees', 'water']
Loading 15 images from popolar/low_veg
Loading 15 images from popolar/trees
Loading 15 images from popolar/water
Loaded 45 images with 3 classes
Classes: [np.str_('low_veg'), np.str_('trees'), np.str_('water')]
Image shape: (3, 128, 128)
Extracting advanced_stats features...
Feature matrix shape: (45, 54)
Applying SelectKBest feature selection (k=20)...
Selected features: ['R_std', 'R_var', 'R_min', 'R_cv', 'R_p10', 'R_mad', 'G_std', 'G_var', 'G_min', 'G_range', 'G_cv', 'G_mad', 'B_mean', 'B_std', 'B_min', 'B_cv', 'B_p10', 'B_p25', 'B_p50', 'B_mad']
Feature scores: [0.98320942 0.9809872  0.90595979 0.93639315 0.82190156 0.93935581
 1.02035148 1.02035148 0.97704525 0.97418577 0.79907376 0.98684178
 0.78559591 0.78687928 0.8251933  1.01802768 0.91764121 0.82408797
 0.80015635 0.78579169]
Training final Random Forest model...
Saving model and artifacts...
Saved trained model: /home/brusc/Projects/random_forest/experiments_organized/uniform_output/dataset_rgb_uniform_40/popolar/small/k20/advanced_stats/trained_model.joblib
Saved scaler: /home/brusc/Projects/random_forest/experiments_organized/uniform_output/dataset_rgb_uniform_40/popolar/small/k20/advanced_stats/scaler.joblib
Saved feature selector: /home/brusc/Projects/random_forest/experiments_organized/uniform_output/dataset_rgb_uniform_40/popolar/small/k20/advanced_stats/feature_selector.joblib
Saved feature information: /home/brusc/Projects/random_forest/experiments_organized/uniform_output/dataset_rgb_uniform_40/popolar/small/k20/advanced_stats/feature_names.json
Saved experiment report: /home/brusc/Projects/random_forest/experiments_organized/uniform_output/dataset_rgb_uniform_40/popolar/small/k20/advanced_stats/experiment_report_with_model.json
Saved usage instructions: /home/brusc/Projects/random_forest/experiments_organized/uniform_output/dataset_rgb_uniform_40/popolar/small/k20/advanced_stats/model_usage_instructions.md

================================================================================
TRAINING COMPLETED SUCCESSFULLY
================================================================================
Area: popolar
Dataset: /home/brusc/Projects/random_forest/datasets/dataset_rgb_uniform_40/small
Feature method: advanced_stats
Total images: 45
Classes: ['low_veg', 'trees', 'water']
Original features: 54
Selected features: 20
N estimators: 10

PERFORMANCE RESULTS:
Test Accuracy: 0.8889
CV Accuracy: 0.9556 ± 0.0544

Top 20 selected features:
  1. R_std: 0.9832
  2. R_var: 0.9810
  3. R_min: 0.9060
  4. R_cv: 0.9364
  5. R_p10: 0.8219
  6. R_mad: 0.9394
  7. G_std: 1.0204
  8. G_var: 1.0204
  9. G_min: 0.9770
  10. G_range: 0.9742
  11. G_cv: 0.7991
  12. G_mad: 0.9868
  13. B_mean: 0.7856
  14. B_std: 0.7869
  15. B_min: 0.8252
  16. B_cv: 1.0180
  17. B_p10: 0.9176
  18. B_p25: 0.8241
  19. B_p50: 0.8002
  20. B_mad: 0.7858

Model and artifacts saved to: /home/brusc/Projects/random_forest/experiments_organized/uniform_output/dataset_rgb_uniform_40/popolar/small/k20/advanced_stats
================================================================================
