================================================================================
CONFIGURABLE RANDOM FOREST TRAINING SCRIPT
Dataset: /home/brusc/Projects/random_forest/datasets/dataset_rgb_uniform_40/original
Area: sunset
Feature Method: hybrid
K Features: 20
Output: /home/brusc/Projects/random_forest/experiments_organized/uniform_output/dataset_rgb_uniform_40/sunset/original/k20/hybrid
N Estimators: 50
================================================================================
Loading images from sunset area...
Found classes in sunset: ['garden', 'low_veg', 'trees']
Loading 40 images from sunset/garden
Loading 40 images from sunset/low_veg
Loading 40 images from sunset/trees
Loaded 120 images with 3 classes
Classes: [np.str_('garden'), np.str_('low_veg'), np.str_('trees')]
Image shape: (3, 128, 128)
Extracting hybrid features...
Feature matrix shape: (120, 540)
Applying SelectKBest feature selection (k=20)...
Selected features: ['R_std', 'R_var', 'R_iqr', 'R_mad', 'G_mad', 'G_grad_mean', 'B_skew', 'B_kurt', 'R_wst_mean_11', 'R_wst_mean_12', 'R_wst_mean_13', 'R_wst_std_0', 'R_wst_std_11', 'G_wst_mean_10', 'G_wst_mean_11', 'G_wst_mean_12', 'G_wst_mean_13', 'G_wst_mean_14', 'G_wst_std_13', 'B_wst_mean_11']
Feature scores: [0.81956396 0.82030044 0.83937078 0.79930381 0.73843849 0.79016127
 0.74000719 0.77391233 0.78082523 0.74241386 0.83458068 0.84368195
 0.74346303 0.74756078 0.83080627 0.83312797 0.87590274 0.7621169
 0.73411754 0.71841586]
Training final Random Forest model...
Saving model and artifacts...
Saved trained model: /home/brusc/Projects/random_forest/experiments_organized/uniform_output/dataset_rgb_uniform_40/sunset/original/k20/hybrid/trained_model.joblib
Saved scaler: /home/brusc/Projects/random_forest/experiments_organized/uniform_output/dataset_rgb_uniform_40/sunset/original/k20/hybrid/scaler.joblib
Saved feature selector: /home/brusc/Projects/random_forest/experiments_organized/uniform_output/dataset_rgb_uniform_40/sunset/original/k20/hybrid/feature_selector.joblib
Saved feature information: /home/brusc/Projects/random_forest/experiments_organized/uniform_output/dataset_rgb_uniform_40/sunset/original/k20/hybrid/feature_names.json
Saved experiment report: /home/brusc/Projects/random_forest/experiments_organized/uniform_output/dataset_rgb_uniform_40/sunset/original/k20/hybrid/experiment_report_with_model.json
Saved usage instructions: /home/brusc/Projects/random_forest/experiments_organized/uniform_output/dataset_rgb_uniform_40/sunset/original/k20/hybrid/model_usage_instructions.md

================================================================================
TRAINING COMPLETED SUCCESSFULLY
================================================================================
Area: sunset
Dataset: /home/brusc/Projects/random_forest/datasets/dataset_rgb_uniform_40/original
Feature method: hybrid
Total images: 120
Classes: ['garden', 'low_veg', 'trees']
Original features: 540
Selected features: 20
N estimators: 50

PERFORMANCE RESULTS:
Test Accuracy: 1.0000
CV Accuracy: 0.9833 ± 0.0333

Top 20 selected features:
  1. R_std: 0.8196
  2. R_var: 0.8203
  3. R_iqr: 0.8394
  4. R_mad: 0.7993
  5. G_mad: 0.7384
  6. G_grad_mean: 0.7902
  7. B_skew: 0.7400
  8. B_kurt: 0.7739
  9. R_wst_mean_11: 0.7808
  10. R_wst_mean_12: 0.7424
  11. R_wst_mean_13: 0.8346
  12. R_wst_std_0: 0.8437
  13. R_wst_std_11: 0.7435
  14. G_wst_mean_10: 0.7476
  15. G_wst_mean_11: 0.8308
  16. G_wst_mean_12: 0.8331
  17. G_wst_mean_13: 0.8759
  18. G_wst_mean_14: 0.7621
  19. G_wst_std_13: 0.7341
  20. B_wst_mean_11: 0.7184

Model and artifacts saved to: /home/brusc/Projects/random_forest/experiments_organized/uniform_output/dataset_rgb_uniform_40/sunset/original/k20/hybrid
================================================================================
