================================================================================
CONFIGURABLE RANDOM FOREST TRAINING SCRIPT
Dataset: /home/brusc/Projects/random_forest/datasets/dataset_rgb_uniform_25/mini
Area: popolar
Feature Method: advanced_stats
K Features: 20
Output: /home/brusc/Projects/random_forest/experiments_organized/uniform_output/dataset_rgb_uniform_25/popolar/mini/k20/advanced_stats
N Estimators: 3
================================================================================
Loading images from popolar area...
Found classes in popolar: ['low_veg', 'trees', 'water']
Loading 5 images from popolar/low_veg
Loading 5 images from popolar/trees
Loading 5 images from popolar/water
Loaded 15 images with 3 classes
Classes: [np.str_('low_veg'), np.str_('trees'), np.str_('water')]
Image shape: (3, 128, 128)
Extracting advanced_stats features...
Feature matrix shape: (15, 54)
Applying SelectKBest feature selection (k=20)...
Selected features: ['R_std', 'R_var', 'R_min', 'R_max', 'R_p10', 'R_p25', 'R_p75', 'R_iqr', 'R_mad', 'G_std', 'G_var', 'G_min', 'G_range', 'G_mad', 'B_min', 'B_max', 'B_cv', 'B_p10', 'B_p25', 'B_p50']
Feature scores: [0.81870518 0.84410201 1.25918137 1.18695841 0.89473693 0.815634
 0.84404669 0.92182447 0.83259407 0.90822899 0.86092741 1.14537185
 0.94537185 0.85629778 1.45584804 1.14819773 0.82532227 0.9293401
 0.89156233 0.97185333]
Training final Random Forest model...
Saving model and artifacts...
Saved trained model: /home/brusc/Projects/random_forest/experiments_organized/uniform_output/dataset_rgb_uniform_25/popolar/mini/k20/advanced_stats/trained_model.joblib
Saved scaler: /home/brusc/Projects/random_forest/experiments_organized/uniform_output/dataset_rgb_uniform_25/popolar/mini/k20/advanced_stats/scaler.joblib
Saved feature selector: /home/brusc/Projects/random_forest/experiments_organized/uniform_output/dataset_rgb_uniform_25/popolar/mini/k20/advanced_stats/feature_selector.joblib
Saved feature information: /home/brusc/Projects/random_forest/experiments_organized/uniform_output/dataset_rgb_uniform_25/popolar/mini/k20/advanced_stats/feature_names.json
Saved experiment report: /home/brusc/Projects/random_forest/experiments_organized/uniform_output/dataset_rgb_uniform_25/popolar/mini/k20/advanced_stats/experiment_report_with_model.json
Saved usage instructions: /home/brusc/Projects/random_forest/experiments_organized/uniform_output/dataset_rgb_uniform_25/popolar/mini/k20/advanced_stats/model_usage_instructions.md

================================================================================
TRAINING COMPLETED SUCCESSFULLY
================================================================================
Area: popolar
Dataset: /home/brusc/Projects/random_forest/datasets/dataset_rgb_uniform_25/mini
Feature method: advanced_stats
Total images: 15
Classes: ['low_veg', 'trees', 'water']
Original features: 54
Selected features: 20
N estimators: 3

PERFORMANCE RESULTS:
Test Accuracy: 1.0000
CV Accuracy: 0.8000 ± 0.1633

Top 20 selected features:
  1. R_std: 0.8187
  2. R_var: 0.8441
  3. R_min: 1.2592
  4. R_max: 1.1870
  5. R_p10: 0.8947
  6. R_p25: 0.8156
  7. R_p75: 0.8440
  8. R_iqr: 0.9218
  9. R_mad: 0.8326
  10. G_std: 0.9082
  11. G_var: 0.8609
  12. G_min: 1.1454
  13. G_range: 0.9454
  14. G_mad: 0.8563
  15. B_min: 1.4558
  16. B_max: 1.1482
  17. B_cv: 0.8253
  18. B_p10: 0.9293
  19. B_p25: 0.8916
  20. B_p50: 0.9719

Model and artifacts saved to: /home/brusc/Projects/random_forest/experiments_organized/uniform_output/dataset_rgb_uniform_25/popolar/mini/k20/advanced_stats
================================================================================
