================================================================================
CONFIGURABLE RANDOM FOREST TRAINING SCRIPT
Dataset: /home/brusc/Projects/random_forest/datasets/dataset_rgb_uniform_40/mini
Area: assatigue
Feature Method: advanced_stats
K Features: 20
Output: /home/brusc/Projects/random_forest/experiments_organized/uniform_output/dataset_rgb_uniform_40/assatigue/mini/k20/advanced_stats
N Estimators: 3
================================================================================
Loading images from assatigue area...
Found classes in assatigue: ['low_veg', 'trees', 'water']
Loading 5 images from assatigue/low_veg
Loading 5 images from assatigue/trees
Loading 5 images from assatigue/water
Loaded 15 images with 3 classes
Classes: [np.str_('low_veg'), np.str_('trees'), np.str_('water')]
Image shape: (3, 128, 128)
Extracting advanced_stats features...
Feature matrix shape: (15, 54)
Applying SelectKBest feature selection (k=20)...
Selected features: ['R_std', 'R_var', 'R_min', 'R_mad', 'R_grad_mean', 'G_std', 'G_var', 'G_min', 'G_max', 'G_range', 'G_mad', 'B_mean', 'B_min', 'B_max', 'B_skew', 'B_cv', 'B_p10', 'B_p25', 'B_p50', 'B_p75']
Feature scores: [0.78259407 0.75759407 1.30029249 0.76870518 0.85084804 0.90981629
 0.79592741 1.46973693 1.43325304 0.86695915 0.82648296 0.69092741
 1.17362582 0.87007604 0.76584804 0.84807026 0.74807026 0.79092741
 0.74426074 0.70021312]
Training final Random Forest model...
Saving model and artifacts...
Saved trained model: /home/brusc/Projects/random_forest/experiments_organized/uniform_output/dataset_rgb_uniform_40/assatigue/mini/k20/advanced_stats/trained_model.joblib
Saved scaler: /home/brusc/Projects/random_forest/experiments_organized/uniform_output/dataset_rgb_uniform_40/assatigue/mini/k20/advanced_stats/scaler.joblib
Saved feature selector: /home/brusc/Projects/random_forest/experiments_organized/uniform_output/dataset_rgb_uniform_40/assatigue/mini/k20/advanced_stats/feature_selector.joblib
Saved feature information: /home/brusc/Projects/random_forest/experiments_organized/uniform_output/dataset_rgb_uniform_40/assatigue/mini/k20/advanced_stats/feature_names.json
Saved experiment report: /home/brusc/Projects/random_forest/experiments_organized/uniform_output/dataset_rgb_uniform_40/assatigue/mini/k20/advanced_stats/experiment_report_with_model.json
Saved usage instructions: /home/brusc/Projects/random_forest/experiments_organized/uniform_output/dataset_rgb_uniform_40/assatigue/mini/k20/advanced_stats/model_usage_instructions.md

================================================================================
TRAINING COMPLETED SUCCESSFULLY
================================================================================
Area: assatigue
Dataset: /home/brusc/Projects/random_forest/datasets/dataset_rgb_uniform_40/mini
Feature method: advanced_stats
Total images: 15
Classes: ['low_veg', 'trees', 'water']
Original features: 54
Selected features: 20
N estimators: 3

PERFORMANCE RESULTS:
Test Accuracy: 0.6667
CV Accuracy: 0.9333 ± 0.1333

Top 20 selected features:
  1. R_std: 0.7826
  2. R_var: 0.7576
  3. R_min: 1.3003
  4. R_mad: 0.7687
  5. R_grad_mean: 0.8508
  6. G_std: 0.9098
  7. G_var: 0.7959
  8. G_min: 1.4697
  9. G_max: 1.4333
  10. G_range: 0.8670
  11. G_mad: 0.8265
  12. B_mean: 0.6909
  13. B_min: 1.1736
  14. B_max: 0.8701
  15. B_skew: 0.7658
  16. B_cv: 0.8481
  17. B_p10: 0.7481
  18. B_p25: 0.7909
  19. B_p50: 0.7443
  20. B_p75: 0.7002

Model and artifacts saved to: /home/brusc/Projects/random_forest/experiments_organized/uniform_output/dataset_rgb_uniform_40/assatigue/mini/k20/advanced_stats
================================================================================
