================================================================================
CONFIGURABLE RANDOM FOREST TRAINING SCRIPT
Dataset: /home/brusc/Projects/random_forest/datasets/dataset_rgb_uniform_10/small
Area: assatigue
Feature Method: wst
K Features: 20
Output: /home/brusc/Projects/random_forest/experiments_organized/uniform_output/dataset_rgb_uniform_10/assatigue/small/k20/wst
N Estimators: 10
================================================================================
Loading images from assatigue area...
Found classes in assatigue: ['low_veg', 'trees', 'water']
Loading 15 images from assatigue/low_veg
Loading 15 images from assatigue/trees
Loading 15 images from assatigue/water
Loaded 45 images with 3 classes
Classes: [np.str_('low_veg'), np.str_('trees'), np.str_('water')]
Image shape: (3, 128, 128)
Extracting wst features...
Feature matrix shape: (45, 486)
Applying SelectKBest feature selection (k=20)...
Selected features: ['R_wst_mean_4', 'R_wst_mean_5', 'R_wst_mean_6', 'R_wst_mean_7', 'R_wst_mean_8', 'R_wst_mean_12', 'R_wst_mean_14', 'R_wst_mean_15', 'R_wst_mean_70', 'R_wst_std_0', 'G_wst_mean_5', 'G_wst_mean_6', 'G_wst_mean_7', 'G_wst_mean_14', 'G_wst_mean_15', 'G_wst_mean_16', 'G_wst_mean_54', 'G_wst_mean_61', 'G_wst_std_0', 'B_wst_mean_15']
Feature scores: [0.79696443 0.80574966 0.81608476 0.86789774 0.80483043 0.78780298
 0.8770454  0.91836511 0.8336699  0.84473916 0.8293146  0.81326522
 0.80620462 0.81042572 0.85227084 0.78749454 0.79136149 0.79137992
 0.80702807 0.79895898]
Training final Random Forest model...
Saving model and artifacts...
Saved trained model: /home/brusc/Projects/random_forest/experiments_organized/uniform_output/dataset_rgb_uniform_10/assatigue/small/k20/wst/trained_model.joblib
Saved scaler: /home/brusc/Projects/random_forest/experiments_organized/uniform_output/dataset_rgb_uniform_10/assatigue/small/k20/wst/scaler.joblib
Saved feature selector: /home/brusc/Projects/random_forest/experiments_organized/uniform_output/dataset_rgb_uniform_10/assatigue/small/k20/wst/feature_selector.joblib
Saved feature information: /home/brusc/Projects/random_forest/experiments_organized/uniform_output/dataset_rgb_uniform_10/assatigue/small/k20/wst/feature_names.json
Saved experiment report: /home/brusc/Projects/random_forest/experiments_organized/uniform_output/dataset_rgb_uniform_10/assatigue/small/k20/wst/experiment_report_with_model.json
Saved usage instructions: /home/brusc/Projects/random_forest/experiments_organized/uniform_output/dataset_rgb_uniform_10/assatigue/small/k20/wst/model_usage_instructions.md

================================================================================
TRAINING COMPLETED SUCCESSFULLY
================================================================================
Area: assatigue
Dataset: /home/brusc/Projects/random_forest/datasets/dataset_rgb_uniform_10/small
Feature method: wst
Total images: 45
Classes: ['low_veg', 'trees', 'water']
Original features: 486
Selected features: 20
N estimators: 10

PERFORMANCE RESULTS:
Test Accuracy: 0.8889
CV Accuracy: 0.8889 ± 0.0703

Top 20 selected features:
  1. R_wst_mean_4: 0.7970
  2. R_wst_mean_5: 0.8057
  3. R_wst_mean_6: 0.8161
  4. R_wst_mean_7: 0.8679
  5. R_wst_mean_8: 0.8048
  6. R_wst_mean_12: 0.7878
  7. R_wst_mean_14: 0.8770
  8. R_wst_mean_15: 0.9184
  9. R_wst_mean_70: 0.8337
  10. R_wst_std_0: 0.8447
  11. G_wst_mean_5: 0.8293
  12. G_wst_mean_6: 0.8133
  13. G_wst_mean_7: 0.8062
  14. G_wst_mean_14: 0.8104
  15. G_wst_mean_15: 0.8523
  16. G_wst_mean_16: 0.7875
  17. G_wst_mean_54: 0.7914
  18. G_wst_mean_61: 0.7914
  19. G_wst_std_0: 0.8070
  20. B_wst_mean_15: 0.7990

Model and artifacts saved to: /home/brusc/Projects/random_forest/experiments_organized/uniform_output/dataset_rgb_uniform_10/assatigue/small/k20/wst
================================================================================
