================================================================================
CONFIGURABLE RANDOM FOREST TRAINING SCRIPT
Dataset: /home/brusc/Projects/random_forest/datasets/dataset_rgb_uniform_10/mini
Area: sunset
Feature Method: wst
K Features: 20
Output: /home/brusc/Projects/random_forest/experiments_organized/uniform_output/dataset_rgb_uniform_10/sunset/mini/k20/wst
N Estimators: 3
================================================================================
Loading images from sunset area...
Found classes in sunset: ['garden', 'low_veg', 'trees']
Loading 5 images from sunset/garden
Loading 5 images from sunset/low_veg
Loading 5 images from sunset/trees
Loaded 15 images with 3 classes
Classes: [np.str_('garden'), np.str_('low_veg'), np.str_('trees')]
Image shape: (3, 128, 128)
Extracting wst features...
Feature matrix shape: (15, 486)
Applying SelectKBest feature selection (k=20)...
Selected features: ['R_wst_mean_11', 'R_wst_mean_12', 'R_wst_mean_37', 'R_wst_mean_43', 'R_wst_mean_45', 'R_wst_mean_53', 'R_wst_std_25', 'G_wst_mean_1', 'G_wst_mean_3', 'G_wst_mean_12', 'G_wst_mean_34', 'G_wst_mean_36', 'G_wst_mean_45', 'G_wst_mean_53', 'G_wst_std_4', 'G_wst_std_10', 'G_wst_std_11', 'G_wst_std_27', 'G_wst_std_34', 'B_wst_mean_46']
Feature scores: [1.00648296 1.02870518 1.01600677 1.05711788 1.01822899 1.02037185
 1.0793401  1.01203852 1.09537185 1.05740889 1.00029249 1.01267344
 1.03489566 1.00648296 1.03518667 1.01600677 1.03822899 1.01600677
 1.01600677 1.02378455]
Training final Random Forest model...
Saving model and artifacts...
Saved trained model: /home/brusc/Projects/random_forest/experiments_organized/uniform_output/dataset_rgb_uniform_10/sunset/mini/k20/wst/trained_model.joblib
Saved scaler: /home/brusc/Projects/random_forest/experiments_organized/uniform_output/dataset_rgb_uniform_10/sunset/mini/k20/wst/scaler.joblib
Saved feature selector: /home/brusc/Projects/random_forest/experiments_organized/uniform_output/dataset_rgb_uniform_10/sunset/mini/k20/wst/feature_selector.joblib
Saved feature information: /home/brusc/Projects/random_forest/experiments_organized/uniform_output/dataset_rgb_uniform_10/sunset/mini/k20/wst/feature_names.json
Saved experiment report: /home/brusc/Projects/random_forest/experiments_organized/uniform_output/dataset_rgb_uniform_10/sunset/mini/k20/wst/experiment_report_with_model.json
Saved usage instructions: /home/brusc/Projects/random_forest/experiments_organized/uniform_output/dataset_rgb_uniform_10/sunset/mini/k20/wst/model_usage_instructions.md

================================================================================
TRAINING COMPLETED SUCCESSFULLY
================================================================================
Area: sunset
Dataset: /home/brusc/Projects/random_forest/datasets/dataset_rgb_uniform_10/mini
Feature method: wst
Total images: 15
Classes: ['garden', 'low_veg', 'trees']
Original features: 486
Selected features: 20
N estimators: 3

PERFORMANCE RESULTS:
Test Accuracy: 1.0000
CV Accuracy: 1.0000 ± 0.0000

Top 20 selected features:
  1. R_wst_mean_11: 1.0065
  2. R_wst_mean_12: 1.0287
  3. R_wst_mean_37: 1.0160
  4. R_wst_mean_43: 1.0571
  5. R_wst_mean_45: 1.0182
  6. R_wst_mean_53: 1.0204
  7. R_wst_std_25: 1.0793
  8. G_wst_mean_1: 1.0120
  9. G_wst_mean_3: 1.0954
  10. G_wst_mean_12: 1.0574
  11. G_wst_mean_34: 1.0003
  12. G_wst_mean_36: 1.0127
  13. G_wst_mean_45: 1.0349
  14. G_wst_mean_53: 1.0065
  15. G_wst_std_4: 1.0352
  16. G_wst_std_10: 1.0160
  17. G_wst_std_11: 1.0382
  18. G_wst_std_27: 1.0160
  19. G_wst_std_34: 1.0160
  20. B_wst_mean_46: 1.0238

Model and artifacts saved to: /home/brusc/Projects/random_forest/experiments_organized/uniform_output/dataset_rgb_uniform_10/sunset/mini/k20/wst
================================================================================
