================================================================================
CONFIGURABLE RANDOM FOREST TRAINING SCRIPT
Dataset: /home/brusc/Projects/random_forest/datasets/dataset_rgb_uniform_10/original
Area: assatigue
Feature Method: wst
K Features: 10
Output: /home/brusc/Projects/random_forest/experiments_organized/uniform_output/dataset_rgb_uniform_10/assatigue/original/k10/wst
N Estimators: 50
================================================================================
Loading images from assatigue area...
Found classes in assatigue: ['low_veg', 'trees', 'water']
Loading 40 images from assatigue/low_veg
Loading 36 images from assatigue/trees
Loading 40 images from assatigue/water
Loaded 116 images with 3 classes
Classes: [np.str_('low_veg'), np.str_('trees'), np.str_('water')]
Image shape: (3, 128, 128)
Extracting wst features...
Feature matrix shape: (116, 486)
Applying SelectKBest feature selection (k=10)...
Selected features: ['R_wst_mean_2', 'R_wst_mean_4', 'R_wst_mean_5', 'R_wst_mean_6', 'R_wst_mean_14', 'R_wst_mean_15', 'R_wst_std_0', 'G_wst_mean_6', 'G_wst_mean_15', 'G_wst_std_0']
Feature scores: [0.83615731 0.84364703 0.88473465 0.89748596 0.87108271 0.88857864
 0.89146099 0.84677769 0.84617423 0.91132193]
Training final Random Forest model...
Saving model and artifacts...
Saved trained model: /home/brusc/Projects/random_forest/experiments_organized/uniform_output/dataset_rgb_uniform_10/assatigue/original/k10/wst/trained_model.joblib
Saved scaler: /home/brusc/Projects/random_forest/experiments_organized/uniform_output/dataset_rgb_uniform_10/assatigue/original/k10/wst/scaler.joblib
Saved feature selector: /home/brusc/Projects/random_forest/experiments_organized/uniform_output/dataset_rgb_uniform_10/assatigue/original/k10/wst/feature_selector.joblib
Saved feature information: /home/brusc/Projects/random_forest/experiments_organized/uniform_output/dataset_rgb_uniform_10/assatigue/original/k10/wst/feature_names.json
Saved experiment report: /home/brusc/Projects/random_forest/experiments_organized/uniform_output/dataset_rgb_uniform_10/assatigue/original/k10/wst/experiment_report_with_model.json
Saved usage instructions: /home/brusc/Projects/random_forest/experiments_organized/uniform_output/dataset_rgb_uniform_10/assatigue/original/k10/wst/model_usage_instructions.md

================================================================================
TRAINING COMPLETED SUCCESSFULLY
================================================================================
Area: assatigue
Dataset: /home/brusc/Projects/random_forest/datasets/dataset_rgb_uniform_10/original
Feature method: wst
Total images: 116
Classes: ['low_veg', 'water', 'trees']
Original features: 486
Selected features: 10
N estimators: 50

PERFORMANCE RESULTS:
Test Accuracy: 0.9583
CV Accuracy: 0.9656 ± 0.0324

Top 10 selected features:
  1. R_wst_mean_2: 0.8362
  2. R_wst_mean_4: 0.8436
  3. R_wst_mean_5: 0.8847
  4. R_wst_mean_6: 0.8975
  5. R_wst_mean_14: 0.8711
  6. R_wst_mean_15: 0.8886
  7. R_wst_std_0: 0.8915
  8. G_wst_mean_6: 0.8468
  9. G_wst_mean_15: 0.8462
  10. G_wst_std_0: 0.9113

Model and artifacts saved to: /home/brusc/Projects/random_forest/experiments_organized/uniform_output/dataset_rgb_uniform_10/assatigue/original/k10/wst
================================================================================
