================================================================================
CONFIGURABLE RANDOM FOREST TRAINING SCRIPT
Dataset: /home/brusc/Projects/random_forest/datasets/dataset_rgb_uniform_25/mini
Area: popolar
Feature Method: hybrid
K Features: 20
Output: /home/brusc/Projects/random_forest/experiments_organized/uniform_output/dataset_rgb_uniform_25/popolar/mini/k20/hybrid
N Estimators: 3
================================================================================
Loading images from popolar area...
Found classes in popolar: ['low_veg', 'trees', 'water']
Loading 5 images from popolar/low_veg
Loading 5 images from popolar/trees
Loading 5 images from popolar/water
Loaded 15 images with 3 classes
Classes: [np.str_('low_veg'), np.str_('trees'), np.str_('water')]
Image shape: (3, 128, 128)
Extracting hybrid features...
Feature matrix shape: (15, 540)
Applying SelectKBest feature selection (k=20)...
Selected features: ['R_min', 'R_max', 'R_p10', 'R_p75', 'G_std', 'G_var', 'G_min', 'G_range', 'G_mad', 'B_mean', 'B_min', 'B_max', 'B_cv', 'B_p10', 'B_p25', 'B_p50', 'G_wst_mean_5', 'G_wst_mean_13', 'G_wst_std_0', 'B_wst_mean_0']
Feature scores: [1.23695915 1.03314889 0.86973693 0.88293558 0.92092741 0.86092741
 1.18981629 0.93148296 0.84677397 0.89037185 1.47807026 1.13418063
 0.81933936 0.94600677 0.89156233 0.87185333 0.81537185 0.8064036
 0.82600677 0.88481629]
Training final Random Forest model...
Saving model and artifacts...
Saved trained model: /home/brusc/Projects/random_forest/experiments_organized/uniform_output/dataset_rgb_uniform_25/popolar/mini/k20/hybrid/trained_model.joblib
Saved scaler: /home/brusc/Projects/random_forest/experiments_organized/uniform_output/dataset_rgb_uniform_25/popolar/mini/k20/hybrid/scaler.joblib
Saved feature selector: /home/brusc/Projects/random_forest/experiments_organized/uniform_output/dataset_rgb_uniform_25/popolar/mini/k20/hybrid/feature_selector.joblib
Saved feature information: /home/brusc/Projects/random_forest/experiments_organized/uniform_output/dataset_rgb_uniform_25/popolar/mini/k20/hybrid/feature_names.json
Saved experiment report: /home/brusc/Projects/random_forest/experiments_organized/uniform_output/dataset_rgb_uniform_25/popolar/mini/k20/hybrid/experiment_report_with_model.json
Saved usage instructions: /home/brusc/Projects/random_forest/experiments_organized/uniform_output/dataset_rgb_uniform_25/popolar/mini/k20/hybrid/model_usage_instructions.md

================================================================================
TRAINING COMPLETED SUCCESSFULLY
================================================================================
Area: popolar
Dataset: /home/brusc/Projects/random_forest/datasets/dataset_rgb_uniform_25/mini
Feature method: hybrid
Total images: 15
Classes: ['low_veg', 'trees', 'water']
Original features: 540
Selected features: 20
N estimators: 3

PERFORMANCE RESULTS:
Test Accuracy: 1.0000
CV Accuracy: 1.0000 ± 0.0000

Top 20 selected features:
  1. R_min: 1.2370
  2. R_max: 1.0331
  3. R_p10: 0.8697
  4. R_p75: 0.8829
  5. G_std: 0.9209
  6. G_var: 0.8609
  7. G_min: 1.1898
  8. G_range: 0.9315
  9. G_mad: 0.8468
  10. B_mean: 0.8904
  11. B_min: 1.4781
  12. B_max: 1.1342
  13. B_cv: 0.8193
  14. B_p10: 0.9460
  15. B_p25: 0.8916
  16. B_p50: 0.8719
  17. G_wst_mean_5: 0.8154
  18. G_wst_mean_13: 0.8064
  19. G_wst_std_0: 0.8260
  20. B_wst_mean_0: 0.8848

Model and artifacts saved to: /home/brusc/Projects/random_forest/experiments_organized/uniform_output/dataset_rgb_uniform_25/popolar/mini/k20/hybrid
================================================================================
