================================================================================
CONFIGURABLE RANDOM FOREST TRAINING SCRIPT
Dataset: /home/brusc/Projects/random_forest/datasets/dataset_rgb_uniform_25/original
Area: popolar
Feature Method: advanced_stats
K Features: 10
Output: /home/brusc/Projects/random_forest/experiments_organized/uniform_output/dataset_rgb_uniform_25/popolar/original/k10/advanced_stats
N Estimators: 50
================================================================================
Loading images from popolar area...
Found classes in popolar: ['low_veg', 'trees', 'water']
Loading 41 images from popolar/low_veg
Loading 40 images from popolar/trees
Loading 40 images from popolar/water
Loaded 121 images with 3 classes
Classes: [np.str_('low_veg'), np.str_('trees'), np.str_('water')]
Image shape: (3, 128, 128)
Extracting advanced_stats features...
Feature matrix shape: (121, 54)
Applying SelectKBest feature selection (k=10)...
Selected features: ['R_min', 'R_mad', 'G_std', 'G_var', 'G_min', 'G_range', 'G_iqr', 'G_mad', 'B_cv', 'B_p10']
Feature scores: [1.00011342 1.02618568 1.00967399 1.01000245 1.0104733  0.99695021
 1.01093721 1.03413346 1.07247338 0.99685512]
Training final Random Forest model...
Saving model and artifacts...
Saved trained model: /home/brusc/Projects/random_forest/experiments_organized/uniform_output/dataset_rgb_uniform_25/popolar/original/k10/advanced_stats/trained_model.joblib
Saved scaler: /home/brusc/Projects/random_forest/experiments_organized/uniform_output/dataset_rgb_uniform_25/popolar/original/k10/advanced_stats/scaler.joblib
Saved feature selector: /home/brusc/Projects/random_forest/experiments_organized/uniform_output/dataset_rgb_uniform_25/popolar/original/k10/advanced_stats/feature_selector.joblib
Saved feature information: /home/brusc/Projects/random_forest/experiments_organized/uniform_output/dataset_rgb_uniform_25/popolar/original/k10/advanced_stats/feature_names.json
Saved experiment report: /home/brusc/Projects/random_forest/experiments_organized/uniform_output/dataset_rgb_uniform_25/popolar/original/k10/advanced_stats/experiment_report_with_model.json
Saved usage instructions: /home/brusc/Projects/random_forest/experiments_organized/uniform_output/dataset_rgb_uniform_25/popolar/original/k10/advanced_stats/model_usage_instructions.md

================================================================================
TRAINING COMPLETED SUCCESSFULLY
================================================================================
Area: popolar
Dataset: /home/brusc/Projects/random_forest/datasets/dataset_rgb_uniform_25/original
Feature method: advanced_stats
Total images: 121
Classes: ['low_veg', 'trees', 'water']
Original features: 54
Selected features: 10
N estimators: 50

PERFORMANCE RESULTS:
Test Accuracy: 0.9600
CV Accuracy: 0.9833 ± 0.0204

Top 10 selected features:
  1. R_min: 1.0001
  2. R_mad: 1.0262
  3. G_std: 1.0097
  4. G_var: 1.0100
  5. G_min: 1.0105
  6. G_range: 0.9970
  7. G_iqr: 1.0109
  8. G_mad: 1.0341
  9. B_cv: 1.0725
  10. B_p10: 0.9969

Model and artifacts saved to: /home/brusc/Projects/random_forest/experiments_organized/uniform_output/dataset_rgb_uniform_25/popolar/original/k10/advanced_stats
================================================================================
