================================================================================
CONFIGURABLE RANDOM FOREST TRAINING SCRIPT
Dataset: /home/brusc/Projects/random_forest/datasets/dataset_rgb_uniform_25/mini
Area: assatigue
Feature Method: wst
K Features: 20
Output: /home/brusc/Projects/random_forest/experiments_organized/uniform_output/dataset_rgb_uniform_25/assatigue/mini/k20/wst
N Estimators: 3
================================================================================
Loading images from assatigue area...
Found classes in assatigue: ['low_veg', 'trees', 'water']
Loading 5 images from assatigue/low_veg
Loading 5 images from assatigue/trees
Loading 5 images from assatigue/water
Loaded 15 images with 3 classes
Classes: [np.str_('low_veg'), np.str_('trees'), np.str_('water')]
Image shape: (3, 128, 128)
Extracting wst features...
Feature matrix shape: (15, 486)
Applying SelectKBest feature selection (k=20)...
Selected features: ['R_wst_mean_2', 'R_wst_mean_6', 'R_wst_mean_7', 'R_wst_mean_10', 'R_wst_mean_11', 'R_wst_mean_12', 'R_wst_mean_13', 'R_wst_mean_14', 'R_wst_mean_15', 'R_wst_std_13', 'R_wst_std_62', 'G_wst_mean_1', 'G_wst_mean_2', 'G_wst_mean_3', 'G_wst_mean_10', 'G_wst_mean_11', 'G_wst_mean_14', 'G_wst_std_52', 'G_wst_std_71', 'B_wst_mean_0']
Feature scores: [0.85981629 0.86378455 0.80695915 0.76592741 0.83973693 0.74251471
 0.84251471 0.86870518 0.85092741 0.72515781 0.91537185 0.77203852
 0.77029249 0.79314963 0.85029249 0.87029249 0.82981629 0.73960225
 0.83296444 0.78537185]
Training final Random Forest model...
Saving model and artifacts...
Saved trained model: /home/brusc/Projects/random_forest/experiments_organized/uniform_output/dataset_rgb_uniform_25/assatigue/mini/k20/wst/trained_model.joblib
Saved scaler: /home/brusc/Projects/random_forest/experiments_organized/uniform_output/dataset_rgb_uniform_25/assatigue/mini/k20/wst/scaler.joblib
Saved feature selector: /home/brusc/Projects/random_forest/experiments_organized/uniform_output/dataset_rgb_uniform_25/assatigue/mini/k20/wst/feature_selector.joblib
Saved feature information: /home/brusc/Projects/random_forest/experiments_organized/uniform_output/dataset_rgb_uniform_25/assatigue/mini/k20/wst/feature_names.json
Saved experiment report: /home/brusc/Projects/random_forest/experiments_organized/uniform_output/dataset_rgb_uniform_25/assatigue/mini/k20/wst/experiment_report_with_model.json
Saved usage instructions: /home/brusc/Projects/random_forest/experiments_organized/uniform_output/dataset_rgb_uniform_25/assatigue/mini/k20/wst/model_usage_instructions.md

================================================================================
TRAINING COMPLETED SUCCESSFULLY
================================================================================
Area: assatigue
Dataset: /home/brusc/Projects/random_forest/datasets/dataset_rgb_uniform_25/mini
Feature method: wst
Total images: 15
Classes: ['low_veg', 'trees', 'water']
Original features: 486
Selected features: 20
N estimators: 3

PERFORMANCE RESULTS:
Test Accuracy: 0.6667
CV Accuracy: 0.8000 ± 0.1633

Top 20 selected features:
  1. R_wst_mean_2: 0.8598
  2. R_wst_mean_6: 0.8638
  3. R_wst_mean_7: 0.8070
  4. R_wst_mean_10: 0.7659
  5. R_wst_mean_11: 0.8397
  6. R_wst_mean_12: 0.7425
  7. R_wst_mean_13: 0.8425
  8. R_wst_mean_14: 0.8687
  9. R_wst_mean_15: 0.8509
  10. R_wst_std_13: 0.7252
  11. R_wst_std_62: 0.9154
  12. G_wst_mean_1: 0.7720
  13. G_wst_mean_2: 0.7703
  14. G_wst_mean_3: 0.7931
  15. G_wst_mean_10: 0.8503
  16. G_wst_mean_11: 0.8703
  17. G_wst_mean_14: 0.8298
  18. G_wst_std_52: 0.7396
  19. G_wst_std_71: 0.8330
  20. B_wst_mean_0: 0.7854

Model and artifacts saved to: /home/brusc/Projects/random_forest/experiments_organized/uniform_output/dataset_rgb_uniform_25/assatigue/mini/k20/wst
================================================================================
