================================================================================
CONFIGURABLE RANDOM FOREST TRAINING SCRIPT
Dataset: /home/brusc/Projects/random_forest/datasets/dataset_rgb_uniform_40/small
Area: popolar
Feature Method: wst
K Features: 20
Output: /home/brusc/Projects/random_forest/experiments_organized/uniform_output/dataset_rgb_uniform_40/popolar/small/k20/wst
N Estimators: 10
================================================================================
Loading images from popolar area...
Found classes in popolar: ['low_veg', 'trees', 'water']
Loading 15 images from popolar/low_veg
Loading 15 images from popolar/trees
Loading 15 images from popolar/water
Loaded 45 images with 3 classes
Classes: [np.str_('low_veg'), np.str_('trees'), np.str_('water')]
Image shape: (3, 128, 128)
Extracting wst features...
Feature matrix shape: (45, 486)
Applying SelectKBest feature selection (k=20)...
Selected features: ['R_wst_mean_0', 'R_wst_mean_9', 'R_wst_mean_10', 'R_wst_mean_11', 'R_wst_mean_15', 'R_wst_mean_16', 'R_wst_std_0', 'R_wst_std_12', 'R_wst_std_13', 'R_wst_std_16', 'G_wst_mean_9', 'G_wst_mean_10', 'G_wst_mean_11', 'G_wst_mean_15', 'G_wst_mean_16', 'G_wst_std_0', 'G_wst_std_16', 'B_wst_mean_0', 'B_wst_mean_16', 'B_wst_std_0']
Feature scores: [0.76212699 0.81640222 0.68960969 0.66187865 0.77890582 0.82815169
 1.00861562 0.71415194 0.6688397  0.67150724 0.80201895 0.66032037
 0.78171239 0.76230008 0.83965483 1.00520292 0.69855254 0.78744776
 0.75078438 0.89834784]
Training final Random Forest model...
Saving model and artifacts...
Saved trained model: /home/brusc/Projects/random_forest/experiments_organized/uniform_output/dataset_rgb_uniform_40/popolar/small/k20/wst/trained_model.joblib
Saved scaler: /home/brusc/Projects/random_forest/experiments_organized/uniform_output/dataset_rgb_uniform_40/popolar/small/k20/wst/scaler.joblib
Saved feature selector: /home/brusc/Projects/random_forest/experiments_organized/uniform_output/dataset_rgb_uniform_40/popolar/small/k20/wst/feature_selector.joblib
Saved feature information: /home/brusc/Projects/random_forest/experiments_organized/uniform_output/dataset_rgb_uniform_40/popolar/small/k20/wst/feature_names.json
Saved experiment report: /home/brusc/Projects/random_forest/experiments_organized/uniform_output/dataset_rgb_uniform_40/popolar/small/k20/wst/experiment_report_with_model.json
Saved usage instructions: /home/brusc/Projects/random_forest/experiments_organized/uniform_output/dataset_rgb_uniform_40/popolar/small/k20/wst/model_usage_instructions.md

================================================================================
TRAINING COMPLETED SUCCESSFULLY
================================================================================
Area: popolar
Dataset: /home/brusc/Projects/random_forest/datasets/dataset_rgb_uniform_40/small
Feature method: wst
Total images: 45
Classes: ['low_veg', 'trees', 'water']
Original features: 486
Selected features: 20
N estimators: 10

PERFORMANCE RESULTS:
Test Accuracy: 0.7778
CV Accuracy: 0.9333 ± 0.0544

Top 20 selected features:
  1. R_wst_mean_0: 0.7621
  2. R_wst_mean_9: 0.8164
  3. R_wst_mean_10: 0.6896
  4. R_wst_mean_11: 0.6619
  5. R_wst_mean_15: 0.7789
  6. R_wst_mean_16: 0.8282
  7. R_wst_std_0: 1.0086
  8. R_wst_std_12: 0.7142
  9. R_wst_std_13: 0.6688
  10. R_wst_std_16: 0.6715
  11. G_wst_mean_9: 0.8020
  12. G_wst_mean_10: 0.6603
  13. G_wst_mean_11: 0.7817
  14. G_wst_mean_15: 0.7623
  15. G_wst_mean_16: 0.8397
  16. G_wst_std_0: 1.0052
  17. G_wst_std_16: 0.6986
  18. B_wst_mean_0: 0.7874
  19. B_wst_mean_16: 0.7508
  20. B_wst_std_0: 0.8983

Model and artifacts saved to: /home/brusc/Projects/random_forest/experiments_organized/uniform_output/dataset_rgb_uniform_40/popolar/small/k20/wst
================================================================================
