================================================================================
CONFIGURABLE RANDOM FOREST TRAINING SCRIPT
Dataset: /home/brusc/Projects/random_forest/datasets/dataset_rgb_uniform_10/small
Area: sunset
Feature Method: wst
K Features: 20
Output: /home/brusc/Projects/random_forest/experiments_organized/uniform_output/dataset_rgb_uniform_10/sunset/small/k20/wst
N Estimators: 10
================================================================================
Loading images from sunset area...
Found classes in sunset: ['garden', 'low_veg', 'trees']
Loading 15 images from sunset/garden
Loading 15 images from sunset/low_veg
Loading 15 images from sunset/trees
Loaded 45 images with 3 classes
Classes: [np.str_('garden'), np.str_('low_veg'), np.str_('trees')]
Image shape: (3, 128, 128)
Extracting wst features...
Feature matrix shape: (45, 486)
Applying SelectKBest feature selection (k=20)...
Selected features: ['R_wst_mean_3', 'R_wst_mean_4', 'R_wst_mean_11', 'R_wst_mean_12', 'R_wst_mean_13', 'G_wst_mean_3', 'G_wst_mean_4', 'G_wst_mean_5', 'G_wst_mean_11', 'G_wst_mean_12', 'G_wst_mean_36', 'G_wst_std_5', 'G_wst_std_13', 'G_wst_std_52', 'G_wst_std_61', 'B_wst_mean_3', 'B_wst_mean_4', 'B_wst_mean_5', 'B_wst_mean_11', 'B_wst_mean_13']
Feature scores: [0.8281221  0.85470194 0.85394911 0.83229453 0.83460383 0.84273049
 0.86571783 0.86866717 0.88965233 0.84162819 0.82753882 0.84846515
 0.83107458 0.84867846 0.83237664 0.83179176 0.8468623  0.87347686
 0.8271723  0.86266557]
Training final Random Forest model...
Saving model and artifacts...
Saved trained model: /home/brusc/Projects/random_forest/experiments_organized/uniform_output/dataset_rgb_uniform_10/sunset/small/k20/wst/trained_model.joblib
Saved scaler: /home/brusc/Projects/random_forest/experiments_organized/uniform_output/dataset_rgb_uniform_10/sunset/small/k20/wst/scaler.joblib
Saved feature selector: /home/brusc/Projects/random_forest/experiments_organized/uniform_output/dataset_rgb_uniform_10/sunset/small/k20/wst/feature_selector.joblib
Saved feature information: /home/brusc/Projects/random_forest/experiments_organized/uniform_output/dataset_rgb_uniform_10/sunset/small/k20/wst/feature_names.json
Saved experiment report: /home/brusc/Projects/random_forest/experiments_organized/uniform_output/dataset_rgb_uniform_10/sunset/small/k20/wst/experiment_report_with_model.json
Saved usage instructions: /home/brusc/Projects/random_forest/experiments_organized/uniform_output/dataset_rgb_uniform_10/sunset/small/k20/wst/model_usage_instructions.md

================================================================================
TRAINING COMPLETED SUCCESSFULLY
================================================================================
Area: sunset
Dataset: /home/brusc/Projects/random_forest/datasets/dataset_rgb_uniform_10/small
Feature method: wst
Total images: 45
Classes: ['garden', 'low_veg', 'trees']
Original features: 486
Selected features: 20
N estimators: 10

PERFORMANCE RESULTS:
Test Accuracy: 0.7778
CV Accuracy: 0.8667 ± 0.0831

Top 20 selected features:
  1. R_wst_mean_3: 0.8281
  2. R_wst_mean_4: 0.8547
  3. R_wst_mean_11: 0.8539
  4. R_wst_mean_12: 0.8323
  5. R_wst_mean_13: 0.8346
  6. G_wst_mean_3: 0.8427
  7. G_wst_mean_4: 0.8657
  8. G_wst_mean_5: 0.8687
  9. G_wst_mean_11: 0.8897
  10. G_wst_mean_12: 0.8416
  11. G_wst_mean_36: 0.8275
  12. G_wst_std_5: 0.8485
  13. G_wst_std_13: 0.8311
  14. G_wst_std_52: 0.8487
  15. G_wst_std_61: 0.8324
  16. B_wst_mean_3: 0.8318
  17. B_wst_mean_4: 0.8469
  18. B_wst_mean_5: 0.8735
  19. B_wst_mean_11: 0.8272
  20. B_wst_mean_13: 0.8627

Model and artifacts saved to: /home/brusc/Projects/random_forest/experiments_organized/uniform_output/dataset_rgb_uniform_10/sunset/small/k20/wst
================================================================================
