================================================================================
CONFIGURABLE RANDOM FOREST TRAINING SCRIPT
Dataset: /home/brusc/Projects/random_forest/datasets/dataset_rgb_uniform_25/mini
Area: sunset
Feature Method: hybrid
K Features: 20
Output: /home/brusc/Projects/random_forest/experiments_organized/uniform_output/dataset_rgb_uniform_25/sunset/mini/k20/hybrid
N Estimators: 3
================================================================================
Loading images from sunset area...
Found classes in sunset: ['garden', 'low_veg', 'trees']
Loading 5 images from sunset/garden
Loading 5 images from sunset/low_veg
Loading 5 images from sunset/trees
Loaded 15 images with 3 classes
Classes: [np.str_('garden'), np.str_('low_veg'), np.str_('trees')]
Image shape: (3, 128, 128)
Extracting hybrid features...
Feature matrix shape: (15, 540)
Applying SelectKBest feature selection (k=20)...
Selected features: ['R_mad', 'R_grad_mean', 'G_grad_mean', 'R_wst_mean_10', 'R_wst_mean_11', 'R_wst_mean_12', 'R_wst_mean_13', 'R_wst_std_0', 'R_wst_std_10', 'R_wst_std_11', 'R_wst_std_12', 'G_wst_mean_4', 'G_wst_mean_9', 'G_wst_mean_10', 'G_wst_mean_11', 'G_wst_mean_12', 'G_wst_mean_13', 'G_wst_std_10', 'G_wst_std_11', 'G_wst_std_12']
Feature scores: [0.85203852 1.0793401  1.08267344 0.9035705  1.00648296 1.02037185
 0.93148296 0.96600677 0.85918137 1.02711788 0.86468161 0.98148296
 0.86870518 0.87314963 0.90489566 0.90579273 0.9335705  0.93981629
 0.95370518 0.84468161]
Training final Random Forest model...
Saving model and artifacts...
Saved trained model: /home/brusc/Projects/random_forest/experiments_organized/uniform_output/dataset_rgb_uniform_25/sunset/mini/k20/hybrid/trained_model.joblib
Saved scaler: /home/brusc/Projects/random_forest/experiments_organized/uniform_output/dataset_rgb_uniform_25/sunset/mini/k20/hybrid/scaler.joblib
Saved feature selector: /home/brusc/Projects/random_forest/experiments_organized/uniform_output/dataset_rgb_uniform_25/sunset/mini/k20/hybrid/feature_selector.joblib
Saved feature information: /home/brusc/Projects/random_forest/experiments_organized/uniform_output/dataset_rgb_uniform_25/sunset/mini/k20/hybrid/feature_names.json
Saved experiment report: /home/brusc/Projects/random_forest/experiments_organized/uniform_output/dataset_rgb_uniform_25/sunset/mini/k20/hybrid/experiment_report_with_model.json
Saved usage instructions: /home/brusc/Projects/random_forest/experiments_organized/uniform_output/dataset_rgb_uniform_25/sunset/mini/k20/hybrid/model_usage_instructions.md

================================================================================
TRAINING COMPLETED SUCCESSFULLY
================================================================================
Area: sunset
Dataset: /home/brusc/Projects/random_forest/datasets/dataset_rgb_uniform_25/mini
Feature method: hybrid
Total images: 15
Classes: ['garden', 'low_veg', 'trees']
Original features: 540
Selected features: 20
N estimators: 3

PERFORMANCE RESULTS:
Test Accuracy: 0.6667
CV Accuracy: 0.8000 ± 0.1633

Top 20 selected features:
  1. R_mad: 0.8520
  2. R_grad_mean: 1.0793
  3. G_grad_mean: 1.0827
  4. R_wst_mean_10: 0.9036
  5. R_wst_mean_11: 1.0065
  6. R_wst_mean_12: 1.0204
  7. R_wst_mean_13: 0.9315
  8. R_wst_std_0: 0.9660
  9. R_wst_std_10: 0.8592
  10. R_wst_std_11: 1.0271
  11. R_wst_std_12: 0.8647
  12. G_wst_mean_4: 0.9815
  13. G_wst_mean_9: 0.8687
  14. G_wst_mean_10: 0.8731
  15. G_wst_mean_11: 0.9049
  16. G_wst_mean_12: 0.9058
  17. G_wst_mean_13: 0.9336
  18. G_wst_std_10: 0.9398
  19. G_wst_std_11: 0.9537
  20. G_wst_std_12: 0.8447

Model and artifacts saved to: /home/brusc/Projects/random_forest/experiments_organized/uniform_output/dataset_rgb_uniform_25/sunset/mini/k20/hybrid
================================================================================
