================================================================================
CONFIGURABLE RANDOM FOREST TRAINING SCRIPT
Dataset: /home/brusc/Projects/random_forest/datasets/dataset_rgb_uniform_25/small
Area: popolar
Feature Method: wst
K Features: 20
Output: /home/brusc/Projects/random_forest/experiments_organized/uniform_output/dataset_rgb_uniform_25/popolar/small/k20/wst
N Estimators: 10
================================================================================
Loading images from popolar area...
Found classes in popolar: ['low_veg', 'trees', 'water']
Loading 15 images from popolar/low_veg
Loading 15 images from popolar/trees
Loading 15 images from popolar/water
Loaded 45 images with 3 classes
Classes: [np.str_('low_veg'), np.str_('trees'), np.str_('water')]
Image shape: (3, 128, 128)
Extracting wst features...
Feature matrix shape: (45, 486)
Applying SelectKBest feature selection (k=20)...
Selected features: ['R_wst_mean_0', 'R_wst_mean_1', 'R_wst_mean_7', 'R_wst_mean_8', 'R_wst_mean_9', 'R_wst_mean_10', 'R_wst_mean_15', 'R_wst_mean_16', 'R_wst_std_0', 'R_wst_std_7', 'G_wst_mean_2', 'G_wst_mean_7', 'G_wst_mean_9', 'G_wst_mean_10', 'G_wst_mean_15', 'G_wst_mean_16', 'G_wst_std_0', 'B_wst_mean_0', 'B_wst_mean_16', 'B_wst_std_0']
Feature scores: [0.75616443 0.77114649 0.75242434 0.75114913 0.82820036 0.76960358
 0.85619804 0.87861426 0.99999128 0.7438562  0.73483255 0.7726917
 0.82433657 0.72648744 0.80550275 0.86805791 0.99317029 0.78929961
 0.73576649 0.89271291]
Training final Random Forest model...
Saving model and artifacts...
Saved trained model: /home/brusc/Projects/random_forest/experiments_organized/uniform_output/dataset_rgb_uniform_25/popolar/small/k20/wst/trained_model.joblib
Saved scaler: /home/brusc/Projects/random_forest/experiments_organized/uniform_output/dataset_rgb_uniform_25/popolar/small/k20/wst/scaler.joblib
Saved feature selector: /home/brusc/Projects/random_forest/experiments_organized/uniform_output/dataset_rgb_uniform_25/popolar/small/k20/wst/feature_selector.joblib
Saved feature information: /home/brusc/Projects/random_forest/experiments_organized/uniform_output/dataset_rgb_uniform_25/popolar/small/k20/wst/feature_names.json
Saved experiment report: /home/brusc/Projects/random_forest/experiments_organized/uniform_output/dataset_rgb_uniform_25/popolar/small/k20/wst/experiment_report_with_model.json
Saved usage instructions: /home/brusc/Projects/random_forest/experiments_organized/uniform_output/dataset_rgb_uniform_25/popolar/small/k20/wst/model_usage_instructions.md

================================================================================
TRAINING COMPLETED SUCCESSFULLY
================================================================================
Area: popolar
Dataset: /home/brusc/Projects/random_forest/datasets/dataset_rgb_uniform_25/small
Feature method: wst
Total images: 45
Classes: ['low_veg', 'trees', 'water']
Original features: 486
Selected features: 20
N estimators: 10

PERFORMANCE RESULTS:
Test Accuracy: 0.7778
CV Accuracy: 0.9333 ± 0.0889

Top 20 selected features:
  1. R_wst_mean_0: 0.7562
  2. R_wst_mean_1: 0.7711
  3. R_wst_mean_7: 0.7524
  4. R_wst_mean_8: 0.7511
  5. R_wst_mean_9: 0.8282
  6. R_wst_mean_10: 0.7696
  7. R_wst_mean_15: 0.8562
  8. R_wst_mean_16: 0.8786
  9. R_wst_std_0: 1.0000
  10. R_wst_std_7: 0.7439
  11. G_wst_mean_2: 0.7348
  12. G_wst_mean_7: 0.7727
  13. G_wst_mean_9: 0.8243
  14. G_wst_mean_10: 0.7265
  15. G_wst_mean_15: 0.8055
  16. G_wst_mean_16: 0.8681
  17. G_wst_std_0: 0.9932
  18. B_wst_mean_0: 0.7893
  19. B_wst_mean_16: 0.7358
  20. B_wst_std_0: 0.8927

Model and artifacts saved to: /home/brusc/Projects/random_forest/experiments_organized/uniform_output/dataset_rgb_uniform_25/popolar/small/k20/wst
================================================================================
