================================================================================
CONFIGURABLE RANDOM FOREST TRAINING SCRIPT
Dataset: /home/brusc/Projects/random_forest/datasets/dataset_rgb_uniform_25/original
Area: sunset
Feature Method: wst
K Features: 20
Output: /home/brusc/Projects/random_forest/experiments_organized/uniform_output/dataset_rgb_uniform_25/sunset/original/k20/wst
N Estimators: 50
================================================================================
Loading images from sunset area...
Found classes in sunset: ['garden', 'low_veg', 'trees']
Loading 40 images from sunset/garden
Loading 40 images from sunset/low_veg
Loading 40 images from sunset/trees
Loaded 120 images with 3 classes
Classes: [np.str_('garden'), np.str_('low_veg'), np.str_('trees')]
Image shape: (3, 128, 128)
Extracting wst features...
Feature matrix shape: (120, 486)
Applying SelectKBest feature selection (k=20)...
Selected features: ['R_wst_mean_11', 'R_wst_mean_12', 'R_wst_mean_13', 'R_wst_std_0', 'R_wst_std_11', 'R_wst_std_12', 'R_wst_std_13', 'G_wst_mean_10', 'G_wst_mean_11', 'G_wst_mean_12', 'G_wst_mean_13', 'G_wst_mean_14', 'G_wst_std_11', 'G_wst_std_12', 'G_wst_std_13', 'G_wst_std_14', 'B_wst_mean_11', 'B_wst_mean_12', 'B_wst_mean_13', 'B_wst_mean_14']
Feature scores: [0.76269996 0.77527562 0.83352101 0.89098004 0.7292998  0.73750228
 0.73243578 0.73557863 0.82136588 0.81761944 0.91001319 0.75405837
 0.79395239 0.81317616 0.86346064 0.83374134 0.78206891 0.74968759
 0.77633184 0.74528945]
Training final Random Forest model...
Saving model and artifacts...
Saved trained model: /home/brusc/Projects/random_forest/experiments_organized/uniform_output/dataset_rgb_uniform_25/sunset/original/k20/wst/trained_model.joblib
Saved scaler: /home/brusc/Projects/random_forest/experiments_organized/uniform_output/dataset_rgb_uniform_25/sunset/original/k20/wst/scaler.joblib
Saved feature selector: /home/brusc/Projects/random_forest/experiments_organized/uniform_output/dataset_rgb_uniform_25/sunset/original/k20/wst/feature_selector.joblib
Saved feature information: /home/brusc/Projects/random_forest/experiments_organized/uniform_output/dataset_rgb_uniform_25/sunset/original/k20/wst/feature_names.json
Saved experiment report: /home/brusc/Projects/random_forest/experiments_organized/uniform_output/dataset_rgb_uniform_25/sunset/original/k20/wst/experiment_report_with_model.json
Saved usage instructions: /home/brusc/Projects/random_forest/experiments_organized/uniform_output/dataset_rgb_uniform_25/sunset/original/k20/wst/model_usage_instructions.md

================================================================================
TRAINING COMPLETED SUCCESSFULLY
================================================================================
Area: sunset
Dataset: /home/brusc/Projects/random_forest/datasets/dataset_rgb_uniform_25/original
Feature method: wst
Total images: 120
Classes: ['garden', 'low_veg', 'trees']
Original features: 486
Selected features: 20
N estimators: 50

PERFORMANCE RESULTS:
Test Accuracy: 0.9583
CV Accuracy: 0.9583 ± 0.0456

Top 20 selected features:
  1. R_wst_mean_11: 0.7627
  2. R_wst_mean_12: 0.7753
  3. R_wst_mean_13: 0.8335
  4. R_wst_std_0: 0.8910
  5. R_wst_std_11: 0.7293
  6. R_wst_std_12: 0.7375
  7. R_wst_std_13: 0.7324
  8. G_wst_mean_10: 0.7356
  9. G_wst_mean_11: 0.8214
  10. G_wst_mean_12: 0.8176
  11. G_wst_mean_13: 0.9100
  12. G_wst_mean_14: 0.7541
  13. G_wst_std_11: 0.7940
  14. G_wst_std_12: 0.8132
  15. G_wst_std_13: 0.8635
  16. G_wst_std_14: 0.8337
  17. B_wst_mean_11: 0.7821
  18. B_wst_mean_12: 0.7497
  19. B_wst_mean_13: 0.7763
  20. B_wst_mean_14: 0.7453

Model and artifacts saved to: /home/brusc/Projects/random_forest/experiments_organized/uniform_output/dataset_rgb_uniform_25/sunset/original/k20/wst
================================================================================
