================================================================================
CONFIGURABLE RANDOM FOREST TRAINING SCRIPT
Dataset: /home/brusc/Projects/random_forest/datasets/dataset_rgb_uniform_40/mini
Area: popolar
Feature Method: hybrid
K Features: 10
Output: /home/brusc/Projects/random_forest/experiments_organized/uniform_output/dataset_rgb_uniform_40/popolar/mini/k10/hybrid
N Estimators: 3
================================================================================
Loading images from popolar area...
Found classes in popolar: ['low_veg', 'trees', 'water']
Loading 5 images from popolar/low_veg
Loading 5 images from popolar/trees
Loading 5 images from popolar/water
Loaded 15 images with 3 classes
Classes: [np.str_('low_veg'), np.str_('trees'), np.str_('water')]
Image shape: (3, 128, 128)
Extracting hybrid features...
Feature matrix shape: (15, 540)
Applying SelectKBest feature selection (k=10)...
Selected features: ['R_min', 'R_max', 'G_std', 'G_var', 'G_min', 'G_range', 'B_mean', 'B_min', 'B_max', 'B_p10']
Feature scores: [1.17362582 1.7369808  0.90537185 0.89703852 1.22426074 1.42092741
 0.91259407 1.22243534 1.92711714 1.00156233]
Training final Random Forest model...
Saving model and artifacts...
Saved trained model: /home/brusc/Projects/random_forest/experiments_organized/uniform_output/dataset_rgb_uniform_40/popolar/mini/k10/hybrid/trained_model.joblib
Saved scaler: /home/brusc/Projects/random_forest/experiments_organized/uniform_output/dataset_rgb_uniform_40/popolar/mini/k10/hybrid/scaler.joblib
Saved feature selector: /home/brusc/Projects/random_forest/experiments_organized/uniform_output/dataset_rgb_uniform_40/popolar/mini/k10/hybrid/feature_selector.joblib
Saved feature information: /home/brusc/Projects/random_forest/experiments_organized/uniform_output/dataset_rgb_uniform_40/popolar/mini/k10/hybrid/feature_names.json
Saved experiment report: /home/brusc/Projects/random_forest/experiments_organized/uniform_output/dataset_rgb_uniform_40/popolar/mini/k10/hybrid/experiment_report_with_model.json
Saved usage instructions: /home/brusc/Projects/random_forest/experiments_organized/uniform_output/dataset_rgb_uniform_40/popolar/mini/k10/hybrid/model_usage_instructions.md

================================================================================
TRAINING COMPLETED SUCCESSFULLY
================================================================================
Area: popolar
Dataset: /home/brusc/Projects/random_forest/datasets/dataset_rgb_uniform_40/mini
Feature method: hybrid
Total images: 15
Classes: ['low_veg', 'trees', 'water']
Original features: 540
Selected features: 10
N estimators: 3

PERFORMANCE RESULTS:
Test Accuracy: 1.0000
CV Accuracy: 0.9333 ± 0.1333

Top 10 selected features:
  1. R_min: 1.1736
  2. R_max: 1.7370
  3. G_std: 0.9054
  4. G_var: 0.8970
  5. G_min: 1.2243
  6. G_range: 1.4209
  7. B_mean: 0.9126
  8. B_min: 1.2224
  9. B_max: 1.9271
  10. B_p10: 1.0016

Model and artifacts saved to: /home/brusc/Projects/random_forest/experiments_organized/uniform_output/dataset_rgb_uniform_40/popolar/mini/k10/hybrid
================================================================================
