================================================================================
CONFIGURABLE RANDOM FOREST TRAINING SCRIPT
Dataset: /home/brusc/Projects/random_forest/datasets/dataset_rgb_uniform_25/original
Area: popolar
Feature Method: advanced_stats
K Features: 20
Output: /home/brusc/Projects/random_forest/experiments_organized/uniform_output/dataset_rgb_uniform_25/popolar/original/k20/advanced_stats
N Estimators: 50
================================================================================
Loading images from popolar area...
Found classes in popolar: ['low_veg', 'trees', 'water']
Loading 41 images from popolar/low_veg
Loading 40 images from popolar/trees
Loading 40 images from popolar/water
Loaded 121 images with 3 classes
Classes: [np.str_('low_veg'), np.str_('trees'), np.str_('water')]
Image shape: (3, 128, 128)
Extracting advanced_stats features...
Feature matrix shape: (121, 54)
Applying SelectKBest feature selection (k=20)...
Selected features: ['R_std', 'R_var', 'R_min', 'R_cv', 'R_p10', 'R_p25', 'R_iqr', 'R_mad', 'G_std', 'G_var', 'G_min', 'G_range', 'G_cv', 'G_iqr', 'G_mad', 'B_mean', 'B_min', 'B_cv', 'B_p10', 'B_p25']
Feature scores: [0.96733859 0.96630554 0.99158331 0.98977701 0.98620702 0.90038664
 0.97970229 1.02618568 1.00967399 1.01000245 1.0104733  0.99631448
 0.94680313 1.02555744 1.03413346 0.89583832 0.96704084 1.07247338
 0.98394681 0.93927877]
Training final Random Forest model...
Saving model and artifacts...
Saved trained model: /home/brusc/Projects/random_forest/experiments_organized/uniform_output/dataset_rgb_uniform_25/popolar/original/k20/advanced_stats/trained_model.joblib
Saved scaler: /home/brusc/Projects/random_forest/experiments_organized/uniform_output/dataset_rgb_uniform_25/popolar/original/k20/advanced_stats/scaler.joblib
Saved feature selector: /home/brusc/Projects/random_forest/experiments_organized/uniform_output/dataset_rgb_uniform_25/popolar/original/k20/advanced_stats/feature_selector.joblib
Saved feature information: /home/brusc/Projects/random_forest/experiments_organized/uniform_output/dataset_rgb_uniform_25/popolar/original/k20/advanced_stats/feature_names.json
Saved experiment report: /home/brusc/Projects/random_forest/experiments_organized/uniform_output/dataset_rgb_uniform_25/popolar/original/k20/advanced_stats/experiment_report_with_model.json
Saved usage instructions: /home/brusc/Projects/random_forest/experiments_organized/uniform_output/dataset_rgb_uniform_25/popolar/original/k20/advanced_stats/model_usage_instructions.md

================================================================================
TRAINING COMPLETED SUCCESSFULLY
================================================================================
Area: popolar
Dataset: /home/brusc/Projects/random_forest/datasets/dataset_rgb_uniform_25/original
Feature method: advanced_stats
Total images: 121
Classes: ['low_veg', 'trees', 'water']
Original features: 54
Selected features: 20
N estimators: 50

PERFORMANCE RESULTS:
Test Accuracy: 0.9600
CV Accuracy: 0.9917 ± 0.0167

Top 20 selected features:
  1. R_std: 0.9673
  2. R_var: 0.9663
  3. R_min: 0.9916
  4. R_cv: 0.9898
  5. R_p10: 0.9862
  6. R_p25: 0.9004
  7. R_iqr: 0.9797
  8. R_mad: 1.0262
  9. G_std: 1.0097
  10. G_var: 1.0100
  11. G_min: 1.0105
  12. G_range: 0.9963
  13. G_cv: 0.9468
  14. G_iqr: 1.0256
  15. G_mad: 1.0341
  16. B_mean: 0.8958
  17. B_min: 0.9670
  18. B_cv: 1.0725
  19. B_p10: 0.9839
  20. B_p25: 0.9393

Model and artifacts saved to: /home/brusc/Projects/random_forest/experiments_organized/uniform_output/dataset_rgb_uniform_25/popolar/original/k20/advanced_stats
================================================================================
