================================================================================
CONFIGURABLE RANDOM FOREST TRAINING SCRIPT
Dataset: /home/brusc/Projects/random_forest/datasets/dataset_rgb_uniform_40/original
Area: sunset
Feature Method: advanced_stats
K Features: 20
Output: /home/brusc/Projects/random_forest/experiments_organized/uniform_output/dataset_rgb_uniform_40/sunset/original/k20/advanced_stats
N Estimators: 50
================================================================================
Loading images from sunset area...
Found classes in sunset: ['garden', 'low_veg', 'trees']
Loading 40 images from sunset/garden
Loading 40 images from sunset/low_veg
Loading 40 images from sunset/trees
Loaded 120 images with 3 classes
Classes: [np.str_('garden'), np.str_('low_veg'), np.str_('trees')]
Image shape: (3, 128, 128)
Extracting advanced_stats features...
Feature matrix shape: (120, 54)
Applying SelectKBest feature selection (k=20)...
Selected features: ['R_std', 'R_var', 'R_iqr', 'R_mad', 'R_grad_mean', 'G_std', 'G_var', 'G_range', 'G_kurt', 'G_iqr', 'G_mad', 'G_grad_mean', 'B_mean', 'B_max', 'B_range', 'B_skew', 'B_kurt', 'B_cv', 'B_p50', 'B_p75']
Feature scores: [0.81956396 0.82030044 0.84656073 0.79930381 0.66888441 0.65567364
 0.65210221 0.66067217 0.70445616 0.71068365 0.73843849 0.79016127
 0.68011392 0.63201229 0.63279042 0.74000719 0.77391233 0.64062637
 0.6301167  0.67326846]
Training final Random Forest model...
Saving model and artifacts...
Saved trained model: /home/brusc/Projects/random_forest/experiments_organized/uniform_output/dataset_rgb_uniform_40/sunset/original/k20/advanced_stats/trained_model.joblib
Saved scaler: /home/brusc/Projects/random_forest/experiments_organized/uniform_output/dataset_rgb_uniform_40/sunset/original/k20/advanced_stats/scaler.joblib
Saved feature selector: /home/brusc/Projects/random_forest/experiments_organized/uniform_output/dataset_rgb_uniform_40/sunset/original/k20/advanced_stats/feature_selector.joblib
Saved feature information: /home/brusc/Projects/random_forest/experiments_organized/uniform_output/dataset_rgb_uniform_40/sunset/original/k20/advanced_stats/feature_names.json
Saved experiment report: /home/brusc/Projects/random_forest/experiments_organized/uniform_output/dataset_rgb_uniform_40/sunset/original/k20/advanced_stats/experiment_report_with_model.json
Saved usage instructions: /home/brusc/Projects/random_forest/experiments_organized/uniform_output/dataset_rgb_uniform_40/sunset/original/k20/advanced_stats/model_usage_instructions.md

================================================================================
TRAINING COMPLETED SUCCESSFULLY
================================================================================
Area: sunset
Dataset: /home/brusc/Projects/random_forest/datasets/dataset_rgb_uniform_40/original
Feature method: advanced_stats
Total images: 120
Classes: ['garden', 'low_veg', 'trees']
Original features: 54
Selected features: 20
N estimators: 50

PERFORMANCE RESULTS:
Test Accuracy: 1.0000
CV Accuracy: 0.9833 ± 0.0333

Top 20 selected features:
  1. R_std: 0.8196
  2. R_var: 0.8203
  3. R_iqr: 0.8466
  4. R_mad: 0.7993
  5. R_grad_mean: 0.6689
  6. G_std: 0.6557
  7. G_var: 0.6521
  8. G_range: 0.6607
  9. G_kurt: 0.7045
  10. G_iqr: 0.7107
  11. G_mad: 0.7384
  12. G_grad_mean: 0.7902
  13. B_mean: 0.6801
  14. B_max: 0.6320
  15. B_range: 0.6328
  16. B_skew: 0.7400
  17. B_kurt: 0.7739
  18. B_cv: 0.6406
  19. B_p50: 0.6301
  20. B_p75: 0.6733

Model and artifacts saved to: /home/brusc/Projects/random_forest/experiments_organized/uniform_output/dataset_rgb_uniform_40/sunset/original/k20/advanced_stats
================================================================================
