================================================================================
CONFIGURABLE RANDOM FOREST TRAINING SCRIPT
Dataset: /home/brusc/Projects/random_forest/datasets/dataset_rgb_uniform_10/original
Area: sunset
Feature Method: advanced_stats
K Features: 20
Output: /home/brusc/Projects/random_forest/experiments_organized/uniform_output/dataset_rgb_uniform_10/sunset/original/k20/advanced_stats
N Estimators: 50
================================================================================
Loading images from sunset area...
Found classes in sunset: ['garden', 'low_veg', 'trees']
Loading 40 images from sunset/garden
Loading 40 images from sunset/low_veg
Loading 40 images from sunset/trees
Loaded 120 images with 3 classes
Classes: [np.str_('garden'), np.str_('low_veg'), np.str_('trees')]
Image shape: (3, 128, 128)
Extracting advanced_stats features...
Feature matrix shape: (120, 54)
Applying SelectKBest feature selection (k=20)...
Selected features: ['R_std', 'R_var', 'R_range', 'R_iqr', 'R_mad', 'R_grad_mean', 'G_std', 'G_var', 'G_range', 'G_cv', 'G_iqr', 'G_mad', 'G_grad_mean', 'B_mean', 'B_skew', 'B_p10', 'B_p25', 'B_p75', 'B_mad', 'B_grad_mean']
Feature scores: [0.84089688 0.8414573  0.67059972 0.75770279 0.83181371 0.70723823
 0.67491997 0.67242358 0.67914742 0.65072651 0.65656099 0.69012695
 0.78624145 0.67336054 0.7079001  0.67585914 0.65881926 0.6629323
 0.65112357 0.78588357]
Training final Random Forest model...
Saving model and artifacts...
Saved trained model: /home/brusc/Projects/random_forest/experiments_organized/uniform_output/dataset_rgb_uniform_10/sunset/original/k20/advanced_stats/trained_model.joblib
Saved scaler: /home/brusc/Projects/random_forest/experiments_organized/uniform_output/dataset_rgb_uniform_10/sunset/original/k20/advanced_stats/scaler.joblib
Saved feature selector: /home/brusc/Projects/random_forest/experiments_organized/uniform_output/dataset_rgb_uniform_10/sunset/original/k20/advanced_stats/feature_selector.joblib
Saved feature information: /home/brusc/Projects/random_forest/experiments_organized/uniform_output/dataset_rgb_uniform_10/sunset/original/k20/advanced_stats/feature_names.json
Saved experiment report: /home/brusc/Projects/random_forest/experiments_organized/uniform_output/dataset_rgb_uniform_10/sunset/original/k20/advanced_stats/experiment_report_with_model.json
Saved usage instructions: /home/brusc/Projects/random_forest/experiments_organized/uniform_output/dataset_rgb_uniform_10/sunset/original/k20/advanced_stats/model_usage_instructions.md

================================================================================
TRAINING COMPLETED SUCCESSFULLY
================================================================================
Area: sunset
Dataset: /home/brusc/Projects/random_forest/datasets/dataset_rgb_uniform_10/original
Feature method: advanced_stats
Total images: 120
Classes: ['garden', 'low_veg', 'trees']
Original features: 54
Selected features: 20
N estimators: 50

PERFORMANCE RESULTS:
Test Accuracy: 1.0000
CV Accuracy: 0.9833 ± 0.0333

Top 20 selected features:
  1. R_std: 0.8409
  2. R_var: 0.8415
  3. R_range: 0.6706
  4. R_iqr: 0.7577
  5. R_mad: 0.8318
  6. R_grad_mean: 0.7072
  7. G_std: 0.6749
  8. G_var: 0.6724
  9. G_range: 0.6791
  10. G_cv: 0.6507
  11. G_iqr: 0.6566
  12. G_mad: 0.6901
  13. G_grad_mean: 0.7862
  14. B_mean: 0.6734
  15. B_skew: 0.7079
  16. B_p10: 0.6759
  17. B_p25: 0.6588
  18. B_p75: 0.6629
  19. B_mad: 0.6511
  20. B_grad_mean: 0.7859

Model and artifacts saved to: /home/brusc/Projects/random_forest/experiments_organized/uniform_output/dataset_rgb_uniform_10/sunset/original/k20/advanced_stats
================================================================================
