================================================================================
CONFIGURABLE RANDOM FOREST TRAINING SCRIPT
Dataset: /home/brusc/Projects/random_forest/datasets/dataset_rgb_uniform_10/original
Area: popolar
Feature Method: wst
K Features: 20
Output: /home/brusc/Projects/random_forest/experiments_organized/uniform_output/dataset_rgb_uniform_10/popolar/original/k20/wst
N Estimators: 50
================================================================================
Loading images from popolar area...
Found classes in popolar: ['low_veg', 'trees', 'water']
Loading 41 images from popolar/low_veg
Loading 40 images from popolar/trees
Loading 40 images from popolar/water
Loaded 121 images with 3 classes
Classes: [np.str_('low_veg'), np.str_('trees'), np.str_('water')]
Image shape: (3, 128, 128)
Extracting wst features...
Feature matrix shape: (121, 486)
Applying SelectKBest feature selection (k=20)...
Selected features: ['R_wst_mean_0', 'R_wst_mean_7', 'R_wst_mean_8', 'R_wst_mean_9', 'R_wst_mean_10', 'R_wst_mean_14', 'R_wst_mean_15', 'R_wst_mean_16', 'R_wst_std_0', 'G_wst_mean_1', 'G_wst_mean_7', 'G_wst_mean_8', 'G_wst_mean_9', 'G_wst_mean_10', 'G_wst_mean_14', 'G_wst_mean_15', 'G_wst_mean_16', 'G_wst_std_0', 'B_wst_mean_0', 'B_wst_std_0']
Feature scores: [0.84156592 0.81177659 0.84478116 0.90930926 0.85352345 0.80910404
 0.86474458 0.90886889 0.92225742 0.81298627 0.79672812 0.78709103
 0.84884533 0.82109321 0.79163611 0.82484619 0.87283225 0.92501675
 0.90193557 0.87235811]
Training final Random Forest model...
Saving model and artifacts...
Saved trained model: /home/brusc/Projects/random_forest/experiments_organized/uniform_output/dataset_rgb_uniform_10/popolar/original/k20/wst/trained_model.joblib
Saved scaler: /home/brusc/Projects/random_forest/experiments_organized/uniform_output/dataset_rgb_uniform_10/popolar/original/k20/wst/scaler.joblib
Saved feature selector: /home/brusc/Projects/random_forest/experiments_organized/uniform_output/dataset_rgb_uniform_10/popolar/original/k20/wst/feature_selector.joblib
Saved feature information: /home/brusc/Projects/random_forest/experiments_organized/uniform_output/dataset_rgb_uniform_10/popolar/original/k20/wst/feature_names.json
Saved experiment report: /home/brusc/Projects/random_forest/experiments_organized/uniform_output/dataset_rgb_uniform_10/popolar/original/k20/wst/experiment_report_with_model.json
Saved usage instructions: /home/brusc/Projects/random_forest/experiments_organized/uniform_output/dataset_rgb_uniform_10/popolar/original/k20/wst/model_usage_instructions.md

================================================================================
TRAINING COMPLETED SUCCESSFULLY
================================================================================
Area: popolar
Dataset: /home/brusc/Projects/random_forest/datasets/dataset_rgb_uniform_10/original
Feature method: wst
Total images: 121
Classes: ['low_veg', 'trees', 'water']
Original features: 486
Selected features: 20
N estimators: 50

PERFORMANCE RESULTS:
Test Accuracy: 0.9200
CV Accuracy: 0.9833 ± 0.0333

Top 20 selected features:
  1. R_wst_mean_0: 0.8416
  2. R_wst_mean_7: 0.8118
  3. R_wst_mean_8: 0.8448
  4. R_wst_mean_9: 0.9093
  5. R_wst_mean_10: 0.8535
  6. R_wst_mean_14: 0.8091
  7. R_wst_mean_15: 0.8647
  8. R_wst_mean_16: 0.9089
  9. R_wst_std_0: 0.9223
  10. G_wst_mean_1: 0.8130
  11. G_wst_mean_7: 0.7967
  12. G_wst_mean_8: 0.7871
  13. G_wst_mean_9: 0.8488
  14. G_wst_mean_10: 0.8211
  15. G_wst_mean_14: 0.7916
  16. G_wst_mean_15: 0.8248
  17. G_wst_mean_16: 0.8728
  18. G_wst_std_0: 0.9250
  19. B_wst_mean_0: 0.9019
  20. B_wst_std_0: 0.8724

Model and artifacts saved to: /home/brusc/Projects/random_forest/experiments_organized/uniform_output/dataset_rgb_uniform_10/popolar/original/k20/wst
================================================================================
