================================================================================
CONFIGURABLE RANDOM FOREST TRAINING SCRIPT
Dataset: /home/brusc/Projects/random_forest/datasets/dataset_rgb_uniform_25/original
Area: assatigue
Feature Method: advanced_stats
K Features: 20
Output: /home/brusc/Projects/random_forest/experiments_organized/uniform_output/dataset_rgb_uniform_25/assatigue/original/k20/advanced_stats
N Estimators: 50
================================================================================
Loading images from assatigue area...
Found classes in assatigue: ['low_veg', 'trees', 'water']
Loading 40 images from assatigue/low_veg
Loading 36 images from assatigue/trees
Loading 40 images from assatigue/water
Loaded 116 images with 3 classes
Classes: [np.str_('low_veg'), np.str_('trees'), np.str_('water')]
Image shape: (3, 128, 128)
Extracting advanced_stats features...
Feature matrix shape: (116, 54)
Applying SelectKBest feature selection (k=20)...
Selected features: ['R_std', 'R_var', 'R_min', 'R_range', 'R_cv', 'R_iqr', 'R_mad', 'R_grad_mean', 'G_std', 'G_var', 'G_min', 'G_range', 'G_cv', 'G_p10', 'G_iqr', 'G_mad', 'G_grad_mean', 'B_min', 'B_cv', 'B_p10']
Feature scores: [0.91404261 0.90891676 1.02889529 0.75741999 0.89116823 0.87930244
 0.9326179  0.84271474 0.92171078 0.92167486 1.02588595 0.94978987
 0.90838044 0.7237485  0.85578069 0.959831   0.86184988 0.94219012
 0.86296806 0.77342668]
Training final Random Forest model...
Saving model and artifacts...
Saved trained model: /home/brusc/Projects/random_forest/experiments_organized/uniform_output/dataset_rgb_uniform_25/assatigue/original/k20/advanced_stats/trained_model.joblib
Saved scaler: /home/brusc/Projects/random_forest/experiments_organized/uniform_output/dataset_rgb_uniform_25/assatigue/original/k20/advanced_stats/scaler.joblib
Saved feature selector: /home/brusc/Projects/random_forest/experiments_organized/uniform_output/dataset_rgb_uniform_25/assatigue/original/k20/advanced_stats/feature_selector.joblib
Saved feature information: /home/brusc/Projects/random_forest/experiments_organized/uniform_output/dataset_rgb_uniform_25/assatigue/original/k20/advanced_stats/feature_names.json
Saved experiment report: /home/brusc/Projects/random_forest/experiments_organized/uniform_output/dataset_rgb_uniform_25/assatigue/original/k20/advanced_stats/experiment_report_with_model.json
Saved usage instructions: /home/brusc/Projects/random_forest/experiments_organized/uniform_output/dataset_rgb_uniform_25/assatigue/original/k20/advanced_stats/model_usage_instructions.md

================================================================================
TRAINING COMPLETED SUCCESSFULLY
================================================================================
Area: assatigue
Dataset: /home/brusc/Projects/random_forest/datasets/dataset_rgb_uniform_25/original
Feature method: advanced_stats
Total images: 116
Classes: ['low_veg', 'water', 'trees']
Original features: 54
Selected features: 20
N estimators: 50

PERFORMANCE RESULTS:
Test Accuracy: 1.0000
CV Accuracy: 0.9746 ± 0.0335

Top 20 selected features:
  1. R_std: 0.9140
  2. R_var: 0.9089
  3. R_min: 1.0289
  4. R_range: 0.7574
  5. R_cv: 0.8912
  6. R_iqr: 0.8793
  7. R_mad: 0.9326
  8. R_grad_mean: 0.8427
  9. G_std: 0.9217
  10. G_var: 0.9217
  11. G_min: 1.0259
  12. G_range: 0.9498
  13. G_cv: 0.9084
  14. G_p10: 0.7237
  15. G_iqr: 0.8558
  16. G_mad: 0.9598
  17. G_grad_mean: 0.8618
  18. B_min: 0.9422
  19. B_cv: 0.8630
  20. B_p10: 0.7734

Model and artifacts saved to: /home/brusc/Projects/random_forest/experiments_organized/uniform_output/dataset_rgb_uniform_25/assatigue/original/k20/advanced_stats
================================================================================
