================================================================================
CONFIGURABLE RANDOM FOREST TRAINING SCRIPT
Dataset: /home/brusc/Projects/random_forest/datasets/dataset_rgb_uniform_10/small
Area: assatigue
Feature Method: hybrid
K Features: 20
Output: /home/brusc/Projects/random_forest/experiments_organized/uniform_output/dataset_rgb_uniform_10/assatigue/small/k20/hybrid
N Estimators: 10
================================================================================
Loading images from assatigue area...
Found classes in assatigue: ['low_veg', 'trees', 'water']
Loading 15 images from assatigue/low_veg
Loading 15 images from assatigue/trees
Loading 15 images from assatigue/water
Loaded 45 images with 3 classes
Classes: [np.str_('low_veg'), np.str_('trees'), np.str_('water')]
Image shape: (3, 128, 128)
Extracting hybrid features...
Feature matrix shape: (45, 540)
Applying SelectKBest feature selection (k=20)...
Selected features: ['R_std', 'R_var', 'R_min', 'R_range', 'R_cv', 'R_iqr', 'R_mad', 'G_std', 'G_min', 'G_range', 'G_cv', 'G_p10', 'G_iqr', 'G_mad', 'B_min', 'B_p10', 'R_wst_mean_7', 'R_wst_mean_14', 'R_wst_mean_15', 'G_wst_mean_15']
Feature scores: [0.89670565 0.89317029 1.05159181 0.8927159  0.8760809  1.08894134
 1.03109222 0.85712011 0.96970261 0.88437239 0.85041376 0.88410794
 1.1082006  0.98768969 0.88528736 0.85488522 0.86789774 0.8770454
 0.91836511 0.85227084]
Training final Random Forest model...
Saving model and artifacts...
Saved trained model: /home/brusc/Projects/random_forest/experiments_organized/uniform_output/dataset_rgb_uniform_10/assatigue/small/k20/hybrid/trained_model.joblib
Saved scaler: /home/brusc/Projects/random_forest/experiments_organized/uniform_output/dataset_rgb_uniform_10/assatigue/small/k20/hybrid/scaler.joblib
Saved feature selector: /home/brusc/Projects/random_forest/experiments_organized/uniform_output/dataset_rgb_uniform_10/assatigue/small/k20/hybrid/feature_selector.joblib
Saved feature information: /home/brusc/Projects/random_forest/experiments_organized/uniform_output/dataset_rgb_uniform_10/assatigue/small/k20/hybrid/feature_names.json
Saved experiment report: /home/brusc/Projects/random_forest/experiments_organized/uniform_output/dataset_rgb_uniform_10/assatigue/small/k20/hybrid/experiment_report_with_model.json
Saved usage instructions: /home/brusc/Projects/random_forest/experiments_organized/uniform_output/dataset_rgb_uniform_10/assatigue/small/k20/hybrid/model_usage_instructions.md

================================================================================
TRAINING COMPLETED SUCCESSFULLY
================================================================================
Area: assatigue
Dataset: /home/brusc/Projects/random_forest/datasets/dataset_rgb_uniform_10/small
Feature method: hybrid
Total images: 45
Classes: ['low_veg', 'trees', 'water']
Original features: 540
Selected features: 20
N estimators: 10

PERFORMANCE RESULTS:
Test Accuracy: 1.0000
CV Accuracy: 0.9556 ± 0.0544

Top 20 selected features:
  1. R_std: 0.8967
  2. R_var: 0.8932
  3. R_min: 1.0516
  4. R_range: 0.8927
  5. R_cv: 0.8761
  6. R_iqr: 1.0889
  7. R_mad: 1.0311
  8. G_std: 0.8571
  9. G_min: 0.9697
  10. G_range: 0.8844
  11. G_cv: 0.8504
  12. G_p10: 0.8841
  13. G_iqr: 1.1082
  14. G_mad: 0.9877
  15. B_min: 0.8853
  16. B_p10: 0.8549
  17. R_wst_mean_7: 0.8679
  18. R_wst_mean_14: 0.8770
  19. R_wst_mean_15: 0.9184
  20. G_wst_mean_15: 0.8523

Model and artifacts saved to: /home/brusc/Projects/random_forest/experiments_organized/uniform_output/dataset_rgb_uniform_10/assatigue/small/k20/hybrid
================================================================================
