================================================================================
CONFIGURABLE RANDOM FOREST TRAINING SCRIPT
Dataset: /home/brusc/Projects/random_forest/datasets/dataset_rgb_uniform_40/original
Area: assatigue
Feature Method: advanced_stats
K Features: 20
Output: /home/brusc/Projects/random_forest/experiments_organized/uniform_output/dataset_rgb_uniform_40/assatigue/original/k20/advanced_stats
N Estimators: 50
================================================================================
Loading images from assatigue area...
Found classes in assatigue: ['low_veg', 'trees', 'water']
Loading 40 images from assatigue/low_veg
Loading 36 images from assatigue/trees
Loading 40 images from assatigue/water
Loaded 116 images with 3 classes
Classes: [np.str_('low_veg'), np.str_('trees'), np.str_('water')]
Image shape: (3, 128, 128)
Extracting advanced_stats features...
Feature matrix shape: (116, 54)
Applying SelectKBest feature selection (k=20)...
Selected features: ['R_std', 'R_var', 'R_min', 'R_range', 'R_skew', 'R_cv', 'R_p25', 'R_mad', 'G_std', 'G_var', 'G_min', 'G_range', 'G_kurt', 'G_cv', 'G_p10', 'G_mad', 'G_grad_mean', 'B_min', 'B_cv', 'B_p10']
Feature scores: [0.89597602 0.89289567 0.98807209 0.70829073 0.70157428 0.76480599
 0.68657296 0.880349   0.95261123 0.95261123 0.98479112 0.90438666
 0.73710823 0.88194082 0.69483986 0.92481015 0.83819912 0.88309692
 0.84685274 0.72835429]
Training final Random Forest model...
Saving model and artifacts...
Saved trained model: /home/brusc/Projects/random_forest/experiments_organized/uniform_output/dataset_rgb_uniform_40/assatigue/original/k20/advanced_stats/trained_model.joblib
Saved scaler: /home/brusc/Projects/random_forest/experiments_organized/uniform_output/dataset_rgb_uniform_40/assatigue/original/k20/advanced_stats/scaler.joblib
Saved feature selector: /home/brusc/Projects/random_forest/experiments_organized/uniform_output/dataset_rgb_uniform_40/assatigue/original/k20/advanced_stats/feature_selector.joblib
Saved feature information: /home/brusc/Projects/random_forest/experiments_organized/uniform_output/dataset_rgb_uniform_40/assatigue/original/k20/advanced_stats/feature_names.json
Saved experiment report: /home/brusc/Projects/random_forest/experiments_organized/uniform_output/dataset_rgb_uniform_40/assatigue/original/k20/advanced_stats/experiment_report_with_model.json
Saved usage instructions: /home/brusc/Projects/random_forest/experiments_organized/uniform_output/dataset_rgb_uniform_40/assatigue/original/k20/advanced_stats/model_usage_instructions.md

================================================================================
TRAINING COMPLETED SUCCESSFULLY
================================================================================
Area: assatigue
Dataset: /home/brusc/Projects/random_forest/datasets/dataset_rgb_uniform_40/original
Feature method: advanced_stats
Total images: 116
Classes: ['low_veg', 'water', 'trees']
Original features: 54
Selected features: 20
N estimators: 50

PERFORMANCE RESULTS:
Test Accuracy: 1.0000
CV Accuracy: 0.9746 ± 0.0335

Top 20 selected features:
  1. R_std: 0.8960
  2. R_var: 0.8929
  3. R_min: 0.9881
  4. R_range: 0.7083
  5. R_skew: 0.7016
  6. R_cv: 0.7648
  7. R_p25: 0.6866
  8. R_mad: 0.8803
  9. G_std: 0.9526
  10. G_var: 0.9526
  11. G_min: 0.9848
  12. G_range: 0.9044
  13. G_kurt: 0.7371
  14. G_cv: 0.8819
  15. G_p10: 0.6948
  16. G_mad: 0.9248
  17. G_grad_mean: 0.8382
  18. B_min: 0.8831
  19. B_cv: 0.8469
  20. B_p10: 0.7284

Model and artifacts saved to: /home/brusc/Projects/random_forest/experiments_organized/uniform_output/dataset_rgb_uniform_40/assatigue/original/k20/advanced_stats
================================================================================
