================================================================================
CONFIGURABLE RANDOM FOREST TRAINING SCRIPT
Dataset: /home/brusc/Projects/random_forest/datasets/dataset_rgb_uniform_40/small
Area: sunset
Feature Method: hybrid
K Features: 20
Output: /home/brusc/Projects/random_forest/experiments_organized/uniform_output/dataset_rgb_uniform_40/sunset/small/k20/hybrid
N Estimators: 10
================================================================================
Loading images from sunset area...
Found classes in sunset: ['garden', 'low_veg', 'trees']
Loading 15 images from sunset/garden
Loading 15 images from sunset/low_veg
Loading 15 images from sunset/trees
Loaded 45 images with 3 classes
Classes: [np.str_('garden'), np.str_('low_veg'), np.str_('trees')]
Image shape: (3, 128, 128)
Extracting hybrid features...
Feature matrix shape: (45, 540)
Applying SelectKBest feature selection (k=20)...
Selected features: ['R_std', 'R_var', 'R_iqr', 'R_mad', 'R_grad_mean', 'G_grad_mean', 'B_kurt', 'R_wst_mean_11', 'R_wst_mean_12', 'R_wst_mean_13', 'R_wst_std_0', 'R_wst_std_12', 'R_wst_std_13', 'G_wst_mean_10', 'G_wst_mean_11', 'G_wst_mean_12', 'G_wst_mean_13', 'G_wst_std_0', 'B_wst_mean_11', 'B_wst_mean_12']
Feature scores: [0.71542409 0.71264631 0.72899063 0.76317596 0.77671891 0.81720524
 0.78082853 0.81922464 0.7835882  0.79124269 0.77599047 0.69442526
 0.77720622 0.797644   0.9228578  0.83087978 0.70322761 0.71954075
 0.69393869 0.71544654]
Training final Random Forest model...
Saving model and artifacts...
Saved trained model: /home/brusc/Projects/random_forest/experiments_organized/uniform_output/dataset_rgb_uniform_40/sunset/small/k20/hybrid/trained_model.joblib
Saved scaler: /home/brusc/Projects/random_forest/experiments_organized/uniform_output/dataset_rgb_uniform_40/sunset/small/k20/hybrid/scaler.joblib
Saved feature selector: /home/brusc/Projects/random_forest/experiments_organized/uniform_output/dataset_rgb_uniform_40/sunset/small/k20/hybrid/feature_selector.joblib
Saved feature information: /home/brusc/Projects/random_forest/experiments_organized/uniform_output/dataset_rgb_uniform_40/sunset/small/k20/hybrid/feature_names.json
Saved experiment report: /home/brusc/Projects/random_forest/experiments_organized/uniform_output/dataset_rgb_uniform_40/sunset/small/k20/hybrid/experiment_report_with_model.json
Saved usage instructions: /home/brusc/Projects/random_forest/experiments_organized/uniform_output/dataset_rgb_uniform_40/sunset/small/k20/hybrid/model_usage_instructions.md

================================================================================
TRAINING COMPLETED SUCCESSFULLY
================================================================================
Area: sunset
Dataset: /home/brusc/Projects/random_forest/datasets/dataset_rgb_uniform_40/small
Feature method: hybrid
Total images: 45
Classes: ['garden', 'low_veg', 'trees']
Original features: 540
Selected features: 20
N estimators: 10

PERFORMANCE RESULTS:
Test Accuracy: 1.0000
CV Accuracy: 0.8889 ± 0.0703

Top 20 selected features:
  1. R_std: 0.7154
  2. R_var: 0.7126
  3. R_iqr: 0.7290
  4. R_mad: 0.7632
  5. R_grad_mean: 0.7767
  6. G_grad_mean: 0.8172
  7. B_kurt: 0.7808
  8. R_wst_mean_11: 0.8192
  9. R_wst_mean_12: 0.7836
  10. R_wst_mean_13: 0.7912
  11. R_wst_std_0: 0.7760
  12. R_wst_std_12: 0.6944
  13. R_wst_std_13: 0.7772
  14. G_wst_mean_10: 0.7976
  15. G_wst_mean_11: 0.9229
  16. G_wst_mean_12: 0.8309
  17. G_wst_mean_13: 0.7032
  18. G_wst_std_0: 0.7195
  19. B_wst_mean_11: 0.6939
  20. B_wst_mean_12: 0.7154

Model and artifacts saved to: /home/brusc/Projects/random_forest/experiments_organized/uniform_output/dataset_rgb_uniform_40/sunset/small/k20/hybrid
================================================================================
