================================================================================
CONFIGURABLE RANDOM FOREST TRAINING SCRIPT
Dataset: /home/brusc/Projects/random_forest/datasets/dataset_rgb_uniform_25/original
Area: assatigue
Feature Method: wst
K Features: 20
Output: /home/brusc/Projects/random_forest/experiments_organized/uniform_output/dataset_rgb_uniform_25/assatigue/original/k20/wst
N Estimators: 50
================================================================================
Loading images from assatigue area...
Found classes in assatigue: ['low_veg', 'trees', 'water']
Loading 40 images from assatigue/low_veg
Loading 36 images from assatigue/trees
Loading 40 images from assatigue/water
Loaded 116 images with 3 classes
Classes: [np.str_('low_veg'), np.str_('trees'), np.str_('water')]
Image shape: (3, 128, 128)
Extracting wst features...
Feature matrix shape: (116, 486)
Applying SelectKBest feature selection (k=20)...
Selected features: ['R_wst_mean_9', 'R_wst_mean_10', 'R_wst_mean_11', 'R_wst_mean_12', 'R_wst_mean_13', 'R_wst_mean_14', 'R_wst_mean_15', 'R_wst_mean_16', 'R_wst_std_0', 'G_wst_mean_3', 'G_wst_mean_7', 'G_wst_mean_9', 'G_wst_mean_10', 'G_wst_mean_11', 'G_wst_mean_12', 'G_wst_mean_13', 'G_wst_mean_14', 'G_wst_mean_15', 'G_wst_mean_16', 'G_wst_std_0']
Feature scores: [0.77286799 0.80169865 0.76743172 0.77506867 0.82165367 0.81086769
 0.86837533 0.75856277 0.85987282 0.76661522 0.74769179 0.75923561
 0.79386281 0.78759181 0.77061075 0.80799347 0.85731046 0.85822013
 0.77559363 0.89508795]
Training final Random Forest model...
Saving model and artifacts...
Saved trained model: /home/brusc/Projects/random_forest/experiments_organized/uniform_output/dataset_rgb_uniform_25/assatigue/original/k20/wst/trained_model.joblib
Saved scaler: /home/brusc/Projects/random_forest/experiments_organized/uniform_output/dataset_rgb_uniform_25/assatigue/original/k20/wst/scaler.joblib
Saved feature selector: /home/brusc/Projects/random_forest/experiments_organized/uniform_output/dataset_rgb_uniform_25/assatigue/original/k20/wst/feature_selector.joblib
Saved feature information: /home/brusc/Projects/random_forest/experiments_organized/uniform_output/dataset_rgb_uniform_25/assatigue/original/k20/wst/feature_names.json
Saved experiment report: /home/brusc/Projects/random_forest/experiments_organized/uniform_output/dataset_rgb_uniform_25/assatigue/original/k20/wst/experiment_report_with_model.json
Saved usage instructions: /home/brusc/Projects/random_forest/experiments_organized/uniform_output/dataset_rgb_uniform_25/assatigue/original/k20/wst/model_usage_instructions.md

================================================================================
TRAINING COMPLETED SUCCESSFULLY
================================================================================
Area: assatigue
Dataset: /home/brusc/Projects/random_forest/datasets/dataset_rgb_uniform_25/original
Feature method: wst
Total images: 116
Classes: ['low_veg', 'water', 'trees']
Original features: 486
Selected features: 20
N estimators: 50

PERFORMANCE RESULTS:
Test Accuracy: 1.0000
CV Accuracy: 0.9482 ± 0.0508

Top 20 selected features:
  1. R_wst_mean_9: 0.7729
  2. R_wst_mean_10: 0.8017
  3. R_wst_mean_11: 0.7674
  4. R_wst_mean_12: 0.7751
  5. R_wst_mean_13: 0.8217
  6. R_wst_mean_14: 0.8109
  7. R_wst_mean_15: 0.8684
  8. R_wst_mean_16: 0.7586
  9. R_wst_std_0: 0.8599
  10. G_wst_mean_3: 0.7666
  11. G_wst_mean_7: 0.7477
  12. G_wst_mean_9: 0.7592
  13. G_wst_mean_10: 0.7939
  14. G_wst_mean_11: 0.7876
  15. G_wst_mean_12: 0.7706
  16. G_wst_mean_13: 0.8080
  17. G_wst_mean_14: 0.8573
  18. G_wst_mean_15: 0.8582
  19. G_wst_mean_16: 0.7756
  20. G_wst_std_0: 0.8951

Model and artifacts saved to: /home/brusc/Projects/random_forest/experiments_organized/uniform_output/dataset_rgb_uniform_25/assatigue/original/k20/wst
================================================================================
