================================================================================
CONFIGURABLE RANDOM FOREST TRAINING SCRIPT
Dataset: /home/brusc/Projects/random_forest/datasets/dataset_rgb_uniform_25/small
Area: popolar
Feature Method: advanced_stats
K Features: 20
Output: /home/brusc/Projects/random_forest/experiments_organized/uniform_output/dataset_rgb_uniform_25/popolar/small/k20/advanced_stats
N Estimators: 10
================================================================================
Loading images from popolar area...
Found classes in popolar: ['low_veg', 'trees', 'water']
Loading 15 images from popolar/low_veg
Loading 15 images from popolar/trees
Loading 15 images from popolar/water
Loaded 45 images with 3 classes
Classes: [np.str_('low_veg'), np.str_('trees'), np.str_('water')]
Image shape: (3, 128, 128)
Extracting advanced_stats features...
Feature matrix shape: (45, 54)
Applying SelectKBest feature selection (k=20)...
Selected features: ['R_std', 'R_var', 'R_min', 'R_cv', 'R_p10', 'R_iqr', 'R_mad', 'G_std', 'G_var', 'G_min', 'G_range', 'G_cv', 'G_iqr', 'G_mad', 'B_min', 'B_cv', 'B_p10', 'B_p25', 'B_iqr', 'B_mad']
Feature scores: [0.94446964 0.92669187 1.02502809 0.92417093 0.87807826 0.93908851
 0.96679849 0.9706505  0.9706505  1.05769203 1.06038811 0.8477903
 0.88940927 1.02254724 0.96168674 1.05028462 0.93493478 0.83999706
 0.84627551 0.85862905]
Training final Random Forest model...
Saving model and artifacts...
Saved trained model: /home/brusc/Projects/random_forest/experiments_organized/uniform_output/dataset_rgb_uniform_25/popolar/small/k20/advanced_stats/trained_model.joblib
Saved scaler: /home/brusc/Projects/random_forest/experiments_organized/uniform_output/dataset_rgb_uniform_25/popolar/small/k20/advanced_stats/scaler.joblib
Saved feature selector: /home/brusc/Projects/random_forest/experiments_organized/uniform_output/dataset_rgb_uniform_25/popolar/small/k20/advanced_stats/feature_selector.joblib
Saved feature information: /home/brusc/Projects/random_forest/experiments_organized/uniform_output/dataset_rgb_uniform_25/popolar/small/k20/advanced_stats/feature_names.json
Saved experiment report: /home/brusc/Projects/random_forest/experiments_organized/uniform_output/dataset_rgb_uniform_25/popolar/small/k20/advanced_stats/experiment_report_with_model.json
Saved usage instructions: /home/brusc/Projects/random_forest/experiments_organized/uniform_output/dataset_rgb_uniform_25/popolar/small/k20/advanced_stats/model_usage_instructions.md

================================================================================
TRAINING COMPLETED SUCCESSFULLY
================================================================================
Area: popolar
Dataset: /home/brusc/Projects/random_forest/datasets/dataset_rgb_uniform_25/small
Feature method: advanced_stats
Total images: 45
Classes: ['low_veg', 'trees', 'water']
Original features: 54
Selected features: 20
N estimators: 10

PERFORMANCE RESULTS:
Test Accuracy: 0.8889
CV Accuracy: 0.9333 ± 0.0544

Top 20 selected features:
  1. R_std: 0.9445
  2. R_var: 0.9267
  3. R_min: 1.0250
  4. R_cv: 0.9242
  5. R_p10: 0.8781
  6. R_iqr: 0.9391
  7. R_mad: 0.9668
  8. G_std: 0.9707
  9. G_var: 0.9707
  10. G_min: 1.0577
  11. G_range: 1.0604
  12. G_cv: 0.8478
  13. G_iqr: 0.8894
  14. G_mad: 1.0225
  15. B_min: 0.9617
  16. B_cv: 1.0503
  17. B_p10: 0.9349
  18. B_p25: 0.8400
  19. B_iqr: 0.8463
  20. B_mad: 0.8586

Model and artifacts saved to: /home/brusc/Projects/random_forest/experiments_organized/uniform_output/dataset_rgb_uniform_25/popolar/small/k20/advanced_stats
================================================================================
