================================================================================
CONFIGURABLE RANDOM FOREST TRAINING SCRIPT
Dataset: /home/brusc/Projects/random_forest/datasets/dataset_rgb_uniform_25/mini
Area: sunset
Feature Method: wst
K Features: 20
Output: /home/brusc/Projects/random_forest/experiments_organized/uniform_output/dataset_rgb_uniform_25/sunset/mini/k20/wst
N Estimators: 3
================================================================================
Loading images from sunset area...
Found classes in sunset: ['garden', 'low_veg', 'trees']
Loading 5 images from sunset/garden
Loading 5 images from sunset/low_veg
Loading 5 images from sunset/trees
Loaded 15 images with 3 classes
Classes: [np.str_('garden'), np.str_('low_veg'), np.str_('trees')]
Image shape: (3, 128, 128)
Extracting wst features...
Feature matrix shape: (15, 486)
Applying SelectKBest feature selection (k=20)...
Selected features: ['R_wst_mean_2', 'R_wst_mean_10', 'R_wst_mean_11', 'R_wst_mean_12', 'R_wst_mean_13', 'R_wst_std_0', 'R_wst_std_11', 'R_wst_std_12', 'R_wst_std_13', 'G_wst_mean_4', 'G_wst_mean_9', 'G_wst_mean_10', 'G_wst_mean_11', 'G_wst_mean_12', 'G_wst_mean_13', 'G_wst_std_10', 'G_wst_std_11', 'G_wst_std_12', 'B_wst_mean_14', 'B_wst_std_14']
Feature scores: [0.81177397 0.89468161 0.90926074 0.97592741 0.93148296 0.83822899
 1.03267344 0.90399785 0.82579273 0.92370518 0.88695915 0.97592741
 1.03822899 0.95023717 0.86690384 0.92037185 1.01203852 0.90579273
 0.83418137 0.83626892]
Training final Random Forest model...
Saving model and artifacts...
Saved trained model: /home/brusc/Projects/random_forest/experiments_organized/uniform_output/dataset_rgb_uniform_25/sunset/mini/k20/wst/trained_model.joblib
Saved scaler: /home/brusc/Projects/random_forest/experiments_organized/uniform_output/dataset_rgb_uniform_25/sunset/mini/k20/wst/scaler.joblib
Saved feature selector: /home/brusc/Projects/random_forest/experiments_organized/uniform_output/dataset_rgb_uniform_25/sunset/mini/k20/wst/feature_selector.joblib
Saved feature information: /home/brusc/Projects/random_forest/experiments_organized/uniform_output/dataset_rgb_uniform_25/sunset/mini/k20/wst/feature_names.json
Saved experiment report: /home/brusc/Projects/random_forest/experiments_organized/uniform_output/dataset_rgb_uniform_25/sunset/mini/k20/wst/experiment_report_with_model.json
Saved usage instructions: /home/brusc/Projects/random_forest/experiments_organized/uniform_output/dataset_rgb_uniform_25/sunset/mini/k20/wst/model_usage_instructions.md

================================================================================
TRAINING COMPLETED SUCCESSFULLY
================================================================================
Area: sunset
Dataset: /home/brusc/Projects/random_forest/datasets/dataset_rgb_uniform_25/mini
Feature method: wst
Total images: 15
Classes: ['garden', 'low_veg', 'trees']
Original features: 486
Selected features: 20
N estimators: 3

PERFORMANCE RESULTS:
Test Accuracy: 1.0000
CV Accuracy: 0.9333 ± 0.1333

Top 20 selected features:
  1. R_wst_mean_2: 0.8118
  2. R_wst_mean_10: 0.8947
  3. R_wst_mean_11: 0.9093
  4. R_wst_mean_12: 0.9759
  5. R_wst_mean_13: 0.9315
  6. R_wst_std_0: 0.8382
  7. R_wst_std_11: 1.0327
  8. R_wst_std_12: 0.9040
  9. R_wst_std_13: 0.8258
  10. G_wst_mean_4: 0.9237
  11. G_wst_mean_9: 0.8870
  12. G_wst_mean_10: 0.9759
  13. G_wst_mean_11: 1.0382
  14. G_wst_mean_12: 0.9502
  15. G_wst_mean_13: 0.8669
  16. G_wst_std_10: 0.9204
  17. G_wst_std_11: 1.0120
  18. G_wst_std_12: 0.9058
  19. B_wst_mean_14: 0.8342
  20. B_wst_std_14: 0.8363

Model and artifacts saved to: /home/brusc/Projects/random_forest/experiments_organized/uniform_output/dataset_rgb_uniform_25/sunset/mini/k20/wst
================================================================================
