================================================================================
CONFIGURABLE RANDOM FOREST TRAINING SCRIPT
Dataset: /home/brusc/Projects/random_forest/datasets/dataset_rgb_uniform_25/original
Area: popolar
Feature Method: wst
K Features: 20
Output: /home/brusc/Projects/random_forest/experiments_organized/uniform_output/dataset_rgb_uniform_25/popolar/original/k20/wst
N Estimators: 50
================================================================================
Loading images from popolar area...
Found classes in popolar: ['low_veg', 'trees', 'water']
Loading 41 images from popolar/low_veg
Loading 40 images from popolar/trees
Loading 40 images from popolar/water
Loaded 121 images with 3 classes
Classes: [np.str_('low_veg'), np.str_('trees'), np.str_('water')]
Image shape: (3, 128, 128)
Extracting wst features...
Feature matrix shape: (121, 486)
Applying SelectKBest feature selection (k=20)...
Selected features: ['R_wst_mean_0', 'R_wst_mean_9', 'R_wst_mean_10', 'R_wst_mean_14', 'R_wst_mean_15', 'R_wst_mean_16', 'R_wst_std_0', 'R_wst_std_14', 'G_wst_mean_4', 'G_wst_mean_6', 'G_wst_mean_7', 'G_wst_mean_9', 'G_wst_mean_10', 'G_wst_mean_14', 'G_wst_mean_15', 'G_wst_mean_16', 'G_wst_std_0', 'B_wst_mean_0', 'B_wst_mean_9', 'B_wst_std_0']
Feature scores: [0.83908407 0.80940349 0.81579881 0.72624825 0.82015826 0.83377075
 0.9534815  0.73467528 0.71646465 0.7473982  0.73083361 0.83513918
 0.77145066 0.75593321 0.77375628 0.89080156 0.95687278 0.90097359
 0.71881773 0.87773146]
Training final Random Forest model...
Saving model and artifacts...
Saved trained model: /home/brusc/Projects/random_forest/experiments_organized/uniform_output/dataset_rgb_uniform_25/popolar/original/k20/wst/trained_model.joblib
Saved scaler: /home/brusc/Projects/random_forest/experiments_organized/uniform_output/dataset_rgb_uniform_25/popolar/original/k20/wst/scaler.joblib
Saved feature selector: /home/brusc/Projects/random_forest/experiments_organized/uniform_output/dataset_rgb_uniform_25/popolar/original/k20/wst/feature_selector.joblib
Saved feature information: /home/brusc/Projects/random_forest/experiments_organized/uniform_output/dataset_rgb_uniform_25/popolar/original/k20/wst/feature_names.json
Saved experiment report: /home/brusc/Projects/random_forest/experiments_organized/uniform_output/dataset_rgb_uniform_25/popolar/original/k20/wst/experiment_report_with_model.json
Saved usage instructions: /home/brusc/Projects/random_forest/experiments_organized/uniform_output/dataset_rgb_uniform_25/popolar/original/k20/wst/model_usage_instructions.md

================================================================================
TRAINING COMPLETED SUCCESSFULLY
================================================================================
Area: popolar
Dataset: /home/brusc/Projects/random_forest/datasets/dataset_rgb_uniform_25/original
Feature method: wst
Total images: 121
Classes: ['low_veg', 'trees', 'water']
Original features: 486
Selected features: 20
N estimators: 50

PERFORMANCE RESULTS:
Test Accuracy: 0.9200
CV Accuracy: 0.9833 ± 0.0333

Top 20 selected features:
  1. R_wst_mean_0: 0.8391
  2. R_wst_mean_9: 0.8094
  3. R_wst_mean_10: 0.8158
  4. R_wst_mean_14: 0.7262
  5. R_wst_mean_15: 0.8202
  6. R_wst_mean_16: 0.8338
  7. R_wst_std_0: 0.9535
  8. R_wst_std_14: 0.7347
  9. G_wst_mean_4: 0.7165
  10. G_wst_mean_6: 0.7474
  11. G_wst_mean_7: 0.7308
  12. G_wst_mean_9: 0.8351
  13. G_wst_mean_10: 0.7715
  14. G_wst_mean_14: 0.7559
  15. G_wst_mean_15: 0.7738
  16. G_wst_mean_16: 0.8908
  17. G_wst_std_0: 0.9569
  18. B_wst_mean_0: 0.9010
  19. B_wst_mean_9: 0.7188
  20. B_wst_std_0: 0.8777

Model and artifacts saved to: /home/brusc/Projects/random_forest/experiments_organized/uniform_output/dataset_rgb_uniform_25/popolar/original/k20/wst
================================================================================
