================================================================================
CONFIGURABLE RANDOM FOREST TRAINING SCRIPT
Dataset: /home/brusc/Projects/random_forest/datasets/dataset_rgb_uniform_10/small
Area: popolar
Feature Method: hybrid
K Features: 10
Output: /home/brusc/Projects/random_forest/experiments_organized/uniform_output/dataset_rgb_uniform_10/popolar/small/k10/hybrid
N Estimators: 10
================================================================================
Loading images from popolar area...
Found classes in popolar: ['low_veg', 'trees', 'water']
Loading 15 images from popolar/low_veg
Loading 15 images from popolar/trees
Loading 15 images from popolar/water
Loaded 45 images with 3 classes
Classes: [np.str_('low_veg'), np.str_('trees'), np.str_('water')]
Image shape: (3, 128, 128)
Extracting hybrid features...
Feature matrix shape: (45, 540)
Applying SelectKBest feature selection (k=10)...
Selected features: ['R_min', 'R_iqr', 'R_mad', 'G_min', 'G_range', 'G_iqr', 'G_mad', 'B_min', 'B_cv', 'B_p10']
Feature scores: [1.01755383 1.08200131 1.04301542 1.06324758 1.06038811 1.0662774
 1.07206304 1.04852977 1.03849963 0.99580546]
Training final Random Forest model...
Saving model and artifacts...
Saved trained model: /home/brusc/Projects/random_forest/experiments_organized/uniform_output/dataset_rgb_uniform_10/popolar/small/k10/hybrid/trained_model.joblib
Saved scaler: /home/brusc/Projects/random_forest/experiments_organized/uniform_output/dataset_rgb_uniform_10/popolar/small/k10/hybrid/scaler.joblib
Saved feature selector: /home/brusc/Projects/random_forest/experiments_organized/uniform_output/dataset_rgb_uniform_10/popolar/small/k10/hybrid/feature_selector.joblib
Saved feature information: /home/brusc/Projects/random_forest/experiments_organized/uniform_output/dataset_rgb_uniform_10/popolar/small/k10/hybrid/feature_names.json
Saved experiment report: /home/brusc/Projects/random_forest/experiments_organized/uniform_output/dataset_rgb_uniform_10/popolar/small/k10/hybrid/experiment_report_with_model.json
Saved usage instructions: /home/brusc/Projects/random_forest/experiments_organized/uniform_output/dataset_rgb_uniform_10/popolar/small/k10/hybrid/model_usage_instructions.md

================================================================================
TRAINING COMPLETED SUCCESSFULLY
================================================================================
Area: popolar
Dataset: /home/brusc/Projects/random_forest/datasets/dataset_rgb_uniform_10/small
Feature method: hybrid
Total images: 45
Classes: ['low_veg', 'trees', 'water']
Original features: 540
Selected features: 10
N estimators: 10

PERFORMANCE RESULTS:
Test Accuracy: 0.8889
CV Accuracy: 1.0000 ± 0.0000

Top 10 selected features:
  1. R_min: 1.0176
  2. R_iqr: 1.0820
  3. R_mad: 1.0430
  4. G_min: 1.0632
  5. G_range: 1.0604
  6. G_iqr: 1.0663
  7. G_mad: 1.0721
  8. B_min: 1.0485
  9. B_cv: 1.0385
  10. B_p10: 0.9958

Model and artifacts saved to: /home/brusc/Projects/random_forest/experiments_organized/uniform_output/dataset_rgb_uniform_10/popolar/small/k10/hybrid
================================================================================
