================================================================================
CONFIGURABLE RANDOM FOREST TRAINING SCRIPT
Dataset: /home/brusc/Projects/random_forest/datasets/dataset_rgb_uniform_40/original
Area: sunset
Feature Method: advanced_stats
K Features: 10
Output: /home/brusc/Projects/random_forest/experiments_organized/uniform_output/dataset_rgb_uniform_40/sunset/original/k10/advanced_stats
N Estimators: 50
================================================================================
Loading images from sunset area...
Found classes in sunset: ['garden', 'low_veg', 'trees']
Loading 40 images from sunset/garden
Loading 40 images from sunset/low_veg
Loading 40 images from sunset/trees
Loaded 120 images with 3 classes
Classes: [np.str_('garden'), np.str_('low_veg'), np.str_('trees')]
Image shape: (3, 128, 128)
Extracting advanced_stats features...
Feature matrix shape: (120, 54)
Applying SelectKBest feature selection (k=10)...
Selected features: ['R_std', 'R_var', 'R_iqr', 'R_mad', 'G_kurt', 'G_iqr', 'G_mad', 'G_grad_mean', 'B_skew', 'B_kurt']
Feature scores: [0.81956396 0.82030044 0.82571663 0.79930381 0.70445616 0.68432723
 0.73843849 0.79016127 0.74000719 0.77391233]
Training final Random Forest model...
Saving model and artifacts...
Saved trained model: /home/brusc/Projects/random_forest/experiments_organized/uniform_output/dataset_rgb_uniform_40/sunset/original/k10/advanced_stats/trained_model.joblib
Saved scaler: /home/brusc/Projects/random_forest/experiments_organized/uniform_output/dataset_rgb_uniform_40/sunset/original/k10/advanced_stats/scaler.joblib
Saved feature selector: /home/brusc/Projects/random_forest/experiments_organized/uniform_output/dataset_rgb_uniform_40/sunset/original/k10/advanced_stats/feature_selector.joblib
Saved feature information: /home/brusc/Projects/random_forest/experiments_organized/uniform_output/dataset_rgb_uniform_40/sunset/original/k10/advanced_stats/feature_names.json
Saved experiment report: /home/brusc/Projects/random_forest/experiments_organized/uniform_output/dataset_rgb_uniform_40/sunset/original/k10/advanced_stats/experiment_report_with_model.json
Saved usage instructions: /home/brusc/Projects/random_forest/experiments_organized/uniform_output/dataset_rgb_uniform_40/sunset/original/k10/advanced_stats/model_usage_instructions.md

================================================================================
TRAINING COMPLETED SUCCESSFULLY
================================================================================
Area: sunset
Dataset: /home/brusc/Projects/random_forest/datasets/dataset_rgb_uniform_40/original
Feature method: advanced_stats
Total images: 120
Classes: ['garden', 'low_veg', 'trees']
Original features: 54
Selected features: 10
N estimators: 50

PERFORMANCE RESULTS:
Test Accuracy: 1.0000
CV Accuracy: 0.9833 ± 0.0333

Top 10 selected features:
  1. R_std: 0.8196
  2. R_var: 0.8203
  3. R_iqr: 0.8257
  4. R_mad: 0.7993
  5. G_kurt: 0.7045
  6. G_iqr: 0.6843
  7. G_mad: 0.7384
  8. G_grad_mean: 0.7902
  9. B_skew: 0.7400
  10. B_kurt: 0.7739

Model and artifacts saved to: /home/brusc/Projects/random_forest/experiments_organized/uniform_output/dataset_rgb_uniform_40/sunset/original/k10/advanced_stats
================================================================================
