================================================================================
CONFIGURABLE RANDOM FOREST TRAINING SCRIPT
Dataset: /home/brusc/Projects/random_forest/datasets/dataset_rgb_uniform_25/mini
Area: sunset
Feature Method: hybrid
K Features: 10
Output: /home/brusc/Projects/random_forest/experiments_organized/uniform_output/dataset_rgb_uniform_25/sunset/mini/k10/hybrid
N Estimators: 3
================================================================================
Loading images from sunset area...
Found classes in sunset: ['garden', 'low_veg', 'trees']
Loading 5 images from sunset/garden
Loading 5 images from sunset/low_veg
Loading 5 images from sunset/trees
Loaded 15 images with 3 classes
Classes: [np.str_('garden'), np.str_('low_veg'), np.str_('trees')]
Image shape: (3, 128, 128)
Extracting hybrid features...
Feature matrix shape: (15, 540)
Applying SelectKBest feature selection (k=10)...
Selected features: ['R_grad_mean', 'G_grad_mean', 'R_wst_mean_11', 'R_wst_mean_12', 'R_wst_mean_13', 'R_wst_std_11', 'G_wst_mean_10', 'G_wst_mean_11', 'G_wst_std_10', 'G_wst_std_11']
Feature scores: [1.05711788 1.01600677 0.93148296 0.95370518 1.02037185 1.0493401
 0.99814963 1.03426074 0.92870518 0.99814963]
Training final Random Forest model...
Saving model and artifacts...
Saved trained model: /home/brusc/Projects/random_forest/experiments_organized/uniform_output/dataset_rgb_uniform_25/sunset/mini/k10/hybrid/trained_model.joblib
Saved scaler: /home/brusc/Projects/random_forest/experiments_organized/uniform_output/dataset_rgb_uniform_25/sunset/mini/k10/hybrid/scaler.joblib
Saved feature selector: /home/brusc/Projects/random_forest/experiments_organized/uniform_output/dataset_rgb_uniform_25/sunset/mini/k10/hybrid/feature_selector.joblib
Saved feature information: /home/brusc/Projects/random_forest/experiments_organized/uniform_output/dataset_rgb_uniform_25/sunset/mini/k10/hybrid/feature_names.json
Saved experiment report: /home/brusc/Projects/random_forest/experiments_organized/uniform_output/dataset_rgb_uniform_25/sunset/mini/k10/hybrid/experiment_report_with_model.json
Saved usage instructions: /home/brusc/Projects/random_forest/experiments_organized/uniform_output/dataset_rgb_uniform_25/sunset/mini/k10/hybrid/model_usage_instructions.md

================================================================================
TRAINING COMPLETED SUCCESSFULLY
================================================================================
Area: sunset
Dataset: /home/brusc/Projects/random_forest/datasets/dataset_rgb_uniform_25/mini
Feature method: hybrid
Total images: 15
Classes: ['garden', 'low_veg', 'trees']
Original features: 540
Selected features: 10
N estimators: 3

PERFORMANCE RESULTS:
Test Accuracy: 1.0000
CV Accuracy: 0.8667 ± 0.1633

Top 10 selected features:
  1. R_grad_mean: 1.0571
  2. G_grad_mean: 1.0160
  3. R_wst_mean_11: 0.9315
  4. R_wst_mean_12: 0.9537
  5. R_wst_mean_13: 1.0204
  6. R_wst_std_11: 1.0493
  7. G_wst_mean_10: 0.9981
  8. G_wst_mean_11: 1.0343
  9. G_wst_std_10: 0.9287
  10. G_wst_std_11: 0.9981

Model and artifacts saved to: /home/brusc/Projects/random_forest/experiments_organized/uniform_output/dataset_rgb_uniform_25/sunset/mini/k10/hybrid
================================================================================
