================================================================================
CONFIGURABLE RANDOM FOREST TRAINING SCRIPT
Dataset: /home/brusc/Projects/random_forest/datasets/dataset_rgb_uniform_25/original
Area: assatigue
Feature Method: wst
K Features: 10
Output: /home/brusc/Projects/random_forest/experiments_organized/uniform_output/dataset_rgb_uniform_25/assatigue/original/k10/wst
N Estimators: 50
================================================================================
Loading images from assatigue area...
Found classes in assatigue: ['low_veg', 'trees', 'water']
Loading 40 images from assatigue/low_veg
Loading 36 images from assatigue/trees
Loading 40 images from assatigue/water
Loaded 116 images with 3 classes
Classes: [np.str_('low_veg'), np.str_('trees'), np.str_('water')]
Image shape: (3, 128, 128)
Extracting wst features...
Feature matrix shape: (116, 486)
Applying SelectKBest feature selection (k=10)...
Selected features: ['R_wst_mean_10', 'R_wst_mean_13', 'R_wst_mean_14', 'R_wst_mean_15', 'R_wst_std_0', 'G_wst_mean_10', 'G_wst_mean_13', 'G_wst_mean_14', 'G_wst_mean_15', 'G_wst_std_0']
Feature scores: [0.80169865 0.82165367 0.81086769 0.86837533 0.85987282 0.79386281
 0.80799347 0.85731046 0.85822013 0.89508795]
Training final Random Forest model...
Saving model and artifacts...
Saved trained model: /home/brusc/Projects/random_forest/experiments_organized/uniform_output/dataset_rgb_uniform_25/assatigue/original/k10/wst/trained_model.joblib
Saved scaler: /home/brusc/Projects/random_forest/experiments_organized/uniform_output/dataset_rgb_uniform_25/assatigue/original/k10/wst/scaler.joblib
Saved feature selector: /home/brusc/Projects/random_forest/experiments_organized/uniform_output/dataset_rgb_uniform_25/assatigue/original/k10/wst/feature_selector.joblib
Saved feature information: /home/brusc/Projects/random_forest/experiments_organized/uniform_output/dataset_rgb_uniform_25/assatigue/original/k10/wst/feature_names.json
Saved experiment report: /home/brusc/Projects/random_forest/experiments_organized/uniform_output/dataset_rgb_uniform_25/assatigue/original/k10/wst/experiment_report_with_model.json
Saved usage instructions: /home/brusc/Projects/random_forest/experiments_organized/uniform_output/dataset_rgb_uniform_25/assatigue/original/k10/wst/model_usage_instructions.md

================================================================================
TRAINING COMPLETED SUCCESSFULLY
================================================================================
Area: assatigue
Dataset: /home/brusc/Projects/random_forest/datasets/dataset_rgb_uniform_25/original
Feature method: wst
Total images: 116
Classes: ['low_veg', 'water', 'trees']
Original features: 486
Selected features: 10
N estimators: 50

PERFORMANCE RESULTS:
Test Accuracy: 1.0000
CV Accuracy: 0.9569 ± 0.0476

Top 10 selected features:
  1. R_wst_mean_10: 0.8017
  2. R_wst_mean_13: 0.8217
  3. R_wst_mean_14: 0.8109
  4. R_wst_mean_15: 0.8684
  5. R_wst_std_0: 0.8599
  6. G_wst_mean_10: 0.7939
  7. G_wst_mean_13: 0.8080
  8. G_wst_mean_14: 0.8573
  9. G_wst_mean_15: 0.8582
  10. G_wst_std_0: 0.8951

Model and artifacts saved to: /home/brusc/Projects/random_forest/experiments_organized/uniform_output/dataset_rgb_uniform_25/assatigue/original/k10/wst
================================================================================
