================================================================================
CONFIGURABLE RANDOM FOREST TRAINING SCRIPT
Dataset: /home/brusc/Projects/random_forest/datasets/dataset_rgb_uniform_40/small
Area: assatigue
Feature Method: wst
K Features: 10
Output: /home/brusc/Projects/random_forest/experiments_organized/uniform_output/dataset_rgb_uniform_40/assatigue/small/k10/wst
N Estimators: 10
================================================================================
Loading images from assatigue area...
Found classes in assatigue: ['low_veg', 'trees', 'water']
Loading 15 images from assatigue/low_veg
Loading 15 images from assatigue/trees
Loading 15 images from assatigue/water
Loaded 45 images with 3 classes
Classes: [np.str_('low_veg'), np.str_('trees'), np.str_('water')]
Image shape: (3, 128, 128)
Extracting wst features...
Feature matrix shape: (45, 486)
Applying SelectKBest feature selection (k=10)...
Selected features: ['R_wst_mean_14', 'R_wst_mean_15', 'R_wst_std_0', 'G_wst_mean_12', 'G_wst_mean_14', 'G_wst_mean_15', 'G_wst_std_0', 'G_wst_std_12', 'G_wst_std_13', 'G_wst_std_14']
Feature scores: [0.75357073 0.84206522 0.9006747  0.7643029  0.96507298 0.76419054
 0.85225599 0.75279471 0.75844012 0.75018584]
Training final Random Forest model...
Saving model and artifacts...
Saved trained model: /home/brusc/Projects/random_forest/experiments_organized/uniform_output/dataset_rgb_uniform_40/assatigue/small/k10/wst/trained_model.joblib
Saved scaler: /home/brusc/Projects/random_forest/experiments_organized/uniform_output/dataset_rgb_uniform_40/assatigue/small/k10/wst/scaler.joblib
Saved feature selector: /home/brusc/Projects/random_forest/experiments_organized/uniform_output/dataset_rgb_uniform_40/assatigue/small/k10/wst/feature_selector.joblib
Saved feature information: /home/brusc/Projects/random_forest/experiments_organized/uniform_output/dataset_rgb_uniform_40/assatigue/small/k10/wst/feature_names.json
Saved experiment report: /home/brusc/Projects/random_forest/experiments_organized/uniform_output/dataset_rgb_uniform_40/assatigue/small/k10/wst/experiment_report_with_model.json
Saved usage instructions: /home/brusc/Projects/random_forest/experiments_organized/uniform_output/dataset_rgb_uniform_40/assatigue/small/k10/wst/model_usage_instructions.md

================================================================================
TRAINING COMPLETED SUCCESSFULLY
================================================================================
Area: assatigue
Dataset: /home/brusc/Projects/random_forest/datasets/dataset_rgb_uniform_40/small
Feature method: wst
Total images: 45
Classes: ['low_veg', 'trees', 'water']
Original features: 486
Selected features: 10
N estimators: 10

PERFORMANCE RESULTS:
Test Accuracy: 1.0000
CV Accuracy: 0.9556 ± 0.0544

Top 10 selected features:
  1. R_wst_mean_14: 0.7536
  2. R_wst_mean_15: 0.8421
  3. R_wst_std_0: 0.9007
  4. G_wst_mean_12: 0.7643
  5. G_wst_mean_14: 0.9651
  6. G_wst_mean_15: 0.7642
  7. G_wst_std_0: 0.8523
  8. G_wst_std_12: 0.7528
  9. G_wst_std_13: 0.7584
  10. G_wst_std_14: 0.7502

Model and artifacts saved to: /home/brusc/Projects/random_forest/experiments_organized/uniform_output/dataset_rgb_uniform_40/assatigue/small/k10/wst
================================================================================
