================================================================================
CONFIGURABLE RANDOM FOREST TRAINING SCRIPT
Dataset: /home/brusc/Projects/random_forest/datasets/dataset_rgb_uniform_10/mini
Area: popolar
Feature Method: wst
K Features: 20
Output: /home/brusc/Projects/random_forest/experiments_organized/uniform_output/dataset_rgb_uniform_10/popolar/mini/k20/wst
N Estimators: 3
================================================================================
Loading images from popolar area...
Found classes in popolar: ['low_veg', 'trees', 'water']
Loading 5 images from popolar/low_veg
Loading 5 images from popolar/trees
Loading 5 images from popolar/water
Loaded 15 images with 3 classes
Classes: [np.str_('low_veg'), np.str_('trees'), np.str_('water')]
Image shape: (3, 128, 128)
Extracting wst features...
Feature matrix shape: (15, 486)
Applying SelectKBest feature selection (k=20)...
Selected features: ['R_wst_mean_0', 'R_wst_mean_1', 'R_wst_mean_5', 'R_wst_mean_6', 'R_wst_mean_8', 'R_wst_mean_10', 'R_wst_mean_11', 'R_wst_mean_14', 'R_wst_mean_15', 'R_wst_mean_60', 'R_wst_mean_61', 'R_wst_std_0', 'G_wst_mean_5', 'G_wst_mean_10', 'G_wst_mean_15', 'G_wst_mean_16', 'G_wst_mean_53', 'G_wst_std_0', 'G_wst_std_30', 'B_wst_mean_0']
Feature scores: [0.85238003 0.76023717 0.80759407 0.76584804 0.73386151 0.79600677
 0.75362582 0.80521312 0.8614036  0.73621841 0.87963111 0.8593401
 0.81751471 0.79489566 0.86973693 0.7735705  0.74981629 0.87267344
 0.7478009  0.92037185]
Training final Random Forest model...
Saving model and artifacts...
Saved trained model: /home/brusc/Projects/random_forest/experiments_organized/uniform_output/dataset_rgb_uniform_10/popolar/mini/k20/wst/trained_model.joblib
Saved scaler: /home/brusc/Projects/random_forest/experiments_organized/uniform_output/dataset_rgb_uniform_10/popolar/mini/k20/wst/scaler.joblib
Saved feature selector: /home/brusc/Projects/random_forest/experiments_organized/uniform_output/dataset_rgb_uniform_10/popolar/mini/k20/wst/feature_selector.joblib
Saved feature information: /home/brusc/Projects/random_forest/experiments_organized/uniform_output/dataset_rgb_uniform_10/popolar/mini/k20/wst/feature_names.json
Saved experiment report: /home/brusc/Projects/random_forest/experiments_organized/uniform_output/dataset_rgb_uniform_10/popolar/mini/k20/wst/experiment_report_with_model.json
Saved usage instructions: /home/brusc/Projects/random_forest/experiments_organized/uniform_output/dataset_rgb_uniform_10/popolar/mini/k20/wst/model_usage_instructions.md

================================================================================
TRAINING COMPLETED SUCCESSFULLY
================================================================================
Area: popolar
Dataset: /home/brusc/Projects/random_forest/datasets/dataset_rgb_uniform_10/mini
Feature method: wst
Total images: 15
Classes: ['low_veg', 'trees', 'water']
Original features: 486
Selected features: 20
N estimators: 3

PERFORMANCE RESULTS:
Test Accuracy: 0.6667
CV Accuracy: 0.8667 ± 0.1633

Top 20 selected features:
  1. R_wst_mean_0: 0.8524
  2. R_wst_mean_1: 0.7602
  3. R_wst_mean_5: 0.8076
  4. R_wst_mean_6: 0.7658
  5. R_wst_mean_8: 0.7339
  6. R_wst_mean_10: 0.7960
  7. R_wst_mean_11: 0.7536
  8. R_wst_mean_14: 0.8052
  9. R_wst_mean_15: 0.8614
  10. R_wst_mean_60: 0.7362
  11. R_wst_mean_61: 0.8796
  12. R_wst_std_0: 0.8593
  13. G_wst_mean_5: 0.8175
  14. G_wst_mean_10: 0.7949
  15. G_wst_mean_15: 0.8697
  16. G_wst_mean_16: 0.7736
  17. G_wst_mean_53: 0.7498
  18. G_wst_std_0: 0.8727
  19. G_wst_std_30: 0.7478
  20. B_wst_mean_0: 0.9204

Model and artifacts saved to: /home/brusc/Projects/random_forest/experiments_organized/uniform_output/dataset_rgb_uniform_10/popolar/mini/k20/wst
================================================================================
