================================================================================
CONFIGURABLE RANDOM FOREST TRAINING SCRIPT
Dataset: /home/brusc/Projects/random_forest/datasets/dataset_rgb_uniform_25/original
Area: assatigue
Feature Method: hybrid
K Features: 20
Output: /home/brusc/Projects/random_forest/experiments_organized/uniform_output/dataset_rgb_uniform_25/assatigue/original/k20/hybrid
N Estimators: 50
================================================================================
Loading images from assatigue area...
Found classes in assatigue: ['low_veg', 'trees', 'water']
Loading 40 images from assatigue/low_veg
Loading 36 images from assatigue/trees
Loading 40 images from assatigue/water
Loaded 116 images with 3 classes
Classes: [np.str_('low_veg'), np.str_('trees'), np.str_('water')]
Image shape: (3, 128, 128)
Extracting hybrid features...
Feature matrix shape: (116, 540)
Applying SelectKBest feature selection (k=20)...
Selected features: ['R_std', 'R_var', 'R_min', 'R_cv', 'R_iqr', 'R_mad', 'G_std', 'G_var', 'G_min', 'G_range', 'G_cv', 'G_iqr', 'G_mad', 'G_grad_mean', 'B_min', 'B_cv', 'R_wst_mean_15', 'R_wst_std_0', 'G_wst_mean_15', 'G_wst_std_0']
Feature scores: [0.91404261 0.90891676 1.03629901 0.89116823 0.86911821 0.9326179
 0.92171078 0.92167486 1.02373077 0.9469163  0.90838044 0.88216348
 0.959831   0.86184988 0.95965273 0.86296806 0.86837533 0.85987282
 0.85822013 0.89508795]
Training final Random Forest model...
Saving model and artifacts...
Saved trained model: /home/brusc/Projects/random_forest/experiments_organized/uniform_output/dataset_rgb_uniform_25/assatigue/original/k20/hybrid/trained_model.joblib
Saved scaler: /home/brusc/Projects/random_forest/experiments_organized/uniform_output/dataset_rgb_uniform_25/assatigue/original/k20/hybrid/scaler.joblib
Saved feature selector: /home/brusc/Projects/random_forest/experiments_organized/uniform_output/dataset_rgb_uniform_25/assatigue/original/k20/hybrid/feature_selector.joblib
Saved feature information: /home/brusc/Projects/random_forest/experiments_organized/uniform_output/dataset_rgb_uniform_25/assatigue/original/k20/hybrid/feature_names.json
Saved experiment report: /home/brusc/Projects/random_forest/experiments_organized/uniform_output/dataset_rgb_uniform_25/assatigue/original/k20/hybrid/experiment_report_with_model.json
Saved usage instructions: /home/brusc/Projects/random_forest/experiments_organized/uniform_output/dataset_rgb_uniform_25/assatigue/original/k20/hybrid/model_usage_instructions.md

================================================================================
TRAINING COMPLETED SUCCESSFULLY
================================================================================
Area: assatigue
Dataset: /home/brusc/Projects/random_forest/datasets/dataset_rgb_uniform_25/original
Feature method: hybrid
Total images: 116
Classes: ['low_veg', 'water', 'trees']
Original features: 540
Selected features: 20
N estimators: 50

PERFORMANCE RESULTS:
Test Accuracy: 1.0000
CV Accuracy: 0.9913 ± 0.0174

Top 20 selected features:
  1. R_std: 0.9140
  2. R_var: 0.9089
  3. R_min: 1.0363
  4. R_cv: 0.8912
  5. R_iqr: 0.8691
  6. R_mad: 0.9326
  7. G_std: 0.9217
  8. G_var: 0.9217
  9. G_min: 1.0237
  10. G_range: 0.9469
  11. G_cv: 0.9084
  12. G_iqr: 0.8822
  13. G_mad: 0.9598
  14. G_grad_mean: 0.8618
  15. B_min: 0.9597
  16. B_cv: 0.8630
  17. R_wst_mean_15: 0.8684
  18. R_wst_std_0: 0.8599
  19. G_wst_mean_15: 0.8582
  20. G_wst_std_0: 0.8951

Model and artifacts saved to: /home/brusc/Projects/random_forest/experiments_organized/uniform_output/dataset_rgb_uniform_25/assatigue/original/k20/hybrid
================================================================================
