================================================================================
CONFIGURABLE RANDOM FOREST TRAINING SCRIPT
Dataset: /home/brusc/Projects/random_forest/datasets/dataset_rgb_uniform_40/original
Area: sunset
Feature Method: wst
K Features: 20
Output: /home/brusc/Projects/random_forest/experiments_organized/uniform_output/dataset_rgb_uniform_40/sunset/original/k20/wst
N Estimators: 50
================================================================================
Loading images from sunset area...
Found classes in sunset: ['garden', 'low_veg', 'trees']
Loading 40 images from sunset/garden
Loading 40 images from sunset/low_veg
Loading 40 images from sunset/trees
Loaded 120 images with 3 classes
Classes: [np.str_('garden'), np.str_('low_veg'), np.str_('trees')]
Image shape: (3, 128, 128)
Extracting wst features...
Feature matrix shape: (120, 486)
Applying SelectKBest feature selection (k=20)...
Selected features: ['R_wst_mean_10', 'R_wst_mean_11', 'R_wst_mean_12', 'R_wst_mean_13', 'R_wst_mean_15', 'R_wst_std_0', 'R_wst_std_11', 'R_wst_std_13', 'G_wst_mean_10', 'G_wst_mean_11', 'G_wst_mean_12', 'G_wst_mean_13', 'G_wst_mean_14', 'G_wst_mean_15', 'G_wst_std_0', 'G_wst_std_11', 'G_wst_std_12', 'G_wst_std_13', 'B_wst_mean_0', 'B_wst_mean_11']
Feature scores: [0.688167   0.78082523 0.74241386 0.83458068 0.66621946 0.84368195
 0.74346303 0.71435608 0.74756078 0.83080627 0.83312797 0.87590274
 0.7621169  0.6780864  0.70891642 0.68978684 0.70215683 0.73411754
 0.67418799 0.71841586]
Training final Random Forest model...
Saving model and artifacts...
Saved trained model: /home/brusc/Projects/random_forest/experiments_organized/uniform_output/dataset_rgb_uniform_40/sunset/original/k20/wst/trained_model.joblib
Saved scaler: /home/brusc/Projects/random_forest/experiments_organized/uniform_output/dataset_rgb_uniform_40/sunset/original/k20/wst/scaler.joblib
Saved feature selector: /home/brusc/Projects/random_forest/experiments_organized/uniform_output/dataset_rgb_uniform_40/sunset/original/k20/wst/feature_selector.joblib
Saved feature information: /home/brusc/Projects/random_forest/experiments_organized/uniform_output/dataset_rgb_uniform_40/sunset/original/k20/wst/feature_names.json
Saved experiment report: /home/brusc/Projects/random_forest/experiments_organized/uniform_output/dataset_rgb_uniform_40/sunset/original/k20/wst/experiment_report_with_model.json
Saved usage instructions: /home/brusc/Projects/random_forest/experiments_organized/uniform_output/dataset_rgb_uniform_40/sunset/original/k20/wst/model_usage_instructions.md

================================================================================
TRAINING COMPLETED SUCCESSFULLY
================================================================================
Area: sunset
Dataset: /home/brusc/Projects/random_forest/datasets/dataset_rgb_uniform_40/original
Feature method: wst
Total images: 120
Classes: ['garden', 'low_veg', 'trees']
Original features: 486
Selected features: 20
N estimators: 50

PERFORMANCE RESULTS:
Test Accuracy: 1.0000
CV Accuracy: 0.9833 ± 0.0333

Top 20 selected features:
  1. R_wst_mean_10: 0.6882
  2. R_wst_mean_11: 0.7808
  3. R_wst_mean_12: 0.7424
  4. R_wst_mean_13: 0.8346
  5. R_wst_mean_15: 0.6662
  6. R_wst_std_0: 0.8437
  7. R_wst_std_11: 0.7435
  8. R_wst_std_13: 0.7144
  9. G_wst_mean_10: 0.7476
  10. G_wst_mean_11: 0.8308
  11. G_wst_mean_12: 0.8331
  12. G_wst_mean_13: 0.8759
  13. G_wst_mean_14: 0.7621
  14. G_wst_mean_15: 0.6781
  15. G_wst_std_0: 0.7089
  16. G_wst_std_11: 0.6898
  17. G_wst_std_12: 0.7022
  18. G_wst_std_13: 0.7341
  19. B_wst_mean_0: 0.6742
  20. B_wst_mean_11: 0.7184

Model and artifacts saved to: /home/brusc/Projects/random_forest/experiments_organized/uniform_output/dataset_rgb_uniform_40/sunset/original/k20/wst
================================================================================
