================================================================================
CONFIGURABLE RANDOM FOREST TRAINING SCRIPT
Dataset: /home/brusc/Projects/random_forest/datasets/dataset_rgb_uniform_40/small
Area: popolar
Feature Method: hybrid
K Features: 20
Output: /home/brusc/Projects/random_forest/experiments_organized/uniform_output/dataset_rgb_uniform_40/popolar/small/k20/hybrid
N Estimators: 10
================================================================================
Loading images from popolar area...
Found classes in popolar: ['low_veg', 'trees', 'water']
Loading 15 images from popolar/low_veg
Loading 15 images from popolar/trees
Loading 15 images from popolar/water
Loaded 45 images with 3 classes
Classes: [np.str_('low_veg'), np.str_('trees'), np.str_('water')]
Image shape: (3, 128, 128)
Extracting hybrid features...
Feature matrix shape: (45, 540)
Applying SelectKBest feature selection (k=20)...
Selected features: ['R_std', 'R_var', 'R_min', 'R_cv', 'R_p10', 'R_mad', 'G_std', 'G_var', 'G_min', 'G_range', 'G_mad', 'B_min', 'B_cv', 'B_p10', 'B_p25', 'R_wst_mean_16', 'R_wst_std_0', 'G_wst_mean_16', 'G_wst_std_0', 'B_wst_std_0']
Feature scores: [0.98320942 0.9809872  0.94714225 0.93639315 0.82190156 0.93935581
 1.02035148 1.02035148 0.97704525 0.97418577 0.98684178 0.8334892
 1.01802768 0.91208565 0.82408797 0.82815169 1.00861562 0.83965483
 1.00520292 0.89834784]
Training final Random Forest model...
Saving model and artifacts...
Saved trained model: /home/brusc/Projects/random_forest/experiments_organized/uniform_output/dataset_rgb_uniform_40/popolar/small/k20/hybrid/trained_model.joblib
Saved scaler: /home/brusc/Projects/random_forest/experiments_organized/uniform_output/dataset_rgb_uniform_40/popolar/small/k20/hybrid/scaler.joblib
Saved feature selector: /home/brusc/Projects/random_forest/experiments_organized/uniform_output/dataset_rgb_uniform_40/popolar/small/k20/hybrid/feature_selector.joblib
Saved feature information: /home/brusc/Projects/random_forest/experiments_organized/uniform_output/dataset_rgb_uniform_40/popolar/small/k20/hybrid/feature_names.json
Saved experiment report: /home/brusc/Projects/random_forest/experiments_organized/uniform_output/dataset_rgb_uniform_40/popolar/small/k20/hybrid/experiment_report_with_model.json
Saved usage instructions: /home/brusc/Projects/random_forest/experiments_organized/uniform_output/dataset_rgb_uniform_40/popolar/small/k20/hybrid/model_usage_instructions.md

================================================================================
TRAINING COMPLETED SUCCESSFULLY
================================================================================
Area: popolar
Dataset: /home/brusc/Projects/random_forest/datasets/dataset_rgb_uniform_40/small
Feature method: hybrid
Total images: 45
Classes: ['low_veg', 'trees', 'water']
Original features: 540
Selected features: 20
N estimators: 10

PERFORMANCE RESULTS:
Test Accuracy: 0.8889
CV Accuracy: 0.9333 ± 0.0889

Top 20 selected features:
  1. R_std: 0.9832
  2. R_var: 0.9810
  3. R_min: 0.9471
  4. R_cv: 0.9364
  5. R_p10: 0.8219
  6. R_mad: 0.9394
  7. G_std: 1.0204
  8. G_var: 1.0204
  9. G_min: 0.9770
  10. G_range: 0.9742
  11. G_mad: 0.9868
  12. B_min: 0.8335
  13. B_cv: 1.0180
  14. B_p10: 0.9121
  15. B_p25: 0.8241
  16. R_wst_mean_16: 0.8282
  17. R_wst_std_0: 1.0086
  18. G_wst_mean_16: 0.8397
  19. G_wst_std_0: 1.0052
  20. B_wst_std_0: 0.8983

Model and artifacts saved to: /home/brusc/Projects/random_forest/experiments_organized/uniform_output/dataset_rgb_uniform_40/popolar/small/k20/hybrid
================================================================================
