================================================================================
CONFIGURABLE RANDOM FOREST TRAINING SCRIPT
Dataset: /home/brusc/Projects/random_forest/datasets/dataset_rgb_clean/original
Area: assatigue
Feature Method: hybrid
K Features: 20
Output: /home/brusc/Projects/random_forest/experiments_organized/gaussian_output/rgb_clean/assatigue/original/k20/hybrid
N Estimators: 50
================================================================================
Loading images from assatigue area...
Found classes in assatigue: ['low_veg', 'trees', 'water']
Loading 40 images from assatigue/low_veg
Loading 36 images from assatigue/trees
Loading 40 images from assatigue/water
Loaded 116 images with 3 classes
Classes: [np.str_('low_veg'), np.str_('trees'), np.str_('water')]
Image shape: (3, 128, 128)
Extracting hybrid features...
Feature matrix shape: (116, 540)
Applying SelectKBest feature selection (k=20)...
Selected features: ['R_std', 'R_min', 'R_cv', 'R_iqr', 'R_mad', 'G_std', 'G_var', 'G_min', 'G_cv', 'G_iqr', 'G_mad', 'B_min', 'R_wst_mean_15', 'R_wst_mean_53', 'R_wst_mean_60', 'R_wst_mean_61', 'R_wst_mean_62', 'R_wst_mean_63', 'R_wst_mean_70', 'G_wst_std_0']
Feature scores: [0.90415391 1.05605242 0.94141105 1.07628246 1.00932412 0.90887035
 0.90588623 1.03043606 0.9282938  1.07440158 1.03264724 1.07940818
 0.91179235 0.90711081 0.91651408 0.9242711  0.9070122  0.90249688
 0.89844523 0.90482123]
Training final Random Forest model...
Saving model and artifacts...
Saved trained model: /home/brusc/Projects/random_forest/experiments_organized/gaussian_output/rgb_clean/assatigue/original/k20/hybrid/trained_model.joblib
Saved scaler: /home/brusc/Projects/random_forest/experiments_organized/gaussian_output/rgb_clean/assatigue/original/k20/hybrid/scaler.joblib
Saved feature selector: /home/brusc/Projects/random_forest/experiments_organized/gaussian_output/rgb_clean/assatigue/original/k20/hybrid/feature_selector.joblib
Saved feature information: /home/brusc/Projects/random_forest/experiments_organized/gaussian_output/rgb_clean/assatigue/original/k20/hybrid/feature_names.json
Saved experiment report: /home/brusc/Projects/random_forest/experiments_organized/gaussian_output/rgb_clean/assatigue/original/k20/hybrid/experiment_report_with_model.json
Saved usage instructions: /home/brusc/Projects/random_forest/experiments_organized/gaussian_output/rgb_clean/assatigue/original/k20/hybrid/model_usage_instructions.md

================================================================================
TRAINING COMPLETED SUCCESSFULLY
================================================================================
Area: assatigue
Dataset: /home/brusc/Projects/random_forest/datasets/dataset_rgb_clean/original
Feature method: hybrid
Total images: 116
Classes: ['low_veg', 'water', 'trees']
Original features: 540
Selected features: 20
N estimators: 50

PERFORMANCE RESULTS:
Test Accuracy: 1.0000
CV Accuracy: 0.9913 ± 0.0174

Top 20 selected features:
  1. R_std: 0.9042
  2. R_min: 1.0561
  3. R_cv: 0.9414
  4. R_iqr: 1.0763
  5. R_mad: 1.0093
  6. G_std: 0.9089
  7. G_var: 0.9059
  8. G_min: 1.0304
  9. G_cv: 0.9283
  10. G_iqr: 1.0744
  11. G_mad: 1.0326
  12. B_min: 1.0794
  13. R_wst_mean_15: 0.9118
  14. R_wst_mean_53: 0.9071
  15. R_wst_mean_60: 0.9165
  16. R_wst_mean_61: 0.9243
  17. R_wst_mean_62: 0.9070
  18. R_wst_mean_63: 0.9025
  19. R_wst_mean_70: 0.8984
  20. G_wst_std_0: 0.9048

Model and artifacts saved to: /home/brusc/Projects/random_forest/experiments_organized/gaussian_output/rgb_clean/assatigue/original/k20/hybrid
================================================================================
