================================================================================
CONFIGURABLE RANDOM FOREST TRAINING SCRIPT
Dataset: /home/brusc/Projects/random_forest/datasets/dataset_rgb_clean/mini
Area: sunset
Feature Method: advanced_stats
K Features: 5
Output: /home/brusc/Projects/random_forest/experiments_organized/gaussian_output/rgb_clean/sunset/mini/k5/advanced_stats
N Estimators: 3
================================================================================
Loading images from sunset area...
Found classes in sunset: ['garden', 'low_veg', 'trees']
Loading 5 images from sunset/garden
Loading 5 images from sunset/low_veg
Loading 5 images from sunset/trees
Loaded 15 images with 3 classes
Classes: [np.str_('garden'), np.str_('low_veg'), np.str_('trees')]
Image shape: (3, 128, 128)
Extracting advanced_stats features...
Feature matrix shape: (15, 54)
Applying SelectKBest feature selection (k=5)...
Selected features: ['R_var', 'R_mad', 'R_grad_mean', 'G_grad_mean', 'B_grad_mean']
Feature scores: [0.81648296 0.83711788 1.14600677 1.05711788 0.98203852]
Training final Random Forest model...
Saving model and artifacts...
Saved trained model: /home/brusc/Projects/random_forest/experiments_organized/gaussian_output/rgb_clean/sunset/mini/k5/advanced_stats/trained_model.joblib
Saved scaler: /home/brusc/Projects/random_forest/experiments_organized/gaussian_output/rgb_clean/sunset/mini/k5/advanced_stats/scaler.joblib
Saved feature selector: /home/brusc/Projects/random_forest/experiments_organized/gaussian_output/rgb_clean/sunset/mini/k5/advanced_stats/feature_selector.joblib
Saved feature information: /home/brusc/Projects/random_forest/experiments_organized/gaussian_output/rgb_clean/sunset/mini/k5/advanced_stats/feature_names.json
Saved experiment report: /home/brusc/Projects/random_forest/experiments_organized/gaussian_output/rgb_clean/sunset/mini/k5/advanced_stats/experiment_report_with_model.json
Saved usage instructions: /home/brusc/Projects/random_forest/experiments_organized/gaussian_output/rgb_clean/sunset/mini/k5/advanced_stats/model_usage_instructions.md

================================================================================
TRAINING COMPLETED SUCCESSFULLY
================================================================================
Area: sunset
Dataset: /home/brusc/Projects/random_forest/datasets/dataset_rgb_clean/mini
Feature method: advanced_stats
Total images: 15
Classes: ['garden', 'low_veg', 'trees']
Original features: 54
Selected features: 5
N estimators: 3

PERFORMANCE RESULTS:
Test Accuracy: 1.0000
CV Accuracy: 0.8000 ± 0.1633

Top 5 selected features:
  1. R_var: 0.8165
  2. R_mad: 0.8371
  3. R_grad_mean: 1.1460
  4. G_grad_mean: 1.0571
  5. B_grad_mean: 0.9820

Model and artifacts saved to: /home/brusc/Projects/random_forest/experiments_organized/gaussian_output/rgb_clean/sunset/mini/k5/advanced_stats
================================================================================
