================================================================================
CONFIGURABLE RANDOM FOREST TRAINING SCRIPT
Dataset: /home/brusc/Projects/random_forest/datasets/dataset_rgb_gaussian_30/small
Area: assatigue
Feature Method: hybrid
K Features: 20
Output: /home/brusc/Projects/random_forest/experiments_organized/gaussian_output/rgb_gaussian30/assatigue/small/k20/hybrid
N Estimators: 10
================================================================================
Loading images from assatigue area...
Found classes in assatigue: ['low_veg', 'trees', 'water']
Loading 15 images from assatigue/low_veg
Loading 15 images from assatigue/trees
Loading 15 images from assatigue/water
Loaded 45 images with 3 classes
Classes: [np.str_('low_veg'), np.str_('trees'), np.str_('water')]
Image shape: (3, 128, 128)
Extracting hybrid features...
Feature matrix shape: (45, 540)
Applying SelectKBest feature selection (k=20)...
Selected features: ['R_mean', 'R_cv', 'R_p10', 'R_p25', 'R_p50', 'R_p90', 'G_mean', 'G_cv', 'G_p10', 'G_p25', 'G_iqr', 'G_mad', 'B_skew', 'B_p50', 'B_p75', 'B_p90', 'R_wst_mean_0', 'R_wst_std_0', 'G_wst_mean_0', 'G_wst_std_0']
Feature scores: [0.71424117 0.69766268 0.69230113 0.68520237 0.68826233 0.69132511
 0.67611066 0.74424037 0.75489268 0.6795939  0.67709496 0.708315
 0.68329761 0.67370325 0.67769796 0.75958508 0.71609302 0.89567581
 0.67790078 0.86255797]
Training final Random Forest model...
Saving model and artifacts...
Saved trained model: /home/brusc/Projects/random_forest/experiments_organized/gaussian_output/rgb_gaussian30/assatigue/small/k20/hybrid/trained_model.joblib
Saved scaler: /home/brusc/Projects/random_forest/experiments_organized/gaussian_output/rgb_gaussian30/assatigue/small/k20/hybrid/scaler.joblib
Saved feature selector: /home/brusc/Projects/random_forest/experiments_organized/gaussian_output/rgb_gaussian30/assatigue/small/k20/hybrid/feature_selector.joblib
Saved feature information: /home/brusc/Projects/random_forest/experiments_organized/gaussian_output/rgb_gaussian30/assatigue/small/k20/hybrid/feature_names.json
Saved experiment report: /home/brusc/Projects/random_forest/experiments_organized/gaussian_output/rgb_gaussian30/assatigue/small/k20/hybrid/experiment_report_with_model.json
Saved usage instructions: /home/brusc/Projects/random_forest/experiments_organized/gaussian_output/rgb_gaussian30/assatigue/small/k20/hybrid/model_usage_instructions.md

================================================================================
TRAINING COMPLETED SUCCESSFULLY
================================================================================
Area: assatigue
Dataset: /home/brusc/Projects/random_forest/datasets/dataset_rgb_gaussian_30/small
Feature method: hybrid
Total images: 45
Classes: ['low_veg', 'trees', 'water']
Original features: 540
Selected features: 20
N estimators: 10

PERFORMANCE RESULTS:
Test Accuracy: 0.8889
CV Accuracy: 0.8889 ± 0.0703

Top 20 selected features:
  1. R_mean: 0.7142
  2. R_cv: 0.6977
  3. R_p10: 0.6923
  4. R_p25: 0.6852
  5. R_p50: 0.6883
  6. R_p90: 0.6913
  7. G_mean: 0.6761
  8. G_cv: 0.7442
  9. G_p10: 0.7549
  10. G_p25: 0.6796
  11. G_iqr: 0.6771
  12. G_mad: 0.7083
  13. B_skew: 0.6833
  14. B_p50: 0.6737
  15. B_p75: 0.6777
  16. B_p90: 0.7596
  17. R_wst_mean_0: 0.7161
  18. R_wst_std_0: 0.8957
  19. G_wst_mean_0: 0.6779
  20. G_wst_std_0: 0.8626

Model and artifacts saved to: /home/brusc/Projects/random_forest/experiments_organized/gaussian_output/rgb_gaussian30/assatigue/small/k20/hybrid
================================================================================
