================================================================================
CONFIGURABLE RANDOM FOREST TRAINING SCRIPT
Dataset: /home/brusc/Projects/random_forest/datasets/dataset_rgb_clean/mini
Area: assatigue
Feature Method: wst
K Features: 5
Output: /home/brusc/Projects/random_forest/experiments_organized/gaussian_output/rgb_clean/assatigue/mini/k5/wst
N Estimators: 3
================================================================================
Loading images from assatigue area...
Found classes in assatigue: ['low_veg', 'trees', 'water']
Loading 5 images from assatigue/low_veg
Loading 5 images from assatigue/trees
Loading 5 images from assatigue/water
Loaded 15 images with 3 classes
Classes: [np.str_('low_veg'), np.str_('trees'), np.str_('water')]
Image shape: (3, 128, 128)
Extracting wst features...
Feature matrix shape: (15, 486)
Applying SelectKBest feature selection (k=5)...
Selected features: ['R_wst_mean_62', 'R_wst_mean_68', 'R_wst_mean_71', 'G_wst_mean_65', 'G_wst_mean_71']
Feature scores: [0.92648296 0.92648296 0.96759407 0.95092741 0.95092741]
Training final Random Forest model...
Saving model and artifacts...
Saved trained model: /home/brusc/Projects/random_forest/experiments_organized/gaussian_output/rgb_clean/assatigue/mini/k5/wst/trained_model.joblib
Saved scaler: /home/brusc/Projects/random_forest/experiments_organized/gaussian_output/rgb_clean/assatigue/mini/k5/wst/scaler.joblib
Saved feature selector: /home/brusc/Projects/random_forest/experiments_organized/gaussian_output/rgb_clean/assatigue/mini/k5/wst/feature_selector.joblib
Saved feature information: /home/brusc/Projects/random_forest/experiments_organized/gaussian_output/rgb_clean/assatigue/mini/k5/wst/feature_names.json
Saved experiment report: /home/brusc/Projects/random_forest/experiments_organized/gaussian_output/rgb_clean/assatigue/mini/k5/wst/experiment_report_with_model.json
Saved usage instructions: /home/brusc/Projects/random_forest/experiments_organized/gaussian_output/rgb_clean/assatigue/mini/k5/wst/model_usage_instructions.md

================================================================================
TRAINING COMPLETED SUCCESSFULLY
================================================================================
Area: assatigue
Dataset: /home/brusc/Projects/random_forest/datasets/dataset_rgb_clean/mini
Feature method: wst
Total images: 15
Classes: ['low_veg', 'trees', 'water']
Original features: 486
Selected features: 5
N estimators: 3

PERFORMANCE RESULTS:
Test Accuracy: 0.6667
CV Accuracy: 0.8667 ± 0.1633

Top 5 selected features:
  1. R_wst_mean_62: 0.9265
  2. R_wst_mean_68: 0.9265
  3. R_wst_mean_71: 0.9676
  4. G_wst_mean_65: 0.9509
  5. G_wst_mean_71: 0.9509

Model and artifacts saved to: /home/brusc/Projects/random_forest/experiments_organized/gaussian_output/rgb_clean/assatigue/mini/k5/wst
================================================================================
