================================================================================
CONFIGURABLE RANDOM FOREST TRAINING SCRIPT
Dataset: /home/brusc/Projects/random_forest/datasets/dataset_rgb_clean/mini
Area: sunset
Feature Method: advanced_stats
K Features: 20
Output: /home/brusc/Projects/random_forest/experiments_organized/gaussian_output/rgb_clean/sunset/mini/k20/advanced_stats
N Estimators: 3
================================================================================
Loading images from sunset area...
Found classes in sunset: ['garden', 'low_veg', 'trees']
Loading 5 images from sunset/garden
Loading 5 images from sunset/low_veg
Loading 5 images from sunset/trees
Loaded 15 images with 3 classes
Classes: [np.str_('garden'), np.str_('low_veg'), np.str_('trees')]
Image shape: (3, 128, 128)
Extracting advanced_stats features...
Feature matrix shape: (15, 54)
Applying SelectKBest feature selection (k=20)...
Selected features: ['R_std', 'R_var', 'R_max', 'R_range', 'R_iqr', 'R_mad', 'R_grad_mean', 'G_std', 'G_min', 'G_range', 'G_iqr', 'G_grad_mean', 'B_std', 'B_var', 'B_range', 'B_cv', 'B_p75', 'B_iqr', 'B_mad', 'B_grad_mean']
Feature scores: [0.76703852 0.75203852 0.50814963 0.62648296 0.72296444 0.83156233
 1.04045122 0.59307026 0.51717079 0.55426074 0.54092741 0.99045122
 0.70648296 0.70648296 0.54491971 0.56031894 0.55875809 0.79981629
 0.70156233 0.91537185]
Training final Random Forest model...
Saving model and artifacts...
Saved trained model: /home/brusc/Projects/random_forest/experiments_organized/gaussian_output/rgb_clean/sunset/mini/k20/advanced_stats/trained_model.joblib
Saved scaler: /home/brusc/Projects/random_forest/experiments_organized/gaussian_output/rgb_clean/sunset/mini/k20/advanced_stats/scaler.joblib
Saved feature selector: /home/brusc/Projects/random_forest/experiments_organized/gaussian_output/rgb_clean/sunset/mini/k20/advanced_stats/feature_selector.joblib
Saved feature information: /home/brusc/Projects/random_forest/experiments_organized/gaussian_output/rgb_clean/sunset/mini/k20/advanced_stats/feature_names.json
Saved experiment report: /home/brusc/Projects/random_forest/experiments_organized/gaussian_output/rgb_clean/sunset/mini/k20/advanced_stats/experiment_report_with_model.json
Saved usage instructions: /home/brusc/Projects/random_forest/experiments_organized/gaussian_output/rgb_clean/sunset/mini/k20/advanced_stats/model_usage_instructions.md

================================================================================
TRAINING COMPLETED SUCCESSFULLY
================================================================================
Area: sunset
Dataset: /home/brusc/Projects/random_forest/datasets/dataset_rgb_clean/mini
Feature method: advanced_stats
Total images: 15
Classes: ['garden', 'low_veg', 'trees']
Original features: 54
Selected features: 20
N estimators: 3

PERFORMANCE RESULTS:
Test Accuracy: 0.3333
CV Accuracy: 0.7333 ± 0.1333

Top 20 selected features:
  1. R_std: 0.7670
  2. R_var: 0.7520
  3. R_max: 0.5081
  4. R_range: 0.6265
  5. R_iqr: 0.7230
  6. R_mad: 0.8316
  7. R_grad_mean: 1.0405
  8. G_std: 0.5931
  9. G_min: 0.5172
  10. G_range: 0.5543
  11. G_iqr: 0.5409
  12. G_grad_mean: 0.9905
  13. B_std: 0.7065
  14. B_var: 0.7065
  15. B_range: 0.5449
  16. B_cv: 0.5603
  17. B_p75: 0.5588
  18. B_iqr: 0.7998
  19. B_mad: 0.7016
  20. B_grad_mean: 0.9154

Model and artifacts saved to: /home/brusc/Projects/random_forest/experiments_organized/gaussian_output/rgb_clean/sunset/mini/k20/advanced_stats
================================================================================
