================================================================================
CONFIGURABLE RANDOM FOREST TRAINING SCRIPT
Dataset: /home/brusc/Projects/random_forest/datasets/dataset_rgb_gaussian_50/small
Area: sunset
Feature Method: wst
K Features: 20
Output: /home/brusc/Projects/random_forest/experiments_organized/gaussian_output/rgb_gaussian50/sunset/small/k20/wst
N Estimators: 10
================================================================================
Loading images from sunset area...
Found classes in sunset: ['garden', 'low_veg', 'trees']
Loading 15 images from sunset/garden
Loading 15 images from sunset/low_veg
Loading 15 images from sunset/trees
Loaded 45 images with 3 classes
Classes: [np.str_('garden'), np.str_('low_veg'), np.str_('trees')]
Image shape: (3, 128, 128)
Extracting wst features...
Feature matrix shape: (45, 486)
Applying SelectKBest feature selection (k=20)...
Selected features: ['R_wst_std_0', 'G_wst_std_0', 'B_wst_mean_0', 'B_wst_mean_1', 'B_wst_mean_2', 'B_wst_mean_3', 'B_wst_mean_4', 'B_wst_mean_5', 'B_wst_mean_6', 'B_wst_mean_7', 'B_wst_mean_9', 'B_wst_mean_10', 'B_wst_mean_11', 'B_wst_mean_12', 'B_wst_mean_14', 'B_wst_mean_15', 'B_wst_mean_16', 'B_wst_mean_43', 'B_wst_mean_71', 'B_wst_std_0']
Feature scores: [0.6023988  0.70059839 0.56222699 0.56684564 0.5662667  0.50981076
 0.43089632 0.43639506 0.5429052  0.51984842 0.44465696 0.52126768
 0.42477389 0.40753697 0.43524847 0.40864374 0.53115832 0.48693878
 0.46539303 0.50966152]
Training final Random Forest model...
Saving model and artifacts...
Saved trained model: /home/brusc/Projects/random_forest/experiments_organized/gaussian_output/rgb_gaussian50/sunset/small/k20/wst/trained_model.joblib
Saved scaler: /home/brusc/Projects/random_forest/experiments_organized/gaussian_output/rgb_gaussian50/sunset/small/k20/wst/scaler.joblib
Saved feature selector: /home/brusc/Projects/random_forest/experiments_organized/gaussian_output/rgb_gaussian50/sunset/small/k20/wst/feature_selector.joblib
Saved feature information: /home/brusc/Projects/random_forest/experiments_organized/gaussian_output/rgb_gaussian50/sunset/small/k20/wst/feature_names.json
Saved experiment report: /home/brusc/Projects/random_forest/experiments_organized/gaussian_output/rgb_gaussian50/sunset/small/k20/wst/experiment_report_with_model.json
Saved usage instructions: /home/brusc/Projects/random_forest/experiments_organized/gaussian_output/rgb_gaussian50/sunset/small/k20/wst/model_usage_instructions.md

================================================================================
TRAINING COMPLETED SUCCESSFULLY
================================================================================
Area: sunset
Dataset: /home/brusc/Projects/random_forest/datasets/dataset_rgb_gaussian_50/small
Feature method: wst
Total images: 45
Classes: ['garden', 'low_veg', 'trees']
Original features: 486
Selected features: 20
N estimators: 10

PERFORMANCE RESULTS:
Test Accuracy: 1.0000
CV Accuracy: 0.8889 ± 0.0994

Top 20 selected features:
  1. R_wst_std_0: 0.6024
  2. G_wst_std_0: 0.7006
  3. B_wst_mean_0: 0.5622
  4. B_wst_mean_1: 0.5668
  5. B_wst_mean_2: 0.5663
  6. B_wst_mean_3: 0.5098
  7. B_wst_mean_4: 0.4309
  8. B_wst_mean_5: 0.4364
  9. B_wst_mean_6: 0.5429
  10. B_wst_mean_7: 0.5198
  11. B_wst_mean_9: 0.4447
  12. B_wst_mean_10: 0.5213
  13. B_wst_mean_11: 0.4248
  14. B_wst_mean_12: 0.4075
  15. B_wst_mean_14: 0.4352
  16. B_wst_mean_15: 0.4086
  17. B_wst_mean_16: 0.5312
  18. B_wst_mean_43: 0.4869
  19. B_wst_mean_71: 0.4654
  20. B_wst_std_0: 0.5097

Model and artifacts saved to: /home/brusc/Projects/random_forest/experiments_organized/gaussian_output/rgb_gaussian50/sunset/small/k20/wst
================================================================================
