================================================================================
CONFIGURABLE RANDOM FOREST TRAINING SCRIPT
Dataset: /home/brusc/Projects/random_forest/datasets/dataset_rgb_gaussian_50/small
Area: popolar
Feature Method: advanced_stats
K Features: 20
Output: /home/brusc/Projects/random_forest/experiments_organized/gaussian_output/rgb_gaussian50/popolar/small/k20/advanced_stats
N Estimators: 10
================================================================================
Loading images from popolar area...
Found classes in popolar: ['low_veg', 'trees', 'water']
Loading 15 images from popolar/low_veg
Loading 15 images from popolar/trees
Loading 15 images from popolar/water
Loaded 45 images with 3 classes
Classes: [np.str_('low_veg'), np.str_('trees'), np.str_('water')]
Image shape: (3, 128, 128)
Extracting advanced_stats features...
Feature matrix shape: (45, 54)
Applying SelectKBest feature selection (k=20)...
Selected features: ['R_mean', 'R_skew', 'R_cv', 'R_p25', 'R_p50', 'R_p75', 'G_std', 'G_var', 'G_kurt', 'G_cv', 'G_p25', 'G_iqr', 'G_mad', 'B_mean', 'B_skew', 'B_cv', 'B_p25', 'B_p50', 'B_p75', 'B_grad_mean']
Feature scores: [0.7628319  0.75172079 0.74277017 0.7719928  0.76270844 0.81411746
 0.68345365 0.68345365 0.70854974 0.60172189 0.61961431 0.65452925
 0.69869014 0.8398017  0.84990519 0.85000372 0.84205165 0.83333705
 0.80239429 0.58617137]
Training final Random Forest model...
Saving model and artifacts...
Saved trained model: /home/brusc/Projects/random_forest/experiments_organized/gaussian_output/rgb_gaussian50/popolar/small/k20/advanced_stats/trained_model.joblib
Saved scaler: /home/brusc/Projects/random_forest/experiments_organized/gaussian_output/rgb_gaussian50/popolar/small/k20/advanced_stats/scaler.joblib
Saved feature selector: /home/brusc/Projects/random_forest/experiments_organized/gaussian_output/rgb_gaussian50/popolar/small/k20/advanced_stats/feature_selector.joblib
Saved feature information: /home/brusc/Projects/random_forest/experiments_organized/gaussian_output/rgb_gaussian50/popolar/small/k20/advanced_stats/feature_names.json
Saved experiment report: /home/brusc/Projects/random_forest/experiments_organized/gaussian_output/rgb_gaussian50/popolar/small/k20/advanced_stats/experiment_report_with_model.json
Saved usage instructions: /home/brusc/Projects/random_forest/experiments_organized/gaussian_output/rgb_gaussian50/popolar/small/k20/advanced_stats/model_usage_instructions.md

================================================================================
TRAINING COMPLETED SUCCESSFULLY
================================================================================
Area: popolar
Dataset: /home/brusc/Projects/random_forest/datasets/dataset_rgb_gaussian_50/small
Feature method: advanced_stats
Total images: 45
Classes: ['low_veg', 'trees', 'water']
Original features: 54
Selected features: 20
N estimators: 10

PERFORMANCE RESULTS:
Test Accuracy: 0.7778
CV Accuracy: 0.8444 ± 0.0889

Top 20 selected features:
  1. R_mean: 0.7628
  2. R_skew: 0.7517
  3. R_cv: 0.7428
  4. R_p25: 0.7720
  5. R_p50: 0.7627
  6. R_p75: 0.8141
  7. G_std: 0.6835
  8. G_var: 0.6835
  9. G_kurt: 0.7085
  10. G_cv: 0.6017
  11. G_p25: 0.6196
  12. G_iqr: 0.6545
  13. G_mad: 0.6987
  14. B_mean: 0.8398
  15. B_skew: 0.8499
  16. B_cv: 0.8500
  17. B_p25: 0.8421
  18. B_p50: 0.8333
  19. B_p75: 0.8024
  20. B_grad_mean: 0.5862

Model and artifacts saved to: /home/brusc/Projects/random_forest/experiments_organized/gaussian_output/rgb_gaussian50/popolar/small/k20/advanced_stats
================================================================================
