================================================================================
CONFIGURABLE RANDOM FOREST TRAINING SCRIPT
Dataset: /home/brusc/Projects/random_forest/datasets/dataset_rgb_gaussian_30/mini
Area: assatigue
Feature Method: advanced_stats
K Features: 20
Output: /home/brusc/Projects/random_forest/experiments_organized/gaussian_output/rgb_gaussian30/assatigue/mini/k20/advanced_stats
N Estimators: 3
================================================================================
Loading images from assatigue area...
Found classes in assatigue: ['low_veg', 'trees', 'water']
Loading 5 images from assatigue/low_veg
Loading 5 images from assatigue/trees
Loading 5 images from assatigue/water
Loaded 15 images with 3 classes
Classes: [np.str_('low_veg'), np.str_('trees'), np.str_('water')]
Image shape: (3, 128, 128)
Extracting advanced_stats features...
Feature matrix shape: (15, 54)
Applying SelectKBest feature selection (k=20)...
Selected features: ['R_mean', 'R_cv', 'R_p10', 'R_p25', 'R_p50', 'R_p90', 'R_iqr', 'G_std', 'G_var', 'G_p10', 'G_p90', 'G_mad', 'B_mean', 'B_skew', 'B_cv', 'B_p10', 'B_p25', 'B_p50', 'B_p75', 'B_p90']
Feature scores: [0.6414036  0.63029249 0.68251471 0.67314963 0.6245782  1.78600677
 0.76695915 0.70918137 0.61862582 0.68426074 0.87407074 0.7264036
 0.78870518 0.77918137 0.8114036  1.05084804 0.80759407 0.74251471
 0.72918137 0.7064036 ]
Training final Random Forest model...
Saving model and artifacts...
Saved trained model: /home/brusc/Projects/random_forest/experiments_organized/gaussian_output/rgb_gaussian30/assatigue/mini/k20/advanced_stats/trained_model.joblib
Saved scaler: /home/brusc/Projects/random_forest/experiments_organized/gaussian_output/rgb_gaussian30/assatigue/mini/k20/advanced_stats/scaler.joblib
Saved feature selector: /home/brusc/Projects/random_forest/experiments_organized/gaussian_output/rgb_gaussian30/assatigue/mini/k20/advanced_stats/feature_selector.joblib
Saved feature information: /home/brusc/Projects/random_forest/experiments_organized/gaussian_output/rgb_gaussian30/assatigue/mini/k20/advanced_stats/feature_names.json
Saved experiment report: /home/brusc/Projects/random_forest/experiments_organized/gaussian_output/rgb_gaussian30/assatigue/mini/k20/advanced_stats/experiment_report_with_model.json
Saved usage instructions: /home/brusc/Projects/random_forest/experiments_organized/gaussian_output/rgb_gaussian30/assatigue/mini/k20/advanced_stats/model_usage_instructions.md

================================================================================
TRAINING COMPLETED SUCCESSFULLY
================================================================================
Area: assatigue
Dataset: /home/brusc/Projects/random_forest/datasets/dataset_rgb_gaussian_30/mini
Feature method: advanced_stats
Total images: 15
Classes: ['low_veg', 'trees', 'water']
Original features: 54
Selected features: 20
N estimators: 3

PERFORMANCE RESULTS:
Test Accuracy: 0.3333
CV Accuracy: 0.6667 ± 0.0000

Top 20 selected features:
  1. R_mean: 0.6414
  2. R_cv: 0.6303
  3. R_p10: 0.6825
  4. R_p25: 0.6731
  5. R_p50: 0.6246
  6. R_p90: 1.7860
  7. R_iqr: 0.7670
  8. G_std: 0.7092
  9. G_var: 0.6186
  10. G_p10: 0.6843
  11. G_p90: 0.8741
  12. G_mad: 0.7264
  13. B_mean: 0.7887
  14. B_skew: 0.7792
  15. B_cv: 0.8114
  16. B_p10: 1.0508
  17. B_p25: 0.8076
  18. B_p50: 0.7425
  19. B_p75: 0.7292
  20. B_p90: 0.7064

Model and artifacts saved to: /home/brusc/Projects/random_forest/experiments_organized/gaussian_output/rgb_gaussian30/assatigue/mini/k20/advanced_stats
================================================================================
