================================================================================
CONFIGURABLE RANDOM FOREST TRAINING SCRIPT
Dataset: /home/brusc/Projects/random_forest/datasets/dataset_rgb_gaussian_30/mini
Area: sunset
Feature Method: hybrid
K Features: 20
Output: /home/brusc/Projects/random_forest/experiments_organized/gaussian_output/rgb_gaussian30/sunset/mini/k20/hybrid
N Estimators: 3
================================================================================
Loading images from sunset area...
Found classes in sunset: ['garden', 'low_veg', 'trees']
Loading 5 images from sunset/garden
Loading 5 images from sunset/low_veg
Loading 5 images from sunset/trees
Loaded 15 images with 3 classes
Classes: [np.str_('garden'), np.str_('low_veg'), np.str_('trees')]
Image shape: (3, 128, 128)
Extracting hybrid features...
Feature matrix shape: (15, 540)
Applying SelectKBest feature selection (k=20)...
Selected features: ['R_iqr', 'B_mean', 'B_p25', 'B_mad', 'R_wst_std_0', 'G_wst_mean_15', 'G_wst_std_0', 'B_wst_mean_3', 'B_wst_mean_5', 'B_wst_mean_7', 'B_wst_mean_11', 'B_wst_mean_16', 'B_wst_mean_21', 'B_wst_mean_29', 'B_wst_mean_46', 'B_wst_mean_49', 'B_wst_mean_50', 'B_wst_mean_57', 'B_wst_std_0', 'B_wst_std_44']
Feature scores: [0.59680042 0.55777685 0.60513376 0.53208662 0.91314963 0.54687979
 0.55426074 0.52759167 0.55605968 0.54409479 0.55084564 0.61481389
 0.52756281 0.55195915 0.59700725 0.65259407 0.66687979 0.55743534
 0.52568931 0.53918137]
Training final Random Forest model...
Saving model and artifacts...
Saved trained model: /home/brusc/Projects/random_forest/experiments_organized/gaussian_output/rgb_gaussian30/sunset/mini/k20/hybrid/trained_model.joblib
Saved scaler: /home/brusc/Projects/random_forest/experiments_organized/gaussian_output/rgb_gaussian30/sunset/mini/k20/hybrid/scaler.joblib
Saved feature selector: /home/brusc/Projects/random_forest/experiments_organized/gaussian_output/rgb_gaussian30/sunset/mini/k20/hybrid/feature_selector.joblib
Saved feature information: /home/brusc/Projects/random_forest/experiments_organized/gaussian_output/rgb_gaussian30/sunset/mini/k20/hybrid/feature_names.json
Saved experiment report: /home/brusc/Projects/random_forest/experiments_organized/gaussian_output/rgb_gaussian30/sunset/mini/k20/hybrid/experiment_report_with_model.json
Saved usage instructions: /home/brusc/Projects/random_forest/experiments_organized/gaussian_output/rgb_gaussian30/sunset/mini/k20/hybrid/model_usage_instructions.md

================================================================================
TRAINING COMPLETED SUCCESSFULLY
================================================================================
Area: sunset
Dataset: /home/brusc/Projects/random_forest/datasets/dataset_rgb_gaussian_30/mini
Feature method: hybrid
Total images: 15
Classes: ['garden', 'low_veg', 'trees']
Original features: 540
Selected features: 20
N estimators: 3

PERFORMANCE RESULTS:
Test Accuracy: 1.0000
CV Accuracy: 0.8000 ± 0.1633

Top 20 selected features:
  1. R_iqr: 0.5968
  2. B_mean: 0.5578
  3. B_p25: 0.6051
  4. B_mad: 0.5321
  5. R_wst_std_0: 0.9131
  6. G_wst_mean_15: 0.5469
  7. G_wst_std_0: 0.5543
  8. B_wst_mean_3: 0.5276
  9. B_wst_mean_5: 0.5561
  10. B_wst_mean_7: 0.5441
  11. B_wst_mean_11: 0.5508
  12. B_wst_mean_16: 0.6148
  13. B_wst_mean_21: 0.5276
  14. B_wst_mean_29: 0.5520
  15. B_wst_mean_46: 0.5970
  16. B_wst_mean_49: 0.6526
  17. B_wst_mean_50: 0.6669
  18. B_wst_mean_57: 0.5574
  19. B_wst_std_0: 0.5257
  20. B_wst_std_44: 0.5392

Model and artifacts saved to: /home/brusc/Projects/random_forest/experiments_organized/gaussian_output/rgb_gaussian30/sunset/mini/k20/hybrid
================================================================================
