================================================================================
CONFIGURABLE RANDOM FOREST TRAINING SCRIPT
Dataset: /home/brusc/Projects/random_forest/datasets/dataset_rgb_gaussian_30/small
Area: sunset
Feature Method: wst
K Features: 20
Output: /home/brusc/Projects/random_forest/experiments_organized/gaussian_output/rgb_gaussian30/sunset/small/k20/wst
N Estimators: 10
================================================================================
Loading images from sunset area...
Found classes in sunset: ['garden', 'low_veg', 'trees']
Loading 15 images from sunset/garden
Loading 15 images from sunset/low_veg
Loading 15 images from sunset/trees
Loaded 45 images with 3 classes
Classes: [np.str_('garden'), np.str_('low_veg'), np.str_('trees')]
Image shape: (3, 128, 128)
Extracting wst features...
Feature matrix shape: (45, 486)
Applying SelectKBest feature selection (k=20)...
Selected features: ['R_wst_std_0', 'G_wst_std_0', 'B_wst_mean_0', 'B_wst_mean_1', 'B_wst_mean_3', 'B_wst_mean_6', 'B_wst_mean_9', 'B_wst_mean_10', 'B_wst_mean_11', 'B_wst_mean_13', 'B_wst_mean_16', 'B_wst_mean_32', 'B_wst_mean_34', 'B_wst_mean_35', 'B_wst_mean_36', 'B_wst_mean_43', 'B_wst_mean_49', 'B_wst_mean_75', 'B_wst_std_0', 'B_wst_std_24']
Feature scores: [0.74056842 0.73145352 0.56205062 0.57502105 0.55630768 0.55308898
 0.53697883 0.65204819 0.54589321 0.58306509 0.59973801 0.55627381
 0.50631978 0.50731806 0.5215192  0.56861346 0.65419439 0.56598772
 0.52320552 0.5636327 ]
Training final Random Forest model...
Saving model and artifacts...
Saved trained model: /home/brusc/Projects/random_forest/experiments_organized/gaussian_output/rgb_gaussian30/sunset/small/k20/wst/trained_model.joblib
Saved scaler: /home/brusc/Projects/random_forest/experiments_organized/gaussian_output/rgb_gaussian30/sunset/small/k20/wst/scaler.joblib
Saved feature selector: /home/brusc/Projects/random_forest/experiments_organized/gaussian_output/rgb_gaussian30/sunset/small/k20/wst/feature_selector.joblib
Saved feature information: /home/brusc/Projects/random_forest/experiments_organized/gaussian_output/rgb_gaussian30/sunset/small/k20/wst/feature_names.json
Saved experiment report: /home/brusc/Projects/random_forest/experiments_organized/gaussian_output/rgb_gaussian30/sunset/small/k20/wst/experiment_report_with_model.json
Saved usage instructions: /home/brusc/Projects/random_forest/experiments_organized/gaussian_output/rgb_gaussian30/sunset/small/k20/wst/model_usage_instructions.md

================================================================================
TRAINING COMPLETED SUCCESSFULLY
================================================================================
Area: sunset
Dataset: /home/brusc/Projects/random_forest/datasets/dataset_rgb_gaussian_30/small
Feature method: wst
Total images: 45
Classes: ['garden', 'low_veg', 'trees']
Original features: 486
Selected features: 20
N estimators: 10

PERFORMANCE RESULTS:
Test Accuracy: 0.8889
CV Accuracy: 0.9333 ± 0.0544

Top 20 selected features:
  1. R_wst_std_0: 0.7406
  2. G_wst_std_0: 0.7315
  3. B_wst_mean_0: 0.5621
  4. B_wst_mean_1: 0.5750
  5. B_wst_mean_3: 0.5563
  6. B_wst_mean_6: 0.5531
  7. B_wst_mean_9: 0.5370
  8. B_wst_mean_10: 0.6520
  9. B_wst_mean_11: 0.5459
  10. B_wst_mean_13: 0.5831
  11. B_wst_mean_16: 0.5997
  12. B_wst_mean_32: 0.5563
  13. B_wst_mean_34: 0.5063
  14. B_wst_mean_35: 0.5073
  15. B_wst_mean_36: 0.5215
  16. B_wst_mean_43: 0.5686
  17. B_wst_mean_49: 0.6542
  18. B_wst_mean_75: 0.5660
  19. B_wst_std_0: 0.5232
  20. B_wst_std_24: 0.5636

Model and artifacts saved to: /home/brusc/Projects/random_forest/experiments_organized/gaussian_output/rgb_gaussian30/sunset/small/k20/wst
================================================================================
