================================================================================
CONFIGURABLE RANDOM FOREST TRAINING SCRIPT
Dataset: /home/brusc/Projects/random_forest/datasets/dataset_rgb_gaussian_50/original
Area: sunset
Feature Method: wst
K Features: 20
Output: /home/brusc/Projects/random_forest/experiments_organized/gaussian_output/rgb_gaussian50/sunset/original/k20/wst
N Estimators: 50
================================================================================
Loading images from sunset area...
Found classes in sunset: ['garden', 'low_veg', 'trees']
Loading 40 images from sunset/garden
Loading 40 images from sunset/low_veg
Loading 40 images from sunset/trees
Loaded 120 images with 3 classes
Classes: [np.str_('garden'), np.str_('low_veg'), np.str_('trees')]
Image shape: (3, 128, 128)
Extracting wst features...
Feature matrix shape: (120, 486)
Applying SelectKBest feature selection (k=20)...
Selected features: ['R_wst_std_0', 'G_wst_std_0', 'B_wst_mean_0', 'B_wst_mean_1', 'B_wst_mean_2', 'B_wst_mean_3', 'B_wst_mean_4', 'B_wst_mean_5', 'B_wst_mean_6', 'B_wst_mean_7', 'B_wst_mean_8', 'B_wst_mean_9', 'B_wst_mean_12', 'B_wst_mean_13', 'B_wst_mean_14', 'B_wst_mean_16', 'B_wst_mean_27', 'B_wst_mean_73', 'B_wst_mean_75', 'B_wst_std_0']
Feature scores: [0.75276198 0.62303932 0.66951545 0.5464798  0.55791961 0.5134647
 0.47554212 0.66412066 0.57708532 0.60606972 0.6517747  0.45831412
 0.48370625 0.47420299 0.4709872  0.48687676 0.45830757 0.49882514
 0.47939035 0.50844923]
Training final Random Forest model...
Saving model and artifacts...
Saved trained model: /home/brusc/Projects/random_forest/experiments_organized/gaussian_output/rgb_gaussian50/sunset/original/k20/wst/trained_model.joblib
Saved scaler: /home/brusc/Projects/random_forest/experiments_organized/gaussian_output/rgb_gaussian50/sunset/original/k20/wst/scaler.joblib
Saved feature selector: /home/brusc/Projects/random_forest/experiments_organized/gaussian_output/rgb_gaussian50/sunset/original/k20/wst/feature_selector.joblib
Saved feature information: /home/brusc/Projects/random_forest/experiments_organized/gaussian_output/rgb_gaussian50/sunset/original/k20/wst/feature_names.json
Saved experiment report: /home/brusc/Projects/random_forest/experiments_organized/gaussian_output/rgb_gaussian50/sunset/original/k20/wst/experiment_report_with_model.json
Saved usage instructions: /home/brusc/Projects/random_forest/experiments_organized/gaussian_output/rgb_gaussian50/sunset/original/k20/wst/model_usage_instructions.md

================================================================================
TRAINING COMPLETED SUCCESSFULLY
================================================================================
Area: sunset
Dataset: /home/brusc/Projects/random_forest/datasets/dataset_rgb_gaussian_50/original
Feature method: wst
Total images: 120
Classes: ['garden', 'low_veg', 'trees']
Original features: 486
Selected features: 20
N estimators: 50

PERFORMANCE RESULTS:
Test Accuracy: 1.0000
CV Accuracy: 0.9833 ± 0.0333

Top 20 selected features:
  1. R_wst_std_0: 0.7528
  2. G_wst_std_0: 0.6230
  3. B_wst_mean_0: 0.6695
  4. B_wst_mean_1: 0.5465
  5. B_wst_mean_2: 0.5579
  6. B_wst_mean_3: 0.5135
  7. B_wst_mean_4: 0.4755
  8. B_wst_mean_5: 0.6641
  9. B_wst_mean_6: 0.5771
  10. B_wst_mean_7: 0.6061
  11. B_wst_mean_8: 0.6518
  12. B_wst_mean_9: 0.4583
  13. B_wst_mean_12: 0.4837
  14. B_wst_mean_13: 0.4742
  15. B_wst_mean_14: 0.4710
  16. B_wst_mean_16: 0.4869
  17. B_wst_mean_27: 0.4583
  18. B_wst_mean_73: 0.4988
  19. B_wst_mean_75: 0.4794
  20. B_wst_std_0: 0.5084

Model and artifacts saved to: /home/brusc/Projects/random_forest/experiments_organized/gaussian_output/rgb_gaussian50/sunset/original/k20/wst
================================================================================
