================================================================================
CONFIGURABLE RANDOM FOREST TRAINING SCRIPT
Dataset: /home/brusc/Projects/random_forest/datasets/dataset_rgb_gaussian_30/mini
Area: sunset
Feature Method: advanced_stats
K Features: 10
Output: /home/brusc/Projects/random_forest/experiments_organized/gaussian_output/rgb_gaussian30/sunset/mini/k10/advanced_stats
N Estimators: 3
================================================================================
Loading images from sunset area...
Found classes in sunset: ['garden', 'low_veg', 'trees']
Loading 5 images from sunset/garden
Loading 5 images from sunset/low_veg
Loading 5 images from sunset/trees
Loaded 15 images with 3 classes
Classes: [np.str_('garden'), np.str_('low_veg'), np.str_('trees')]
Image shape: (3, 128, 128)
Extracting advanced_stats features...
Feature matrix shape: (15, 54)
Applying SelectKBest feature selection (k=10)...
Selected features: ['R_var', 'R_iqr', 'G_mad', 'B_mean', 'B_std', 'B_var', 'B_p25', 'B_p50', 'B_p75', 'B_mad']
Feature scores: [0.51161043 0.58346709 0.54743534 0.5022213  0.57653106 0.57653106
 1.09076868 0.53862341 0.51478503 0.52097551]
Training final Random Forest model...
Saving model and artifacts...
Saved trained model: /home/brusc/Projects/random_forest/experiments_organized/gaussian_output/rgb_gaussian30/sunset/mini/k10/advanced_stats/trained_model.joblib
Saved scaler: /home/brusc/Projects/random_forest/experiments_organized/gaussian_output/rgb_gaussian30/sunset/mini/k10/advanced_stats/scaler.joblib
Saved feature selector: /home/brusc/Projects/random_forest/experiments_organized/gaussian_output/rgb_gaussian30/sunset/mini/k10/advanced_stats/feature_selector.joblib
Saved feature information: /home/brusc/Projects/random_forest/experiments_organized/gaussian_output/rgb_gaussian30/sunset/mini/k10/advanced_stats/feature_names.json
Saved experiment report: /home/brusc/Projects/random_forest/experiments_organized/gaussian_output/rgb_gaussian30/sunset/mini/k10/advanced_stats/experiment_report_with_model.json
Saved usage instructions: /home/brusc/Projects/random_forest/experiments_organized/gaussian_output/rgb_gaussian30/sunset/mini/k10/advanced_stats/model_usage_instructions.md

================================================================================
TRAINING COMPLETED SUCCESSFULLY
================================================================================
Area: sunset
Dataset: /home/brusc/Projects/random_forest/datasets/dataset_rgb_gaussian_30/mini
Feature method: advanced_stats
Total images: 15
Classes: ['garden', 'low_veg', 'trees']
Original features: 54
Selected features: 10
N estimators: 3

PERFORMANCE RESULTS:
Test Accuracy: 1.0000
CV Accuracy: 0.7333 ± 0.3887

Top 10 selected features:
  1. R_var: 0.5116
  2. R_iqr: 0.5835
  3. G_mad: 0.5474
  4. B_mean: 0.5022
  5. B_std: 0.5765
  6. B_var: 0.5765
  7. B_p25: 1.0908
  8. B_p50: 0.5386
  9. B_p75: 0.5148
  10. B_mad: 0.5210

Model and artifacts saved to: /home/brusc/Projects/random_forest/experiments_organized/gaussian_output/rgb_gaussian30/sunset/mini/k10/advanced_stats
================================================================================
