================================================================================
CONFIGURABLE RANDOM FOREST TRAINING SCRIPT
Dataset: /home/brusc/Projects/random_forest/datasets/dataset_rgb_clean/small
Area: assatigue
Feature Method: wst
K Features: 10
Output: /home/brusc/Projects/random_forest/experiments_organized/gaussian_output/rgb_clean/assatigue/small/k10/wst
N Estimators: 10
================================================================================
Loading images from assatigue area...
Found classes in assatigue: ['low_veg', 'trees', 'water']
Loading 15 images from assatigue/low_veg
Loading 15 images from assatigue/trees
Loading 15 images from assatigue/water
Loaded 45 images with 3 classes
Classes: [np.str_('low_veg'), np.str_('trees'), np.str_('water')]
Image shape: (3, 128, 128)
Extracting wst features...
Feature matrix shape: (45, 486)
Applying SelectKBest feature selection (k=10)...
Selected features: ['R_wst_mean_6', 'R_wst_mean_7', 'R_wst_mean_15', 'R_wst_mean_60', 'R_wst_mean_61', 'R_wst_mean_70', 'R_wst_mean_72', 'R_wst_std_0', 'G_wst_mean_15', 'B_wst_mean_15']
Feature scores: [0.87752961 0.87886101 0.92828413 0.88257739 0.86960272 0.85610448
 0.8543213  0.84473916 0.85339284 0.8710842 ]
Training final Random Forest model...
Saving model and artifacts...
Saved trained model: /home/brusc/Projects/random_forest/experiments_organized/gaussian_output/rgb_clean/assatigue/small/k10/wst/trained_model.joblib
Saved scaler: /home/brusc/Projects/random_forest/experiments_organized/gaussian_output/rgb_clean/assatigue/small/k10/wst/scaler.joblib
Saved feature selector: /home/brusc/Projects/random_forest/experiments_organized/gaussian_output/rgb_clean/assatigue/small/k10/wst/feature_selector.joblib
Saved feature information: /home/brusc/Projects/random_forest/experiments_organized/gaussian_output/rgb_clean/assatigue/small/k10/wst/feature_names.json
Saved experiment report: /home/brusc/Projects/random_forest/experiments_organized/gaussian_output/rgb_clean/assatigue/small/k10/wst/experiment_report_with_model.json
Saved usage instructions: /home/brusc/Projects/random_forest/experiments_organized/gaussian_output/rgb_clean/assatigue/small/k10/wst/model_usage_instructions.md

================================================================================
TRAINING COMPLETED SUCCESSFULLY
================================================================================
Area: assatigue
Dataset: /home/brusc/Projects/random_forest/datasets/dataset_rgb_clean/small
Feature method: wst
Total images: 45
Classes: ['low_veg', 'trees', 'water']
Original features: 486
Selected features: 10
N estimators: 10

PERFORMANCE RESULTS:
Test Accuracy: 1.0000
CV Accuracy: 0.9111 ± 0.0831

Top 10 selected features:
  1. R_wst_mean_6: 0.8775
  2. R_wst_mean_7: 0.8789
  3. R_wst_mean_15: 0.9283
  4. R_wst_mean_60: 0.8826
  5. R_wst_mean_61: 0.8696
  6. R_wst_mean_70: 0.8561
  7. R_wst_mean_72: 0.8543
  8. R_wst_std_0: 0.8447
  9. G_wst_mean_15: 0.8534
  10. B_wst_mean_15: 0.8711

Model and artifacts saved to: /home/brusc/Projects/random_forest/experiments_organized/gaussian_output/rgb_clean/assatigue/small/k10/wst
================================================================================
