================================================================================
CONFIGURABLE RANDOM FOREST TRAINING SCRIPT
Dataset: /home/brusc/Projects/random_forest/datasets/dataset_rgb_gaussian_30/original
Area: sunset
Feature Method: hybrid
K Features: 20
Output: /home/brusc/Projects/random_forest/experiments_organized/gaussian_output/rgb_gaussian30/sunset/original/k20/hybrid
N Estimators: 50
================================================================================
Loading images from sunset area...
Found classes in sunset: ['garden', 'low_veg', 'trees']
Loading 40 images from sunset/garden
Loading 40 images from sunset/low_veg
Loading 40 images from sunset/trees
Loaded 120 images with 3 classes
Classes: [np.str_('garden'), np.str_('low_veg'), np.str_('trees')]
Image shape: (3, 128, 128)
Extracting hybrid features...
Feature matrix shape: (120, 540)
Applying SelectKBest feature selection (k=20)...
Selected features: ['R_iqr', 'G_iqr', 'B_mean', 'B_skew', 'B_kurt', 'B_cv', 'B_p50', 'B_p75', 'B_p90', 'B_grad_mean', 'R_wst_std_0', 'G_wst_std_0', 'B_wst_mean_0', 'B_wst_mean_1', 'B_wst_mean_4', 'B_wst_mean_6', 'B_wst_mean_8', 'B_wst_mean_30', 'B_wst_mean_57', 'B_wst_mean_73']
Feature scores: [0.62128573 0.61419446 0.66169931 0.61288203 0.60247074 0.62912504
 0.65031335 0.67926838 0.65016152 0.6276088  0.79938665 0.68504196
 0.67682828 0.6005186  0.6033944  0.60662915 0.61437194 0.62561795
 0.64669054 0.60793764]
Training final Random Forest model...
Saving model and artifacts...
Saved trained model: /home/brusc/Projects/random_forest/experiments_organized/gaussian_output/rgb_gaussian30/sunset/original/k20/hybrid/trained_model.joblib
Saved scaler: /home/brusc/Projects/random_forest/experiments_organized/gaussian_output/rgb_gaussian30/sunset/original/k20/hybrid/scaler.joblib
Saved feature selector: /home/brusc/Projects/random_forest/experiments_organized/gaussian_output/rgb_gaussian30/sunset/original/k20/hybrid/feature_selector.joblib
Saved feature information: /home/brusc/Projects/random_forest/experiments_organized/gaussian_output/rgb_gaussian30/sunset/original/k20/hybrid/feature_names.json
Saved experiment report: /home/brusc/Projects/random_forest/experiments_organized/gaussian_output/rgb_gaussian30/sunset/original/k20/hybrid/experiment_report_with_model.json
Saved usage instructions: /home/brusc/Projects/random_forest/experiments_organized/gaussian_output/rgb_gaussian30/sunset/original/k20/hybrid/model_usage_instructions.md

================================================================================
TRAINING COMPLETED SUCCESSFULLY
================================================================================
Area: sunset
Dataset: /home/brusc/Projects/random_forest/datasets/dataset_rgb_gaussian_30/original
Feature method: hybrid
Total images: 120
Classes: ['garden', 'low_veg', 'trees']
Original features: 540
Selected features: 20
N estimators: 50

PERFORMANCE RESULTS:
Test Accuracy: 1.0000
CV Accuracy: 0.9833 ± 0.0333

Top 20 selected features:
  1. R_iqr: 0.6213
  2. G_iqr: 0.6142
  3. B_mean: 0.6617
  4. B_skew: 0.6129
  5. B_kurt: 0.6025
  6. B_cv: 0.6291
  7. B_p50: 0.6503
  8. B_p75: 0.6793
  9. B_p90: 0.6502
  10. B_grad_mean: 0.6276
  11. R_wst_std_0: 0.7994
  12. G_wst_std_0: 0.6850
  13. B_wst_mean_0: 0.6768
  14. B_wst_mean_1: 0.6005
  15. B_wst_mean_4: 0.6034
  16. B_wst_mean_6: 0.6066
  17. B_wst_mean_8: 0.6144
  18. B_wst_mean_30: 0.6256
  19. B_wst_mean_57: 0.6467
  20. B_wst_mean_73: 0.6079

Model and artifacts saved to: /home/brusc/Projects/random_forest/experiments_organized/gaussian_output/rgb_gaussian30/sunset/original/k20/hybrid
================================================================================
