================================================================================
CONFIGURABLE RANDOM FOREST TRAINING SCRIPT
Dataset: /home/brusc/Projects/random_forest/datasets/dataset_rgb_gaussian_30/small
Area: assatigue
Feature Method: advanced_stats
K Features: 20
Output: /home/brusc/Projects/random_forest/experiments_organized/gaussian_output/rgb_gaussian30/assatigue/small/k20/advanced_stats
N Estimators: 10
================================================================================
Loading images from assatigue area...
Found classes in assatigue: ['low_veg', 'trees', 'water']
Loading 15 images from assatigue/low_veg
Loading 15 images from assatigue/trees
Loading 15 images from assatigue/water
Loaded 45 images with 3 classes
Classes: [np.str_('low_veg'), np.str_('trees'), np.str_('water')]
Image shape: (3, 128, 128)
Extracting advanced_stats features...
Feature matrix shape: (45, 54)
Applying SelectKBest feature selection (k=20)...
Selected features: ['R_mean', 'R_cv', 'R_p10', 'R_p25', 'R_p50', 'R_p75', 'G_mean', 'G_skew', 'G_cv', 'G_p10', 'G_p50', 'G_iqr', 'G_mad', 'B_mean', 'B_skew', 'B_cv', 'B_p10', 'B_p25', 'B_p75', 'B_p90']
Feature scores: [0.71424117 0.69766268 0.70581965 0.69322706 0.6875745  0.66017206
 0.67611066 0.64509655 0.74424037 0.78148904 0.71741497 0.69868324
 0.708315   0.66551983 0.68329761 0.65809398 0.65490254 0.6464193
 0.69066092 0.74799778]
Training final Random Forest model...
Saving model and artifacts...
Saved trained model: /home/brusc/Projects/random_forest/experiments_organized/gaussian_output/rgb_gaussian30/assatigue/small/k20/advanced_stats/trained_model.joblib
Saved scaler: /home/brusc/Projects/random_forest/experiments_organized/gaussian_output/rgb_gaussian30/assatigue/small/k20/advanced_stats/scaler.joblib
Saved feature selector: /home/brusc/Projects/random_forest/experiments_organized/gaussian_output/rgb_gaussian30/assatigue/small/k20/advanced_stats/feature_selector.joblib
Saved feature information: /home/brusc/Projects/random_forest/experiments_organized/gaussian_output/rgb_gaussian30/assatigue/small/k20/advanced_stats/feature_names.json
Saved experiment report: /home/brusc/Projects/random_forest/experiments_organized/gaussian_output/rgb_gaussian30/assatigue/small/k20/advanced_stats/experiment_report_with_model.json
Saved usage instructions: /home/brusc/Projects/random_forest/experiments_organized/gaussian_output/rgb_gaussian30/assatigue/small/k20/advanced_stats/model_usage_instructions.md

================================================================================
TRAINING COMPLETED SUCCESSFULLY
================================================================================
Area: assatigue
Dataset: /home/brusc/Projects/random_forest/datasets/dataset_rgb_gaussian_30/small
Feature method: advanced_stats
Total images: 45
Classes: ['low_veg', 'trees', 'water']
Original features: 54
Selected features: 20
N estimators: 10

PERFORMANCE RESULTS:
Test Accuracy: 1.0000
CV Accuracy: 0.8444 ± 0.1133

Top 20 selected features:
  1. R_mean: 0.7142
  2. R_cv: 0.6977
  3. R_p10: 0.7058
  4. R_p25: 0.6932
  5. R_p50: 0.6876
  6. R_p75: 0.6602
  7. G_mean: 0.6761
  8. G_skew: 0.6451
  9. G_cv: 0.7442
  10. G_p10: 0.7815
  11. G_p50: 0.7174
  12. G_iqr: 0.6987
  13. G_mad: 0.7083
  14. B_mean: 0.6655
  15. B_skew: 0.6833
  16. B_cv: 0.6581
  17. B_p10: 0.6549
  18. B_p25: 0.6464
  19. B_p75: 0.6907
  20. B_p90: 0.7480

Model and artifacts saved to: /home/brusc/Projects/random_forest/experiments_organized/gaussian_output/rgb_gaussian30/assatigue/small/k20/advanced_stats
================================================================================
