================================================================================
CONFIGURABLE RANDOM FOREST TRAINING SCRIPT
Dataset: /home/brusc/Projects/random_forest/datasets/dataset_rgb_clean/original
Area: assatigue
Feature Method: advanced_stats
K Features: 20
Output: /home/brusc/Projects/random_forest/experiments_organized/gaussian_output/rgb_clean/assatigue/original/k20/advanced_stats
N Estimators: 50
================================================================================
Loading images from assatigue area...
Found classes in assatigue: ['low_veg', 'trees', 'water']
Loading 40 images from assatigue/low_veg
Loading 36 images from assatigue/trees
Loading 40 images from assatigue/water
Loaded 116 images with 3 classes
Classes: [np.str_('low_veg'), np.str_('trees'), np.str_('water')]
Image shape: (3, 128, 128)
Extracting advanced_stats features...
Feature matrix shape: (116, 54)
Applying SelectKBest feature selection (k=20)...
Selected features: ['R_std', 'R_var', 'R_min', 'R_cv', 'R_iqr', 'R_mad', 'R_grad_mean', 'G_std', 'G_var', 'G_min', 'G_range', 'G_cv', 'G_p10', 'G_iqr', 'G_mad', 'G_grad_mean', 'B_min', 'B_cv', 'B_p10', 'B_grad_mean']
Feature scores: [0.90415391 0.89764495 1.05605242 0.94141105 1.08068206 1.00932412
 0.88967583 0.90887035 0.90588623 1.03330963 0.85964217 0.9282938
 0.88354018 1.08355935 1.03264724 0.88584714 1.07940818 0.88956214
 0.88377518 0.80765934]
Training final Random Forest model...
Saving model and artifacts...
Saved trained model: /home/brusc/Projects/random_forest/experiments_organized/gaussian_output/rgb_clean/assatigue/original/k20/advanced_stats/trained_model.joblib
Saved scaler: /home/brusc/Projects/random_forest/experiments_organized/gaussian_output/rgb_clean/assatigue/original/k20/advanced_stats/scaler.joblib
Saved feature selector: /home/brusc/Projects/random_forest/experiments_organized/gaussian_output/rgb_clean/assatigue/original/k20/advanced_stats/feature_selector.joblib
Saved feature information: /home/brusc/Projects/random_forest/experiments_organized/gaussian_output/rgb_clean/assatigue/original/k20/advanced_stats/feature_names.json
Saved experiment report: /home/brusc/Projects/random_forest/experiments_organized/gaussian_output/rgb_clean/assatigue/original/k20/advanced_stats/experiment_report_with_model.json
Saved usage instructions: /home/brusc/Projects/random_forest/experiments_organized/gaussian_output/rgb_clean/assatigue/original/k20/advanced_stats/model_usage_instructions.md

================================================================================
TRAINING COMPLETED SUCCESSFULLY
================================================================================
Area: assatigue
Dataset: /home/brusc/Projects/random_forest/datasets/dataset_rgb_clean/original
Feature method: advanced_stats
Total images: 116
Classes: ['low_veg', 'water', 'trees']
Original features: 54
Selected features: 20
N estimators: 50

PERFORMANCE RESULTS:
Test Accuracy: 1.0000
CV Accuracy: 0.9913 ± 0.0174

Top 20 selected features:
  1. R_std: 0.9042
  2. R_var: 0.8976
  3. R_min: 1.0561
  4. R_cv: 0.9414
  5. R_iqr: 1.0807
  6. R_mad: 1.0093
  7. R_grad_mean: 0.8897
  8. G_std: 0.9089
  9. G_var: 0.9059
  10. G_min: 1.0333
  11. G_range: 0.8596
  12. G_cv: 0.9283
  13. G_p10: 0.8835
  14. G_iqr: 1.0836
  15. G_mad: 1.0326
  16. G_grad_mean: 0.8858
  17. B_min: 1.0794
  18. B_cv: 0.8896
  19. B_p10: 0.8838
  20. B_grad_mean: 0.8077

Model and artifacts saved to: /home/brusc/Projects/random_forest/experiments_organized/gaussian_output/rgb_clean/assatigue/original/k20/advanced_stats
================================================================================
