================================================================================
CONFIGURABLE RANDOM FOREST TRAINING SCRIPT
Dataset: /home/brusc/Projects/random_forest/datasets/dataset_rgb_gaussian_30/mini
Area: popolar
Feature Method: wst
K Features: 5
Output: /home/brusc/Projects/random_forest/experiments_organized/gaussian_output/rgb_gaussian30/popolar/mini/k5/wst
N Estimators: 3
================================================================================
Loading images from popolar area...
Found classes in popolar: ['low_veg', 'trees', 'water']
Loading 5 images from popolar/low_veg
Loading 5 images from popolar/trees
Loading 5 images from popolar/water
Loaded 15 images with 3 classes
Classes: [np.str_('low_veg'), np.str_('trees'), np.str_('water')]
Image shape: (3, 128, 128)
Extracting wst features...
Feature matrix shape: (15, 486)
Applying SelectKBest feature selection (k=5)...
Selected features: ['R_wst_mean_0', 'R_wst_std_0', 'R_wst_std_15', 'G_wst_std_0', 'B_wst_mean_0']
Feature scores: [0.86071336 0.84807026 0.77740889 0.80521312 0.95092741]
Training final Random Forest model...
Saving model and artifacts...
Saved trained model: /home/brusc/Projects/random_forest/experiments_organized/gaussian_output/rgb_gaussian30/popolar/mini/k5/wst/trained_model.joblib
Saved scaler: /home/brusc/Projects/random_forest/experiments_organized/gaussian_output/rgb_gaussian30/popolar/mini/k5/wst/scaler.joblib
Saved feature selector: /home/brusc/Projects/random_forest/experiments_organized/gaussian_output/rgb_gaussian30/popolar/mini/k5/wst/feature_selector.joblib
Saved feature information: /home/brusc/Projects/random_forest/experiments_organized/gaussian_output/rgb_gaussian30/popolar/mini/k5/wst/feature_names.json
Saved experiment report: /home/brusc/Projects/random_forest/experiments_organized/gaussian_output/rgb_gaussian30/popolar/mini/k5/wst/experiment_report_with_model.json
Saved usage instructions: /home/brusc/Projects/random_forest/experiments_organized/gaussian_output/rgb_gaussian30/popolar/mini/k5/wst/model_usage_instructions.md

================================================================================
TRAINING COMPLETED SUCCESSFULLY
================================================================================
Area: popolar
Dataset: /home/brusc/Projects/random_forest/datasets/dataset_rgb_gaussian_30/mini
Feature method: wst
Total images: 15
Classes: ['low_veg', 'trees', 'water']
Original features: 486
Selected features: 5
N estimators: 3

PERFORMANCE RESULTS:
Test Accuracy: 1.0000
CV Accuracy: 0.9333 ± 0.1333

Top 5 selected features:
  1. R_wst_mean_0: 0.8607
  2. R_wst_std_0: 0.8481
  3. R_wst_std_15: 0.7774
  4. G_wst_std_0: 0.8052
  5. B_wst_mean_0: 0.9509

Model and artifacts saved to: /home/brusc/Projects/random_forest/experiments_organized/gaussian_output/rgb_gaussian30/popolar/mini/k5/wst
================================================================================
