================================================================================
CONFIGURABLE RANDOM FOREST TRAINING SCRIPT
Dataset: /home/brusc/Projects/random_forest/datasets/dataset_rgb_gaussian_30/small
Area: popolar
Feature Method: advanced_stats
K Features: 20
Output: /home/brusc/Projects/random_forest/experiments_organized/gaussian_output/rgb_gaussian30/popolar/small/k20/advanced_stats
N Estimators: 10
================================================================================
Loading images from popolar area...
Found classes in popolar: ['low_veg', 'trees', 'water']
Loading 15 images from popolar/low_veg
Loading 15 images from popolar/trees
Loading 15 images from popolar/water
Loaded 45 images with 3 classes
Classes: [np.str_('low_veg'), np.str_('trees'), np.str_('water')]
Image shape: (3, 128, 128)
Extracting advanced_stats features...
Feature matrix shape: (45, 54)
Applying SelectKBest feature selection (k=20)...
Selected features: ['R_mean', 'R_std', 'R_var', 'R_skew', 'R_cv', 'R_p10', 'R_p25', 'R_p50', 'R_p75', 'R_iqr', 'R_mad', 'G_iqr', 'G_mad', 'B_mean', 'B_skew', 'B_cv', 'B_p10', 'B_p25', 'B_p50', 'B_p75']
Feature scores: [0.78036276 0.82484032 0.82484032 0.73723586 0.79454266 0.82278645
 0.76993066 0.78715289 0.74054218 0.77269136 0.85339547 0.79528093
 0.71806592 0.8214852  0.81865875 0.87498689 0.87862373 0.85572763
 0.80411442 0.78226257]
Training final Random Forest model...
Saving model and artifacts...
Saved trained model: /home/brusc/Projects/random_forest/experiments_organized/gaussian_output/rgb_gaussian30/popolar/small/k20/advanced_stats/trained_model.joblib
Saved scaler: /home/brusc/Projects/random_forest/experiments_organized/gaussian_output/rgb_gaussian30/popolar/small/k20/advanced_stats/scaler.joblib
Saved feature selector: /home/brusc/Projects/random_forest/experiments_organized/gaussian_output/rgb_gaussian30/popolar/small/k20/advanced_stats/feature_selector.joblib
Saved feature information: /home/brusc/Projects/random_forest/experiments_organized/gaussian_output/rgb_gaussian30/popolar/small/k20/advanced_stats/feature_names.json
Saved experiment report: /home/brusc/Projects/random_forest/experiments_organized/gaussian_output/rgb_gaussian30/popolar/small/k20/advanced_stats/experiment_report_with_model.json
Saved usage instructions: /home/brusc/Projects/random_forest/experiments_organized/gaussian_output/rgb_gaussian30/popolar/small/k20/advanced_stats/model_usage_instructions.md

================================================================================
TRAINING COMPLETED SUCCESSFULLY
================================================================================
Area: popolar
Dataset: /home/brusc/Projects/random_forest/datasets/dataset_rgb_gaussian_30/small
Feature method: advanced_stats
Total images: 45
Classes: ['low_veg', 'trees', 'water']
Original features: 54
Selected features: 20
N estimators: 10

PERFORMANCE RESULTS:
Test Accuracy: 0.7778
CV Accuracy: 0.8667 ± 0.0831

Top 20 selected features:
  1. R_mean: 0.7804
  2. R_std: 0.8248
  3. R_var: 0.8248
  4. R_skew: 0.7372
  5. R_cv: 0.7945
  6. R_p10: 0.8228
  7. R_p25: 0.7699
  8. R_p50: 0.7872
  9. R_p75: 0.7405
  10. R_iqr: 0.7727
  11. R_mad: 0.8534
  12. G_iqr: 0.7953
  13. G_mad: 0.7181
  14. B_mean: 0.8215
  15. B_skew: 0.8187
  16. B_cv: 0.8750
  17. B_p10: 0.8786
  18. B_p25: 0.8557
  19. B_p50: 0.8041
  20. B_p75: 0.7823

Model and artifacts saved to: /home/brusc/Projects/random_forest/experiments_organized/gaussian_output/rgb_gaussian30/popolar/small/k20/advanced_stats
================================================================================
