================================================================================
CONFIGURABLE RANDOM FOREST TRAINING SCRIPT
Dataset: /home/brusc/Projects/random_forest/datasets/dataset_rgb_clean/original
Area: sunset
Feature Method: hybrid
K Features: 20
Output: /home/brusc/Projects/random_forest/experiments_organized/gaussian_output/rgb_clean/sunset/original/k20/hybrid
N Estimators: 50
================================================================================
Loading images from sunset area...
Found classes in sunset: ['garden', 'low_veg', 'trees']
Loading 40 images from sunset/garden
Loading 40 images from sunset/low_veg
Loading 40 images from sunset/trees
Loaded 120 images with 3 classes
Classes: [np.str_('garden'), np.str_('low_veg'), np.str_('trees')]
Image shape: (3, 128, 128)
Extracting hybrid features...
Feature matrix shape: (120, 540)
Applying SelectKBest feature selection (k=20)...
Selected features: ['R_std', 'R_var', 'B_cv', 'R_wst_mean_3', 'R_wst_mean_13', 'R_wst_mean_29', 'R_wst_mean_40', 'R_wst_std_0', 'G_wst_mean_4', 'G_wst_mean_5', 'G_wst_mean_11', 'G_wst_mean_13', 'G_wst_mean_37', 'G_wst_mean_45', 'G_wst_mean_46', 'G_wst_mean_55', 'G_wst_std_55', 'B_wst_mean_36', 'B_wst_mean_45', 'B_wst_mean_52']
Feature scores: [0.83666477 0.8375058  0.85470789 0.84688943 0.84109587 0.83889921
 0.84659125 0.88781431 0.84262273 0.83933532 0.83619395 0.85889333
 0.86519209 0.85933948 0.86295503 0.84291385 0.85723422 0.84014436
 0.84031485 0.86790628]
Training final Random Forest model...
Saving model and artifacts...
Saved trained model: /home/brusc/Projects/random_forest/experiments_organized/gaussian_output/rgb_clean/sunset/original/k20/hybrid/trained_model.joblib
Saved scaler: /home/brusc/Projects/random_forest/experiments_organized/gaussian_output/rgb_clean/sunset/original/k20/hybrid/scaler.joblib
Saved feature selector: /home/brusc/Projects/random_forest/experiments_organized/gaussian_output/rgb_clean/sunset/original/k20/hybrid/feature_selector.joblib
Saved feature information: /home/brusc/Projects/random_forest/experiments_organized/gaussian_output/rgb_clean/sunset/original/k20/hybrid/feature_names.json
Saved experiment report: /home/brusc/Projects/random_forest/experiments_organized/gaussian_output/rgb_clean/sunset/original/k20/hybrid/experiment_report_with_model.json
Saved usage instructions: /home/brusc/Projects/random_forest/experiments_organized/gaussian_output/rgb_clean/sunset/original/k20/hybrid/model_usage_instructions.md

================================================================================
TRAINING COMPLETED SUCCESSFULLY
================================================================================
Area: sunset
Dataset: /home/brusc/Projects/random_forest/datasets/dataset_rgb_clean/original
Feature method: hybrid
Total images: 120
Classes: ['garden', 'low_veg', 'trees']
Original features: 540
Selected features: 20
N estimators: 50

PERFORMANCE RESULTS:
Test Accuracy: 0.9583
CV Accuracy: 0.9667 ± 0.0486

Top 20 selected features:
  1. R_std: 0.8367
  2. R_var: 0.8375
  3. B_cv: 0.8547
  4. R_wst_mean_3: 0.8469
  5. R_wst_mean_13: 0.8411
  6. R_wst_mean_29: 0.8389
  7. R_wst_mean_40: 0.8466
  8. R_wst_std_0: 0.8878
  9. G_wst_mean_4: 0.8426
  10. G_wst_mean_5: 0.8393
  11. G_wst_mean_11: 0.8362
  12. G_wst_mean_13: 0.8589
  13. G_wst_mean_37: 0.8652
  14. G_wst_mean_45: 0.8593
  15. G_wst_mean_46: 0.8630
  16. G_wst_mean_55: 0.8429
  17. G_wst_std_55: 0.8572
  18. B_wst_mean_36: 0.8401
  19. B_wst_mean_45: 0.8403
  20. B_wst_mean_52: 0.8679

Model and artifacts saved to: /home/brusc/Projects/random_forest/experiments_organized/gaussian_output/rgb_clean/sunset/original/k20/hybrid
================================================================================
