================================================================================
CONFIGURABLE RANDOM FOREST TRAINING SCRIPT
Dataset: /home/brusc/Projects/random_forest/datasets/dataset_rgb_gaussian_50/original
Area: assatigue
Feature Method: hybrid
K Features: 20
Output: /home/brusc/Projects/random_forest/experiments_organized/gaussian_output/rgb_gaussian50/assatigue/original/k20/hybrid
N Estimators: 50
================================================================================
Loading images from assatigue area...
Found classes in assatigue: ['low_veg', 'trees', 'water']
Loading 40 images from assatigue/low_veg
Loading 36 images from assatigue/trees
Loading 40 images from assatigue/water
Loaded 116 images with 3 classes
Classes: [np.str_('low_veg'), np.str_('trees'), np.str_('water')]
Image shape: (3, 128, 128)
Extracting hybrid features...
Feature matrix shape: (116, 540)
Applying SelectKBest feature selection (k=20)...
Selected features: ['R_mean', 'R_cv', 'R_p25', 'R_p75', 'G_mean', 'G_skew', 'G_cv', 'G_p25', 'G_p50', 'G_p75', 'B_mean', 'B_skew', 'B_cv', 'B_p25', 'B_p50', 'R_wst_mean_0', 'R_wst_std_0', 'G_wst_mean_0', 'G_wst_std_0', 'B_wst_mean_0']
Feature scores: [0.61230783 0.6473563  0.65041115 0.66644405 0.67325558 0.64712979
 0.663232   0.72115514 0.64288786 0.6406226  0.65528886 0.66378795
 0.65512146 0.70849685 0.67495597 0.61513982 0.82070804 0.64422917
 0.85721912 0.65782557]
Training final Random Forest model...
Saving model and artifacts...
Saved trained model: /home/brusc/Projects/random_forest/experiments_organized/gaussian_output/rgb_gaussian50/assatigue/original/k20/hybrid/trained_model.joblib
Saved scaler: /home/brusc/Projects/random_forest/experiments_organized/gaussian_output/rgb_gaussian50/assatigue/original/k20/hybrid/scaler.joblib
Saved feature selector: /home/brusc/Projects/random_forest/experiments_organized/gaussian_output/rgb_gaussian50/assatigue/original/k20/hybrid/feature_selector.joblib
Saved feature information: /home/brusc/Projects/random_forest/experiments_organized/gaussian_output/rgb_gaussian50/assatigue/original/k20/hybrid/feature_names.json
Saved experiment report: /home/brusc/Projects/random_forest/experiments_organized/gaussian_output/rgb_gaussian50/assatigue/original/k20/hybrid/experiment_report_with_model.json
Saved usage instructions: /home/brusc/Projects/random_forest/experiments_organized/gaussian_output/rgb_gaussian50/assatigue/original/k20/hybrid/model_usage_instructions.md

================================================================================
TRAINING COMPLETED SUCCESSFULLY
================================================================================
Area: assatigue
Dataset: /home/brusc/Projects/random_forest/datasets/dataset_rgb_gaussian_50/original
Feature method: hybrid
Total images: 116
Classes: ['low_veg', 'water', 'trees']
Original features: 540
Selected features: 20
N estimators: 50

PERFORMANCE RESULTS:
Test Accuracy: 0.9167
CV Accuracy: 0.8967 ± 0.0585

Top 20 selected features:
  1. R_mean: 0.6123
  2. R_cv: 0.6474
  3. R_p25: 0.6504
  4. R_p75: 0.6664
  5. G_mean: 0.6733
  6. G_skew: 0.6471
  7. G_cv: 0.6632
  8. G_p25: 0.7212
  9. G_p50: 0.6429
  10. G_p75: 0.6406
  11. B_mean: 0.6553
  12. B_skew: 0.6638
  13. B_cv: 0.6551
  14. B_p25: 0.7085
  15. B_p50: 0.6750
  16. R_wst_mean_0: 0.6151
  17. R_wst_std_0: 0.8207
  18. G_wst_mean_0: 0.6442
  19. G_wst_std_0: 0.8572
  20. B_wst_mean_0: 0.6578

Model and artifacts saved to: /home/brusc/Projects/random_forest/experiments_organized/gaussian_output/rgb_gaussian50/assatigue/original/k20/hybrid
================================================================================
