================================================================================
CONFIGURABLE RANDOM FOREST TRAINING SCRIPT
Dataset: /home/brusc/Projects/random_forest/datasets/dataset_rgb_gaussian_50/original
Area: sunset
Feature Method: advanced_stats
K Features: 10
Output: /home/brusc/Projects/random_forest/experiments_organized/gaussian_output/rgb_gaussian50/sunset/original/k10/advanced_stats
N Estimators: 50
================================================================================
Loading images from sunset area...
Found classes in sunset: ['garden', 'low_veg', 'trees']
Loading 40 images from sunset/garden
Loading 40 images from sunset/low_veg
Loading 40 images from sunset/trees
Loaded 120 images with 3 classes
Classes: [np.str_('garden'), np.str_('low_veg'), np.str_('trees')]
Image shape: (3, 128, 128)
Extracting advanced_stats features...
Feature matrix shape: (120, 54)
Applying SelectKBest feature selection (k=10)...
Selected features: ['B_mean', 'B_var', 'B_skew', 'B_kurt', 'B_cv', 'B_p50', 'B_p75', 'B_p90', 'B_iqr', 'B_grad_mean']
Feature scores: [0.64787524 0.610753   0.61850046 0.61037409 0.62648326 0.62048365
 0.65429872 0.64341015 0.66326727 0.62699985]
Training final Random Forest model...
Saving model and artifacts...
Saved trained model: /home/brusc/Projects/random_forest/experiments_organized/gaussian_output/rgb_gaussian50/sunset/original/k10/advanced_stats/trained_model.joblib
Saved scaler: /home/brusc/Projects/random_forest/experiments_organized/gaussian_output/rgb_gaussian50/sunset/original/k10/advanced_stats/scaler.joblib
Saved feature selector: /home/brusc/Projects/random_forest/experiments_organized/gaussian_output/rgb_gaussian50/sunset/original/k10/advanced_stats/feature_selector.joblib
Saved feature information: /home/brusc/Projects/random_forest/experiments_organized/gaussian_output/rgb_gaussian50/sunset/original/k10/advanced_stats/feature_names.json
Saved experiment report: /home/brusc/Projects/random_forest/experiments_organized/gaussian_output/rgb_gaussian50/sunset/original/k10/advanced_stats/experiment_report_with_model.json
Saved usage instructions: /home/brusc/Projects/random_forest/experiments_organized/gaussian_output/rgb_gaussian50/sunset/original/k10/advanced_stats/model_usage_instructions.md

================================================================================
TRAINING COMPLETED SUCCESSFULLY
================================================================================
Area: sunset
Dataset: /home/brusc/Projects/random_forest/datasets/dataset_rgb_gaussian_50/original
Feature method: advanced_stats
Total images: 120
Classes: ['garden', 'low_veg', 'trees']
Original features: 54
Selected features: 10
N estimators: 50

PERFORMANCE RESULTS:
Test Accuracy: 0.7500
CV Accuracy: 0.6917 ± 0.0425

Top 10 selected features:
  1. B_mean: 0.6479
  2. B_var: 0.6108
  3. B_skew: 0.6185
  4. B_kurt: 0.6104
  5. B_cv: 0.6265
  6. B_p50: 0.6205
  7. B_p75: 0.6543
  8. B_p90: 0.6434
  9. B_iqr: 0.6633
  10. B_grad_mean: 0.6270

Model and artifacts saved to: /home/brusc/Projects/random_forest/experiments_organized/gaussian_output/rgb_gaussian50/sunset/original/k10/advanced_stats
================================================================================
