================================================================================
CONFIGURABLE RANDOM FOREST TRAINING SCRIPT
Dataset: /home/brusc/Projects/random_forest/datasets/dataset_rgb_gaussian_50/original
Area: popolar
Feature Method: advanced_stats
K Features: 20
Output: /home/brusc/Projects/random_forest/experiments_organized/gaussian_output/rgb_gaussian50/popolar/original/k20/advanced_stats
N Estimators: 50
================================================================================
Loading images from popolar area...
Found classes in popolar: ['low_veg', 'trees', 'water']
Loading 41 images from popolar/low_veg
Loading 40 images from popolar/trees
Loading 40 images from popolar/water
Loaded 121 images with 3 classes
Classes: [np.str_('low_veg'), np.str_('trees'), np.str_('water')]
Image shape: (3, 128, 128)
Extracting advanced_stats features...
Feature matrix shape: (121, 54)
Applying SelectKBest feature selection (k=20)...
Selected features: ['R_mean', 'R_std', 'R_skew', 'R_cv', 'R_p25', 'R_p50', 'R_p75', 'R_iqr', 'R_mad', 'G_std', 'G_var', 'G_kurt', 'G_mad', 'B_mean', 'B_skew', 'B_cv', 'B_p25', 'B_p50', 'B_p75', 'B_iqr']
Feature scores: [0.84711357 0.58975749 0.84216053 0.87925858 0.87922268 0.8091368
 0.82338979 0.59745454 0.60116516 0.61059337 0.61030589 0.59025115
 0.60059778 0.8740109  0.88482904 0.88383194 0.89303697 0.8866606
 0.83021696 0.64387976]
Training final Random Forest model...
Saving model and artifacts...
Saved trained model: /home/brusc/Projects/random_forest/experiments_organized/gaussian_output/rgb_gaussian50/popolar/original/k20/advanced_stats/trained_model.joblib
Saved scaler: /home/brusc/Projects/random_forest/experiments_organized/gaussian_output/rgb_gaussian50/popolar/original/k20/advanced_stats/scaler.joblib
Saved feature selector: /home/brusc/Projects/random_forest/experiments_organized/gaussian_output/rgb_gaussian50/popolar/original/k20/advanced_stats/feature_selector.joblib
Saved feature information: /home/brusc/Projects/random_forest/experiments_organized/gaussian_output/rgb_gaussian50/popolar/original/k20/advanced_stats/feature_names.json
Saved experiment report: /home/brusc/Projects/random_forest/experiments_organized/gaussian_output/rgb_gaussian50/popolar/original/k20/advanced_stats/experiment_report_with_model.json
Saved usage instructions: /home/brusc/Projects/random_forest/experiments_organized/gaussian_output/rgb_gaussian50/popolar/original/k20/advanced_stats/model_usage_instructions.md

================================================================================
TRAINING COMPLETED SUCCESSFULLY
================================================================================
Area: popolar
Dataset: /home/brusc/Projects/random_forest/datasets/dataset_rgb_gaussian_50/original
Feature method: advanced_stats
Total images: 121
Classes: ['low_veg', 'trees', 'water']
Original features: 54
Selected features: 20
N estimators: 50

PERFORMANCE RESULTS:
Test Accuracy: 0.9600
CV Accuracy: 0.9343 ± 0.0411

Top 20 selected features:
  1. R_mean: 0.8471
  2. R_std: 0.5898
  3. R_skew: 0.8422
  4. R_cv: 0.8793
  5. R_p25: 0.8792
  6. R_p50: 0.8091
  7. R_p75: 0.8234
  8. R_iqr: 0.5975
  9. R_mad: 0.6012
  10. G_std: 0.6106
  11. G_var: 0.6103
  12. G_kurt: 0.5903
  13. G_mad: 0.6006
  14. B_mean: 0.8740
  15. B_skew: 0.8848
  16. B_cv: 0.8838
  17. B_p25: 0.8930
  18. B_p50: 0.8867
  19. B_p75: 0.8302
  20. B_iqr: 0.6439

Model and artifacts saved to: /home/brusc/Projects/random_forest/experiments_organized/gaussian_output/rgb_gaussian50/popolar/original/k20/advanced_stats
================================================================================
