================================================================================
CONFIGURABLE RANDOM FOREST TRAINING SCRIPT
Dataset: /home/brusc/Projects/random_forest/datasets/dataset_rgb_gaussian_50/mini
Area: assatigue
Feature Method: advanced_stats
K Features: 20
Output: /home/brusc/Projects/random_forest/experiments_organized/gaussian_output/rgb_gaussian50/assatigue/mini/k20/advanced_stats
N Estimators: 3
================================================================================
Loading images from assatigue area...
Found classes in assatigue: ['low_veg', 'trees', 'water']
Loading 5 images from assatigue/low_veg
Loading 5 images from assatigue/trees
Loading 5 images from assatigue/water
Loaded 15 images with 3 classes
Classes: [np.str_('low_veg'), np.str_('trees'), np.str_('water')]
Image shape: (3, 128, 128)
Extracting advanced_stats features...
Feature matrix shape: (15, 54)
Applying SelectKBest feature selection (k=20)...
Selected features: ['R_mean', 'R_skew', 'R_cv', 'R_p10', 'R_p25', 'R_p50', 'R_p75', 'R_p90', 'G_std', 'G_var', 'G_p10', 'B_mean', 'B_skew', 'B_kurt', 'B_cv', 'B_p10', 'B_p25', 'B_p50', 'B_p75', 'B_p90']
Feature scores: [0.63029249 0.68092741 0.64426074 0.67155511 0.70076868 0.65632423
 0.64759407 1.06070541 0.60473693 0.6714036  0.72089374 0.79965756
 0.71251471 0.6643377  0.69029249 0.99556869 1.21314963 0.77584804
 0.74251471 0.82288027]
Training final Random Forest model...
Saving model and artifacts...
Saved trained model: /home/brusc/Projects/random_forest/experiments_organized/gaussian_output/rgb_gaussian50/assatigue/mini/k20/advanced_stats/trained_model.joblib
Saved scaler: /home/brusc/Projects/random_forest/experiments_organized/gaussian_output/rgb_gaussian50/assatigue/mini/k20/advanced_stats/scaler.joblib
Saved feature selector: /home/brusc/Projects/random_forest/experiments_organized/gaussian_output/rgb_gaussian50/assatigue/mini/k20/advanced_stats/feature_selector.joblib
Saved feature information: /home/brusc/Projects/random_forest/experiments_organized/gaussian_output/rgb_gaussian50/assatigue/mini/k20/advanced_stats/feature_names.json
Saved experiment report: /home/brusc/Projects/random_forest/experiments_organized/gaussian_output/rgb_gaussian50/assatigue/mini/k20/advanced_stats/experiment_report_with_model.json
Saved usage instructions: /home/brusc/Projects/random_forest/experiments_organized/gaussian_output/rgb_gaussian50/assatigue/mini/k20/advanced_stats/model_usage_instructions.md

================================================================================
TRAINING COMPLETED SUCCESSFULLY
================================================================================
Area: assatigue
Dataset: /home/brusc/Projects/random_forest/datasets/dataset_rgb_gaussian_50/mini
Feature method: advanced_stats
Total images: 15
Classes: ['low_veg', 'trees', 'water']
Original features: 54
Selected features: 20
N estimators: 3

PERFORMANCE RESULTS:
Test Accuracy: 1.0000
CV Accuracy: 0.8667 ± 0.1633

Top 20 selected features:
  1. R_mean: 0.6303
  2. R_skew: 0.6809
  3. R_cv: 0.6443
  4. R_p10: 0.6716
  5. R_p25: 0.7008
  6. R_p50: 0.6563
  7. R_p75: 0.6476
  8. R_p90: 1.0607
  9. G_std: 0.6047
  10. G_var: 0.6714
  11. G_p10: 0.7209
  12. B_mean: 0.7997
  13. B_skew: 0.7125
  14. B_kurt: 0.6643
  15. B_cv: 0.6903
  16. B_p10: 0.9956
  17. B_p25: 1.2131
  18. B_p50: 0.7758
  19. B_p75: 0.7425
  20. B_p90: 0.8229

Model and artifacts saved to: /home/brusc/Projects/random_forest/experiments_organized/gaussian_output/rgb_gaussian50/assatigue/mini/k20/advanced_stats
================================================================================
