================================================================================
CONFIGURABLE RANDOM FOREST TRAINING SCRIPT
Dataset: /home/brusc/Projects/random_forest/datasets/dataset_rgb_gaussian_30/original
Area: assatigue
Feature Method: hybrid
K Features: 20
Output: /home/brusc/Projects/random_forest/experiments_organized/gaussian_output/rgb_gaussian30/assatigue/original/k20/hybrid
N Estimators: 50
================================================================================
Loading images from assatigue area...
Found classes in assatigue: ['low_veg', 'trees', 'water']
Loading 40 images from assatigue/low_veg
Loading 36 images from assatigue/trees
Loading 40 images from assatigue/water
Loaded 116 images with 3 classes
Classes: [np.str_('low_veg'), np.str_('trees'), np.str_('water')]
Image shape: (3, 128, 128)
Extracting hybrid features...
Feature matrix shape: (116, 540)
Applying SelectKBest feature selection (k=20)...
Selected features: ['R_p10', 'R_p25', 'R_p90', 'R_iqr', 'G_mean', 'G_skew', 'G_cv', 'G_p10', 'G_p25', 'G_p50', 'G_iqr', 'B_mean', 'B_skew', 'B_cv', 'B_p10', 'B_p25', 'B_p50', 'R_wst_std_0', 'G_wst_std_0', 'B_wst_mean_0']
Feature scores: [0.64781119 0.64902104 0.6831064  0.65412942 0.65695806 0.64267608
 0.65988004 0.64765288 0.66081342 0.64311364 0.74095917 0.66049781
 0.63905192 0.69797005 0.6991754  0.69007214 0.64383777 0.88439309
 0.91981684 0.66198913]
Training final Random Forest model...
Saving model and artifacts...
Saved trained model: /home/brusc/Projects/random_forest/experiments_organized/gaussian_output/rgb_gaussian30/assatigue/original/k20/hybrid/trained_model.joblib
Saved scaler: /home/brusc/Projects/random_forest/experiments_organized/gaussian_output/rgb_gaussian30/assatigue/original/k20/hybrid/scaler.joblib
Saved feature selector: /home/brusc/Projects/random_forest/experiments_organized/gaussian_output/rgb_gaussian30/assatigue/original/k20/hybrid/feature_selector.joblib
Saved feature information: /home/brusc/Projects/random_forest/experiments_organized/gaussian_output/rgb_gaussian30/assatigue/original/k20/hybrid/feature_names.json
Saved experiment report: /home/brusc/Projects/random_forest/experiments_organized/gaussian_output/rgb_gaussian30/assatigue/original/k20/hybrid/experiment_report_with_model.json
Saved usage instructions: /home/brusc/Projects/random_forest/experiments_organized/gaussian_output/rgb_gaussian30/assatigue/original/k20/hybrid/model_usage_instructions.md

================================================================================
TRAINING COMPLETED SUCCESSFULLY
================================================================================
Area: assatigue
Dataset: /home/brusc/Projects/random_forest/datasets/dataset_rgb_gaussian_30/original
Feature method: hybrid
Total images: 116
Classes: ['low_veg', 'water', 'trees']
Original features: 540
Selected features: 20
N estimators: 50

PERFORMANCE RESULTS:
Test Accuracy: 0.8750
CV Accuracy: 0.9402 ± 0.0427

Top 20 selected features:
  1. R_p10: 0.6478
  2. R_p25: 0.6490
  3. R_p90: 0.6831
  4. R_iqr: 0.6541
  5. G_mean: 0.6570
  6. G_skew: 0.6427
  7. G_cv: 0.6599
  8. G_p10: 0.6477
  9. G_p25: 0.6608
  10. G_p50: 0.6431
  11. G_iqr: 0.7410
  12. B_mean: 0.6605
  13. B_skew: 0.6391
  14. B_cv: 0.6980
  15. B_p10: 0.6992
  16. B_p25: 0.6901
  17. B_p50: 0.6438
  18. R_wst_std_0: 0.8844
  19. G_wst_std_0: 0.9198
  20. B_wst_mean_0: 0.6620

Model and artifacts saved to: /home/brusc/Projects/random_forest/experiments_organized/gaussian_output/rgb_gaussian30/assatigue/original/k20/hybrid
================================================================================
