================================================================================
CONFIGURABLE RANDOM FOREST TRAINING SCRIPT
Dataset: /home/brusc/Projects/random_forest/datasets/dataset_rgb_clean/mini
Area: assatigue
Feature Method: advanced_stats
K Features: 10
Output: /home/brusc/Projects/random_forest/experiments_organized/gaussian_output/rgb_clean/assatigue/mini/k10/advanced_stats
N Estimators: 3
================================================================================
Loading images from assatigue area...
Found classes in assatigue: ['low_veg', 'trees', 'water']
Loading 5 images from assatigue/low_veg
Loading 5 images from assatigue/trees
Loading 5 images from assatigue/water
Loaded 15 images with 3 classes
Classes: [np.str_('low_veg'), np.str_('trees'), np.str_('water')]
Image shape: (3, 128, 128)
Extracting advanced_stats features...
Feature matrix shape: (15, 54)
Applying SelectKBest feature selection (k=10)...
Selected features: ['R_min', 'R_skew', 'R_iqr', 'R_mad', 'R_grad_mean', 'G_range', 'G_iqr', 'G_mad', 'G_grad_mean', 'B_min']
Feature scores: [1.22870518 0.87245939 1.05092741 0.93148296 0.90981629 0.89314963
 0.96537185 0.96759407 0.87648296 0.91759407]
Training final Random Forest model...
Saving model and artifacts...
Saved trained model: /home/brusc/Projects/random_forest/experiments_organized/gaussian_output/rgb_clean/assatigue/mini/k10/advanced_stats/trained_model.joblib
Saved scaler: /home/brusc/Projects/random_forest/experiments_organized/gaussian_output/rgb_clean/assatigue/mini/k10/advanced_stats/scaler.joblib
Saved feature selector: /home/brusc/Projects/random_forest/experiments_organized/gaussian_output/rgb_clean/assatigue/mini/k10/advanced_stats/feature_selector.joblib
Saved feature information: /home/brusc/Projects/random_forest/experiments_organized/gaussian_output/rgb_clean/assatigue/mini/k10/advanced_stats/feature_names.json
Saved experiment report: /home/brusc/Projects/random_forest/experiments_organized/gaussian_output/rgb_clean/assatigue/mini/k10/advanced_stats/experiment_report_with_model.json
Saved usage instructions: /home/brusc/Projects/random_forest/experiments_organized/gaussian_output/rgb_clean/assatigue/mini/k10/advanced_stats/model_usage_instructions.md

================================================================================
TRAINING COMPLETED SUCCESSFULLY
================================================================================
Area: assatigue
Dataset: /home/brusc/Projects/random_forest/datasets/dataset_rgb_clean/mini
Feature method: advanced_stats
Total images: 15
Classes: ['low_veg', 'trees', 'water']
Original features: 54
Selected features: 10
N estimators: 3

PERFORMANCE RESULTS:
Test Accuracy: 0.6667
CV Accuracy: 0.8667 ± 0.1633

Top 10 selected features:
  1. R_min: 1.2287
  2. R_skew: 0.8725
  3. R_iqr: 1.0509
  4. R_mad: 0.9315
  5. R_grad_mean: 0.9098
  6. G_range: 0.8931
  7. G_iqr: 0.9654
  8. G_mad: 0.9676
  9. G_grad_mean: 0.8765
  10. B_min: 0.9176

Model and artifacts saved to: /home/brusc/Projects/random_forest/experiments_organized/gaussian_output/rgb_clean/assatigue/mini/k10/advanced_stats
================================================================================
