================================================================================
CONFIGURABLE RANDOM FOREST TRAINING SCRIPT
Dataset: /home/brusc/Projects/random_forest/datasets/dataset_rgb_gaussian_50/mini
Area: assatigue
Feature Method: wst
K Features: 20
Output: /home/brusc/Projects/random_forest/experiments_organized/gaussian_output/rgb_gaussian50/assatigue/mini/k20/wst
N Estimators: 3
================================================================================
Loading images from assatigue area...
Found classes in assatigue: ['low_veg', 'trees', 'water']
Loading 5 images from assatigue/low_veg
Loading 5 images from assatigue/trees
Loading 5 images from assatigue/water
Loaded 15 images with 3 classes
Classes: [np.str_('low_veg'), np.str_('trees'), np.str_('water')]
Image shape: (3, 128, 128)
Extracting wst features...
Feature matrix shape: (15, 486)
Applying SelectKBest feature selection (k=20)...
Selected features: ['R_wst_mean_0', 'R_wst_mean_21', 'R_wst_mean_38', 'R_wst_mean_62', 'R_wst_std_0', 'R_wst_std_61', 'G_wst_mean_0', 'G_wst_std_0', 'B_wst_mean_0', 'B_wst_mean_1', 'B_wst_mean_2', 'B_wst_mean_5', 'B_wst_mean_6', 'B_wst_mean_7', 'B_wst_mean_8', 'B_wst_mean_20', 'B_wst_mean_42', 'B_wst_mean_55', 'B_wst_mean_58', 'B_wst_std_30']
Feature scores: [0.63251471 0.52904669 0.48174511 0.55341177 0.72743534 0.48182447
 0.52314963 0.70759407 0.72584804 0.48687979 0.64537185 0.54307026
 0.57007844 0.60505439 0.58981629 0.52217079 0.61584804 0.71460225
 0.5161655  0.48836127]
Training final Random Forest model...
Saving model and artifacts...
Saved trained model: /home/brusc/Projects/random_forest/experiments_organized/gaussian_output/rgb_gaussian50/assatigue/mini/k20/wst/trained_model.joblib
Saved scaler: /home/brusc/Projects/random_forest/experiments_organized/gaussian_output/rgb_gaussian50/assatigue/mini/k20/wst/scaler.joblib
Saved feature selector: /home/brusc/Projects/random_forest/experiments_organized/gaussian_output/rgb_gaussian50/assatigue/mini/k20/wst/feature_selector.joblib
Saved feature information: /home/brusc/Projects/random_forest/experiments_organized/gaussian_output/rgb_gaussian50/assatigue/mini/k20/wst/feature_names.json
Saved experiment report: /home/brusc/Projects/random_forest/experiments_organized/gaussian_output/rgb_gaussian50/assatigue/mini/k20/wst/experiment_report_with_model.json
Saved usage instructions: /home/brusc/Projects/random_forest/experiments_organized/gaussian_output/rgb_gaussian50/assatigue/mini/k20/wst/model_usage_instructions.md

================================================================================
TRAINING COMPLETED SUCCESSFULLY
================================================================================
Area: assatigue
Dataset: /home/brusc/Projects/random_forest/datasets/dataset_rgb_gaussian_50/mini
Feature method: wst
Total images: 15
Classes: ['low_veg', 'trees', 'water']
Original features: 486
Selected features: 20
N estimators: 3

PERFORMANCE RESULTS:
Test Accuracy: 1.0000
CV Accuracy: 0.7333 ± 0.2494

Top 20 selected features:
  1. R_wst_mean_0: 0.6325
  2. R_wst_mean_21: 0.5290
  3. R_wst_mean_38: 0.4817
  4. R_wst_mean_62: 0.5534
  5. R_wst_std_0: 0.7274
  6. R_wst_std_61: 0.4818
  7. G_wst_mean_0: 0.5231
  8. G_wst_std_0: 0.7076
  9. B_wst_mean_0: 0.7258
  10. B_wst_mean_1: 0.4869
  11. B_wst_mean_2: 0.6454
  12. B_wst_mean_5: 0.5431
  13. B_wst_mean_6: 0.5701
  14. B_wst_mean_7: 0.6051
  15. B_wst_mean_8: 0.5898
  16. B_wst_mean_20: 0.5222
  17. B_wst_mean_42: 0.6158
  18. B_wst_mean_55: 0.7146
  19. B_wst_mean_58: 0.5162
  20. B_wst_std_30: 0.4884

Model and artifacts saved to: /home/brusc/Projects/random_forest/experiments_organized/gaussian_output/rgb_gaussian50/assatigue/mini/k20/wst
================================================================================
