================================================================================
CONFIGURABLE RANDOM FOREST TRAINING SCRIPT
Dataset: /home/brusc/Projects/random_forest/datasets/dataset_rgb_clean/small
Area: sunset
Feature Method: advanced_stats
K Features: 20
Output: /home/brusc/Projects/random_forest/experiments_organized/gaussian_output/rgb_clean/sunset/small/k20/advanced_stats
N Estimators: 10
================================================================================
Loading images from sunset area...
Found classes in sunset: ['garden', 'low_veg', 'trees']
Loading 15 images from sunset/garden
Loading 15 images from sunset/low_veg
Loading 15 images from sunset/trees
Loaded 45 images with 3 classes
Classes: [np.str_('garden'), np.str_('low_veg'), np.str_('trees')]
Image shape: (3, 128, 128)
Extracting advanced_stats features...
Feature matrix shape: (45, 54)
Applying SelectKBest feature selection (k=20)...
Selected features: ['R_std', 'R_var', 'R_range', 'R_iqr', 'R_mad', 'R_grad_mean', 'G_std', 'G_var', 'G_range', 'G_cv', 'G_iqr', 'G_mad', 'G_grad_mean', 'B_std', 'B_var', 'B_max', 'B_range', 'B_cv', 'B_mad', 'B_grad_mean']
Feature scores: [0.75265406 0.73832975 0.61120766 0.69874508 0.78822861 0.87335163
 0.69143694 0.69535228 0.75504364 0.7176782  0.72234689 0.67022802
 0.82592658 0.59637857 0.595144   0.6788489  0.64800924 0.86431608
 0.618255   0.84734811]
Training final Random Forest model...
Saving model and artifacts...
Saved trained model: /home/brusc/Projects/random_forest/experiments_organized/gaussian_output/rgb_clean/sunset/small/k20/advanced_stats/trained_model.joblib
Saved scaler: /home/brusc/Projects/random_forest/experiments_organized/gaussian_output/rgb_clean/sunset/small/k20/advanced_stats/scaler.joblib
Saved feature selector: /home/brusc/Projects/random_forest/experiments_organized/gaussian_output/rgb_clean/sunset/small/k20/advanced_stats/feature_selector.joblib
Saved feature information: /home/brusc/Projects/random_forest/experiments_organized/gaussian_output/rgb_clean/sunset/small/k20/advanced_stats/feature_names.json
Saved experiment report: /home/brusc/Projects/random_forest/experiments_organized/gaussian_output/rgb_clean/sunset/small/k20/advanced_stats/experiment_report_with_model.json
Saved usage instructions: /home/brusc/Projects/random_forest/experiments_organized/gaussian_output/rgb_clean/sunset/small/k20/advanced_stats/model_usage_instructions.md

================================================================================
TRAINING COMPLETED SUCCESSFULLY
================================================================================
Area: sunset
Dataset: /home/brusc/Projects/random_forest/datasets/dataset_rgb_clean/small
Feature method: advanced_stats
Total images: 45
Classes: ['garden', 'low_veg', 'trees']
Original features: 54
Selected features: 20
N estimators: 10

PERFORMANCE RESULTS:
Test Accuracy: 1.0000
CV Accuracy: 0.9333 ± 0.0889

Top 20 selected features:
  1. R_std: 0.7527
  2. R_var: 0.7383
  3. R_range: 0.6112
  4. R_iqr: 0.6987
  5. R_mad: 0.7882
  6. R_grad_mean: 0.8734
  7. G_std: 0.6914
  8. G_var: 0.6954
  9. G_range: 0.7550
  10. G_cv: 0.7177
  11. G_iqr: 0.7223
  12. G_mad: 0.6702
  13. G_grad_mean: 0.8259
  14. B_std: 0.5964
  15. B_var: 0.5951
  16. B_max: 0.6788
  17. B_range: 0.6480
  18. B_cv: 0.8643
  19. B_mad: 0.6183
  20. B_grad_mean: 0.8473

Model and artifacts saved to: /home/brusc/Projects/random_forest/experiments_organized/gaussian_output/rgb_clean/sunset/small/k20/advanced_stats
================================================================================
