================================================================================
CONFIGURABLE RANDOM FOREST TRAINING SCRIPT
Dataset: /home/brusc/Projects/random_forest/datasets/dataset_rgb_gaussian_50/small
Area: sunset
Feature Method: hybrid
K Features: 20
Output: /home/brusc/Projects/random_forest/experiments_organized/gaussian_output/rgb_gaussian50/sunset/small/k20/hybrid
N Estimators: 10
================================================================================
Loading images from sunset area...
Found classes in sunset: ['garden', 'low_veg', 'trees']
Loading 15 images from sunset/garden
Loading 15 images from sunset/low_veg
Loading 15 images from sunset/trees
Loaded 45 images with 3 classes
Classes: [np.str_('garden'), np.str_('low_veg'), np.str_('trees')]
Image shape: (3, 128, 128)
Extracting hybrid features...
Feature matrix shape: (45, 540)
Applying SelectKBest feature selection (k=20)...
Selected features: ['B_mean', 'B_std', 'B_var', 'B_skew', 'B_kurt', 'B_cv', 'B_p50', 'B_p75', 'B_p90', 'B_iqr', 'B_mad', 'R_wst_std_0', 'G_wst_std_0', 'B_wst_mean_0', 'B_wst_mean_1', 'B_wst_mean_2', 'B_wst_mean_6', 'B_wst_mean_7', 'B_wst_mean_10', 'B_wst_mean_16']
Feature scores: [0.54874374 0.59212778 0.59212778 0.53906782 0.54777408 0.51855635
 0.53459692 0.52302946 0.60162654 0.52673316 0.58003158 0.6023988
 0.70059839 0.56222699 0.56684564 0.5662667  0.5429052  0.51984842
 0.52126768 0.53115832]
Training final Random Forest model...
Saving model and artifacts...
Saved trained model: /home/brusc/Projects/random_forest/experiments_organized/gaussian_output/rgb_gaussian50/sunset/small/k20/hybrid/trained_model.joblib
Saved scaler: /home/brusc/Projects/random_forest/experiments_organized/gaussian_output/rgb_gaussian50/sunset/small/k20/hybrid/scaler.joblib
Saved feature selector: /home/brusc/Projects/random_forest/experiments_organized/gaussian_output/rgb_gaussian50/sunset/small/k20/hybrid/feature_selector.joblib
Saved feature information: /home/brusc/Projects/random_forest/experiments_organized/gaussian_output/rgb_gaussian50/sunset/small/k20/hybrid/feature_names.json
Saved experiment report: /home/brusc/Projects/random_forest/experiments_organized/gaussian_output/rgb_gaussian50/sunset/small/k20/hybrid/experiment_report_with_model.json
Saved usage instructions: /home/brusc/Projects/random_forest/experiments_organized/gaussian_output/rgb_gaussian50/sunset/small/k20/hybrid/model_usage_instructions.md

================================================================================
TRAINING COMPLETED SUCCESSFULLY
================================================================================
Area: sunset
Dataset: /home/brusc/Projects/random_forest/datasets/dataset_rgb_gaussian_50/small
Feature method: hybrid
Total images: 45
Classes: ['garden', 'low_veg', 'trees']
Original features: 540
Selected features: 20
N estimators: 10

PERFORMANCE RESULTS:
Test Accuracy: 1.0000
CV Accuracy: 0.9333 ± 0.0889

Top 20 selected features:
  1. B_mean: 0.5487
  2. B_std: 0.5921
  3. B_var: 0.5921
  4. B_skew: 0.5391
  5. B_kurt: 0.5478
  6. B_cv: 0.5186
  7. B_p50: 0.5346
  8. B_p75: 0.5230
  9. B_p90: 0.6016
  10. B_iqr: 0.5267
  11. B_mad: 0.5800
  12. R_wst_std_0: 0.6024
  13. G_wst_std_0: 0.7006
  14. B_wst_mean_0: 0.5622
  15. B_wst_mean_1: 0.5668
  16. B_wst_mean_2: 0.5663
  17. B_wst_mean_6: 0.5429
  18. B_wst_mean_7: 0.5198
  19. B_wst_mean_10: 0.5213
  20. B_wst_mean_16: 0.5312

Model and artifacts saved to: /home/brusc/Projects/random_forest/experiments_organized/gaussian_output/rgb_gaussian50/sunset/small/k20/hybrid
================================================================================
