================================================================================
CONFIGURABLE RANDOM FOREST TRAINING SCRIPT
Dataset: /home/brusc/Projects/random_forest/datasets/dataset_rgb_gaussian_50/small
Area: assatigue
Feature Method: hybrid
K Features: 20
Output: /home/brusc/Projects/random_forest/experiments_organized/gaussian_output/rgb_gaussian50/assatigue/small/k20/hybrid
N Estimators: 10
================================================================================
Loading images from assatigue area...
Found classes in assatigue: ['low_veg', 'trees', 'water']
Loading 15 images from assatigue/low_veg
Loading 15 images from assatigue/trees
Loading 15 images from assatigue/water
Loaded 45 images with 3 classes
Classes: [np.str_('low_veg'), np.str_('trees'), np.str_('water')]
Image shape: (3, 128, 128)
Extracting hybrid features...
Feature matrix shape: (45, 540)
Applying SelectKBest feature selection (k=20)...
Selected features: ['R_mean', 'R_skew', 'R_cv', 'R_p25', 'R_p50', 'G_mean', 'G_skew', 'G_cv', 'G_p25', 'G_p50', 'B_mean', 'B_skew', 'B_cv', 'B_p50', 'R_wst_mean_0', 'R_wst_std_0', 'G_wst_mean_0', 'G_wst_std_0', 'B_wst_mean_0', 'B_wst_mean_7']
Feature scores: [0.69979672 0.66275969 0.69708067 0.68578438 0.66127821 0.69764505
 0.68807715 0.68238851 0.66133112 0.70347397 0.65135757 0.69385316
 0.65823588 0.68184258 0.6775745  0.81976312 0.70611066 0.86905502
 0.65947045 0.64787886]
Training final Random Forest model...
Saving model and artifacts...
Saved trained model: /home/brusc/Projects/random_forest/experiments_organized/gaussian_output/rgb_gaussian50/assatigue/small/k20/hybrid/trained_model.joblib
Saved scaler: /home/brusc/Projects/random_forest/experiments_organized/gaussian_output/rgb_gaussian50/assatigue/small/k20/hybrid/scaler.joblib
Saved feature selector: /home/brusc/Projects/random_forest/experiments_organized/gaussian_output/rgb_gaussian50/assatigue/small/k20/hybrid/feature_selector.joblib
Saved feature information: /home/brusc/Projects/random_forest/experiments_organized/gaussian_output/rgb_gaussian50/assatigue/small/k20/hybrid/feature_names.json
Saved experiment report: /home/brusc/Projects/random_forest/experiments_organized/gaussian_output/rgb_gaussian50/assatigue/small/k20/hybrid/experiment_report_with_model.json
Saved usage instructions: /home/brusc/Projects/random_forest/experiments_organized/gaussian_output/rgb_gaussian50/assatigue/small/k20/hybrid/model_usage_instructions.md

================================================================================
TRAINING COMPLETED SUCCESSFULLY
================================================================================
Area: assatigue
Dataset: /home/brusc/Projects/random_forest/datasets/dataset_rgb_gaussian_50/small
Feature method: hybrid
Total images: 45
Classes: ['low_veg', 'trees', 'water']
Original features: 540
Selected features: 20
N estimators: 10

PERFORMANCE RESULTS:
Test Accuracy: 0.7778
CV Accuracy: 0.8667 ± 0.0444

Top 20 selected features:
  1. R_mean: 0.6998
  2. R_skew: 0.6628
  3. R_cv: 0.6971
  4. R_p25: 0.6858
  5. R_p50: 0.6613
  6. G_mean: 0.6976
  7. G_skew: 0.6881
  8. G_cv: 0.6824
  9. G_p25: 0.6613
  10. G_p50: 0.7035
  11. B_mean: 0.6514
  12. B_skew: 0.6939
  13. B_cv: 0.6582
  14. B_p50: 0.6818
  15. R_wst_mean_0: 0.6776
  16. R_wst_std_0: 0.8198
  17. G_wst_mean_0: 0.7061
  18. G_wst_std_0: 0.8691
  19. B_wst_mean_0: 0.6595
  20. B_wst_mean_7: 0.6479

Model and artifacts saved to: /home/brusc/Projects/random_forest/experiments_organized/gaussian_output/rgb_gaussian50/assatigue/small/k20/hybrid
================================================================================
