================================================================================
CONFIGURABLE RANDOM FOREST TRAINING SCRIPT
Dataset: /home/brusc/Projects/random_forest/datasets/dataset_rgb_clean/mini
Area: sunset
Feature Method: hybrid
K Features: 10
Output: /home/brusc/Projects/random_forest/experiments_organized/gaussian_output/rgb_clean/sunset/mini/k10/hybrid
N Estimators: 3
================================================================================
Loading images from sunset area...
Found classes in sunset: ['garden', 'low_veg', 'trees']
Loading 5 images from sunset/garden
Loading 5 images from sunset/low_veg
Loading 5 images from sunset/trees
Loaded 15 images with 3 classes
Classes: [np.str_('garden'), np.str_('low_veg'), np.str_('trees')]
Image shape: (3, 128, 128)
Extracting hybrid features...
Feature matrix shape: (15, 540)
Applying SelectKBest feature selection (k=10)...
Selected features: ['R_wst_mean_3', 'R_wst_mean_36', 'R_wst_mean_42', 'R_wst_std_35', 'G_wst_mean_28', 'G_wst_std_27', 'G_wst_std_36', 'G_wst_std_37', 'G_wst_std_45', 'B_wst_std_37']
Feature scores: [1.06267344 1.0793401  1.06267344 1.07156233 1.05711788 1.06267344
 1.0793401  1.0793401  1.06267344 1.05711788]
Training final Random Forest model...
Saving model and artifacts...
Saved trained model: /home/brusc/Projects/random_forest/experiments_organized/gaussian_output/rgb_clean/sunset/mini/k10/hybrid/trained_model.joblib
Saved scaler: /home/brusc/Projects/random_forest/experiments_organized/gaussian_output/rgb_clean/sunset/mini/k10/hybrid/scaler.joblib
Saved feature selector: /home/brusc/Projects/random_forest/experiments_organized/gaussian_output/rgb_clean/sunset/mini/k10/hybrid/feature_selector.joblib
Saved feature information: /home/brusc/Projects/random_forest/experiments_organized/gaussian_output/rgb_clean/sunset/mini/k10/hybrid/feature_names.json
Saved experiment report: /home/brusc/Projects/random_forest/experiments_organized/gaussian_output/rgb_clean/sunset/mini/k10/hybrid/experiment_report_with_model.json
Saved usage instructions: /home/brusc/Projects/random_forest/experiments_organized/gaussian_output/rgb_clean/sunset/mini/k10/hybrid/model_usage_instructions.md

================================================================================
TRAINING COMPLETED SUCCESSFULLY
================================================================================
Area: sunset
Dataset: /home/brusc/Projects/random_forest/datasets/dataset_rgb_clean/mini
Feature method: hybrid
Total images: 15
Classes: ['garden', 'low_veg', 'trees']
Original features: 540
Selected features: 10
N estimators: 3

PERFORMANCE RESULTS:
Test Accuracy: 0.6667
CV Accuracy: 1.0000 ± 0.0000

Top 10 selected features:
  1. R_wst_mean_3: 1.0627
  2. R_wst_mean_36: 1.0793
  3. R_wst_mean_42: 1.0627
  4. R_wst_std_35: 1.0716
  5. G_wst_mean_28: 1.0571
  6. G_wst_std_27: 1.0627
  7. G_wst_std_36: 1.0793
  8. G_wst_std_37: 1.0793
  9. G_wst_std_45: 1.0627
  10. B_wst_std_37: 1.0571

Model and artifacts saved to: /home/brusc/Projects/random_forest/experiments_organized/gaussian_output/rgb_clean/sunset/mini/k10/hybrid
================================================================================
