================================================================================
CONFIGURABLE RANDOM FOREST TRAINING SCRIPT
Dataset: /home/brusc/Projects/random_forest/datasets/dataset_rgb_gaussian_30/small
Area: popolar
Feature Method: wst
K Features: 20
Output: /home/brusc/Projects/random_forest/experiments_organized/gaussian_output/rgb_gaussian30/popolar/small/k20/wst
N Estimators: 10
================================================================================
Loading images from popolar area...
Found classes in popolar: ['low_veg', 'trees', 'water']
Loading 15 images from popolar/low_veg
Loading 15 images from popolar/trees
Loading 15 images from popolar/water
Loaded 45 images with 3 classes
Classes: [np.str_('low_veg'), np.str_('trees'), np.str_('water')]
Image shape: (3, 128, 128)
Extracting wst features...
Feature matrix shape: (45, 486)
Applying SelectKBest feature selection (k=20)...
Selected features: ['R_wst_mean_0', 'R_wst_mean_9', 'R_wst_std_0', 'R_wst_std_9', 'G_wst_mean_0', 'G_wst_std_0', 'G_wst_std_10', 'B_wst_mean_0', 'B_wst_mean_1', 'B_wst_mean_2', 'B_wst_mean_5', 'B_wst_mean_7', 'B_wst_mean_8', 'B_wst_mean_18', 'B_wst_mean_25', 'B_wst_mean_26', 'B_wst_mean_27', 'B_wst_mean_34', 'B_wst_mean_42', 'B_wst_std_0']
Feature scores: [0.77017758 0.50756717 1.02183296 0.5680634  0.61922831 0.96586926
 0.43632359 0.82906096 0.46666562 0.46537772 0.48742201 0.50634114
 0.45256103 0.47903121 0.47421813 0.42683135 0.52975762 0.42175346
 0.51291681 0.82815438]
Training final Random Forest model...
Saving model and artifacts...
Saved trained model: /home/brusc/Projects/random_forest/experiments_organized/gaussian_output/rgb_gaussian30/popolar/small/k20/wst/trained_model.joblib
Saved scaler: /home/brusc/Projects/random_forest/experiments_organized/gaussian_output/rgb_gaussian30/popolar/small/k20/wst/scaler.joblib
Saved feature selector: /home/brusc/Projects/random_forest/experiments_organized/gaussian_output/rgb_gaussian30/popolar/small/k20/wst/feature_selector.joblib
Saved feature information: /home/brusc/Projects/random_forest/experiments_organized/gaussian_output/rgb_gaussian30/popolar/small/k20/wst/feature_names.json
Saved experiment report: /home/brusc/Projects/random_forest/experiments_organized/gaussian_output/rgb_gaussian30/popolar/small/k20/wst/experiment_report_with_model.json
Saved usage instructions: /home/brusc/Projects/random_forest/experiments_organized/gaussian_output/rgb_gaussian30/popolar/small/k20/wst/model_usage_instructions.md

================================================================================
TRAINING COMPLETED SUCCESSFULLY
================================================================================
Area: popolar
Dataset: /home/brusc/Projects/random_forest/datasets/dataset_rgb_gaussian_30/small
Feature method: wst
Total images: 45
Classes: ['low_veg', 'trees', 'water']
Original features: 486
Selected features: 20
N estimators: 10

PERFORMANCE RESULTS:
Test Accuracy: 0.8889
CV Accuracy: 0.9111 ± 0.0831

Top 20 selected features:
  1. R_wst_mean_0: 0.7702
  2. R_wst_mean_9: 0.5076
  3. R_wst_std_0: 1.0218
  4. R_wst_std_9: 0.5681
  5. G_wst_mean_0: 0.6192
  6. G_wst_std_0: 0.9659
  7. G_wst_std_10: 0.4363
  8. B_wst_mean_0: 0.8291
  9. B_wst_mean_1: 0.4667
  10. B_wst_mean_2: 0.4654
  11. B_wst_mean_5: 0.4874
  12. B_wst_mean_7: 0.5063
  13. B_wst_mean_8: 0.4526
  14. B_wst_mean_18: 0.4790
  15. B_wst_mean_25: 0.4742
  16. B_wst_mean_26: 0.4268
  17. B_wst_mean_27: 0.5298
  18. B_wst_mean_34: 0.4218
  19. B_wst_mean_42: 0.5129
  20. B_wst_std_0: 0.8282

Model and artifacts saved to: /home/brusc/Projects/random_forest/experiments_organized/gaussian_output/rgb_gaussian30/popolar/small/k20/wst
================================================================================
