================================================================================
CONFIGURABLE RANDOM FOREST TRAINING SCRIPT
Dataset: /home/brusc/Projects/random_forest/datasets/dataset_rgb_gaussian_30/mini
Area: assatigue
Feature Method: wst
K Features: 20
Output: /home/brusc/Projects/random_forest/experiments_organized/gaussian_output/rgb_gaussian30/assatigue/mini/k20/wst
N Estimators: 3
================================================================================
Loading images from assatigue area...
Found classes in assatigue: ['low_veg', 'trees', 'water']
Loading 5 images from assatigue/low_veg
Loading 5 images from assatigue/trees
Loading 5 images from assatigue/water
Loaded 15 images with 3 classes
Classes: [np.str_('low_veg'), np.str_('trees'), np.str_('water')]
Image shape: (3, 128, 128)
Extracting wst features...
Feature matrix shape: (15, 486)
Applying SelectKBest feature selection (k=20)...
Selected features: ['R_wst_mean_0', 'R_wst_mean_38', 'R_wst_std_0', 'G_wst_std_0', 'B_wst_mean_0', 'B_wst_mean_1', 'B_wst_mean_2', 'B_wst_mean_5', 'B_wst_mean_6', 'B_wst_mean_8', 'B_wst_mean_9', 'B_wst_mean_42', 'B_wst_mean_45', 'B_wst_mean_46', 'B_wst_mean_76', 'B_wst_mean_77', 'B_wst_std_23', 'B_wst_std_32', 'B_wst_std_57', 'B_wst_std_58']
Feature scores: [0.67695915 0.56947238 0.70918137 0.67537185 0.79370518 0.54029249
 0.60751471 0.64862582 0.63515781 0.60695915 0.54007844 0.66502794
 0.58852    0.53735598 0.5351073  0.55378455 0.63426074 0.55817368
 0.67608373 0.80584804]
Training final Random Forest model...
Saving model and artifacts...
Saved trained model: /home/brusc/Projects/random_forest/experiments_organized/gaussian_output/rgb_gaussian30/assatigue/mini/k20/wst/trained_model.joblib
Saved scaler: /home/brusc/Projects/random_forest/experiments_organized/gaussian_output/rgb_gaussian30/assatigue/mini/k20/wst/scaler.joblib
Saved feature selector: /home/brusc/Projects/random_forest/experiments_organized/gaussian_output/rgb_gaussian30/assatigue/mini/k20/wst/feature_selector.joblib
Saved feature information: /home/brusc/Projects/random_forest/experiments_organized/gaussian_output/rgb_gaussian30/assatigue/mini/k20/wst/feature_names.json
Saved experiment report: /home/brusc/Projects/random_forest/experiments_organized/gaussian_output/rgb_gaussian30/assatigue/mini/k20/wst/experiment_report_with_model.json
Saved usage instructions: /home/brusc/Projects/random_forest/experiments_organized/gaussian_output/rgb_gaussian30/assatigue/mini/k20/wst/model_usage_instructions.md

================================================================================
TRAINING COMPLETED SUCCESSFULLY
================================================================================
Area: assatigue
Dataset: /home/brusc/Projects/random_forest/datasets/dataset_rgb_gaussian_30/mini
Feature method: wst
Total images: 15
Classes: ['low_veg', 'trees', 'water']
Original features: 486
Selected features: 20
N estimators: 3

PERFORMANCE RESULTS:
Test Accuracy: 0.6667
CV Accuracy: 0.8000 ± 0.2667

Top 20 selected features:
  1. R_wst_mean_0: 0.6770
  2. R_wst_mean_38: 0.5695
  3. R_wst_std_0: 0.7092
  4. G_wst_std_0: 0.6754
  5. B_wst_mean_0: 0.7937
  6. B_wst_mean_1: 0.5403
  7. B_wst_mean_2: 0.6075
  8. B_wst_mean_5: 0.6486
  9. B_wst_mean_6: 0.6352
  10. B_wst_mean_8: 0.6070
  11. B_wst_mean_9: 0.5401
  12. B_wst_mean_42: 0.6650
  13. B_wst_mean_45: 0.5885
  14. B_wst_mean_46: 0.5374
  15. B_wst_mean_76: 0.5351
  16. B_wst_mean_77: 0.5538
  17. B_wst_std_23: 0.6343
  18. B_wst_std_32: 0.5582
  19. B_wst_std_57: 0.6761
  20. B_wst_std_58: 0.8058

Model and artifacts saved to: /home/brusc/Projects/random_forest/experiments_organized/gaussian_output/rgb_gaussian30/assatigue/mini/k20/wst
================================================================================
