================================================================================
CONFIGURABLE RANDOM FOREST TRAINING SCRIPT
Dataset: /home/brusc/Projects/random_forest/datasets/dataset_rgb_gaussian_50/small
Area: popolar
Feature Method: hybrid
K Features: 20
Output: /home/brusc/Projects/random_forest/experiments_organized/gaussian_output/rgb_gaussian50/popolar/small/k20/hybrid
N Estimators: 10
================================================================================
Loading images from popolar area...
Found classes in popolar: ['low_veg', 'trees', 'water']
Loading 15 images from popolar/low_veg
Loading 15 images from popolar/trees
Loading 15 images from popolar/water
Loaded 45 images with 3 classes
Classes: [np.str_('low_veg'), np.str_('trees'), np.str_('water')]
Image shape: (3, 128, 128)
Extracting hybrid features...
Feature matrix shape: (45, 540)
Applying SelectKBest feature selection (k=20)...
Selected features: ['R_mean', 'R_skew', 'R_cv', 'R_p25', 'R_p50', 'R_p75', 'G_var', 'G_kurt', 'G_mad', 'B_mean', 'B_skew', 'B_cv', 'B_p25', 'B_p50', 'B_p75', 'R_wst_mean_0', 'R_wst_std_0', 'G_wst_std_0', 'B_wst_mean_0', 'B_wst_std_0']
Feature scores: [0.7628319  0.75172079 0.74277017 0.79236317 0.75715289 0.73360711
 0.68345365 0.70854974 0.69869014 0.8398017  0.84990519 0.85000372
 0.84444222 0.83037409 0.81364785 0.76164142 1.05775889 0.88608507
 0.83720911 0.8141246 ]
Training final Random Forest model...
Saving model and artifacts...
Saved trained model: /home/brusc/Projects/random_forest/experiments_organized/gaussian_output/rgb_gaussian50/popolar/small/k20/hybrid/trained_model.joblib
Saved scaler: /home/brusc/Projects/random_forest/experiments_organized/gaussian_output/rgb_gaussian50/popolar/small/k20/hybrid/scaler.joblib
Saved feature selector: /home/brusc/Projects/random_forest/experiments_organized/gaussian_output/rgb_gaussian50/popolar/small/k20/hybrid/feature_selector.joblib
Saved feature information: /home/brusc/Projects/random_forest/experiments_organized/gaussian_output/rgb_gaussian50/popolar/small/k20/hybrid/feature_names.json
Saved experiment report: /home/brusc/Projects/random_forest/experiments_organized/gaussian_output/rgb_gaussian50/popolar/small/k20/hybrid/experiment_report_with_model.json
Saved usage instructions: /home/brusc/Projects/random_forest/experiments_organized/gaussian_output/rgb_gaussian50/popolar/small/k20/hybrid/model_usage_instructions.md

================================================================================
TRAINING COMPLETED SUCCESSFULLY
================================================================================
Area: popolar
Dataset: /home/brusc/Projects/random_forest/datasets/dataset_rgb_gaussian_50/small
Feature method: hybrid
Total images: 45
Classes: ['low_veg', 'trees', 'water']
Original features: 540
Selected features: 20
N estimators: 10

PERFORMANCE RESULTS:
Test Accuracy: 0.7778
CV Accuracy: 0.9333 ± 0.0889

Top 20 selected features:
  1. R_mean: 0.7628
  2. R_skew: 0.7517
  3. R_cv: 0.7428
  4. R_p25: 0.7924
  5. R_p50: 0.7572
  6. R_p75: 0.7336
  7. G_var: 0.6835
  8. G_kurt: 0.7085
  9. G_mad: 0.6987
  10. B_mean: 0.8398
  11. B_skew: 0.8499
  12. B_cv: 0.8500
  13. B_p25: 0.8444
  14. B_p50: 0.8304
  15. B_p75: 0.8136
  16. R_wst_mean_0: 0.7616
  17. R_wst_std_0: 1.0578
  18. G_wst_std_0: 0.8861
  19. B_wst_mean_0: 0.8372
  20. B_wst_std_0: 0.8141

Model and artifacts saved to: /home/brusc/Projects/random_forest/experiments_organized/gaussian_output/rgb_gaussian50/popolar/small/k20/hybrid
================================================================================
