================================================================================
CONFIGURABLE RANDOM FOREST TRAINING SCRIPT
Dataset: /home/brusc/Projects/random_forest/datasets/dataset_rgb_clean/small
Area: assatigue
Feature Method: advanced_stats
K Features: 20
Output: /home/brusc/Projects/random_forest/experiments_organized/gaussian_output/rgb_clean/assatigue/small/k20/advanced_stats
N Estimators: 10
================================================================================
Loading images from assatigue area...
Found classes in assatigue: ['low_veg', 'trees', 'water']
Loading 15 images from assatigue/low_veg
Loading 15 images from assatigue/trees
Loading 15 images from assatigue/water
Loaded 45 images with 3 classes
Classes: [np.str_('low_veg'), np.str_('trees'), np.str_('water')]
Image shape: (3, 128, 128)
Extracting advanced_stats features...
Feature matrix shape: (45, 54)
Applying SelectKBest feature selection (k=20)...
Selected features: ['R_std', 'R_var', 'R_min', 'R_range', 'R_cv', 'R_iqr', 'R_mad', 'R_grad_mean', 'G_std', 'G_var', 'G_min', 'G_range', 'G_cv', 'G_p10', 'G_p25', 'G_iqr', 'G_mad', 'B_min', 'B_p10', 'B_p25']
Feature scores: [0.89353104 0.88744639 1.03934313 0.83929328 0.88008828 1.12116357
 1.02938282 0.8515866  0.85193493 0.84258748 0.97822113 0.87191232
 0.86021174 0.94926747 0.84708098 1.1007932  1.02567911 0.93135149
 0.88950242 0.86557329]
Training final Random Forest model...
Saving model and artifacts...
Saved trained model: /home/brusc/Projects/random_forest/experiments_organized/gaussian_output/rgb_clean/assatigue/small/k20/advanced_stats/trained_model.joblib
Saved scaler: /home/brusc/Projects/random_forest/experiments_organized/gaussian_output/rgb_clean/assatigue/small/k20/advanced_stats/scaler.joblib
Saved feature selector: /home/brusc/Projects/random_forest/experiments_organized/gaussian_output/rgb_clean/assatigue/small/k20/advanced_stats/feature_selector.joblib
Saved feature information: /home/brusc/Projects/random_forest/experiments_organized/gaussian_output/rgb_clean/assatigue/small/k20/advanced_stats/feature_names.json
Saved experiment report: /home/brusc/Projects/random_forest/experiments_organized/gaussian_output/rgb_clean/assatigue/small/k20/advanced_stats/experiment_report_with_model.json
Saved usage instructions: /home/brusc/Projects/random_forest/experiments_organized/gaussian_output/rgb_clean/assatigue/small/k20/advanced_stats/model_usage_instructions.md

================================================================================
TRAINING COMPLETED SUCCESSFULLY
================================================================================
Area: assatigue
Dataset: /home/brusc/Projects/random_forest/datasets/dataset_rgb_clean/small
Feature method: advanced_stats
Total images: 45
Classes: ['low_veg', 'trees', 'water']
Original features: 54
Selected features: 20
N estimators: 10

PERFORMANCE RESULTS:
Test Accuracy: 1.0000
CV Accuracy: 0.9556 ± 0.0544

Top 20 selected features:
  1. R_std: 0.8935
  2. R_var: 0.8874
  3. R_min: 1.0393
  4. R_range: 0.8393
  5. R_cv: 0.8801
  6. R_iqr: 1.1212
  7. R_mad: 1.0294
  8. R_grad_mean: 0.8516
  9. G_std: 0.8519
  10. G_var: 0.8426
  11. G_min: 0.9782
  12. G_range: 0.8719
  13. G_cv: 0.8602
  14. G_p10: 0.9493
  15. G_p25: 0.8471
  16. G_iqr: 1.1008
  17. G_mad: 1.0257
  18. B_min: 0.9314
  19. B_p10: 0.8895
  20. B_p25: 0.8656

Model and artifacts saved to: /home/brusc/Projects/random_forest/experiments_organized/gaussian_output/rgb_clean/assatigue/small/k20/advanced_stats
================================================================================
