================================================================================
CONFIGURABLE RANDOM FOREST TRAINING SCRIPT
Dataset: /home/brusc/Projects/random_forest/datasets/dataset_rgb_gaussian_50/original
Area: sunset
Feature Method: hybrid
K Features: 20
Output: /home/brusc/Projects/random_forest/experiments_organized/gaussian_output/rgb_gaussian50/sunset/original/k20/hybrid
N Estimators: 50
================================================================================
Loading images from sunset area...
Found classes in sunset: ['garden', 'low_veg', 'trees']
Loading 40 images from sunset/garden
Loading 40 images from sunset/low_veg
Loading 40 images from sunset/trees
Loaded 120 images with 3 classes
Classes: [np.str_('garden'), np.str_('low_veg'), np.str_('trees')]
Image shape: (3, 128, 128)
Extracting hybrid features...
Feature matrix shape: (120, 540)
Applying SelectKBest feature selection (k=20)...
Selected features: ['B_mean', 'B_std', 'B_var', 'B_skew', 'B_kurt', 'B_cv', 'B_p50', 'B_p75', 'B_p90', 'B_iqr', 'B_mad', 'B_grad_mean', 'R_wst_std_0', 'G_wst_std_0', 'B_wst_mean_0', 'B_wst_mean_2', 'B_wst_mean_5', 'B_wst_mean_6', 'B_wst_mean_7', 'B_wst_mean_8']
Feature scores: [0.64787524 0.60871314 0.610753   0.61850046 0.61037409 0.62648326
 0.61787152 0.65012513 0.63678647 0.64254908 0.5994993  0.62699985
 0.75276198 0.62303932 0.66951545 0.55791961 0.66412066 0.57708532
 0.60606972 0.6517747 ]
Training final Random Forest model...
Saving model and artifacts...
Saved trained model: /home/brusc/Projects/random_forest/experiments_organized/gaussian_output/rgb_gaussian50/sunset/original/k20/hybrid/trained_model.joblib
Saved scaler: /home/brusc/Projects/random_forest/experiments_organized/gaussian_output/rgb_gaussian50/sunset/original/k20/hybrid/scaler.joblib
Saved feature selector: /home/brusc/Projects/random_forest/experiments_organized/gaussian_output/rgb_gaussian50/sunset/original/k20/hybrid/feature_selector.joblib
Saved feature information: /home/brusc/Projects/random_forest/experiments_organized/gaussian_output/rgb_gaussian50/sunset/original/k20/hybrid/feature_names.json
Saved experiment report: /home/brusc/Projects/random_forest/experiments_organized/gaussian_output/rgb_gaussian50/sunset/original/k20/hybrid/experiment_report_with_model.json
Saved usage instructions: /home/brusc/Projects/random_forest/experiments_organized/gaussian_output/rgb_gaussian50/sunset/original/k20/hybrid/model_usage_instructions.md

================================================================================
TRAINING COMPLETED SUCCESSFULLY
================================================================================
Area: sunset
Dataset: /home/brusc/Projects/random_forest/datasets/dataset_rgb_gaussian_50/original
Feature method: hybrid
Total images: 120
Classes: ['garden', 'low_veg', 'trees']
Original features: 540
Selected features: 20
N estimators: 50

PERFORMANCE RESULTS:
Test Accuracy: 1.0000
CV Accuracy: 0.9750 ± 0.0333

Top 20 selected features:
  1. B_mean: 0.6479
  2. B_std: 0.6087
  3. B_var: 0.6108
  4. B_skew: 0.6185
  5. B_kurt: 0.6104
  6. B_cv: 0.6265
  7. B_p50: 0.6179
  8. B_p75: 0.6501
  9. B_p90: 0.6368
  10. B_iqr: 0.6425
  11. B_mad: 0.5995
  12. B_grad_mean: 0.6270
  13. R_wst_std_0: 0.7528
  14. G_wst_std_0: 0.6230
  15. B_wst_mean_0: 0.6695
  16. B_wst_mean_2: 0.5579
  17. B_wst_mean_5: 0.6641
  18. B_wst_mean_6: 0.5771
  19. B_wst_mean_7: 0.6061
  20. B_wst_mean_8: 0.6518

Model and artifacts saved to: /home/brusc/Projects/random_forest/experiments_organized/gaussian_output/rgb_gaussian50/sunset/original/k20/hybrid
================================================================================
