================================================================================
CONFIGURABLE RANDOM FOREST TRAINING SCRIPT
Dataset: /home/brusc/Projects/random_forest/datasets/dataset_rgb_gaussian_30/mini
Area: popolar
Feature Method: wst
K Features: 20
Output: /home/brusc/Projects/random_forest/experiments_organized/gaussian_output/rgb_gaussian30/popolar/mini/k20/wst
N Estimators: 3
================================================================================
Loading images from popolar area...
Found classes in popolar: ['low_veg', 'trees', 'water']
Loading 5 images from popolar/low_veg
Loading 5 images from popolar/trees
Loading 5 images from popolar/water
Loaded 15 images with 3 classes
Classes: [np.str_('low_veg'), np.str_('trees'), np.str_('water')]
Image shape: (3, 128, 128)
Extracting wst features...
Feature matrix shape: (15, 486)
Applying SelectKBest feature selection (k=20)...
Selected features: ['R_wst_mean_0', 'R_wst_mean_78', 'R_wst_std_0', 'R_wst_std_2', 'R_wst_std_15', 'G_wst_std_0', 'G_wst_std_9', 'B_wst_mean_0', 'B_wst_mean_1', 'B_wst_mean_3', 'B_wst_mean_4', 'B_wst_mean_5', 'B_wst_mean_12', 'B_wst_mean_38', 'B_wst_mean_39', 'B_wst_mean_47', 'B_wst_mean_63', 'B_wst_mean_67', 'B_wst_mean_71', 'B_wst_std_23']
Feature scores: [0.80293558 0.47523958 0.82584804 0.55502794 0.7901073  0.7814036
 0.5772213  0.88426074 0.50682207 0.65859696 0.67571336 0.54745699
 0.46904429 0.45518426 0.56883265 0.49743534 0.61238003 0.50870278
 0.46237762 0.51738003]
Training final Random Forest model...
Saving model and artifacts...
Saved trained model: /home/brusc/Projects/random_forest/experiments_organized/gaussian_output/rgb_gaussian30/popolar/mini/k20/wst/trained_model.joblib
Saved scaler: /home/brusc/Projects/random_forest/experiments_organized/gaussian_output/rgb_gaussian30/popolar/mini/k20/wst/scaler.joblib
Saved feature selector: /home/brusc/Projects/random_forest/experiments_organized/gaussian_output/rgb_gaussian30/popolar/mini/k20/wst/feature_selector.joblib
Saved feature information: /home/brusc/Projects/random_forest/experiments_organized/gaussian_output/rgb_gaussian30/popolar/mini/k20/wst/feature_names.json
Saved experiment report: /home/brusc/Projects/random_forest/experiments_organized/gaussian_output/rgb_gaussian30/popolar/mini/k20/wst/experiment_report_with_model.json
Saved usage instructions: /home/brusc/Projects/random_forest/experiments_organized/gaussian_output/rgb_gaussian30/popolar/mini/k20/wst/model_usage_instructions.md

================================================================================
TRAINING COMPLETED SUCCESSFULLY
================================================================================
Area: popolar
Dataset: /home/brusc/Projects/random_forest/datasets/dataset_rgb_gaussian_30/mini
Feature method: wst
Total images: 15
Classes: ['low_veg', 'trees', 'water']
Original features: 486
Selected features: 20
N estimators: 3

PERFORMANCE RESULTS:
Test Accuracy: 0.6667
CV Accuracy: 0.8000 ± 0.1633

Top 20 selected features:
  1. R_wst_mean_0: 0.8029
  2. R_wst_mean_78: 0.4752
  3. R_wst_std_0: 0.8258
  4. R_wst_std_2: 0.5550
  5. R_wst_std_15: 0.7901
  6. G_wst_std_0: 0.7814
  7. G_wst_std_9: 0.5772
  8. B_wst_mean_0: 0.8843
  9. B_wst_mean_1: 0.5068
  10. B_wst_mean_3: 0.6586
  11. B_wst_mean_4: 0.6757
  12. B_wst_mean_5: 0.5475
  13. B_wst_mean_12: 0.4690
  14. B_wst_mean_38: 0.4552
  15. B_wst_mean_39: 0.5688
  16. B_wst_mean_47: 0.4974
  17. B_wst_mean_63: 0.6124
  18. B_wst_mean_67: 0.5087
  19. B_wst_mean_71: 0.4624
  20. B_wst_std_23: 0.5174

Model and artifacts saved to: /home/brusc/Projects/random_forest/experiments_organized/gaussian_output/rgb_gaussian30/popolar/mini/k20/wst
================================================================================
