================================================================================
CONFIGURABLE RANDOM FOREST TRAINING SCRIPT
Dataset: /home/brusc/Projects/random_forest/datasets/dataset_rgb_clean/small
Area: assatigue
Feature Method: wst
K Features: 20
Output: /home/brusc/Projects/random_forest/experiments_organized/gaussian_output/rgb_clean/assatigue/small/k20/wst
N Estimators: 10
================================================================================
Loading images from assatigue area...
Found classes in assatigue: ['low_veg', 'trees', 'water']
Loading 15 images from assatigue/low_veg
Loading 15 images from assatigue/trees
Loading 15 images from assatigue/water
Loaded 45 images with 3 classes
Classes: [np.str_('low_veg'), np.str_('trees'), np.str_('water')]
Image shape: (3, 128, 128)
Extracting wst features...
Feature matrix shape: (45, 486)
Applying SelectKBest feature selection (k=20)...
Selected features: ['R_wst_mean_1', 'R_wst_mean_6', 'R_wst_mean_7', 'R_wst_mean_8', 'R_wst_mean_14', 'R_wst_mean_15', 'R_wst_mean_16', 'R_wst_mean_37', 'R_wst_mean_60', 'R_wst_mean_61', 'R_wst_mean_65', 'R_wst_mean_69', 'R_wst_mean_70', 'R_wst_mean_71', 'R_wst_mean_72', 'R_wst_std_0', 'G_wst_mean_7', 'G_wst_mean_15', 'G_wst_mean_52', 'B_wst_mean_15']
Feature scores: [0.83914113 0.87752961 0.87886101 0.83330663 0.83858861 0.92828413
 0.83812145 0.83037873 0.88257739 0.86960272 0.82041898 0.83062774
 0.85610448 0.84034053 0.8543213  0.84473916 0.82293301 0.85339284
 0.8297871  0.8710842 ]
Training final Random Forest model...
Saving model and artifacts...
Saved trained model: /home/brusc/Projects/random_forest/experiments_organized/gaussian_output/rgb_clean/assatigue/small/k20/wst/trained_model.joblib
Saved scaler: /home/brusc/Projects/random_forest/experiments_organized/gaussian_output/rgb_clean/assatigue/small/k20/wst/scaler.joblib
Saved feature selector: /home/brusc/Projects/random_forest/experiments_organized/gaussian_output/rgb_clean/assatigue/small/k20/wst/feature_selector.joblib
Saved feature information: /home/brusc/Projects/random_forest/experiments_organized/gaussian_output/rgb_clean/assatigue/small/k20/wst/feature_names.json
Saved experiment report: /home/brusc/Projects/random_forest/experiments_organized/gaussian_output/rgb_clean/assatigue/small/k20/wst/experiment_report_with_model.json
Saved usage instructions: /home/brusc/Projects/random_forest/experiments_organized/gaussian_output/rgb_clean/assatigue/small/k20/wst/model_usage_instructions.md

================================================================================
TRAINING COMPLETED SUCCESSFULLY
================================================================================
Area: assatigue
Dataset: /home/brusc/Projects/random_forest/datasets/dataset_rgb_clean/small
Feature method: wst
Total images: 45
Classes: ['low_veg', 'trees', 'water']
Original features: 486
Selected features: 20
N estimators: 10

PERFORMANCE RESULTS:
Test Accuracy: 0.8889
CV Accuracy: 0.9111 ± 0.0831

Top 20 selected features:
  1. R_wst_mean_1: 0.8391
  2. R_wst_mean_6: 0.8775
  3. R_wst_mean_7: 0.8789
  4. R_wst_mean_8: 0.8333
  5. R_wst_mean_14: 0.8386
  6. R_wst_mean_15: 0.9283
  7. R_wst_mean_16: 0.8381
  8. R_wst_mean_37: 0.8304
  9. R_wst_mean_60: 0.8826
  10. R_wst_mean_61: 0.8696
  11. R_wst_mean_65: 0.8204
  12. R_wst_mean_69: 0.8306
  13. R_wst_mean_70: 0.8561
  14. R_wst_mean_71: 0.8403
  15. R_wst_mean_72: 0.8543
  16. R_wst_std_0: 0.8447
  17. G_wst_mean_7: 0.8229
  18. G_wst_mean_15: 0.8534
  19. G_wst_mean_52: 0.8298
  20. B_wst_mean_15: 0.8711

Model and artifacts saved to: /home/brusc/Projects/random_forest/experiments_organized/gaussian_output/rgb_clean/assatigue/small/k20/wst
================================================================================
