================================================================================
CONFIGURABLE RANDOM FOREST TRAINING SCRIPT
Dataset: /home/brusc/Projects/random_forest/datasets/dataset_rgb_gaussian_30/mini
Area: assatigue
Feature Method: hybrid
K Features: 20
Output: /home/brusc/Projects/random_forest/experiments_organized/gaussian_output/rgb_gaussian30/assatigue/mini/k20/hybrid
N Estimators: 3
================================================================================
Loading images from assatigue area...
Found classes in assatigue: ['low_veg', 'trees', 'water']
Loading 5 images from assatigue/low_veg
Loading 5 images from assatigue/trees
Loading 5 images from assatigue/water
Loaded 15 images with 3 classes
Classes: [np.str_('low_veg'), np.str_('trees'), np.str_('water')]
Image shape: (3, 128, 128)
Extracting hybrid features...
Feature matrix shape: (15, 540)
Applying SelectKBest feature selection (k=20)...
Selected features: ['R_p10', 'R_p90', 'R_iqr', 'G_std', 'G_var', 'G_p10', 'G_p90', 'G_mad', 'B_mean', 'B_skew', 'B_cv', 'B_p10', 'B_p25', 'B_p50', 'B_p90', 'R_wst_std_0', 'B_wst_mean_0', 'B_wst_mean_6', 'B_wst_mean_42', 'B_wst_std_58']
Feature scores: [0.91187979 0.77108614 0.7114036  0.80362582 0.72862582 0.70314963
 1.80224535 0.73195915 0.74807026 0.75362582 0.81195915 1.05918137
 0.71473693 0.78695915 0.70362582 0.72862582 0.82029249 0.69174511
 0.71132423 0.81418137]
Training final Random Forest model...
Saving model and artifacts...
Saved trained model: /home/brusc/Projects/random_forest/experiments_organized/gaussian_output/rgb_gaussian30/assatigue/mini/k20/hybrid/trained_model.joblib
Saved scaler: /home/brusc/Projects/random_forest/experiments_organized/gaussian_output/rgb_gaussian30/assatigue/mini/k20/hybrid/scaler.joblib
Saved feature selector: /home/brusc/Projects/random_forest/experiments_organized/gaussian_output/rgb_gaussian30/assatigue/mini/k20/hybrid/feature_selector.joblib
Saved feature information: /home/brusc/Projects/random_forest/experiments_organized/gaussian_output/rgb_gaussian30/assatigue/mini/k20/hybrid/feature_names.json
Saved experiment report: /home/brusc/Projects/random_forest/experiments_organized/gaussian_output/rgb_gaussian30/assatigue/mini/k20/hybrid/experiment_report_with_model.json
Saved usage instructions: /home/brusc/Projects/random_forest/experiments_organized/gaussian_output/rgb_gaussian30/assatigue/mini/k20/hybrid/model_usage_instructions.md

================================================================================
TRAINING COMPLETED SUCCESSFULLY
================================================================================
Area: assatigue
Dataset: /home/brusc/Projects/random_forest/datasets/dataset_rgb_gaussian_30/mini
Feature method: hybrid
Total images: 15
Classes: ['low_veg', 'trees', 'water']
Original features: 540
Selected features: 20
N estimators: 3

PERFORMANCE RESULTS:
Test Accuracy: 1.0000
CV Accuracy: 0.8667 ± 0.1633

Top 20 selected features:
  1. R_p10: 0.9119
  2. R_p90: 0.7711
  3. R_iqr: 0.7114
  4. G_std: 0.8036
  5. G_var: 0.7286
  6. G_p10: 0.7031
  7. G_p90: 1.8022
  8. G_mad: 0.7320
  9. B_mean: 0.7481
  10. B_skew: 0.7536
  11. B_cv: 0.8120
  12. B_p10: 1.0592
  13. B_p25: 0.7147
  14. B_p50: 0.7870
  15. B_p90: 0.7036
  16. R_wst_std_0: 0.7286
  17. B_wst_mean_0: 0.8203
  18. B_wst_mean_6: 0.6917
  19. B_wst_mean_42: 0.7113
  20. B_wst_std_58: 0.8142

Model and artifacts saved to: /home/brusc/Projects/random_forest/experiments_organized/gaussian_output/rgb_gaussian30/assatigue/mini/k20/hybrid
================================================================================
