================================================================================
CONFIGURABLE RANDOM FOREST TRAINING SCRIPT
Dataset: /home/brusc/Projects/random_forest/datasets/dataset_rgb_gaussian_50/mini
Area: sunset
Feature Method: hybrid
K Features: 20
Output: /home/brusc/Projects/random_forest/experiments_organized/gaussian_output/rgb_gaussian50/sunset/mini/k20/hybrid
N Estimators: 3
================================================================================
Loading images from sunset area...
Found classes in sunset: ['garden', 'low_veg', 'trees']
Loading 5 images from sunset/garden
Loading 5 images from sunset/low_veg
Loading 5 images from sunset/trees
Loaded 15 images with 3 classes
Classes: [np.str_('garden'), np.str_('low_veg'), np.str_('trees')]
Image shape: (3, 128, 128)
Extracting hybrid features...
Feature matrix shape: (15, 540)
Applying SelectKBest feature selection (k=20)...
Selected features: ['R_p90', 'B_std', 'B_skew', 'B_p25', 'B_iqr', 'B_mad', 'R_wst_std_0', 'G_wst_mean_27', 'B_wst_mean_0', 'B_wst_mean_2', 'B_wst_mean_4', 'B_wst_mean_5', 'B_wst_mean_8', 'B_wst_mean_13', 'B_wst_mean_29', 'B_wst_mean_33', 'B_wst_mean_46', 'B_wst_mean_50', 'B_wst_mean_57', 'B_wst_std_73']
Feature scores: [0.81681966 0.52097551 0.49811836 0.78355977 0.51200725 0.51541995
 0.72981629 0.51954934 0.52148056 0.53309672 0.53111019 0.55336127
 0.49631702 0.55743534 0.59820254 0.64460225 0.57742813 0.75621841
 0.51383265 0.65418137]
Training final Random Forest model...
Saving model and artifacts...
Saved trained model: /home/brusc/Projects/random_forest/experiments_organized/gaussian_output/rgb_gaussian50/sunset/mini/k20/hybrid/trained_model.joblib
Saved scaler: /home/brusc/Projects/random_forest/experiments_organized/gaussian_output/rgb_gaussian50/sunset/mini/k20/hybrid/scaler.joblib
Saved feature selector: /home/brusc/Projects/random_forest/experiments_organized/gaussian_output/rgb_gaussian50/sunset/mini/k20/hybrid/feature_selector.joblib
Saved feature information: /home/brusc/Projects/random_forest/experiments_organized/gaussian_output/rgb_gaussian50/sunset/mini/k20/hybrid/feature_names.json
Saved experiment report: /home/brusc/Projects/random_forest/experiments_organized/gaussian_output/rgb_gaussian50/sunset/mini/k20/hybrid/experiment_report_with_model.json
Saved usage instructions: /home/brusc/Projects/random_forest/experiments_organized/gaussian_output/rgb_gaussian50/sunset/mini/k20/hybrid/model_usage_instructions.md

================================================================================
TRAINING COMPLETED SUCCESSFULLY
================================================================================
Area: sunset
Dataset: /home/brusc/Projects/random_forest/datasets/dataset_rgb_gaussian_50/mini
Feature method: hybrid
Total images: 15
Classes: ['garden', 'low_veg', 'trees']
Original features: 540
Selected features: 20
N estimators: 3

PERFORMANCE RESULTS:
Test Accuracy: 1.0000
CV Accuracy: 0.7333 ± 0.1333

Top 20 selected features:
  1. R_p90: 0.8168
  2. B_std: 0.5210
  3. B_skew: 0.4981
  4. B_p25: 0.7836
  5. B_iqr: 0.5120
  6. B_mad: 0.5154
  7. R_wst_std_0: 0.7298
  8. G_wst_mean_27: 0.5195
  9. B_wst_mean_0: 0.5215
  10. B_wst_mean_2: 0.5331
  11. B_wst_mean_4: 0.5311
  12. B_wst_mean_5: 0.5534
  13. B_wst_mean_8: 0.4963
  14. B_wst_mean_13: 0.5574
  15. B_wst_mean_29: 0.5982
  16. B_wst_mean_33: 0.6446
  17. B_wst_mean_46: 0.5774
  18. B_wst_mean_50: 0.7562
  19. B_wst_mean_57: 0.5138
  20. B_wst_std_73: 0.6542

Model and artifacts saved to: /home/brusc/Projects/random_forest/experiments_organized/gaussian_output/rgb_gaussian50/sunset/mini/k20/hybrid
================================================================================
