================================================================================
CONFIGURABLE RANDOM FOREST TRAINING SCRIPT
Dataset: /home/brusc/Projects/random_forest/datasets/dataset_rgb_gaussian_50/original
Area: assatigue
Feature Method: advanced_stats
K Features: 20
Output: /home/brusc/Projects/random_forest/experiments_organized/gaussian_output/rgb_gaussian50/assatigue/original/k20/advanced_stats
N Estimators: 50
================================================================================
Loading images from assatigue area...
Found classes in assatigue: ['low_veg', 'trees', 'water']
Loading 40 images from assatigue/low_veg
Loading 36 images from assatigue/trees
Loading 40 images from assatigue/water
Loaded 116 images with 3 classes
Classes: [np.str_('low_veg'), np.str_('trees'), np.str_('water')]
Image shape: (3, 128, 128)
Extracting advanced_stats features...
Feature matrix shape: (116, 54)
Applying SelectKBest feature selection (k=20)...
Selected features: ['R_mean', 'R_skew', 'R_cv', 'R_p25', 'R_p50', 'R_p75', 'G_mean', 'G_skew', 'G_cv', 'G_p25', 'G_p50', 'G_p75', 'B_mean', 'B_skew', 'B_cv', 'B_p25', 'B_p50', 'B_p75', 'B_iqr', 'B_grad_mean']
Feature scores: [0.61230783 0.60745856 0.6473563  0.63310216 0.60679079 0.61196924
 0.67325558 0.64712979 0.663232   0.69435254 0.66438143 0.6444959
 0.65528886 0.66378795 0.65512146 0.70422817 0.66760817 0.57674131
 0.5203151  0.50091123]
Training final Random Forest model...
Saving model and artifacts...
Saved trained model: /home/brusc/Projects/random_forest/experiments_organized/gaussian_output/rgb_gaussian50/assatigue/original/k20/advanced_stats/trained_model.joblib
Saved scaler: /home/brusc/Projects/random_forest/experiments_organized/gaussian_output/rgb_gaussian50/assatigue/original/k20/advanced_stats/scaler.joblib
Saved feature selector: /home/brusc/Projects/random_forest/experiments_organized/gaussian_output/rgb_gaussian50/assatigue/original/k20/advanced_stats/feature_selector.joblib
Saved feature information: /home/brusc/Projects/random_forest/experiments_organized/gaussian_output/rgb_gaussian50/assatigue/original/k20/advanced_stats/feature_names.json
Saved experiment report: /home/brusc/Projects/random_forest/experiments_organized/gaussian_output/rgb_gaussian50/assatigue/original/k20/advanced_stats/experiment_report_with_model.json
Saved usage instructions: /home/brusc/Projects/random_forest/experiments_organized/gaussian_output/rgb_gaussian50/assatigue/original/k20/advanced_stats/model_usage_instructions.md

================================================================================
TRAINING COMPLETED SUCCESSFULLY
================================================================================
Area: assatigue
Dataset: /home/brusc/Projects/random_forest/datasets/dataset_rgb_gaussian_50/original
Feature method: advanced_stats
Total images: 116
Classes: ['low_veg', 'water', 'trees']
Original features: 54
Selected features: 20
N estimators: 50

PERFORMANCE RESULTS:
Test Accuracy: 0.7917
CV Accuracy: 0.8029 ± 0.0973

Top 20 selected features:
  1. R_mean: 0.6123
  2. R_skew: 0.6075
  3. R_cv: 0.6474
  4. R_p25: 0.6331
  5. R_p50: 0.6068
  6. R_p75: 0.6120
  7. G_mean: 0.6733
  8. G_skew: 0.6471
  9. G_cv: 0.6632
  10. G_p25: 0.6944
  11. G_p50: 0.6644
  12. G_p75: 0.6445
  13. B_mean: 0.6553
  14. B_skew: 0.6638
  15. B_cv: 0.6551
  16. B_p25: 0.7042
  17. B_p50: 0.6676
  18. B_p75: 0.5767
  19. B_iqr: 0.5203
  20. B_grad_mean: 0.5009

Model and artifacts saved to: /home/brusc/Projects/random_forest/experiments_organized/gaussian_output/rgb_gaussian50/assatigue/original/k20/advanced_stats
================================================================================
