================================================================================
CONFIGURABLE RANDOM FOREST TRAINING SCRIPT
Dataset: /home/brusc/Projects/random_forest/datasets/dataset_rgb_gaussian_50/small
Area: assatigue
Feature Method: wst
K Features: 20
Output: /home/brusc/Projects/random_forest/experiments_organized/gaussian_output/rgb_gaussian50/assatigue/small/k20/wst
N Estimators: 10
================================================================================
Loading images from assatigue area...
Found classes in assatigue: ['low_veg', 'trees', 'water']
Loading 15 images from assatigue/low_veg
Loading 15 images from assatigue/trees
Loading 15 images from assatigue/water
Loaded 45 images with 3 classes
Classes: [np.str_('low_veg'), np.str_('trees'), np.str_('water')]
Image shape: (3, 128, 128)
Extracting wst features...
Feature matrix shape: (45, 486)
Applying SelectKBest feature selection (k=20)...
Selected features: ['R_wst_mean_0', 'R_wst_std_0', 'G_wst_mean_0', 'G_wst_std_0', 'B_wst_mean_0', 'B_wst_mean_2', 'B_wst_mean_3', 'B_wst_mean_4', 'B_wst_mean_5', 'B_wst_mean_6', 'B_wst_mean_7', 'B_wst_mean_10', 'B_wst_mean_13', 'B_wst_mean_49', 'B_wst_mean_55', 'B_wst_mean_58', 'B_wst_mean_68', 'B_wst_mean_71', 'B_wst_std_10', 'B_wst_std_55']
Feature scores: [0.6775745  0.81976312 0.70611066 0.86905502 0.65947045 0.43285102
 0.43656896 0.43022142 0.52264201 0.43683292 0.64787886 0.45181325
 0.48566523 0.50911374 0.46582761 0.4455452  0.47902785 0.50649545
 0.47732946 0.41561961]
Training final Random Forest model...
Saving model and artifacts...
Saved trained model: /home/brusc/Projects/random_forest/experiments_organized/gaussian_output/rgb_gaussian50/assatigue/small/k20/wst/trained_model.joblib
Saved scaler: /home/brusc/Projects/random_forest/experiments_organized/gaussian_output/rgb_gaussian50/assatigue/small/k20/wst/scaler.joblib
Saved feature selector: /home/brusc/Projects/random_forest/experiments_organized/gaussian_output/rgb_gaussian50/assatigue/small/k20/wst/feature_selector.joblib
Saved feature information: /home/brusc/Projects/random_forest/experiments_organized/gaussian_output/rgb_gaussian50/assatigue/small/k20/wst/feature_names.json
Saved experiment report: /home/brusc/Projects/random_forest/experiments_organized/gaussian_output/rgb_gaussian50/assatigue/small/k20/wst/experiment_report_with_model.json
Saved usage instructions: /home/brusc/Projects/random_forest/experiments_organized/gaussian_output/rgb_gaussian50/assatigue/small/k20/wst/model_usage_instructions.md

================================================================================
TRAINING COMPLETED SUCCESSFULLY
================================================================================
Area: assatigue
Dataset: /home/brusc/Projects/random_forest/datasets/dataset_rgb_gaussian_50/small
Feature method: wst
Total images: 45
Classes: ['low_veg', 'trees', 'water']
Original features: 486
Selected features: 20
N estimators: 10

PERFORMANCE RESULTS:
Test Accuracy: 0.7778
CV Accuracy: 0.8222 ± 0.1333

Top 20 selected features:
  1. R_wst_mean_0: 0.6776
  2. R_wst_std_0: 0.8198
  3. G_wst_mean_0: 0.7061
  4. G_wst_std_0: 0.8691
  5. B_wst_mean_0: 0.6595
  6. B_wst_mean_2: 0.4329
  7. B_wst_mean_3: 0.4366
  8. B_wst_mean_4: 0.4302
  9. B_wst_mean_5: 0.5226
  10. B_wst_mean_6: 0.4368
  11. B_wst_mean_7: 0.6479
  12. B_wst_mean_10: 0.4518
  13. B_wst_mean_13: 0.4857
  14. B_wst_mean_49: 0.5091
  15. B_wst_mean_55: 0.4658
  16. B_wst_mean_58: 0.4455
  17. B_wst_mean_68: 0.4790
  18. B_wst_mean_71: 0.5065
  19. B_wst_std_10: 0.4773
  20. B_wst_std_55: 0.4156

Model and artifacts saved to: /home/brusc/Projects/random_forest/experiments_organized/gaussian_output/rgb_gaussian50/assatigue/small/k20/wst
================================================================================
