================================================================================
CONFIGURABLE RANDOM FOREST TRAINING SCRIPT
Dataset: /home/brusc/Projects/random_forest/datasets/dataset_rgb_clean/original
Area: sunset
Feature Method: advanced_stats
K Features: 20
Output: /home/brusc/Projects/random_forest/experiments_organized/gaussian_output/rgb_clean/sunset/original/k20/advanced_stats
N Estimators: 50
================================================================================
Loading images from sunset area...
Found classes in sunset: ['garden', 'low_veg', 'trees']
Loading 40 images from sunset/garden
Loading 40 images from sunset/low_veg
Loading 40 images from sunset/trees
Loaded 120 images with 3 classes
Classes: [np.str_('garden'), np.str_('low_veg'), np.str_('trees')]
Image shape: (3, 128, 128)
Extracting advanced_stats features...
Feature matrix shape: (120, 54)
Applying SelectKBest feature selection (k=20)...
Selected features: ['R_std', 'R_var', 'R_range', 'R_iqr', 'R_mad', 'R_grad_mean', 'G_std', 'G_var', 'G_range', 'G_cv', 'G_iqr', 'G_mad', 'G_grad_mean', 'B_mean', 'B_range', 'B_cv', 'B_p10', 'B_p25', 'B_p75', 'B_grad_mean']
Feature scores: [0.83666477 0.8375058  0.6758462  0.7794923  0.83139758 0.72409036
 0.67828718 0.67855173 0.71002659 0.68131652 0.66599231 0.68850989
 0.79827463 0.67519917 0.64929911 0.85470789 0.66002524 0.68200682
 0.63031445 0.80602025]
Training final Random Forest model...
Saving model and artifacts...
Saved trained model: /home/brusc/Projects/random_forest/experiments_organized/gaussian_output/rgb_clean/sunset/original/k20/advanced_stats/trained_model.joblib
Saved scaler: /home/brusc/Projects/random_forest/experiments_organized/gaussian_output/rgb_clean/sunset/original/k20/advanced_stats/scaler.joblib
Saved feature selector: /home/brusc/Projects/random_forest/experiments_organized/gaussian_output/rgb_clean/sunset/original/k20/advanced_stats/feature_selector.joblib
Saved feature information: /home/brusc/Projects/random_forest/experiments_organized/gaussian_output/rgb_clean/sunset/original/k20/advanced_stats/feature_names.json
Saved experiment report: /home/brusc/Projects/random_forest/experiments_organized/gaussian_output/rgb_clean/sunset/original/k20/advanced_stats/experiment_report_with_model.json
Saved usage instructions: /home/brusc/Projects/random_forest/experiments_organized/gaussian_output/rgb_clean/sunset/original/k20/advanced_stats/model_usage_instructions.md

================================================================================
TRAINING COMPLETED SUCCESSFULLY
================================================================================
Area: sunset
Dataset: /home/brusc/Projects/random_forest/datasets/dataset_rgb_clean/original
Feature method: advanced_stats
Total images: 120
Classes: ['garden', 'low_veg', 'trees']
Original features: 54
Selected features: 20
N estimators: 50

PERFORMANCE RESULTS:
Test Accuracy: 1.0000
CV Accuracy: 0.9833 ± 0.0333

Top 20 selected features:
  1. R_std: 0.8367
  2. R_var: 0.8375
  3. R_range: 0.6758
  4. R_iqr: 0.7795
  5. R_mad: 0.8314
  6. R_grad_mean: 0.7241
  7. G_std: 0.6783
  8. G_var: 0.6786
  9. G_range: 0.7100
  10. G_cv: 0.6813
  11. G_iqr: 0.6660
  12. G_mad: 0.6885
  13. G_grad_mean: 0.7983
  14. B_mean: 0.6752
  15. B_range: 0.6493
  16. B_cv: 0.8547
  17. B_p10: 0.6600
  18. B_p25: 0.6820
  19. B_p75: 0.6303
  20. B_grad_mean: 0.8060

Model and artifacts saved to: /home/brusc/Projects/random_forest/experiments_organized/gaussian_output/rgb_clean/sunset/original/k20/advanced_stats
================================================================================
