================================================================================
CONFIGURABLE RANDOM FOREST TRAINING SCRIPT
Dataset: /home/brusc/Projects/random_forest/datasets/dataset_rgb_gaussian_30/mini
Area: sunset
Feature Method: wst
K Features: 10
Output: /home/brusc/Projects/random_forest/experiments_organized/gaussian_output/rgb_gaussian30/sunset/mini/k10/wst
N Estimators: 3
================================================================================
Loading images from sunset area...
Found classes in sunset: ['garden', 'low_veg', 'trees']
Loading 5 images from sunset/garden
Loading 5 images from sunset/low_veg
Loading 5 images from sunset/trees
Loaded 15 images with 3 classes
Classes: [np.str_('garden'), np.str_('low_veg'), np.str_('trees')]
Image shape: (3, 128, 128)
Extracting wst features...
Feature matrix shape: (15, 486)
Applying SelectKBest feature selection (k=10)...
Selected features: ['R_wst_std_0', 'G_wst_std_0', 'B_wst_mean_13', 'B_wst_mean_16', 'B_wst_mean_46', 'B_wst_mean_49', 'B_wst_mean_50', 'B_wst_mean_57', 'B_wst_std_0', 'B_wst_std_44']
Feature scores: [0.88378455 0.58918137 0.60584804 0.63370278 0.59187905 0.62759407
 0.63354645 0.57791153 0.59838772 0.60426074]
Training final Random Forest model...
Saving model and artifacts...
Saved trained model: /home/brusc/Projects/random_forest/experiments_organized/gaussian_output/rgb_gaussian30/sunset/mini/k10/wst/trained_model.joblib
Saved scaler: /home/brusc/Projects/random_forest/experiments_organized/gaussian_output/rgb_gaussian30/sunset/mini/k10/wst/scaler.joblib
Saved feature selector: /home/brusc/Projects/random_forest/experiments_organized/gaussian_output/rgb_gaussian30/sunset/mini/k10/wst/feature_selector.joblib
Saved feature information: /home/brusc/Projects/random_forest/experiments_organized/gaussian_output/rgb_gaussian30/sunset/mini/k10/wst/feature_names.json
Saved experiment report: /home/brusc/Projects/random_forest/experiments_organized/gaussian_output/rgb_gaussian30/sunset/mini/k10/wst/experiment_report_with_model.json
Saved usage instructions: /home/brusc/Projects/random_forest/experiments_organized/gaussian_output/rgb_gaussian30/sunset/mini/k10/wst/model_usage_instructions.md

================================================================================
TRAINING COMPLETED SUCCESSFULLY
================================================================================
Area: sunset
Dataset: /home/brusc/Projects/random_forest/datasets/dataset_rgb_gaussian_30/mini
Feature method: wst
Total images: 15
Classes: ['garden', 'low_veg', 'trees']
Original features: 486
Selected features: 10
N estimators: 3

PERFORMANCE RESULTS:
Test Accuracy: 1.0000
CV Accuracy: 0.7333 ± 0.1333

Top 10 selected features:
  1. R_wst_std_0: 0.8838
  2. G_wst_std_0: 0.5892
  3. B_wst_mean_13: 0.6058
  4. B_wst_mean_16: 0.6337
  5. B_wst_mean_46: 0.5919
  6. B_wst_mean_49: 0.6276
  7. B_wst_mean_50: 0.6335
  8. B_wst_mean_57: 0.5779
  9. B_wst_std_0: 0.5984
  10. B_wst_std_44: 0.6043

Model and artifacts saved to: /home/brusc/Projects/random_forest/experiments_organized/gaussian_output/rgb_gaussian30/sunset/mini/k10/wst
================================================================================
