================================================================================
CONFIGURABLE RANDOM FOREST TRAINING SCRIPT
Dataset: /home/brusc/Projects/random_forest/datasets/dataset_rgb_clean/small
Area: popolar
Feature Method: hybrid
K Features: 20
Output: /home/brusc/Projects/random_forest/experiments_organized/gaussian_output/rgb_clean/popolar/small/k20/hybrid
N Estimators: 10
================================================================================
Loading images from popolar area...
Found classes in popolar: ['low_veg', 'trees', 'water']
Loading 15 images from popolar/low_veg
Loading 15 images from popolar/trees
Loading 15 images from popolar/water
Loaded 45 images with 3 classes
Classes: [np.str_('low_veg'), np.str_('trees'), np.str_('water')]
Image shape: (3, 128, 128)
Extracting hybrid features...
Feature matrix shape: (45, 540)
Applying SelectKBest feature selection (k=20)...
Selected features: ['R_min', 'R_cv', 'R_p10', 'R_iqr', 'R_mad', 'G_std', 'G_var', 'G_min', 'G_range', 'G_iqr', 'G_mad', 'B_min', 'B_cv', 'B_p10', 'B_iqr', 'R_wst_mean_8', 'R_wst_mean_16', 'R_wst_std_0', 'G_wst_mean_16', 'G_wst_std_0']
Feature scores: [1.03556681 0.96138322 0.97924406 1.08200131 1.04375616 0.94301517
 0.95042258 1.06324758 1.00813117 1.06812926 1.07894134 1.0780624
 1.03162132 1.03954388 0.98799105 0.93716004 0.97580201 0.96424406
 0.95419708 0.98374269]
Training final Random Forest model...
Saving model and artifacts...
Saved trained model: /home/brusc/Projects/random_forest/experiments_organized/gaussian_output/rgb_clean/popolar/small/k20/hybrid/trained_model.joblib
Saved scaler: /home/brusc/Projects/random_forest/experiments_organized/gaussian_output/rgb_clean/popolar/small/k20/hybrid/scaler.joblib
Saved feature selector: /home/brusc/Projects/random_forest/experiments_organized/gaussian_output/rgb_clean/popolar/small/k20/hybrid/feature_selector.joblib
Saved feature information: /home/brusc/Projects/random_forest/experiments_organized/gaussian_output/rgb_clean/popolar/small/k20/hybrid/feature_names.json
Saved experiment report: /home/brusc/Projects/random_forest/experiments_organized/gaussian_output/rgb_clean/popolar/small/k20/hybrid/experiment_report_with_model.json
Saved usage instructions: /home/brusc/Projects/random_forest/experiments_organized/gaussian_output/rgb_clean/popolar/small/k20/hybrid/model_usage_instructions.md

================================================================================
TRAINING COMPLETED SUCCESSFULLY
================================================================================
Area: popolar
Dataset: /home/brusc/Projects/random_forest/datasets/dataset_rgb_clean/small
Feature method: hybrid
Total images: 45
Classes: ['low_veg', 'trees', 'water']
Original features: 540
Selected features: 20
N estimators: 10

PERFORMANCE RESULTS:
Test Accuracy: 0.8889
CV Accuracy: 0.9778 ± 0.0444

Top 20 selected features:
  1. R_min: 1.0356
  2. R_cv: 0.9614
  3. R_p10: 0.9792
  4. R_iqr: 1.0820
  5. R_mad: 1.0438
  6. G_std: 0.9430
  7. G_var: 0.9504
  8. G_min: 1.0632
  9. G_range: 1.0081
  10. G_iqr: 1.0681
  11. G_mad: 1.0789
  12. B_min: 1.0781
  13. B_cv: 1.0316
  14. B_p10: 1.0395
  15. B_iqr: 0.9880
  16. R_wst_mean_8: 0.9372
  17. R_wst_mean_16: 0.9758
  18. R_wst_std_0: 0.9642
  19. G_wst_mean_16: 0.9542
  20. G_wst_std_0: 0.9837

Model and artifacts saved to: /home/brusc/Projects/random_forest/experiments_organized/gaussian_output/rgb_clean/popolar/small/k20/hybrid
================================================================================
