================================================================================
CONFIGURABLE RANDOM FOREST TRAINING SCRIPT
Dataset: /home/brusc/Projects/random_forest/datasets/dataset_rgb_clean/mini
Area: assatigue
Feature Method: wst
K Features: 20
Output: /home/brusc/Projects/random_forest/experiments_organized/gaussian_output/rgb_clean/assatigue/mini/k20/wst
N Estimators: 3
================================================================================
Loading images from assatigue area...
Found classes in assatigue: ['low_veg', 'trees', 'water']
Loading 5 images from assatigue/low_veg
Loading 5 images from assatigue/trees
Loading 5 images from assatigue/water
Loaded 15 images with 3 classes
Classes: [np.str_('low_veg'), np.str_('trees'), np.str_('water')]
Image shape: (3, 128, 128)
Extracting wst features...
Feature matrix shape: (15, 486)
Applying SelectKBest feature selection (k=20)...
Selected features: ['R_wst_mean_6', 'R_wst_mean_26', 'R_wst_mean_35', 'R_wst_mean_51', 'R_wst_mean_52', 'R_wst_mean_54', 'R_wst_mean_61', 'R_wst_mean_63', 'R_wst_mean_69', 'R_wst_mean_70', 'R_wst_mean_72', 'G_wst_mean_2', 'G_wst_mean_18', 'G_wst_mean_23', 'G_wst_mean_24', 'G_wst_mean_64', 'G_wst_mean_65', 'G_wst_mean_72', 'G_wst_mean_74', 'G_wst_mean_78']
Feature scores: [0.94314963 0.90600677 0.90822899 0.90703852 0.95759407 0.90481629
 0.89870518 0.90203852 0.89870518 0.95426074 0.90981629 0.90307026
 0.90648296 0.89648296 0.90203852 0.90203852 0.92870518 0.95092741
 0.95092741 0.92092741]
Training final Random Forest model...
Saving model and artifacts...
Saved trained model: /home/brusc/Projects/random_forest/experiments_organized/gaussian_output/rgb_clean/assatigue/mini/k20/wst/trained_model.joblib
Saved scaler: /home/brusc/Projects/random_forest/experiments_organized/gaussian_output/rgb_clean/assatigue/mini/k20/wst/scaler.joblib
Saved feature selector: /home/brusc/Projects/random_forest/experiments_organized/gaussian_output/rgb_clean/assatigue/mini/k20/wst/feature_selector.joblib
Saved feature information: /home/brusc/Projects/random_forest/experiments_organized/gaussian_output/rgb_clean/assatigue/mini/k20/wst/feature_names.json
Saved experiment report: /home/brusc/Projects/random_forest/experiments_organized/gaussian_output/rgb_clean/assatigue/mini/k20/wst/experiment_report_with_model.json
Saved usage instructions: /home/brusc/Projects/random_forest/experiments_organized/gaussian_output/rgb_clean/assatigue/mini/k20/wst/model_usage_instructions.md

================================================================================
TRAINING COMPLETED SUCCESSFULLY
================================================================================
Area: assatigue
Dataset: /home/brusc/Projects/random_forest/datasets/dataset_rgb_clean/mini
Feature method: wst
Total images: 15
Classes: ['low_veg', 'trees', 'water']
Original features: 486
Selected features: 20
N estimators: 3

PERFORMANCE RESULTS:
Test Accuracy: 0.6667
CV Accuracy: 0.8667 ± 0.1633

Top 20 selected features:
  1. R_wst_mean_6: 0.9431
  2. R_wst_mean_26: 0.9060
  3. R_wst_mean_35: 0.9082
  4. R_wst_mean_51: 0.9070
  5. R_wst_mean_52: 0.9576
  6. R_wst_mean_54: 0.9048
  7. R_wst_mean_61: 0.8987
  8. R_wst_mean_63: 0.9020
  9. R_wst_mean_69: 0.8987
  10. R_wst_mean_70: 0.9543
  11. R_wst_mean_72: 0.9098
  12. G_wst_mean_2: 0.9031
  13. G_wst_mean_18: 0.9065
  14. G_wst_mean_23: 0.8965
  15. G_wst_mean_24: 0.9020
  16. G_wst_mean_64: 0.9020
  17. G_wst_mean_65: 0.9287
  18. G_wst_mean_72: 0.9509
  19. G_wst_mean_74: 0.9509
  20. G_wst_mean_78: 0.9209

Model and artifacts saved to: /home/brusc/Projects/random_forest/experiments_organized/gaussian_output/rgb_clean/assatigue/mini/k20/wst
================================================================================
