================================================================================
CONFIGURABLE RANDOM FOREST TRAINING SCRIPT
Dataset: /home/brusc/Projects/random_forest/datasets/dataset_rgb_gaussian_50/original
Area: sunset
Feature Method: hybrid
K Features: 5
Output: /home/brusc/Projects/random_forest/experiments_organized/gaussian_output/rgb_gaussian50/sunset/original/k5/hybrid
N Estimators: 50
================================================================================
Loading images from sunset area...
Found classes in sunset: ['garden', 'low_veg', 'trees']
Loading 40 images from sunset/garden
Loading 40 images from sunset/low_veg
Loading 40 images from sunset/trees
Loaded 120 images with 3 classes
Classes: [np.str_('garden'), np.str_('low_veg'), np.str_('trees')]
Image shape: (3, 128, 128)
Extracting hybrid features...
Feature matrix shape: (120, 540)
Applying SelectKBest feature selection (k=5)...
Selected features: ['B_p90', 'R_wst_std_0', 'B_wst_mean_0', 'B_wst_mean_5', 'B_wst_mean_8']
Feature scores: [0.6540059  0.75276198 0.66951545 0.66412066 0.6517747 ]
Training final Random Forest model...
Saving model and artifacts...
Saved trained model: /home/brusc/Projects/random_forest/experiments_organized/gaussian_output/rgb_gaussian50/sunset/original/k5/hybrid/trained_model.joblib
Saved scaler: /home/brusc/Projects/random_forest/experiments_organized/gaussian_output/rgb_gaussian50/sunset/original/k5/hybrid/scaler.joblib
Saved feature selector: /home/brusc/Projects/random_forest/experiments_organized/gaussian_output/rgb_gaussian50/sunset/original/k5/hybrid/feature_selector.joblib
Saved feature information: /home/brusc/Projects/random_forest/experiments_organized/gaussian_output/rgb_gaussian50/sunset/original/k5/hybrid/feature_names.json
Saved experiment report: /home/brusc/Projects/random_forest/experiments_organized/gaussian_output/rgb_gaussian50/sunset/original/k5/hybrid/experiment_report_with_model.json
Saved usage instructions: /home/brusc/Projects/random_forest/experiments_organized/gaussian_output/rgb_gaussian50/sunset/original/k5/hybrid/model_usage_instructions.md

================================================================================
TRAINING COMPLETED SUCCESSFULLY
================================================================================
Area: sunset
Dataset: /home/brusc/Projects/random_forest/datasets/dataset_rgb_gaussian_50/original
Feature method: hybrid
Total images: 120
Classes: ['garden', 'low_veg', 'trees']
Original features: 540
Selected features: 5
N estimators: 50

PERFORMANCE RESULTS:
Test Accuracy: 1.0000
CV Accuracy: 0.9833 ± 0.0333

Top 5 selected features:
  1. B_p90: 0.6540
  2. R_wst_std_0: 0.7528
  3. B_wst_mean_0: 0.6695
  4. B_wst_mean_5: 0.6641
  5. B_wst_mean_8: 0.6518

Model and artifacts saved to: /home/brusc/Projects/random_forest/experiments_organized/gaussian_output/rgb_gaussian50/sunset/original/k5/hybrid
================================================================================
