================================================================================
CONFIGURABLE RANDOM FOREST TRAINING SCRIPT
Dataset: /home/brusc/Projects/random_forest/datasets/dataset_rgb_clean/mini
Area: popolar
Feature Method: wst
K Features: 20
Output: /home/brusc/Projects/random_forest/experiments_organized/gaussian_output/rgb_clean/popolar/mini/k20/wst
N Estimators: 3
================================================================================
Loading images from popolar area...
Found classes in popolar: ['low_veg', 'trees', 'water']
Loading 5 images from popolar/low_veg
Loading 5 images from popolar/trees
Loading 5 images from popolar/water
Loaded 15 images with 3 classes
Classes: [np.str_('low_veg'), np.str_('trees'), np.str_('water')]
Image shape: (3, 128, 128)
Extracting wst features...
Feature matrix shape: (15, 486)
Applying SelectKBest feature selection (k=20)...
Selected features: ['R_wst_mean_8', 'R_wst_mean_9', 'R_wst_mean_10', 'R_wst_mean_46', 'R_wst_mean_49', 'R_wst_mean_63', 'R_wst_mean_66', 'R_wst_mean_69', 'R_wst_mean_70', 'G_wst_mean_1', 'G_wst_mean_2', 'G_wst_mean_8', 'G_wst_mean_9', 'G_wst_mean_15', 'G_wst_mean_16', 'G_wst_mean_39', 'G_wst_mean_70', 'G_wst_mean_78', 'G_wst_std_0', 'B_wst_mean_0']
Feature scores: [0.84899619 0.84407555 0.87822899 0.88203852 0.84251471 0.8864036
 0.84023717 0.85426074 0.91537185 0.86407555 0.86695915 0.83814963
 0.88296444 0.86418137 0.91074222 0.85426074 0.84870518 0.85259407
 0.8593401  0.94592741]
Training final Random Forest model...
Saving model and artifacts...
Saved trained model: /home/brusc/Projects/random_forest/experiments_organized/gaussian_output/rgb_clean/popolar/mini/k20/wst/trained_model.joblib
Saved scaler: /home/brusc/Projects/random_forest/experiments_organized/gaussian_output/rgb_clean/popolar/mini/k20/wst/scaler.joblib
Saved feature selector: /home/brusc/Projects/random_forest/experiments_organized/gaussian_output/rgb_clean/popolar/mini/k20/wst/feature_selector.joblib
Saved feature information: /home/brusc/Projects/random_forest/experiments_organized/gaussian_output/rgb_clean/popolar/mini/k20/wst/feature_names.json
Saved experiment report: /home/brusc/Projects/random_forest/experiments_organized/gaussian_output/rgb_clean/popolar/mini/k20/wst/experiment_report_with_model.json
Saved usage instructions: /home/brusc/Projects/random_forest/experiments_organized/gaussian_output/rgb_clean/popolar/mini/k20/wst/model_usage_instructions.md

================================================================================
TRAINING COMPLETED SUCCESSFULLY
================================================================================
Area: popolar
Dataset: /home/brusc/Projects/random_forest/datasets/dataset_rgb_clean/mini
Feature method: wst
Total images: 15
Classes: ['low_veg', 'trees', 'water']
Original features: 486
Selected features: 20
N estimators: 3

PERFORMANCE RESULTS:
Test Accuracy: 0.6667
CV Accuracy: 0.8000 ± 0.2667

Top 20 selected features:
  1. R_wst_mean_8: 0.8490
  2. R_wst_mean_9: 0.8441
  3. R_wst_mean_10: 0.8782
  4. R_wst_mean_46: 0.8820
  5. R_wst_mean_49: 0.8425
  6. R_wst_mean_63: 0.8864
  7. R_wst_mean_66: 0.8402
  8. R_wst_mean_69: 0.8543
  9. R_wst_mean_70: 0.9154
  10. G_wst_mean_1: 0.8641
  11. G_wst_mean_2: 0.8670
  12. G_wst_mean_8: 0.8381
  13. G_wst_mean_9: 0.8830
  14. G_wst_mean_15: 0.8642
  15. G_wst_mean_16: 0.9107
  16. G_wst_mean_39: 0.8543
  17. G_wst_mean_70: 0.8487
  18. G_wst_mean_78: 0.8526
  19. G_wst_std_0: 0.8593
  20. B_wst_mean_0: 0.9459

Model and artifacts saved to: /home/brusc/Projects/random_forest/experiments_organized/gaussian_output/rgb_clean/popolar/mini/k20/wst
================================================================================
