================================================================================
CONFIGURABLE RANDOM FOREST TRAINING SCRIPT
Dataset: /home/brusc/Projects/random_forest/datasets/dataset_rgb_gaussian_30/original
Area: assatigue
Feature Method: hybrid
K Features: 10
Output: /home/brusc/Projects/random_forest/experiments_organized/gaussian_output/rgb_gaussian30/assatigue/original/k10/hybrid
N Estimators: 50
================================================================================
Loading images from assatigue area...
Found classes in assatigue: ['low_veg', 'trees', 'water']
Loading 40 images from assatigue/low_veg
Loading 36 images from assatigue/trees
Loading 40 images from assatigue/water
Loaded 116 images with 3 classes
Classes: [np.str_('low_veg'), np.str_('trees'), np.str_('water')]
Image shape: (3, 128, 128)
Extracting hybrid features...
Feature matrix shape: (116, 540)
Applying SelectKBest feature selection (k=10)...
Selected features: ['G_p25', 'G_iqr', 'B_mean', 'B_cv', 'B_p10', 'B_p25', 'B_p50', 'R_wst_std_0', 'G_wst_std_0', 'B_wst_mean_0']
Feature scores: [0.67608778 0.7562498  0.66049781 0.69797005 0.69188298 0.68415024
 0.69017024 0.88439309 0.91981684 0.66198913]
Training final Random Forest model...
Saving model and artifacts...
Saved trained model: /home/brusc/Projects/random_forest/experiments_organized/gaussian_output/rgb_gaussian30/assatigue/original/k10/hybrid/trained_model.joblib
Saved scaler: /home/brusc/Projects/random_forest/experiments_organized/gaussian_output/rgb_gaussian30/assatigue/original/k10/hybrid/scaler.joblib
Saved feature selector: /home/brusc/Projects/random_forest/experiments_organized/gaussian_output/rgb_gaussian30/assatigue/original/k10/hybrid/feature_selector.joblib
Saved feature information: /home/brusc/Projects/random_forest/experiments_organized/gaussian_output/rgb_gaussian30/assatigue/original/k10/hybrid/feature_names.json
Saved experiment report: /home/brusc/Projects/random_forest/experiments_organized/gaussian_output/rgb_gaussian30/assatigue/original/k10/hybrid/experiment_report_with_model.json
Saved usage instructions: /home/brusc/Projects/random_forest/experiments_organized/gaussian_output/rgb_gaussian30/assatigue/original/k10/hybrid/model_usage_instructions.md

================================================================================
TRAINING COMPLETED SUCCESSFULLY
================================================================================
Area: assatigue
Dataset: /home/brusc/Projects/random_forest/datasets/dataset_rgb_gaussian_30/original
Feature method: hybrid
Total images: 116
Classes: ['low_veg', 'water', 'trees']
Original features: 540
Selected features: 10
N estimators: 50

PERFORMANCE RESULTS:
Test Accuracy: 0.8750
CV Accuracy: 0.9315 ± 0.0429

Top 10 selected features:
  1. G_p25: 0.6761
  2. G_iqr: 0.7562
  3. B_mean: 0.6605
  4. B_cv: 0.6980
  5. B_p10: 0.6919
  6. B_p25: 0.6842
  7. B_p50: 0.6902
  8. R_wst_std_0: 0.8844
  9. G_wst_std_0: 0.9198
  10. B_wst_mean_0: 0.6620

Model and artifacts saved to: /home/brusc/Projects/random_forest/experiments_organized/gaussian_output/rgb_gaussian30/assatigue/original/k10/hybrid
================================================================================
