================================================================================
CONFIGURABLE RANDOM FOREST TRAINING SCRIPT
Dataset: /home/brusc/Projects/random_forest/datasets/dataset_rgb_gaussian_30/mini
Area: sunset
Feature Method: wst
K Features: 20
Output: /home/brusc/Projects/random_forest/experiments_organized/gaussian_output/rgb_gaussian30/sunset/mini/k20/wst
N Estimators: 3
================================================================================
Loading images from sunset area...
Found classes in sunset: ['garden', 'low_veg', 'trees']
Loading 5 images from sunset/garden
Loading 5 images from sunset/low_veg
Loading 5 images from sunset/trees
Loaded 15 images with 3 classes
Classes: [np.str_('garden'), np.str_('low_veg'), np.str_('trees')]
Image shape: (3, 128, 128)
Extracting wst features...
Feature matrix shape: (15, 486)
Applying SelectKBest feature selection (k=20)...
Selected features: ['R_wst_mean_12', 'R_wst_std_0', 'G_wst_mean_12', 'G_wst_mean_15', 'G_wst_std_0', 'B_wst_mean_0', 'B_wst_mean_4', 'B_wst_mean_5', 'B_wst_mean_8', 'B_wst_mean_10', 'B_wst_mean_12', 'B_wst_mean_13', 'B_wst_mean_16', 'B_wst_mean_46', 'B_wst_mean_49', 'B_wst_mean_50', 'B_wst_mean_57', 'B_wst_std_0', 'B_wst_std_15', 'B_wst_std_44']
Feature scores: [0.52854645 0.77267344 0.54187979 0.56243534 0.55481629 0.53888796
 0.51841177 0.59161524 0.53242813 0.51680042 0.538039   0.52807026
 0.64259167 0.58867392 0.54243534 0.66132423 0.57965756 0.55568931
 0.55957098 0.54473693]
Training final Random Forest model...
Saving model and artifacts...
Saved trained model: /home/brusc/Projects/random_forest/experiments_organized/gaussian_output/rgb_gaussian30/sunset/mini/k20/wst/trained_model.joblib
Saved scaler: /home/brusc/Projects/random_forest/experiments_organized/gaussian_output/rgb_gaussian30/sunset/mini/k20/wst/scaler.joblib
Saved feature selector: /home/brusc/Projects/random_forest/experiments_organized/gaussian_output/rgb_gaussian30/sunset/mini/k20/wst/feature_selector.joblib
Saved feature information: /home/brusc/Projects/random_forest/experiments_organized/gaussian_output/rgb_gaussian30/sunset/mini/k20/wst/feature_names.json
Saved experiment report: /home/brusc/Projects/random_forest/experiments_organized/gaussian_output/rgb_gaussian30/sunset/mini/k20/wst/experiment_report_with_model.json
Saved usage instructions: /home/brusc/Projects/random_forest/experiments_organized/gaussian_output/rgb_gaussian30/sunset/mini/k20/wst/model_usage_instructions.md

================================================================================
TRAINING COMPLETED SUCCESSFULLY
================================================================================
Area: sunset
Dataset: /home/brusc/Projects/random_forest/datasets/dataset_rgb_gaussian_30/mini
Feature method: wst
Total images: 15
Classes: ['garden', 'low_veg', 'trees']
Original features: 486
Selected features: 20
N estimators: 3

PERFORMANCE RESULTS:
Test Accuracy: 1.0000
CV Accuracy: 0.6667 ± 0.2108

Top 20 selected features:
  1. R_wst_mean_12: 0.5285
  2. R_wst_std_0: 0.7727
  3. G_wst_mean_12: 0.5419
  4. G_wst_mean_15: 0.5624
  5. G_wst_std_0: 0.5548
  6. B_wst_mean_0: 0.5389
  7. B_wst_mean_4: 0.5184
  8. B_wst_mean_5: 0.5916
  9. B_wst_mean_8: 0.5324
  10. B_wst_mean_10: 0.5168
  11. B_wst_mean_12: 0.5380
  12. B_wst_mean_13: 0.5281
  13. B_wst_mean_16: 0.6426
  14. B_wst_mean_46: 0.5887
  15. B_wst_mean_49: 0.5424
  16. B_wst_mean_50: 0.6613
  17. B_wst_mean_57: 0.5797
  18. B_wst_std_0: 0.5557
  19. B_wst_std_15: 0.5596
  20. B_wst_std_44: 0.5447

Model and artifacts saved to: /home/brusc/Projects/random_forest/experiments_organized/gaussian_output/rgb_gaussian30/sunset/mini/k20/wst
================================================================================
