================================================================================
CONFIGURABLE RANDOM FOREST TRAINING SCRIPT
Dataset: /home/brusc/Projects/random_forest/datasets/dataset_rgb_gaussian_50/small
Area: popolar
Feature Method: wst
K Features: 20
Output: /home/brusc/Projects/random_forest/experiments_organized/gaussian_output/rgb_gaussian50/popolar/small/k20/wst
N Estimators: 10
================================================================================
Loading images from popolar area...
Found classes in popolar: ['low_veg', 'trees', 'water']
Loading 15 images from popolar/low_veg
Loading 15 images from popolar/trees
Loading 15 images from popolar/water
Loaded 45 images with 3 classes
Classes: [np.str_('low_veg'), np.str_('trees'), np.str_('water')]
Image shape: (3, 128, 128)
Extracting wst features...
Feature matrix shape: (45, 486)
Applying SelectKBest feature selection (k=20)...
Selected features: ['R_wst_mean_0', 'R_wst_mean_1', 'R_wst_mean_2', 'R_wst_mean_31', 'R_wst_mean_40', 'R_wst_std_0', 'G_wst_mean_0', 'G_wst_std_0', 'B_wst_mean_0', 'B_wst_mean_1', 'B_wst_mean_2', 'B_wst_mean_3', 'B_wst_mean_5', 'B_wst_mean_6', 'B_wst_mean_8', 'B_wst_mean_24', 'B_wst_mean_43', 'B_wst_mean_45', 'B_wst_mean_59', 'B_wst_std_0']
Feature scores: [0.76164142 0.36676272 0.40729815 0.34129081 0.32749897 1.05775889
 0.53865431 0.88608507 0.83720911 0.54561237 0.46243429 0.32722713
 0.45403139 0.33687572 0.52817335 0.35480915 0.40317361 0.31206951
 0.45212473 0.8141246 ]
Training final Random Forest model...
Saving model and artifacts...
Saved trained model: /home/brusc/Projects/random_forest/experiments_organized/gaussian_output/rgb_gaussian50/popolar/small/k20/wst/trained_model.joblib
Saved scaler: /home/brusc/Projects/random_forest/experiments_organized/gaussian_output/rgb_gaussian50/popolar/small/k20/wst/scaler.joblib
Saved feature selector: /home/brusc/Projects/random_forest/experiments_organized/gaussian_output/rgb_gaussian50/popolar/small/k20/wst/feature_selector.joblib
Saved feature information: /home/brusc/Projects/random_forest/experiments_organized/gaussian_output/rgb_gaussian50/popolar/small/k20/wst/feature_names.json
Saved experiment report: /home/brusc/Projects/random_forest/experiments_organized/gaussian_output/rgb_gaussian50/popolar/small/k20/wst/experiment_report_with_model.json
Saved usage instructions: /home/brusc/Projects/random_forest/experiments_organized/gaussian_output/rgb_gaussian50/popolar/small/k20/wst/model_usage_instructions.md

================================================================================
TRAINING COMPLETED SUCCESSFULLY
================================================================================
Area: popolar
Dataset: /home/brusc/Projects/random_forest/datasets/dataset_rgb_gaussian_50/small
Feature method: wst
Total images: 45
Classes: ['low_veg', 'trees', 'water']
Original features: 486
Selected features: 20
N estimators: 10

PERFORMANCE RESULTS:
Test Accuracy: 0.7778
CV Accuracy: 0.9333 ± 0.0544

Top 20 selected features:
  1. R_wst_mean_0: 0.7616
  2. R_wst_mean_1: 0.3668
  3. R_wst_mean_2: 0.4073
  4. R_wst_mean_31: 0.3413
  5. R_wst_mean_40: 0.3275
  6. R_wst_std_0: 1.0578
  7. G_wst_mean_0: 0.5387
  8. G_wst_std_0: 0.8861
  9. B_wst_mean_0: 0.8372
  10. B_wst_mean_1: 0.5456
  11. B_wst_mean_2: 0.4624
  12. B_wst_mean_3: 0.3272
  13. B_wst_mean_5: 0.4540
  14. B_wst_mean_6: 0.3369
  15. B_wst_mean_8: 0.5282
  16. B_wst_mean_24: 0.3548
  17. B_wst_mean_43: 0.4032
  18. B_wst_mean_45: 0.3121
  19. B_wst_mean_59: 0.4521
  20. B_wst_std_0: 0.8141

Model and artifacts saved to: /home/brusc/Projects/random_forest/experiments_organized/gaussian_output/rgb_gaussian50/popolar/small/k20/wst
================================================================================
