================================================================================
CONFIGURABLE RANDOM FOREST TRAINING SCRIPT
Dataset: /home/brusc/Projects/random_forest/datasets/dataset_rgb_clean/mini
Area: sunset
Feature Method: hybrid
K Features: 20
Output: /home/brusc/Projects/random_forest/experiments_organized/gaussian_output/rgb_clean/sunset/mini/k20/hybrid
N Estimators: 3
================================================================================
Loading images from sunset area...
Found classes in sunset: ['garden', 'low_veg', 'trees']
Loading 5 images from sunset/garden
Loading 5 images from sunset/low_veg
Loading 5 images from sunset/trees
Loaded 15 images with 3 classes
Classes: [np.str_('garden'), np.str_('low_veg'), np.str_('trees')]
Image shape: (3, 128, 128)
Extracting hybrid features...
Feature matrix shape: (15, 540)
Applying SelectKBest feature selection (k=20)...
Selected features: ['R_wst_mean_3', 'R_wst_mean_21', 'R_wst_mean_29', 'R_wst_mean_36', 'R_wst_mean_45', 'R_wst_std_26', 'R_wst_std_40', 'G_wst_mean_3', 'G_wst_mean_21', 'G_wst_mean_29', 'G_wst_mean_44', 'G_wst_mean_52', 'G_wst_std_3', 'G_wst_std_11', 'G_wst_std_26', 'G_wst_std_35', 'G_wst_std_37', 'G_wst_std_51', 'B_wst_std_36', 'B_wst_std_37']
Feature scores: [1.05711788 1.0793401  1.07156233 1.10156233 1.0793401  1.06267344
 1.10711788 1.06045122 1.10711788 1.0793401  1.0793401  1.0493401
 1.0493401  1.10711788 1.10156233 1.05711788 1.05711788 1.0793401
 1.05711788 1.05711788]
Training final Random Forest model...
Saving model and artifacts...
Saved trained model: /home/brusc/Projects/random_forest/experiments_organized/gaussian_output/rgb_clean/sunset/mini/k20/hybrid/trained_model.joblib
Saved scaler: /home/brusc/Projects/random_forest/experiments_organized/gaussian_output/rgb_clean/sunset/mini/k20/hybrid/scaler.joblib
Saved feature selector: /home/brusc/Projects/random_forest/experiments_organized/gaussian_output/rgb_clean/sunset/mini/k20/hybrid/feature_selector.joblib
Saved feature information: /home/brusc/Projects/random_forest/experiments_organized/gaussian_output/rgb_clean/sunset/mini/k20/hybrid/feature_names.json
Saved experiment report: /home/brusc/Projects/random_forest/experiments_organized/gaussian_output/rgb_clean/sunset/mini/k20/hybrid/experiment_report_with_model.json
Saved usage instructions: /home/brusc/Projects/random_forest/experiments_organized/gaussian_output/rgb_clean/sunset/mini/k20/hybrid/model_usage_instructions.md

================================================================================
TRAINING COMPLETED SUCCESSFULLY
================================================================================
Area: sunset
Dataset: /home/brusc/Projects/random_forest/datasets/dataset_rgb_clean/mini
Feature method: hybrid
Total images: 15
Classes: ['garden', 'low_veg', 'trees']
Original features: 540
Selected features: 20
N estimators: 3

PERFORMANCE RESULTS:
Test Accuracy: 1.0000
CV Accuracy: 1.0000 ± 0.0000

Top 20 selected features:
  1. R_wst_mean_3: 1.0571
  2. R_wst_mean_21: 1.0793
  3. R_wst_mean_29: 1.0716
  4. R_wst_mean_36: 1.1016
  5. R_wst_mean_45: 1.0793
  6. R_wst_std_26: 1.0627
  7. R_wst_std_40: 1.1071
  8. G_wst_mean_3: 1.0605
  9. G_wst_mean_21: 1.1071
  10. G_wst_mean_29: 1.0793
  11. G_wst_mean_44: 1.0793
  12. G_wst_mean_52: 1.0493
  13. G_wst_std_3: 1.0493
  14. G_wst_std_11: 1.1071
  15. G_wst_std_26: 1.1016
  16. G_wst_std_35: 1.0571
  17. G_wst_std_37: 1.0571
  18. G_wst_std_51: 1.0793
  19. B_wst_std_36: 1.0571
  20. B_wst_std_37: 1.0571

Model and artifacts saved to: /home/brusc/Projects/random_forest/experiments_organized/gaussian_output/rgb_clean/sunset/mini/k20/hybrid
================================================================================
