================================================================================
CONFIGURABLE RANDOM FOREST TRAINING SCRIPT
Dataset: /home/brusc/Projects/random_forest/datasets/dataset_rgb_gaussian_50/original
Area: popolar
Feature Method: hybrid
K Features: 20
Output: /home/brusc/Projects/random_forest/experiments_organized/gaussian_output/rgb_gaussian50/popolar/original/k20/hybrid
N Estimators: 50
================================================================================
Loading images from popolar area...
Found classes in popolar: ['low_veg', 'trees', 'water']
Loading 41 images from popolar/low_veg
Loading 40 images from popolar/trees
Loading 40 images from popolar/water
Loaded 121 images with 3 classes
Classes: [np.str_('low_veg'), np.str_('trees'), np.str_('water')]
Image shape: (3, 128, 128)
Extracting hybrid features...
Feature matrix shape: (121, 540)
Applying SelectKBest feature selection (k=20)...
Selected features: ['R_mean', 'R_skew', 'R_cv', 'R_p25', 'R_p50', 'R_p75', 'G_std', 'G_var', 'B_mean', 'B_skew', 'B_cv', 'B_p25', 'B_p50', 'B_p75', 'B_iqr', 'R_wst_mean_0', 'R_wst_std_0', 'G_wst_std_0', 'B_wst_mean_0', 'B_wst_std_0']
Feature scores: [0.84711357 0.84216053 0.87925858 0.8771611  0.81846773 0.84450447
 0.61059337 0.61030589 0.8740109  0.88482904 0.88383194 0.89644705
 0.88208577 0.81969698 0.63822187 0.85776063 0.92731197 0.93908338
 0.88555427 0.79391806]
Training final Random Forest model...
Saving model and artifacts...
Saved trained model: /home/brusc/Projects/random_forest/experiments_organized/gaussian_output/rgb_gaussian50/popolar/original/k20/hybrid/trained_model.joblib
Saved scaler: /home/brusc/Projects/random_forest/experiments_organized/gaussian_output/rgb_gaussian50/popolar/original/k20/hybrid/scaler.joblib
Saved feature selector: /home/brusc/Projects/random_forest/experiments_organized/gaussian_output/rgb_gaussian50/popolar/original/k20/hybrid/feature_selector.joblib
Saved feature information: /home/brusc/Projects/random_forest/experiments_organized/gaussian_output/rgb_gaussian50/popolar/original/k20/hybrid/feature_names.json
Saved experiment report: /home/brusc/Projects/random_forest/experiments_organized/gaussian_output/rgb_gaussian50/popolar/original/k20/hybrid/experiment_report_with_model.json
Saved usage instructions: /home/brusc/Projects/random_forest/experiments_organized/gaussian_output/rgb_gaussian50/popolar/original/k20/hybrid/model_usage_instructions.md

================================================================================
TRAINING COMPLETED SUCCESSFULLY
================================================================================
Area: popolar
Dataset: /home/brusc/Projects/random_forest/datasets/dataset_rgb_gaussian_50/original
Feature method: hybrid
Total images: 121
Classes: ['low_veg', 'trees', 'water']
Original features: 540
Selected features: 20
N estimators: 50

PERFORMANCE RESULTS:
Test Accuracy: 0.9600
CV Accuracy: 0.9507 ± 0.0305

Top 20 selected features:
  1. R_mean: 0.8471
  2. R_skew: 0.8422
  3. R_cv: 0.8793
  4. R_p25: 0.8772
  5. R_p50: 0.8185
  6. R_p75: 0.8445
  7. G_std: 0.6106
  8. G_var: 0.6103
  9. B_mean: 0.8740
  10. B_skew: 0.8848
  11. B_cv: 0.8838
  12. B_p25: 0.8964
  13. B_p50: 0.8821
  14. B_p75: 0.8197
  15. B_iqr: 0.6382
  16. R_wst_mean_0: 0.8578
  17. R_wst_std_0: 0.9273
  18. G_wst_std_0: 0.9391
  19. B_wst_mean_0: 0.8856
  20. B_wst_std_0: 0.7939

Model and artifacts saved to: /home/brusc/Projects/random_forest/experiments_organized/gaussian_output/rgb_gaussian50/popolar/original/k20/hybrid
================================================================================
