================================================================================
CONFIGURABLE RANDOM FOREST TRAINING SCRIPT
Dataset: /home/brusc/Projects/random_forest/datasets/dataset_rgb_clean/mini
Area: assatigue
Feature Method: hybrid
K Features: 20
Output: /home/brusc/Projects/random_forest/experiments_organized/gaussian_output/rgb_clean/assatigue/mini/k20/hybrid
N Estimators: 3
================================================================================
Loading images from assatigue area...
Found classes in assatigue: ['low_veg', 'trees', 'water']
Loading 5 images from assatigue/low_veg
Loading 5 images from assatigue/trees
Loading 5 images from assatigue/water
Loaded 15 images with 3 classes
Classes: [np.str_('low_veg'), np.str_('trees'), np.str_('water')]
Image shape: (3, 128, 128)
Extracting hybrid features...
Feature matrix shape: (15, 540)
Applying SelectKBest feature selection (k=20)...
Selected features: ['R_min', 'R_iqr', 'R_mad', 'G_min', 'G_max', 'G_iqr', 'G_mad', 'B_min', 'B_p10', 'R_wst_mean_14', 'R_wst_mean_43', 'R_wst_mean_60', 'R_wst_mean_63', 'R_wst_mean_66', 'R_wst_mean_68', 'G_wst_mean_24', 'G_wst_mean_28', 'G_wst_mean_63', 'G_wst_mean_71', 'G_wst_mean_78']
Feature scores: [0.97870518 1.00648296 1.00648296 0.94751471 0.97285622 0.92092741
 0.96203852 0.93981629 0.93203852 0.93759407 0.92426074 0.92870518
 0.93759407 0.93426074 0.94870518 0.94870518 0.93362582 0.92092741
 0.94537185 0.92648296]
Training final Random Forest model...
Saving model and artifacts...
Saved trained model: /home/brusc/Projects/random_forest/experiments_organized/gaussian_output/rgb_clean/assatigue/mini/k20/hybrid/trained_model.joblib
Saved scaler: /home/brusc/Projects/random_forest/experiments_organized/gaussian_output/rgb_clean/assatigue/mini/k20/hybrid/scaler.joblib
Saved feature selector: /home/brusc/Projects/random_forest/experiments_organized/gaussian_output/rgb_clean/assatigue/mini/k20/hybrid/feature_selector.joblib
Saved feature information: /home/brusc/Projects/random_forest/experiments_organized/gaussian_output/rgb_clean/assatigue/mini/k20/hybrid/feature_names.json
Saved experiment report: /home/brusc/Projects/random_forest/experiments_organized/gaussian_output/rgb_clean/assatigue/mini/k20/hybrid/experiment_report_with_model.json
Saved usage instructions: /home/brusc/Projects/random_forest/experiments_organized/gaussian_output/rgb_clean/assatigue/mini/k20/hybrid/model_usage_instructions.md

================================================================================
TRAINING COMPLETED SUCCESSFULLY
================================================================================
Area: assatigue
Dataset: /home/brusc/Projects/random_forest/datasets/dataset_rgb_clean/mini
Feature method: hybrid
Total images: 15
Classes: ['low_veg', 'trees', 'water']
Original features: 540
Selected features: 20
N estimators: 3

PERFORMANCE RESULTS:
Test Accuracy: 1.0000
CV Accuracy: 0.9333 ± 0.1333

Top 20 selected features:
  1. R_min: 0.9787
  2. R_iqr: 1.0065
  3. R_mad: 1.0065
  4. G_min: 0.9475
  5. G_max: 0.9729
  6. G_iqr: 0.9209
  7. G_mad: 0.9620
  8. B_min: 0.9398
  9. B_p10: 0.9320
  10. R_wst_mean_14: 0.9376
  11. R_wst_mean_43: 0.9243
  12. R_wst_mean_60: 0.9287
  13. R_wst_mean_63: 0.9376
  14. R_wst_mean_66: 0.9343
  15. R_wst_mean_68: 0.9487
  16. G_wst_mean_24: 0.9487
  17. G_wst_mean_28: 0.9336
  18. G_wst_mean_63: 0.9209
  19. G_wst_mean_71: 0.9454
  20. G_wst_mean_78: 0.9265

Model and artifacts saved to: /home/brusc/Projects/random_forest/experiments_organized/gaussian_output/rgb_clean/assatigue/mini/k20/hybrid
================================================================================
