================================================================================
CONFIGURABLE RANDOM FOREST TRAINING SCRIPT
Dataset: /home/brusc/Projects/random_forest/datasets/dataset_rgb_clean/small
Area: assatigue
Feature Method: hybrid
K Features: 20
Output: /home/brusc/Projects/random_forest/experiments_organized/gaussian_output/rgb_clean/assatigue/small/k20/hybrid
N Estimators: 10
================================================================================
Loading images from assatigue area...
Found classes in assatigue: ['low_veg', 'trees', 'water']
Loading 15 images from assatigue/low_veg
Loading 15 images from assatigue/trees
Loading 15 images from assatigue/water
Loaded 45 images with 3 classes
Classes: [np.str_('low_veg'), np.str_('trees'), np.str_('water')]
Image shape: (3, 128, 128)
Extracting hybrid features...
Feature matrix shape: (45, 540)
Applying SelectKBest feature selection (k=20)...
Selected features: ['R_std', 'R_var', 'R_min', 'R_cv', 'R_iqr', 'R_mad', 'G_min', 'G_range', 'G_p10', 'G_iqr', 'G_mad', 'B_min', 'B_p10', 'B_p25', 'R_wst_mean_6', 'R_wst_mean_7', 'R_wst_mean_15', 'R_wst_mean_60', 'R_wst_mean_61', 'B_wst_mean_15']
Feature scores: [0.89353104 0.88744639 1.03934313 0.88008828 1.12116357 1.02938282
 0.97822113 0.88133993 0.95667488 1.1007932  1.02567911 0.93135149
 0.88811353 0.86588193 0.87752961 0.87886101 0.92828413 0.88257739
 0.86960272 0.8710842 ]
Training final Random Forest model...
Saving model and artifacts...
Saved trained model: /home/brusc/Projects/random_forest/experiments_organized/gaussian_output/rgb_clean/assatigue/small/k20/hybrid/trained_model.joblib
Saved scaler: /home/brusc/Projects/random_forest/experiments_organized/gaussian_output/rgb_clean/assatigue/small/k20/hybrid/scaler.joblib
Saved feature selector: /home/brusc/Projects/random_forest/experiments_organized/gaussian_output/rgb_clean/assatigue/small/k20/hybrid/feature_selector.joblib
Saved feature information: /home/brusc/Projects/random_forest/experiments_organized/gaussian_output/rgb_clean/assatigue/small/k20/hybrid/feature_names.json
Saved experiment report: /home/brusc/Projects/random_forest/experiments_organized/gaussian_output/rgb_clean/assatigue/small/k20/hybrid/experiment_report_with_model.json
Saved usage instructions: /home/brusc/Projects/random_forest/experiments_organized/gaussian_output/rgb_clean/assatigue/small/k20/hybrid/model_usage_instructions.md

================================================================================
TRAINING COMPLETED SUCCESSFULLY
================================================================================
Area: assatigue
Dataset: /home/brusc/Projects/random_forest/datasets/dataset_rgb_clean/small
Feature method: hybrid
Total images: 45
Classes: ['low_veg', 'trees', 'water']
Original features: 540
Selected features: 20
N estimators: 10

PERFORMANCE RESULTS:
Test Accuracy: 1.0000
CV Accuracy: 1.0000 ± 0.0000

Top 20 selected features:
  1. R_std: 0.8935
  2. R_var: 0.8874
  3. R_min: 1.0393
  4. R_cv: 0.8801
  5. R_iqr: 1.1212
  6. R_mad: 1.0294
  7. G_min: 0.9782
  8. G_range: 0.8813
  9. G_p10: 0.9567
  10. G_iqr: 1.1008
  11. G_mad: 1.0257
  12. B_min: 0.9314
  13. B_p10: 0.8881
  14. B_p25: 0.8659
  15. R_wst_mean_6: 0.8775
  16. R_wst_mean_7: 0.8789
  17. R_wst_mean_15: 0.9283
  18. R_wst_mean_60: 0.8826
  19. R_wst_mean_61: 0.8696
  20. B_wst_mean_15: 0.8711

Model and artifacts saved to: /home/brusc/Projects/random_forest/experiments_organized/gaussian_output/rgb_clean/assatigue/small/k20/hybrid
================================================================================
