================================================================================
CONFIGURABLE RANDOM FOREST TRAINING SCRIPT
Dataset: /home/brusc/Projects/random_forest/datasets/dataset_rgb_gaussian_50/mini
Area: popolar
Feature Method: advanced_stats
K Features: 20
Output: /home/brusc/Projects/random_forest/experiments_organized/gaussian_output/rgb_gaussian50/popolar/mini/k20/advanced_stats
N Estimators: 3
================================================================================
Loading images from popolar area...
Found classes in popolar: ['low_veg', 'trees', 'water']
Loading 5 images from popolar/low_veg
Loading 5 images from popolar/trees
Loading 5 images from popolar/water
Loaded 15 images with 3 classes
Classes: [np.str_('low_veg'), np.str_('trees'), np.str_('water')]
Image shape: (3, 128, 128)
Extracting advanced_stats features...
Feature matrix shape: (15, 54)
Applying SelectKBest feature selection (k=20)...
Selected features: ['R_mean', 'R_skew', 'R_cv', 'R_p10', 'R_p25', 'R_p50', 'R_p75', 'R_p90', 'G_p75', 'B_mean', 'B_var', 'B_skew', 'B_kurt', 'B_cv', 'B_p10', 'B_p25', 'B_p50', 'B_p75', 'B_p90', 'B_mad']
Feature scores: [0.83849114 0.88293558 0.83550579 0.63537185 0.88918137 0.83891849
 0.99111019 1.04974895 1.27018352 0.86537185 0.50785548 0.91296444
 0.48758686 0.83690384 1.54171625 1.41822899 0.87037185 0.82232952
 1.06140045 0.52131702]
Training final Random Forest model...
Saving model and artifacts...
Saved trained model: /home/brusc/Projects/random_forest/experiments_organized/gaussian_output/rgb_gaussian50/popolar/mini/k20/advanced_stats/trained_model.joblib
Saved scaler: /home/brusc/Projects/random_forest/experiments_organized/gaussian_output/rgb_gaussian50/popolar/mini/k20/advanced_stats/scaler.joblib
Saved feature selector: /home/brusc/Projects/random_forest/experiments_organized/gaussian_output/rgb_gaussian50/popolar/mini/k20/advanced_stats/feature_selector.joblib
Saved feature information: /home/brusc/Projects/random_forest/experiments_organized/gaussian_output/rgb_gaussian50/popolar/mini/k20/advanced_stats/feature_names.json
Saved experiment report: /home/brusc/Projects/random_forest/experiments_organized/gaussian_output/rgb_gaussian50/popolar/mini/k20/advanced_stats/experiment_report_with_model.json
Saved usage instructions: /home/brusc/Projects/random_forest/experiments_organized/gaussian_output/rgb_gaussian50/popolar/mini/k20/advanced_stats/model_usage_instructions.md

================================================================================
TRAINING COMPLETED SUCCESSFULLY
================================================================================
Area: popolar
Dataset: /home/brusc/Projects/random_forest/datasets/dataset_rgb_gaussian_50/mini
Feature method: advanced_stats
Total images: 15
Classes: ['low_veg', 'trees', 'water']
Original features: 54
Selected features: 20
N estimators: 3

PERFORMANCE RESULTS:
Test Accuracy: 1.0000
CV Accuracy: 0.8667 ± 0.2667

Top 20 selected features:
  1. R_mean: 0.8385
  2. R_skew: 0.8829
  3. R_cv: 0.8355
  4. R_p10: 0.6354
  5. R_p25: 0.8892
  6. R_p50: 0.8389
  7. R_p75: 0.9911
  8. R_p90: 1.0497
  9. G_p75: 1.2702
  10. B_mean: 0.8654
  11. B_var: 0.5079
  12. B_skew: 0.9130
  13. B_kurt: 0.4876
  14. B_cv: 0.8369
  15. B_p10: 1.5417
  16. B_p25: 1.4182
  17. B_p50: 0.8704
  18. B_p75: 0.8223
  19. B_p90: 1.0614
  20. B_mad: 0.5213

Model and artifacts saved to: /home/brusc/Projects/random_forest/experiments_organized/gaussian_output/rgb_gaussian50/popolar/mini/k20/advanced_stats
================================================================================
