================================================================================
CONFIGURABLE RANDOM FOREST TRAINING SCRIPT
Dataset: /home/brusc/Projects/random_forest/datasets/dataset_rgb_gaussian_50/mini
Area: sunset
Feature Method: wst
K Features: 20
Output: /home/brusc/Projects/random_forest/experiments_organized/gaussian_output/rgb_gaussian50/sunset/mini/k20/wst
N Estimators: 3
================================================================================
Loading images from sunset area...
Found classes in sunset: ['garden', 'low_veg', 'trees']
Loading 5 images from sunset/garden
Loading 5 images from sunset/low_veg
Loading 5 images from sunset/trees
Loaded 15 images with 3 classes
Classes: [np.str_('garden'), np.str_('low_veg'), np.str_('trees')]
Image shape: (3, 128, 128)
Extracting wst features...
Feature matrix shape: (15, 486)
Applying SelectKBest feature selection (k=20)...
Selected features: ['R_wst_std_0', 'G_wst_mean_27', 'G_wst_std_0', 'B_wst_mean_0', 'B_wst_mean_2', 'B_wst_mean_3', 'B_wst_mean_4', 'B_wst_mean_6', 'B_wst_mean_7', 'B_wst_mean_11', 'B_wst_mean_13', 'B_wst_mean_16', 'B_wst_mean_28', 'B_wst_mean_29', 'B_wst_mean_33', 'B_wst_mean_46', 'B_wst_mean_48', 'B_wst_mean_50', 'B_wst_mean_57', 'B_wst_std_73']
Feature scores: [0.88537185 0.51399378 0.57410201 0.515925   0.51976338 0.47254116
 0.49999907 0.48769749 0.53520591 0.51806305 0.50402264 0.47415251
 0.47320254 0.60375809 0.5650296  0.56076146 0.50473693 0.70225016
 0.48497262 0.61529249]
Training final Random Forest model...
Saving model and artifacts...
Saved trained model: /home/brusc/Projects/random_forest/experiments_organized/gaussian_output/rgb_gaussian50/sunset/mini/k20/wst/trained_model.joblib
Saved scaler: /home/brusc/Projects/random_forest/experiments_organized/gaussian_output/rgb_gaussian50/sunset/mini/k20/wst/scaler.joblib
Saved feature selector: /home/brusc/Projects/random_forest/experiments_organized/gaussian_output/rgb_gaussian50/sunset/mini/k20/wst/feature_selector.joblib
Saved feature information: /home/brusc/Projects/random_forest/experiments_organized/gaussian_output/rgb_gaussian50/sunset/mini/k20/wst/feature_names.json
Saved experiment report: /home/brusc/Projects/random_forest/experiments_organized/gaussian_output/rgb_gaussian50/sunset/mini/k20/wst/experiment_report_with_model.json
Saved usage instructions: /home/brusc/Projects/random_forest/experiments_organized/gaussian_output/rgb_gaussian50/sunset/mini/k20/wst/model_usage_instructions.md

================================================================================
TRAINING COMPLETED SUCCESSFULLY
================================================================================
Area: sunset
Dataset: /home/brusc/Projects/random_forest/datasets/dataset_rgb_gaussian_50/mini
Feature method: wst
Total images: 15
Classes: ['garden', 'low_veg', 'trees']
Original features: 486
Selected features: 20
N estimators: 3

PERFORMANCE RESULTS:
Test Accuracy: 1.0000
CV Accuracy: 0.6000 ± 0.3266

Top 20 selected features:
  1. R_wst_std_0: 0.8854
  2. G_wst_mean_27: 0.5140
  3. G_wst_std_0: 0.5741
  4. B_wst_mean_0: 0.5159
  5. B_wst_mean_2: 0.5198
  6. B_wst_mean_3: 0.4725
  7. B_wst_mean_4: 0.5000
  8. B_wst_mean_6: 0.4877
  9. B_wst_mean_7: 0.5352
  10. B_wst_mean_11: 0.5181
  11. B_wst_mean_13: 0.5040
  12. B_wst_mean_16: 0.4742
  13. B_wst_mean_28: 0.4732
  14. B_wst_mean_29: 0.6038
  15. B_wst_mean_33: 0.5650
  16. B_wst_mean_46: 0.5608
  17. B_wst_mean_48: 0.5047
  18. B_wst_mean_50: 0.7023
  19. B_wst_mean_57: 0.4850
  20. B_wst_std_73: 0.6153

Model and artifacts saved to: /home/brusc/Projects/random_forest/experiments_organized/gaussian_output/rgb_gaussian50/sunset/mini/k20/wst
================================================================================
