================================================================================
CONFIGURABLE RANDOM FOREST TRAINING SCRIPT
Dataset: /home/brusc/Projects/random_forest/datasets/dataset_rgb_gaussian_30/original
Area: popolar
Feature Method: wst
K Features: 20
Output: /home/brusc/Projects/random_forest/experiments_organized/gaussian_output/rgb_gaussian30/popolar/original/k20/wst
N Estimators: 50
================================================================================
Loading images from popolar area...
Found classes in popolar: ['low_veg', 'trees', 'water']
Loading 41 images from popolar/low_veg
Loading 40 images from popolar/trees
Loading 40 images from popolar/water
Loaded 121 images with 3 classes
Classes: [np.str_('low_veg'), np.str_('trees'), np.str_('water')]
Image shape: (3, 128, 128)
Extracting wst features...
Feature matrix shape: (121, 486)
Applying SelectKBest feature selection (k=20)...
Selected features: ['R_wst_mean_0', 'R_wst_mean_2', 'R_wst_mean_3', 'R_wst_mean_6', 'R_wst_mean_10', 'R_wst_std_0', 'R_wst_std_9', 'G_wst_mean_0', 'G_wst_mean_9', 'G_wst_std_0', 'B_wst_mean_0', 'B_wst_mean_1', 'B_wst_mean_3', 'B_wst_mean_4', 'B_wst_mean_5', 'B_wst_mean_6', 'B_wst_mean_7', 'B_wst_mean_8', 'B_wst_mean_61', 'B_wst_std_0']
Feature scores: [0.84920071 0.43433364 0.43530559 0.41757944 0.40855366 1.00011499
 0.41862907 0.51156722 0.42834565 0.98315648 0.88606397 0.44917774
 0.45850483 0.50155191 0.43785342 0.46412804 0.45735142 0.49594589
 0.4148     0.84843254]
Training final Random Forest model...
Saving model and artifacts...
Saved trained model: /home/brusc/Projects/random_forest/experiments_organized/gaussian_output/rgb_gaussian30/popolar/original/k20/wst/trained_model.joblib
Saved scaler: /home/brusc/Projects/random_forest/experiments_organized/gaussian_output/rgb_gaussian30/popolar/original/k20/wst/scaler.joblib
Saved feature selector: /home/brusc/Projects/random_forest/experiments_organized/gaussian_output/rgb_gaussian30/popolar/original/k20/wst/feature_selector.joblib
Saved feature information: /home/brusc/Projects/random_forest/experiments_organized/gaussian_output/rgb_gaussian30/popolar/original/k20/wst/feature_names.json
Saved experiment report: /home/brusc/Projects/random_forest/experiments_organized/gaussian_output/rgb_gaussian30/popolar/original/k20/wst/experiment_report_with_model.json
Saved usage instructions: /home/brusc/Projects/random_forest/experiments_organized/gaussian_output/rgb_gaussian30/popolar/original/k20/wst/model_usage_instructions.md

================================================================================
TRAINING COMPLETED SUCCESSFULLY
================================================================================
Area: popolar
Dataset: /home/brusc/Projects/random_forest/datasets/dataset_rgb_gaussian_30/original
Feature method: wst
Total images: 121
Classes: ['low_veg', 'trees', 'water']
Original features: 486
Selected features: 20
N estimators: 50

PERFORMANCE RESULTS:
Test Accuracy: 0.9600
CV Accuracy: 0.9753 ± 0.0201

Top 20 selected features:
  1. R_wst_mean_0: 0.8492
  2. R_wst_mean_2: 0.4343
  3. R_wst_mean_3: 0.4353
  4. R_wst_mean_6: 0.4176
  5. R_wst_mean_10: 0.4086
  6. R_wst_std_0: 1.0001
  7. R_wst_std_9: 0.4186
  8. G_wst_mean_0: 0.5116
  9. G_wst_mean_9: 0.4283
  10. G_wst_std_0: 0.9832
  11. B_wst_mean_0: 0.8861
  12. B_wst_mean_1: 0.4492
  13. B_wst_mean_3: 0.4585
  14. B_wst_mean_4: 0.5016
  15. B_wst_mean_5: 0.4379
  16. B_wst_mean_6: 0.4641
  17. B_wst_mean_7: 0.4574
  18. B_wst_mean_8: 0.4959
  19. B_wst_mean_61: 0.4148
  20. B_wst_std_0: 0.8484

Model and artifacts saved to: /home/brusc/Projects/random_forest/experiments_organized/gaussian_output/rgb_gaussian30/popolar/original/k20/wst
================================================================================
