================================================================================
CONFIGURABLE RANDOM FOREST TRAINING SCRIPT
Dataset: /home/brusc/Projects/random_forest/datasets/dataset_rgb_gaussian_30/original
Area: assatigue
Feature Method: wst
K Features: 20
Output: /home/brusc/Projects/random_forest/experiments_organized/gaussian_output/rgb_gaussian30/assatigue/original/k20/wst
N Estimators: 50
================================================================================
Loading images from assatigue area...
Found classes in assatigue: ['low_veg', 'trees', 'water']
Loading 40 images from assatigue/low_veg
Loading 36 images from assatigue/trees
Loading 40 images from assatigue/water
Loaded 116 images with 3 classes
Classes: [np.str_('low_veg'), np.str_('trees'), np.str_('water')]
Image shape: (3, 128, 128)
Extracting wst features...
Feature matrix shape: (116, 486)
Applying SelectKBest feature selection (k=20)...
Selected features: ['R_wst_mean_0', 'R_wst_std_0', 'G_wst_mean_0', 'G_wst_std_0', 'B_wst_mean_0', 'B_wst_mean_1', 'B_wst_mean_3', 'B_wst_mean_4', 'B_wst_mean_5', 'B_wst_mean_6', 'B_wst_mean_7', 'B_wst_mean_8', 'B_wst_mean_41', 'B_wst_mean_48', 'B_wst_mean_51', 'B_wst_mean_53', 'B_wst_mean_55', 'B_wst_mean_58', 'B_wst_mean_76', 'B_wst_mean_77']
Feature scores: [0.61106346 0.88439309 0.63708973 0.91981684 0.66198913 0.52278027
 0.53848124 0.5541008  0.4874887  0.5575874  0.51179941 0.56898162
 0.50841471 0.52203447 0.47264188 0.53062939 0.55728988 0.47049661
 0.55298729 0.50006885]
Training final Random Forest model...
Saving model and artifacts...
Saved trained model: /home/brusc/Projects/random_forest/experiments_organized/gaussian_output/rgb_gaussian30/assatigue/original/k20/wst/trained_model.joblib
Saved scaler: /home/brusc/Projects/random_forest/experiments_organized/gaussian_output/rgb_gaussian30/assatigue/original/k20/wst/scaler.joblib
Saved feature selector: /home/brusc/Projects/random_forest/experiments_organized/gaussian_output/rgb_gaussian30/assatigue/original/k20/wst/feature_selector.joblib
Saved feature information: /home/brusc/Projects/random_forest/experiments_organized/gaussian_output/rgb_gaussian30/assatigue/original/k20/wst/feature_names.json
Saved experiment report: /home/brusc/Projects/random_forest/experiments_organized/gaussian_output/rgb_gaussian30/assatigue/original/k20/wst/experiment_report_with_model.json
Saved usage instructions: /home/brusc/Projects/random_forest/experiments_organized/gaussian_output/rgb_gaussian30/assatigue/original/k20/wst/model_usage_instructions.md

================================================================================
TRAINING COMPLETED SUCCESSFULLY
================================================================================
Area: assatigue
Dataset: /home/brusc/Projects/random_forest/datasets/dataset_rgb_gaussian_30/original
Feature method: wst
Total images: 116
Classes: ['low_veg', 'water', 'trees']
Original features: 486
Selected features: 20
N estimators: 50

PERFORMANCE RESULTS:
Test Accuracy: 0.8750
CV Accuracy: 0.9315 ± 0.0329

Top 20 selected features:
  1. R_wst_mean_0: 0.6111
  2. R_wst_std_0: 0.8844
  3. G_wst_mean_0: 0.6371
  4. G_wst_std_0: 0.9198
  5. B_wst_mean_0: 0.6620
  6. B_wst_mean_1: 0.5228
  7. B_wst_mean_3: 0.5385
  8. B_wst_mean_4: 0.5541
  9. B_wst_mean_5: 0.4875
  10. B_wst_mean_6: 0.5576
  11. B_wst_mean_7: 0.5118
  12. B_wst_mean_8: 0.5690
  13. B_wst_mean_41: 0.5084
  14. B_wst_mean_48: 0.5220
  15. B_wst_mean_51: 0.4726
  16. B_wst_mean_53: 0.5306
  17. B_wst_mean_55: 0.5573
  18. B_wst_mean_58: 0.4705
  19. B_wst_mean_76: 0.5530
  20. B_wst_mean_77: 0.5001

Model and artifacts saved to: /home/brusc/Projects/random_forest/experiments_organized/gaussian_output/rgb_gaussian30/assatigue/original/k20/wst
================================================================================
