================================================================================
CONFIGURABLE RANDOM FOREST TRAINING SCRIPT
Dataset: /home/brusc/Projects/random_forest/datasets/dataset_rgb_gaussian_30/small
Area: assatigue
Feature Method: wst
K Features: 20
Output: /home/brusc/Projects/random_forest/experiments_organized/gaussian_output/rgb_gaussian30/assatigue/small/k20/wst
N Estimators: 10
================================================================================
Loading images from assatigue area...
Found classes in assatigue: ['low_veg', 'trees', 'water']
Loading 15 images from assatigue/low_veg
Loading 15 images from assatigue/trees
Loading 15 images from assatigue/water
Loaded 45 images with 3 classes
Classes: [np.str_('low_veg'), np.str_('trees'), np.str_('water')]
Image shape: (3, 128, 128)
Extracting wst features...
Feature matrix shape: (45, 486)
Applying SelectKBest feature selection (k=20)...
Selected features: ['R_wst_mean_0', 'R_wst_mean_54', 'R_wst_std_0', 'G_wst_mean_0', 'G_wst_std_0', 'B_wst_mean_0', 'B_wst_mean_7', 'B_wst_mean_8', 'B_wst_mean_12', 'B_wst_mean_17', 'B_wst_mean_23', 'B_wst_mean_24', 'B_wst_mean_29', 'B_wst_mean_36', 'B_wst_mean_45', 'B_wst_mean_46', 'B_wst_mean_49', 'B_wst_mean_58', 'B_wst_mean_65', 'B_wst_mean_79']
Feature scores: [0.71609302 0.496165   0.89567581 0.67790078 0.86255797 0.64999955
 0.54567642 0.51538004 0.50312279 0.54945753 0.50246819 0.5417547
 0.51411276 0.54096597 0.51810596 0.54296693 0.57297188 0.61821309
 0.50661459 0.51946616]
Training final Random Forest model...
Saving model and artifacts...
Saved trained model: /home/brusc/Projects/random_forest/experiments_organized/gaussian_output/rgb_gaussian30/assatigue/small/k20/wst/trained_model.joblib
Saved scaler: /home/brusc/Projects/random_forest/experiments_organized/gaussian_output/rgb_gaussian30/assatigue/small/k20/wst/scaler.joblib
Saved feature selector: /home/brusc/Projects/random_forest/experiments_organized/gaussian_output/rgb_gaussian30/assatigue/small/k20/wst/feature_selector.joblib
Saved feature information: /home/brusc/Projects/random_forest/experiments_organized/gaussian_output/rgb_gaussian30/assatigue/small/k20/wst/feature_names.json
Saved experiment report: /home/brusc/Projects/random_forest/experiments_organized/gaussian_output/rgb_gaussian30/assatigue/small/k20/wst/experiment_report_with_model.json
Saved usage instructions: /home/brusc/Projects/random_forest/experiments_organized/gaussian_output/rgb_gaussian30/assatigue/small/k20/wst/model_usage_instructions.md

================================================================================
TRAINING COMPLETED SUCCESSFULLY
================================================================================
Area: assatigue
Dataset: /home/brusc/Projects/random_forest/datasets/dataset_rgb_gaussian_30/small
Feature method: wst
Total images: 45
Classes: ['low_veg', 'trees', 'water']
Original features: 486
Selected features: 20
N estimators: 10

PERFORMANCE RESULTS:
Test Accuracy: 1.0000
CV Accuracy: 0.8889 ± 0.0703

Top 20 selected features:
  1. R_wst_mean_0: 0.7161
  2. R_wst_mean_54: 0.4962
  3. R_wst_std_0: 0.8957
  4. G_wst_mean_0: 0.6779
  5. G_wst_std_0: 0.8626
  6. B_wst_mean_0: 0.6500
  7. B_wst_mean_7: 0.5457
  8. B_wst_mean_8: 0.5154
  9. B_wst_mean_12: 0.5031
  10. B_wst_mean_17: 0.5495
  11. B_wst_mean_23: 0.5025
  12. B_wst_mean_24: 0.5418
  13. B_wst_mean_29: 0.5141
  14. B_wst_mean_36: 0.5410
  15. B_wst_mean_45: 0.5181
  16. B_wst_mean_46: 0.5430
  17. B_wst_mean_49: 0.5730
  18. B_wst_mean_58: 0.6182
  19. B_wst_mean_65: 0.5066
  20. B_wst_mean_79: 0.5195

Model and artifacts saved to: /home/brusc/Projects/random_forest/experiments_organized/gaussian_output/rgb_gaussian30/assatigue/small/k20/wst
================================================================================
