================================================================================
CONFIGURABLE RANDOM FOREST TRAINING SCRIPT
Dataset: /home/brusc/Projects/random_forest/datasets/dataset_rgb_clean/original
Area: sunset
Feature Method: wst
K Features: 20
Output: /home/brusc/Projects/random_forest/experiments_organized/gaussian_output/rgb_clean/sunset/original/k20/wst
N Estimators: 50
================================================================================
Loading images from sunset area...
Found classes in sunset: ['garden', 'low_veg', 'trees']
Loading 40 images from sunset/garden
Loading 40 images from sunset/low_veg
Loading 40 images from sunset/trees
Loaded 120 images with 3 classes
Classes: [np.str_('garden'), np.str_('low_veg'), np.str_('trees')]
Image shape: (3, 128, 128)
Extracting wst features...
Feature matrix shape: (120, 486)
Applying SelectKBest feature selection (k=20)...
Selected features: ['R_wst_mean_3', 'R_wst_mean_13', 'R_wst_mean_29', 'R_wst_mean_36', 'R_wst_mean_40', 'R_wst_std_0', 'G_wst_mean_4', 'G_wst_mean_5', 'G_wst_mean_11', 'G_wst_mean_13', 'G_wst_mean_37', 'G_wst_mean_38', 'G_wst_mean_45', 'G_wst_mean_46', 'G_wst_mean_52', 'G_wst_mean_55', 'G_wst_std_55', 'B_wst_mean_36', 'B_wst_mean_45', 'B_wst_mean_52']
Feature scores: [0.84688943 0.84109587 0.83889921 0.83578694 0.84659125 0.88781431
 0.84262273 0.83933532 0.83619395 0.85889333 0.86519209 0.83573938
 0.85933948 0.86295503 0.83524661 0.84291385 0.85723422 0.84014436
 0.84031485 0.86790628]
Training final Random Forest model...
Saving model and artifacts...
Saved trained model: /home/brusc/Projects/random_forest/experiments_organized/gaussian_output/rgb_clean/sunset/original/k20/wst/trained_model.joblib
Saved scaler: /home/brusc/Projects/random_forest/experiments_organized/gaussian_output/rgb_clean/sunset/original/k20/wst/scaler.joblib
Saved feature selector: /home/brusc/Projects/random_forest/experiments_organized/gaussian_output/rgb_clean/sunset/original/k20/wst/feature_selector.joblib
Saved feature information: /home/brusc/Projects/random_forest/experiments_organized/gaussian_output/rgb_clean/sunset/original/k20/wst/feature_names.json
Saved experiment report: /home/brusc/Projects/random_forest/experiments_organized/gaussian_output/rgb_clean/sunset/original/k20/wst/experiment_report_with_model.json
Saved usage instructions: /home/brusc/Projects/random_forest/experiments_organized/gaussian_output/rgb_clean/sunset/original/k20/wst/model_usage_instructions.md

================================================================================
TRAINING COMPLETED SUCCESSFULLY
================================================================================
Area: sunset
Dataset: /home/brusc/Projects/random_forest/datasets/dataset_rgb_clean/original
Feature method: wst
Total images: 120
Classes: ['garden', 'low_veg', 'trees']
Original features: 486
Selected features: 20
N estimators: 50

PERFORMANCE RESULTS:
Test Accuracy: 0.8750
CV Accuracy: 0.9333 ± 0.0773

Top 20 selected features:
  1. R_wst_mean_3: 0.8469
  2. R_wst_mean_13: 0.8411
  3. R_wst_mean_29: 0.8389
  4. R_wst_mean_36: 0.8358
  5. R_wst_mean_40: 0.8466
  6. R_wst_std_0: 0.8878
  7. G_wst_mean_4: 0.8426
  8. G_wst_mean_5: 0.8393
  9. G_wst_mean_11: 0.8362
  10. G_wst_mean_13: 0.8589
  11. G_wst_mean_37: 0.8652
  12. G_wst_mean_38: 0.8357
  13. G_wst_mean_45: 0.8593
  14. G_wst_mean_46: 0.8630
  15. G_wst_mean_52: 0.8352
  16. G_wst_mean_55: 0.8429
  17. G_wst_std_55: 0.8572
  18. B_wst_mean_36: 0.8401
  19. B_wst_mean_45: 0.8403
  20. B_wst_mean_52: 0.8679

Model and artifacts saved to: /home/brusc/Projects/random_forest/experiments_organized/gaussian_output/rgb_clean/sunset/original/k20/wst
================================================================================
