================================================================================
CONFIGURABLE RANDOM FOREST TRAINING SCRIPT
Dataset: /home/brusc/Projects/random_forest/datasets/dataset_rgb_gaussian_30/original
Area: popolar
Feature Method: hybrid
K Features: 20
Output: /home/brusc/Projects/random_forest/experiments_organized/gaussian_output/rgb_gaussian30/popolar/original/k20/hybrid
N Estimators: 50
================================================================================
Loading images from popolar area...
Found classes in popolar: ['low_veg', 'trees', 'water']
Loading 41 images from popolar/low_veg
Loading 40 images from popolar/trees
Loading 40 images from popolar/water
Loaded 121 images with 3 classes
Classes: [np.str_('low_veg'), np.str_('trees'), np.str_('water')]
Image shape: (3, 128, 128)
Extracting hybrid features...
Feature matrix shape: (121, 540)
Applying SelectKBest feature selection (k=20)...
Selected features: ['R_mean', 'R_skew', 'R_cv', 'R_p10', 'R_p25', 'R_p50', 'R_mad', 'G_iqr', 'B_mean', 'B_skew', 'B_cv', 'B_p10', 'B_p25', 'B_p50', 'B_p75', 'R_wst_mean_0', 'R_wst_std_0', 'G_wst_std_0', 'B_wst_mean_0', 'B_wst_std_0']
Feature scores: [0.85280165 0.84629106 0.91450996 0.92783113 0.90134439 0.84202831
 0.86023323 0.81975174 0.88722754 0.87808383 0.95172371 0.94244988
 0.92495061 0.88589479 0.8585284  0.84920071 1.00011499 0.98315648
 0.88606397 0.84843254]
Training final Random Forest model...
Saving model and artifacts...
Saved trained model: /home/brusc/Projects/random_forest/experiments_organized/gaussian_output/rgb_gaussian30/popolar/original/k20/hybrid/trained_model.joblib
Saved scaler: /home/brusc/Projects/random_forest/experiments_organized/gaussian_output/rgb_gaussian30/popolar/original/k20/hybrid/scaler.joblib
Saved feature selector: /home/brusc/Projects/random_forest/experiments_organized/gaussian_output/rgb_gaussian30/popolar/original/k20/hybrid/feature_selector.joblib
Saved feature information: /home/brusc/Projects/random_forest/experiments_organized/gaussian_output/rgb_gaussian30/popolar/original/k20/hybrid/feature_names.json
Saved experiment report: /home/brusc/Projects/random_forest/experiments_organized/gaussian_output/rgb_gaussian30/popolar/original/k20/hybrid/experiment_report_with_model.json
Saved usage instructions: /home/brusc/Projects/random_forest/experiments_organized/gaussian_output/rgb_gaussian30/popolar/original/k20/hybrid/model_usage_instructions.md

================================================================================
TRAINING COMPLETED SUCCESSFULLY
================================================================================
Area: popolar
Dataset: /home/brusc/Projects/random_forest/datasets/dataset_rgb_gaussian_30/original
Feature method: hybrid
Total images: 121
Classes: ['low_veg', 'trees', 'water']
Original features: 540
Selected features: 20
N estimators: 50

PERFORMANCE RESULTS:
Test Accuracy: 0.9600
CV Accuracy: 0.9587 ± 0.0456

Top 20 selected features:
  1. R_mean: 0.8528
  2. R_skew: 0.8463
  3. R_cv: 0.9145
  4. R_p10: 0.9278
  5. R_p25: 0.9013
  6. R_p50: 0.8420
  7. R_mad: 0.8602
  8. G_iqr: 0.8198
  9. B_mean: 0.8872
  10. B_skew: 0.8781
  11. B_cv: 0.9517
  12. B_p10: 0.9424
  13. B_p25: 0.9250
  14. B_p50: 0.8859
  15. B_p75: 0.8585
  16. R_wst_mean_0: 0.8492
  17. R_wst_std_0: 1.0001
  18. G_wst_std_0: 0.9832
  19. B_wst_mean_0: 0.8861
  20. B_wst_std_0: 0.8484

Model and artifacts saved to: /home/brusc/Projects/random_forest/experiments_organized/gaussian_output/rgb_gaussian30/popolar/original/k20/hybrid
================================================================================
