================================================================================
CONFIGURABLE RANDOM FOREST TRAINING SCRIPT
Dataset: /home/brusc/Projects/random_forest/datasets/dataset_rgb_clean/mini
Area: popolar
Feature Method: hybrid
K Features: 20
Output: /home/brusc/Projects/random_forest/experiments_organized/gaussian_output/rgb_clean/popolar/mini/k20/hybrid
N Estimators: 3
================================================================================
Loading images from popolar area...
Found classes in popolar: ['low_veg', 'trees', 'water']
Loading 5 images from popolar/low_veg
Loading 5 images from popolar/trees
Loading 5 images from popolar/water
Loaded 15 images with 3 classes
Classes: [np.str_('low_veg'), np.str_('trees'), np.str_('water')]
Image shape: (3, 128, 128)
Extracting hybrid features...
Feature matrix shape: (15, 540)
Applying SelectKBest feature selection (k=20)...
Selected features: ['R_min', 'R_max', 'R_p10', 'R_iqr', 'R_mad', 'G_min', 'G_max', 'G_range', 'G_iqr', 'G_mad', 'B_mean', 'B_min', 'B_max', 'B_p10', 'B_p25', 'R_wst_mean_69', 'G_wst_mean_2', 'G_wst_mean_9', 'G_wst_mean_15', 'B_wst_mean_0']
Feature scores: [0.96203852 1.03015781 0.95148296 0.90926074 0.93822899 0.93981629
 1.15182447 0.91759407 1.04738003 0.92370518 1.00370518 1.20029249
 1.29421116 1.05711788 0.91759407 0.91537185 0.9114036  0.92185333
 0.91695915 0.90703852]
Training final Random Forest model...
Saving model and artifacts...
Saved trained model: /home/brusc/Projects/random_forest/experiments_organized/gaussian_output/rgb_clean/popolar/mini/k20/hybrid/trained_model.joblib
Saved scaler: /home/brusc/Projects/random_forest/experiments_organized/gaussian_output/rgb_clean/popolar/mini/k20/hybrid/scaler.joblib
Saved feature selector: /home/brusc/Projects/random_forest/experiments_organized/gaussian_output/rgb_clean/popolar/mini/k20/hybrid/feature_selector.joblib
Saved feature information: /home/brusc/Projects/random_forest/experiments_organized/gaussian_output/rgb_clean/popolar/mini/k20/hybrid/feature_names.json
Saved experiment report: /home/brusc/Projects/random_forest/experiments_organized/gaussian_output/rgb_clean/popolar/mini/k20/hybrid/experiment_report_with_model.json
Saved usage instructions: /home/brusc/Projects/random_forest/experiments_organized/gaussian_output/rgb_clean/popolar/mini/k20/hybrid/model_usage_instructions.md

================================================================================
TRAINING COMPLETED SUCCESSFULLY
================================================================================
Area: popolar
Dataset: /home/brusc/Projects/random_forest/datasets/dataset_rgb_clean/mini
Feature method: hybrid
Total images: 15
Classes: ['low_veg', 'trees', 'water']
Original features: 540
Selected features: 20
N estimators: 3

PERFORMANCE RESULTS:
Test Accuracy: 1.0000
CV Accuracy: 0.8667 ± 0.1633

Top 20 selected features:
  1. R_min: 0.9620
  2. R_max: 1.0302
  3. R_p10: 0.9515
  4. R_iqr: 0.9093
  5. R_mad: 0.9382
  6. G_min: 0.9398
  7. G_max: 1.1518
  8. G_range: 0.9176
  9. G_iqr: 1.0474
  10. G_mad: 0.9237
  11. B_mean: 1.0037
  12. B_min: 1.2003
  13. B_max: 1.2942
  14. B_p10: 1.0571
  15. B_p25: 0.9176
  16. R_wst_mean_69: 0.9154
  17. G_wst_mean_2: 0.9114
  18. G_wst_mean_9: 0.9219
  19. G_wst_mean_15: 0.9170
  20. B_wst_mean_0: 0.9070

Model and artifacts saved to: /home/brusc/Projects/random_forest/experiments_organized/gaussian_output/rgb_clean/popolar/mini/k20/hybrid
================================================================================
