================================================================================
CONFIGURABLE RANDOM FOREST TRAINING SCRIPT
Dataset: /home/brusc/Projects/random_forest/datasets/dataset_rgb_gaussian_30/small
Area: sunset
Feature Method: hybrid
K Features: 20
Output: /home/brusc/Projects/random_forest/experiments_organized/gaussian_output/rgb_gaussian30/sunset/small/k20/hybrid
N Estimators: 10
================================================================================
Loading images from sunset area...
Found classes in sunset: ['garden', 'low_veg', 'trees']
Loading 15 images from sunset/garden
Loading 15 images from sunset/low_veg
Loading 15 images from sunset/trees
Loaded 45 images with 3 classes
Classes: [np.str_('garden'), np.str_('low_veg'), np.str_('trees')]
Image shape: (3, 128, 128)
Extracting hybrid features...
Feature matrix shape: (45, 540)
Applying SelectKBest feature selection (k=20)...
Selected features: ['R_iqr', 'G_iqr', 'B_std', 'B_var', 'B_kurt', 'B_cv', 'B_p25', 'B_p90', 'B_mad', 'R_wst_std_0', 'G_wst_std_0', 'B_wst_mean_0', 'B_wst_mean_1', 'B_wst_mean_10', 'B_wst_mean_13', 'B_wst_mean_16', 'B_wst_mean_43', 'B_wst_mean_49', 'B_wst_mean_75', 'B_wst_std_24']
Feature scores: [0.69031007 0.60448784 0.57453519 0.56897963 0.56801127 0.55822382
 0.58869965 0.63383914 0.58995221 0.74056842 0.73145352 0.56205062
 0.57502105 0.65204819 0.58306509 0.59973801 0.56861346 0.65419439
 0.56598772 0.5636327 ]
Training final Random Forest model...
Saving model and artifacts...
Saved trained model: /home/brusc/Projects/random_forest/experiments_organized/gaussian_output/rgb_gaussian30/sunset/small/k20/hybrid/trained_model.joblib
Saved scaler: /home/brusc/Projects/random_forest/experiments_organized/gaussian_output/rgb_gaussian30/sunset/small/k20/hybrid/scaler.joblib
Saved feature selector: /home/brusc/Projects/random_forest/experiments_organized/gaussian_output/rgb_gaussian30/sunset/small/k20/hybrid/feature_selector.joblib
Saved feature information: /home/brusc/Projects/random_forest/experiments_organized/gaussian_output/rgb_gaussian30/sunset/small/k20/hybrid/feature_names.json
Saved experiment report: /home/brusc/Projects/random_forest/experiments_organized/gaussian_output/rgb_gaussian30/sunset/small/k20/hybrid/experiment_report_with_model.json
Saved usage instructions: /home/brusc/Projects/random_forest/experiments_organized/gaussian_output/rgb_gaussian30/sunset/small/k20/hybrid/model_usage_instructions.md

================================================================================
TRAINING COMPLETED SUCCESSFULLY
================================================================================
Area: sunset
Dataset: /home/brusc/Projects/random_forest/datasets/dataset_rgb_gaussian_30/small
Feature method: hybrid
Total images: 45
Classes: ['garden', 'low_veg', 'trees']
Original features: 540
Selected features: 20
N estimators: 10

PERFORMANCE RESULTS:
Test Accuracy: 1.0000
CV Accuracy: 0.9333 ± 0.0889

Top 20 selected features:
  1. R_iqr: 0.6903
  2. G_iqr: 0.6045
  3. B_std: 0.5745
  4. B_var: 0.5690
  5. B_kurt: 0.5680
  6. B_cv: 0.5582
  7. B_p25: 0.5887
  8. B_p90: 0.6338
  9. B_mad: 0.5900
  10. R_wst_std_0: 0.7406
  11. G_wst_std_0: 0.7315
  12. B_wst_mean_0: 0.5621
  13. B_wst_mean_1: 0.5750
  14. B_wst_mean_10: 0.6520
  15. B_wst_mean_13: 0.5831
  16. B_wst_mean_16: 0.5997
  17. B_wst_mean_43: 0.5686
  18. B_wst_mean_49: 0.6542
  19. B_wst_mean_75: 0.5660
  20. B_wst_std_24: 0.5636

Model and artifacts saved to: /home/brusc/Projects/random_forest/experiments_organized/gaussian_output/rgb_gaussian30/sunset/small/k20/hybrid
================================================================================
