================================================================================
CONFIGURABLE RANDOM FOREST TRAINING SCRIPT
Dataset: /home/brusc/Projects/random_forest/datasets/dataset_rgb_gaussian_50/original
Area: popolar
Feature Method: wst
K Features: 20
Output: /home/brusc/Projects/random_forest/experiments_organized/gaussian_output/rgb_gaussian50/popolar/original/k20/wst
N Estimators: 50
================================================================================
Loading images from popolar area...
Found classes in popolar: ['low_veg', 'trees', 'water']
Loading 41 images from popolar/low_veg
Loading 40 images from popolar/trees
Loading 40 images from popolar/water
Loaded 121 images with 3 classes
Classes: [np.str_('low_veg'), np.str_('trees'), np.str_('water')]
Image shape: (3, 128, 128)
Extracting wst features...
Feature matrix shape: (121, 486)
Applying SelectKBest feature selection (k=20)...
Selected features: ['R_wst_mean_0', 'R_wst_mean_1', 'R_wst_mean_2', 'R_wst_mean_3', 'R_wst_mean_7', 'R_wst_std_0', 'G_wst_mean_0', 'G_wst_std_0', 'B_wst_mean_0', 'B_wst_mean_1', 'B_wst_mean_2', 'B_wst_mean_3', 'B_wst_mean_4', 'B_wst_mean_5', 'B_wst_mean_6', 'B_wst_mean_7', 'B_wst_mean_8', 'B_wst_mean_13', 'B_wst_mean_76', 'B_wst_std_0']
Feature scores: [0.85776063 0.31183593 0.37226016 0.30338225 0.32512548 0.92731197
 0.46198896 0.93908338 0.88555427 0.33758652 0.27999263 0.36932928
 0.38412507 0.39130442 0.49590744 0.4235697  0.37241172 0.31759336
 0.27876555 0.79391806]
Training final Random Forest model...
Saving model and artifacts...
Saved trained model: /home/brusc/Projects/random_forest/experiments_organized/gaussian_output/rgb_gaussian50/popolar/original/k20/wst/trained_model.joblib
Saved scaler: /home/brusc/Projects/random_forest/experiments_organized/gaussian_output/rgb_gaussian50/popolar/original/k20/wst/scaler.joblib
Saved feature selector: /home/brusc/Projects/random_forest/experiments_organized/gaussian_output/rgb_gaussian50/popolar/original/k20/wst/feature_selector.joblib
Saved feature information: /home/brusc/Projects/random_forest/experiments_organized/gaussian_output/rgb_gaussian50/popolar/original/k20/wst/feature_names.json
Saved experiment report: /home/brusc/Projects/random_forest/experiments_organized/gaussian_output/rgb_gaussian50/popolar/original/k20/wst/experiment_report_with_model.json
Saved usage instructions: /home/brusc/Projects/random_forest/experiments_organized/gaussian_output/rgb_gaussian50/popolar/original/k20/wst/model_usage_instructions.md

================================================================================
TRAINING COMPLETED SUCCESSFULLY
================================================================================
Area: popolar
Dataset: /home/brusc/Projects/random_forest/datasets/dataset_rgb_gaussian_50/original
Feature method: wst
Total images: 121
Classes: ['low_veg', 'trees', 'water']
Original features: 486
Selected features: 20
N estimators: 50

PERFORMANCE RESULTS:
Test Accuracy: 0.9600
CV Accuracy: 0.9507 ± 0.0153

Top 20 selected features:
  1. R_wst_mean_0: 0.8578
  2. R_wst_mean_1: 0.3118
  3. R_wst_mean_2: 0.3723
  4. R_wst_mean_3: 0.3034
  5. R_wst_mean_7: 0.3251
  6. R_wst_std_0: 0.9273
  7. G_wst_mean_0: 0.4620
  8. G_wst_std_0: 0.9391
  9. B_wst_mean_0: 0.8856
  10. B_wst_mean_1: 0.3376
  11. B_wst_mean_2: 0.2800
  12. B_wst_mean_3: 0.3693
  13. B_wst_mean_4: 0.3841
  14. B_wst_mean_5: 0.3913
  15. B_wst_mean_6: 0.4959
  16. B_wst_mean_7: 0.4236
  17. B_wst_mean_8: 0.3724
  18. B_wst_mean_13: 0.3176
  19. B_wst_mean_76: 0.2788
  20. B_wst_std_0: 0.7939

Model and artifacts saved to: /home/brusc/Projects/random_forest/experiments_organized/gaussian_output/rgb_gaussian50/popolar/original/k20/wst
================================================================================
