================================================================================
CONFIGURABLE RANDOM FOREST TRAINING SCRIPT
Dataset: /home/brusc/Projects/random_forest/datasets/dataset_rgb_gaussian_50/mini
Area: assatigue
Feature Method: hybrid
K Features: 2
Output: /home/brusc/Projects/random_forest/experiments_organized/gaussian_output/rgb_gaussian50/assatigue/mini/k2/hybrid
N Estimators: 3
================================================================================
Loading images from assatigue area...
Found classes in assatigue: ['low_veg', 'trees', 'water']
Loading 5 images from assatigue/low_veg
Loading 5 images from assatigue/trees
Loading 5 images from assatigue/water
Loaded 15 images with 3 classes
Classes: [np.str_('low_veg'), np.str_('trees'), np.str_('water')]
Image shape: (3, 128, 128)
Extracting hybrid features...
Feature matrix shape: (15, 540)
Applying SelectKBest feature selection (k=2)...
Selected features: ['R_p90', 'B_p90']
Feature scores: [1.46734876 1.76586969]
Training final Random Forest model...
Saving model and artifacts...
Saved trained model: /home/brusc/Projects/random_forest/experiments_organized/gaussian_output/rgb_gaussian50/assatigue/mini/k2/hybrid/trained_model.joblib
Saved scaler: /home/brusc/Projects/random_forest/experiments_organized/gaussian_output/rgb_gaussian50/assatigue/mini/k2/hybrid/scaler.joblib
Saved feature selector: /home/brusc/Projects/random_forest/experiments_organized/gaussian_output/rgb_gaussian50/assatigue/mini/k2/hybrid/feature_selector.joblib
Saved feature information: /home/brusc/Projects/random_forest/experiments_organized/gaussian_output/rgb_gaussian50/assatigue/mini/k2/hybrid/feature_names.json
Saved experiment report: /home/brusc/Projects/random_forest/experiments_organized/gaussian_output/rgb_gaussian50/assatigue/mini/k2/hybrid/experiment_report_with_model.json
Saved usage instructions: /home/brusc/Projects/random_forest/experiments_organized/gaussian_output/rgb_gaussian50/assatigue/mini/k2/hybrid/model_usage_instructions.md

================================================================================
TRAINING COMPLETED SUCCESSFULLY
================================================================================
Area: assatigue
Dataset: /home/brusc/Projects/random_forest/datasets/dataset_rgb_gaussian_50/mini
Feature method: hybrid
Total images: 15
Classes: ['low_veg', 'trees', 'water']
Original features: 540
Selected features: 2
N estimators: 3

PERFORMANCE RESULTS:
Test Accuracy: 0.6667
CV Accuracy: 0.5333 ± 0.1633

Top 2 selected features:
  1. R_p90: 1.4673
  2. B_p90: 1.7659

Model and artifacts saved to: /home/brusc/Projects/random_forest/experiments_organized/gaussian_output/rgb_gaussian50/assatigue/mini/k2/hybrid
================================================================================
