================================================================================
CONFIGURABLE RANDOM FOREST TRAINING SCRIPT
Dataset: /home/brusc/Projects/random_forest/datasets/dataset_rgb_clean/original
Area: assatigue
Feature Method: wst
K Features: 20
Output: /home/brusc/Projects/random_forest/experiments_organized/gaussian_output/rgb_clean/assatigue/original/k20/wst
N Estimators: 50
================================================================================
Loading images from assatigue area...
Found classes in assatigue: ['low_veg', 'trees', 'water']
Loading 40 images from assatigue/low_veg
Loading 36 images from assatigue/trees
Loading 40 images from assatigue/water
Loaded 116 images with 3 classes
Classes: [np.str_('low_veg'), np.str_('trees'), np.str_('water')]
Image shape: (3, 128, 128)
Extracting wst features...
Feature matrix shape: (116, 486)
Applying SelectKBest feature selection (k=20)...
Selected features: ['R_wst_mean_7', 'R_wst_mean_15', 'R_wst_mean_44', 'R_wst_mean_52', 'R_wst_mean_53', 'R_wst_mean_54', 'R_wst_mean_60', 'R_wst_mean_61', 'R_wst_mean_62', 'R_wst_mean_63', 'R_wst_mean_70', 'R_wst_mean_71', 'R_wst_std_0', 'G_wst_mean_15', 'G_wst_mean_44', 'G_wst_mean_45', 'G_wst_mean_61', 'G_wst_mean_62', 'G_wst_std_0', 'B_wst_mean_61']
Feature scores: [0.88652771 0.91179235 0.88647846 0.87517303 0.90711081 0.87762831
 0.91651408 0.9242711  0.9070122  0.90249688 0.89844523 0.87258886
 0.89198935 0.89427355 0.88005011 0.87518303 0.89382112 0.87542736
 0.90482123 0.88749696]
Training final Random Forest model...
Saving model and artifacts...
Saved trained model: /home/brusc/Projects/random_forest/experiments_organized/gaussian_output/rgb_clean/assatigue/original/k20/wst/trained_model.joblib
Saved scaler: /home/brusc/Projects/random_forest/experiments_organized/gaussian_output/rgb_clean/assatigue/original/k20/wst/scaler.joblib
Saved feature selector: /home/brusc/Projects/random_forest/experiments_organized/gaussian_output/rgb_clean/assatigue/original/k20/wst/feature_selector.joblib
Saved feature information: /home/brusc/Projects/random_forest/experiments_organized/gaussian_output/rgb_clean/assatigue/original/k20/wst/feature_names.json
Saved experiment report: /home/brusc/Projects/random_forest/experiments_organized/gaussian_output/rgb_clean/assatigue/original/k20/wst/experiment_report_with_model.json
Saved usage instructions: /home/brusc/Projects/random_forest/experiments_organized/gaussian_output/rgb_clean/assatigue/original/k20/wst/model_usage_instructions.md

================================================================================
TRAINING COMPLETED SUCCESSFULLY
================================================================================
Area: assatigue
Dataset: /home/brusc/Projects/random_forest/datasets/dataset_rgb_clean/original
Feature method: wst
Total images: 116
Classes: ['low_veg', 'water', 'trees']
Original features: 486
Selected features: 20
N estimators: 50

PERFORMANCE RESULTS:
Test Accuracy: 0.9583
CV Accuracy: 0.9652 ± 0.0426

Top 20 selected features:
  1. R_wst_mean_7: 0.8865
  2. R_wst_mean_15: 0.9118
  3. R_wst_mean_44: 0.8865
  4. R_wst_mean_52: 0.8752
  5. R_wst_mean_53: 0.9071
  6. R_wst_mean_54: 0.8776
  7. R_wst_mean_60: 0.9165
  8. R_wst_mean_61: 0.9243
  9. R_wst_mean_62: 0.9070
  10. R_wst_mean_63: 0.9025
  11. R_wst_mean_70: 0.8984
  12. R_wst_mean_71: 0.8726
  13. R_wst_std_0: 0.8920
  14. G_wst_mean_15: 0.8943
  15. G_wst_mean_44: 0.8801
  16. G_wst_mean_45: 0.8752
  17. G_wst_mean_61: 0.8938
  18. G_wst_mean_62: 0.8754
  19. G_wst_std_0: 0.9048
  20. B_wst_mean_61: 0.8875

Model and artifacts saved to: /home/brusc/Projects/random_forest/experiments_organized/gaussian_output/rgb_clean/assatigue/original/k20/wst
================================================================================
