================================================================================
CONFIGURABLE RANDOM FOREST TRAINING SCRIPT
Dataset: /home/brusc/Projects/random_forest/datasets/dataset_rgb_gaussian_30/small
Area: sunset
Feature Method: advanced_stats
K Features: 20
Output: /home/brusc/Projects/random_forest/experiments_organized/gaussian_output/rgb_gaussian30/sunset/small/k20/advanced_stats
N Estimators: 10
================================================================================
Loading images from sunset area...
Found classes in sunset: ['garden', 'low_veg', 'trees']
Loading 15 images from sunset/garden
Loading 15 images from sunset/low_veg
Loading 15 images from sunset/trees
Loaded 45 images with 3 classes
Classes: [np.str_('garden'), np.str_('low_veg'), np.str_('trees')]
Image shape: (3, 128, 128)
Extracting advanced_stats features...
Feature matrix shape: (45, 54)
Applying SelectKBest feature selection (k=20)...
Selected features: ['R_std', 'R_var', 'R_iqr', 'R_mad', 'G_std', 'G_var', 'G_iqr', 'G_mad', 'B_mean', 'B_std', 'B_var', 'B_skew', 'B_kurt', 'B_cv', 'B_p25', 'B_p50', 'B_p75', 'B_p90', 'B_mad', 'B_grad_mean']
Feature scores: [0.53708951 0.53708951 0.70925187 0.54557955 0.50642914 0.50642914
 0.59697461 0.54094511 0.53456385 0.57453519 0.56897963 0.52827417
 0.56801127 0.55822382 0.6154212  0.51401491 0.51908766 0.61660009
 0.58995221 0.51497611]
Training final Random Forest model...
Saving model and artifacts...
Saved trained model: /home/brusc/Projects/random_forest/experiments_organized/gaussian_output/rgb_gaussian30/sunset/small/k20/advanced_stats/trained_model.joblib
Saved scaler: /home/brusc/Projects/random_forest/experiments_organized/gaussian_output/rgb_gaussian30/sunset/small/k20/advanced_stats/scaler.joblib
Saved feature selector: /home/brusc/Projects/random_forest/experiments_organized/gaussian_output/rgb_gaussian30/sunset/small/k20/advanced_stats/feature_selector.joblib
Saved feature information: /home/brusc/Projects/random_forest/experiments_organized/gaussian_output/rgb_gaussian30/sunset/small/k20/advanced_stats/feature_names.json
Saved experiment report: /home/brusc/Projects/random_forest/experiments_organized/gaussian_output/rgb_gaussian30/sunset/small/k20/advanced_stats/experiment_report_with_model.json
Saved usage instructions: /home/brusc/Projects/random_forest/experiments_organized/gaussian_output/rgb_gaussian30/sunset/small/k20/advanced_stats/model_usage_instructions.md

================================================================================
TRAINING COMPLETED SUCCESSFULLY
================================================================================
Area: sunset
Dataset: /home/brusc/Projects/random_forest/datasets/dataset_rgb_gaussian_30/small
Feature method: advanced_stats
Total images: 45
Classes: ['garden', 'low_veg', 'trees']
Original features: 54
Selected features: 20
N estimators: 10

PERFORMANCE RESULTS:
Test Accuracy: 1.0000
CV Accuracy: 0.9333 ± 0.0889

Top 20 selected features:
  1. R_std: 0.5371
  2. R_var: 0.5371
  3. R_iqr: 0.7093
  4. R_mad: 0.5456
  5. G_std: 0.5064
  6. G_var: 0.5064
  7. G_iqr: 0.5970
  8. G_mad: 0.5409
  9. B_mean: 0.5346
  10. B_std: 0.5745
  11. B_var: 0.5690
  12. B_skew: 0.5283
  13. B_kurt: 0.5680
  14. B_cv: 0.5582
  15. B_p25: 0.6154
  16. B_p50: 0.5140
  17. B_p75: 0.5191
  18. B_p90: 0.6166
  19. B_mad: 0.5900
  20. B_grad_mean: 0.5150

Model and artifacts saved to: /home/brusc/Projects/random_forest/experiments_organized/gaussian_output/rgb_gaussian30/sunset/small/k20/advanced_stats
================================================================================
