================================================================================
CONFIGURABLE RANDOM FOREST TRAINING SCRIPT
Dataset: /home/brusc/Projects/random_forest/datasets/dataset_rgb_clean/small
Area: sunset
Feature Method: wst
K Features: 20
Output: /home/brusc/Projects/random_forest/experiments_organized/gaussian_output/rgb_clean/sunset/small/k20/wst
N Estimators: 10
================================================================================
Loading images from sunset area...
Found classes in sunset: ['garden', 'low_veg', 'trees']
Loading 15 images from sunset/garden
Loading 15 images from sunset/low_veg
Loading 15 images from sunset/trees
Loaded 45 images with 3 classes
Classes: [np.str_('garden'), np.str_('low_veg'), np.str_('trees')]
Image shape: (3, 128, 128)
Extracting wst features...
Feature matrix shape: (45, 486)
Applying SelectKBest feature selection (k=20)...
Selected features: ['R_wst_mean_11', 'R_wst_mean_20', 'G_wst_mean_3', 'G_wst_mean_4', 'G_wst_mean_5', 'G_wst_mean_11', 'G_wst_mean_46', 'G_wst_mean_53', 'G_wst_mean_60', 'G_wst_std_5', 'G_wst_std_38', 'G_wst_std_60', 'B_wst_mean_5', 'B_wst_mean_13', 'B_wst_mean_17', 'B_wst_mean_37', 'B_wst_mean_47', 'B_wst_mean_48', 'B_wst_mean_49', 'B_wst_mean_56']
Feature scores: [0.87953769 0.92373811 0.87987334 0.8760882  0.90296306 0.89736838
 0.87991993 0.87876553 0.89591072 0.89208869 0.88227307 0.90479672
 0.93862677 0.90023171 0.88618155 0.89435845 0.91283601 0.8881885
 0.89282639 0.91528382]
Training final Random Forest model...
Saving model and artifacts...
Saved trained model: /home/brusc/Projects/random_forest/experiments_organized/gaussian_output/rgb_clean/sunset/small/k20/wst/trained_model.joblib
Saved scaler: /home/brusc/Projects/random_forest/experiments_organized/gaussian_output/rgb_clean/sunset/small/k20/wst/scaler.joblib
Saved feature selector: /home/brusc/Projects/random_forest/experiments_organized/gaussian_output/rgb_clean/sunset/small/k20/wst/feature_selector.joblib
Saved feature information: /home/brusc/Projects/random_forest/experiments_organized/gaussian_output/rgb_clean/sunset/small/k20/wst/feature_names.json
Saved experiment report: /home/brusc/Projects/random_forest/experiments_organized/gaussian_output/rgb_clean/sunset/small/k20/wst/experiment_report_with_model.json
Saved usage instructions: /home/brusc/Projects/random_forest/experiments_organized/gaussian_output/rgb_clean/sunset/small/k20/wst/model_usage_instructions.md

================================================================================
TRAINING COMPLETED SUCCESSFULLY
================================================================================
Area: sunset
Dataset: /home/brusc/Projects/random_forest/datasets/dataset_rgb_clean/small
Feature method: wst
Total images: 45
Classes: ['garden', 'low_veg', 'trees']
Original features: 486
Selected features: 20
N estimators: 10

PERFORMANCE RESULTS:
Test Accuracy: 0.8889
CV Accuracy: 0.8667 ± 0.1296

Top 20 selected features:
  1. R_wst_mean_11: 0.8795
  2. R_wst_mean_20: 0.9237
  3. G_wst_mean_3: 0.8799
  4. G_wst_mean_4: 0.8761
  5. G_wst_mean_5: 0.9030
  6. G_wst_mean_11: 0.8974
  7. G_wst_mean_46: 0.8799
  8. G_wst_mean_53: 0.8788
  9. G_wst_mean_60: 0.8959
  10. G_wst_std_5: 0.8921
  11. G_wst_std_38: 0.8823
  12. G_wst_std_60: 0.9048
  13. B_wst_mean_5: 0.9386
  14. B_wst_mean_13: 0.9002
  15. B_wst_mean_17: 0.8862
  16. B_wst_mean_37: 0.8944
  17. B_wst_mean_47: 0.9128
  18. B_wst_mean_48: 0.8882
  19. B_wst_mean_49: 0.8928
  20. B_wst_mean_56: 0.9153

Model and artifacts saved to: /home/brusc/Projects/random_forest/experiments_organized/gaussian_output/rgb_clean/sunset/small/k20/wst
================================================================================
