================================================================================
CONFIGURABLE RANDOM FOREST TRAINING SCRIPT
Dataset: /home/brusc/Projects/random_forest/datasets/dataset_rgb_poisson_60/original
Area: sunset
Feature Method: hybrid
K Features: 20
Output: /home/brusc/Projects/random_forest/experiments_organized_2/poisson_output/dataset_rgb_poisson_60/sunset/original/k20/hybrid
N Estimators: 50
================================================================================
Loading images from sunset area...
Found classes in sunset: ['garden', 'low_veg', 'trees']
Loading 40 images from sunset/garden
Loading 40 images from sunset/low_veg
Loading 40 images from sunset/trees
Loaded 120 images with 3 classes
Classes: [np.str_('garden'), np.str_('low_veg'), np.str_('trees')]
Image shape: (3, 128, 128)
Extracting hybrid features...
Feature matrix shape: (120, 540)
Applying SelectKBest feature selection (k=20)...
Selected features: ['R_std', 'R_var', 'R_iqr', 'R_mad', 'G_std', 'G_var', 'B_skew', 'R_wst_std_0', 'R_wst_std_9', 'R_wst_std_11', 'R_wst_std_12', 'R_wst_std_13', 'G_wst_mean_10', 'G_wst_mean_12', 'G_wst_mean_14', 'G_wst_std_12', 'B_wst_mean_12', 'B_wst_mean_13', 'B_wst_mean_15', 'B_wst_std_10']
Feature scores: [0.75455811 0.75345815 0.79720494 0.75053918 0.72641086 0.72268617
 0.77314862 0.88682481 0.74685743 0.7439565  0.77704133 0.72419033
 0.72264649 0.73147482 0.722824   0.76651233 0.7421618  0.74906967
 0.72381351 0.7598236 ]
Training final Random Forest model...
Saving model and artifacts...
Saved trained model: /home/brusc/Projects/random_forest/experiments_organized_2/poisson_output/dataset_rgb_poisson_60/sunset/original/k20/hybrid/trained_model.joblib
Saved scaler: /home/brusc/Projects/random_forest/experiments_organized_2/poisson_output/dataset_rgb_poisson_60/sunset/original/k20/hybrid/scaler.joblib
Saved feature selector: /home/brusc/Projects/random_forest/experiments_organized_2/poisson_output/dataset_rgb_poisson_60/sunset/original/k20/hybrid/feature_selector.joblib
Saved feature information: /home/brusc/Projects/random_forest/experiments_organized_2/poisson_output/dataset_rgb_poisson_60/sunset/original/k20/hybrid/feature_names.json
Saved experiment report: /home/brusc/Projects/random_forest/experiments_organized_2/poisson_output/dataset_rgb_poisson_60/sunset/original/k20/hybrid/experiment_report_with_model.json
Saved usage instructions: /home/brusc/Projects/random_forest/experiments_organized_2/poisson_output/dataset_rgb_poisson_60/sunset/original/k20/hybrid/model_usage_instructions.md

================================================================================
TRAINING COMPLETED SUCCESSFULLY
================================================================================
Area: sunset
Dataset: /home/brusc/Projects/random_forest/datasets/dataset_rgb_poisson_60/original
Feature method: hybrid
Total images: 120
Classes: ['garden', 'low_veg', 'trees']
Original features: 540
Selected features: 20
N estimators: 50

PERFORMANCE RESULTS:
Test Accuracy: 0.9583
CV Accuracy: 0.9917 ± 0.0167

Top 20 selected features:
  1. R_std: 0.7546
  2. R_var: 0.7535
  3. R_iqr: 0.7972
  4. R_mad: 0.7505
  5. G_std: 0.7264
  6. G_var: 0.7227
  7. B_skew: 0.7731
  8. R_wst_std_0: 0.8868
  9. R_wst_std_9: 0.7469
  10. R_wst_std_11: 0.7440
  11. R_wst_std_12: 0.7770
  12. R_wst_std_13: 0.7242
  13. G_wst_mean_10: 0.7226
  14. G_wst_mean_12: 0.7315
  15. G_wst_mean_14: 0.7228
  16. G_wst_std_12: 0.7665
  17. B_wst_mean_12: 0.7422
  18. B_wst_mean_13: 0.7491
  19. B_wst_mean_15: 0.7238
  20. B_wst_std_10: 0.7598

Model and artifacts saved to: /home/brusc/Projects/random_forest/experiments_organized_2/poisson_output/dataset_rgb_poisson_60/sunset/original/k20/hybrid
================================================================================
