================================================================================
CONFIGURABLE RANDOM FOREST TRAINING SCRIPT
Dataset: /home/brusc/Projects/random_forest/datasets/dataset_rgb_poisson_60/mini
Area: popolar
Feature Method: advanced_stats
K Features: 20
Output: /home/brusc/Projects/random_forest/experiments_organized_2/poisson_output/dataset_rgb_poisson_60/popolar/mini/k20/advanced_stats
N Estimators: 3
================================================================================
Loading images from popolar area...
Found classes in popolar: ['low_veg', 'trees', 'water']
Loading 5 images from popolar/low_veg
Loading 5 images from popolar/trees
Loading 5 images from popolar/water
Loaded 15 images with 3 classes
Classes: [np.str_('low_veg'), np.str_('trees'), np.str_('water')]
Image shape: (3, 128, 128)
Extracting advanced_stats features...
Feature matrix shape: (15, 54)
Applying SelectKBest feature selection (k=20)...
Selected features: ['R_mean', 'R_std', 'R_var', 'R_min', 'R_p10', 'R_p50', 'R_p75', 'R_mad', 'G_std', 'G_var', 'G_min', 'G_range', 'G_mad', 'B_mean', 'B_min', 'B_max', 'B_p10', 'B_p25', 'B_p50', 'B_p75']
Feature scores: [0.83904669 0.75362582 0.81473693 1.27807026 0.91695915 0.88785622
 0.7700296  0.7564036  0.95822899 0.82918137 0.76807026 0.86473693
 0.81629778 0.87926074 1.17918137 1.2608954  1.08489566 0.92156233
 0.90518667 0.83293558]
Training final Random Forest model...
Saving model and artifacts...
Saved trained model: /home/brusc/Projects/random_forest/experiments_organized_2/poisson_output/dataset_rgb_poisson_60/popolar/mini/k20/advanced_stats/trained_model.joblib
Saved scaler: /home/brusc/Projects/random_forest/experiments_organized_2/poisson_output/dataset_rgb_poisson_60/popolar/mini/k20/advanced_stats/scaler.joblib
Saved feature selector: /home/brusc/Projects/random_forest/experiments_organized_2/poisson_output/dataset_rgb_poisson_60/popolar/mini/k20/advanced_stats/feature_selector.joblib
Saved feature information: /home/brusc/Projects/random_forest/experiments_organized_2/poisson_output/dataset_rgb_poisson_60/popolar/mini/k20/advanced_stats/feature_names.json
Saved experiment report: /home/brusc/Projects/random_forest/experiments_organized_2/poisson_output/dataset_rgb_poisson_60/popolar/mini/k20/advanced_stats/experiment_report_with_model.json
Saved usage instructions: /home/brusc/Projects/random_forest/experiments_organized_2/poisson_output/dataset_rgb_poisson_60/popolar/mini/k20/advanced_stats/model_usage_instructions.md

================================================================================
TRAINING COMPLETED SUCCESSFULLY
================================================================================
Area: popolar
Dataset: /home/brusc/Projects/random_forest/datasets/dataset_rgb_poisson_60/mini
Feature method: advanced_stats
Total images: 15
Classes: ['low_veg', 'trees', 'water']
Original features: 54
Selected features: 20
N estimators: 3

PERFORMANCE RESULTS:
Test Accuracy: 1.0000
CV Accuracy: 0.9333 ± 0.1333

Top 20 selected features:
  1. R_mean: 0.8390
  2. R_std: 0.7536
  3. R_var: 0.8147
  4. R_min: 1.2781
  5. R_p10: 0.9170
  6. R_p50: 0.8879
  7. R_p75: 0.7700
  8. R_mad: 0.7564
  9. G_std: 0.9582
  10. G_var: 0.8292
  11. G_min: 0.7681
  12. G_range: 0.8647
  13. G_mad: 0.8163
  14. B_mean: 0.8793
  15. B_min: 1.1792
  16. B_max: 1.2609
  17. B_p10: 1.0849
  18. B_p25: 0.9216
  19. B_p50: 0.9052
  20. B_p75: 0.8329

Model and artifacts saved to: /home/brusc/Projects/random_forest/experiments_organized_2/poisson_output/dataset_rgb_poisson_60/popolar/mini/k20/advanced_stats
================================================================================
