================================================================================
CONFIGURABLE RANDOM FOREST TRAINING SCRIPT
Dataset: /home/brusc/Projects/random_forest/datasets/dataset_rgb_poisson_60/original
Area: popolar
Feature Method: hybrid
K Features: 20
Output: /home/brusc/Projects/random_forest/experiments_organized_2/poisson_output/dataset_rgb_poisson_60/popolar/original/k20/hybrid
N Estimators: 50
================================================================================
Loading images from popolar area...
Found classes in popolar: ['low_veg', 'trees', 'water']
Loading 41 images from popolar/low_veg
Loading 40 images from popolar/trees
Loading 40 images from popolar/water
Loaded 121 images with 3 classes
Classes: [np.str_('low_veg'), np.str_('trees'), np.str_('water')]
Image shape: (3, 128, 128)
Extracting hybrid features...
Feature matrix shape: (121, 540)
Applying SelectKBest feature selection (k=20)...
Selected features: ['R_std', 'R_var', 'R_min', 'R_cv', 'R_p10', 'R_p25', 'R_mad', 'G_std', 'G_var', 'G_cv', 'G_iqr', 'G_mad', 'B_min', 'B_cv', 'B_p10', 'B_p25', 'R_wst_std_0', 'G_wst_std_0', 'B_wst_mean_0', 'B_wst_mean_39']
Feature scores: [1.05655216 1.05655216 0.97944183 1.02570725 0.96601433 0.93168104
 0.99468675 1.0805191  1.07776428 0.93554414 0.94043318 1.06831312
 0.9608168  1.08321303 0.98739985 0.96994048 0.98205828 0.98269215
 0.90066146 0.90955074]
Training final Random Forest model...
Saving model and artifacts...
Saved trained model: /home/brusc/Projects/random_forest/experiments_organized_2/poisson_output/dataset_rgb_poisson_60/popolar/original/k20/hybrid/trained_model.joblib
Saved scaler: /home/brusc/Projects/random_forest/experiments_organized_2/poisson_output/dataset_rgb_poisson_60/popolar/original/k20/hybrid/scaler.joblib
Saved feature selector: /home/brusc/Projects/random_forest/experiments_organized_2/poisson_output/dataset_rgb_poisson_60/popolar/original/k20/hybrid/feature_selector.joblib
Saved feature information: /home/brusc/Projects/random_forest/experiments_organized_2/poisson_output/dataset_rgb_poisson_60/popolar/original/k20/hybrid/feature_names.json
Saved experiment report: /home/brusc/Projects/random_forest/experiments_organized_2/poisson_output/dataset_rgb_poisson_60/popolar/original/k20/hybrid/experiment_report_with_model.json
Saved usage instructions: /home/brusc/Projects/random_forest/experiments_organized_2/poisson_output/dataset_rgb_poisson_60/popolar/original/k20/hybrid/model_usage_instructions.md

================================================================================
TRAINING COMPLETED SUCCESSFULLY
================================================================================
Area: popolar
Dataset: /home/brusc/Projects/random_forest/datasets/dataset_rgb_poisson_60/original
Feature method: hybrid
Total images: 121
Classes: ['low_veg', 'trees', 'water']
Original features: 540
Selected features: 20
N estimators: 50

PERFORMANCE RESULTS:
Test Accuracy: 1.0000
CV Accuracy: 0.9833 ± 0.0204

Top 20 selected features:
  1. R_std: 1.0566
  2. R_var: 1.0566
  3. R_min: 0.9794
  4. R_cv: 1.0257
  5. R_p10: 0.9660
  6. R_p25: 0.9317
  7. R_mad: 0.9947
  8. G_std: 1.0805
  9. G_var: 1.0778
  10. G_cv: 0.9355
  11. G_iqr: 0.9404
  12. G_mad: 1.0683
  13. B_min: 0.9608
  14. B_cv: 1.0832
  15. B_p10: 0.9874
  16. B_p25: 0.9699
  17. R_wst_std_0: 0.9821
  18. G_wst_std_0: 0.9827
  19. B_wst_mean_0: 0.9007
  20. B_wst_mean_39: 0.9096

Model and artifacts saved to: /home/brusc/Projects/random_forest/experiments_organized_2/poisson_output/dataset_rgb_poisson_60/popolar/original/k20/hybrid
================================================================================
