================================================================================
CONFIGURABLE RANDOM FOREST TRAINING SCRIPT
Dataset: /home/brusc/Projects/random_forest/datasets/dataset_rgb_poisson_40/small
Area: sunset
Feature Method: advanced_stats
K Features: 20
Output: /home/brusc/Projects/random_forest/experiments_organized_2/poisson_output/dataset_rgb_poisson_40/sunset/small/k20/advanced_stats
N Estimators: 10
================================================================================
Loading images from sunset area...
Found classes in sunset: ['garden', 'low_veg', 'trees']
Loading 15 images from sunset/garden
Loading 15 images from sunset/low_veg
Loading 15 images from sunset/trees
Loaded 45 images with 3 classes
Classes: [np.str_('garden'), np.str_('low_veg'), np.str_('trees')]
Image shape: (3, 128, 128)
Extracting advanced_stats features...
Feature matrix shape: (45, 54)
Applying SelectKBest feature selection (k=20)...
Selected features: ['R_std', 'R_var', 'R_iqr', 'R_mad', 'G_std', 'G_var', 'G_iqr', 'G_mad', 'B_mean', 'B_std', 'B_var', 'B_max', 'B_range', 'B_skew', 'B_p10', 'B_p75', 'B_p90', 'B_iqr', 'B_mad', 'B_grad_mean']
Feature scores: [0.62755732 0.62913628 0.58356053 0.64735848 0.66490868 0.66046424
 0.60536717 0.64321556 0.51123052 0.64169256 0.64086952 0.67938957
 0.68288163 0.61812745 0.51983722 0.5352605  0.57751835 0.66792295
 0.7089642  0.57573827]
Training final Random Forest model...
Saving model and artifacts...
Saved trained model: /home/brusc/Projects/random_forest/experiments_organized_2/poisson_output/dataset_rgb_poisson_40/sunset/small/k20/advanced_stats/trained_model.joblib
Saved scaler: /home/brusc/Projects/random_forest/experiments_organized_2/poisson_output/dataset_rgb_poisson_40/sunset/small/k20/advanced_stats/scaler.joblib
Saved feature selector: /home/brusc/Projects/random_forest/experiments_organized_2/poisson_output/dataset_rgb_poisson_40/sunset/small/k20/advanced_stats/feature_selector.joblib
Saved feature information: /home/brusc/Projects/random_forest/experiments_organized_2/poisson_output/dataset_rgb_poisson_40/sunset/small/k20/advanced_stats/feature_names.json
Saved experiment report: /home/brusc/Projects/random_forest/experiments_organized_2/poisson_output/dataset_rgb_poisson_40/sunset/small/k20/advanced_stats/experiment_report_with_model.json
Saved usage instructions: /home/brusc/Projects/random_forest/experiments_organized_2/poisson_output/dataset_rgb_poisson_40/sunset/small/k20/advanced_stats/model_usage_instructions.md

================================================================================
TRAINING COMPLETED SUCCESSFULLY
================================================================================
Area: sunset
Dataset: /home/brusc/Projects/random_forest/datasets/dataset_rgb_poisson_40/small
Feature method: advanced_stats
Total images: 45
Classes: ['garden', 'low_veg', 'trees']
Original features: 54
Selected features: 20
N estimators: 10

PERFORMANCE RESULTS:
Test Accuracy: 1.0000
CV Accuracy: 0.9111 ± 0.1089

Top 20 selected features:
  1. R_std: 0.6276
  2. R_var: 0.6291
  3. R_iqr: 0.5836
  4. R_mad: 0.6474
  5. G_std: 0.6649
  6. G_var: 0.6605
  7. G_iqr: 0.6054
  8. G_mad: 0.6432
  9. B_mean: 0.5112
  10. B_std: 0.6417
  11. B_var: 0.6409
  12. B_max: 0.6794
  13. B_range: 0.6829
  14. B_skew: 0.6181
  15. B_p10: 0.5198
  16. B_p75: 0.5353
  17. B_p90: 0.5775
  18. B_iqr: 0.6679
  19. B_mad: 0.7090
  20. B_grad_mean: 0.5757

Model and artifacts saved to: /home/brusc/Projects/random_forest/experiments_organized_2/poisson_output/dataset_rgb_poisson_40/sunset/small/k20/advanced_stats
================================================================================
