================================================================================
CONFIGURABLE RANDOM FOREST TRAINING SCRIPT
Dataset: /home/brusc/Projects/random_forest/datasets/dataset_rgb_poisson_60/mini
Area: assatigue
Feature Method: advanced_stats
K Features: 20
Output: /home/brusc/Projects/random_forest/experiments_organized_2/poisson_output/dataset_rgb_poisson_60/assatigue/mini/k20/advanced_stats
N Estimators: 3
================================================================================
Loading images from assatigue area...
Found classes in assatigue: ['low_veg', 'trees', 'water']
Loading 5 images from assatigue/low_veg
Loading 5 images from assatigue/trees
Loading 5 images from assatigue/water
Loaded 15 images with 3 classes
Classes: [np.str_('low_veg'), np.str_('trees'), np.str_('water')]
Image shape: (3, 128, 128)
Extracting advanced_stats features...
Feature matrix shape: (15, 54)
Applying SelectKBest feature selection (k=20)...
Selected features: ['R_std', 'R_var', 'R_min', 'R_max', 'R_cv', 'R_p25', 'R_iqr', 'R_mad', 'G_std', 'G_var', 'G_iqr', 'G_mad', 'B_mean', 'B_min', 'B_range', 'B_cv', 'B_p10', 'B_p25', 'B_p50', 'B_p75']
Feature scores: [0.88759407 0.73481629 0.6814036  1.68520591 0.81973693 0.66759407
 0.74870518 0.93759407 0.82481629 0.87092741 1.23314963 0.86814963
 0.68870518 1.23537185 0.76426074 0.81354645 0.90759407 0.89314963
 0.82084804 0.73195915]
Training final Random Forest model...
Saving model and artifacts...
Saved trained model: /home/brusc/Projects/random_forest/experiments_organized_2/poisson_output/dataset_rgb_poisson_60/assatigue/mini/k20/advanced_stats/trained_model.joblib
Saved scaler: /home/brusc/Projects/random_forest/experiments_organized_2/poisson_output/dataset_rgb_poisson_60/assatigue/mini/k20/advanced_stats/scaler.joblib
Saved feature selector: /home/brusc/Projects/random_forest/experiments_organized_2/poisson_output/dataset_rgb_poisson_60/assatigue/mini/k20/advanced_stats/feature_selector.joblib
Saved feature information: /home/brusc/Projects/random_forest/experiments_organized_2/poisson_output/dataset_rgb_poisson_60/assatigue/mini/k20/advanced_stats/feature_names.json
Saved experiment report: /home/brusc/Projects/random_forest/experiments_organized_2/poisson_output/dataset_rgb_poisson_60/assatigue/mini/k20/advanced_stats/experiment_report_with_model.json
Saved usage instructions: /home/brusc/Projects/random_forest/experiments_organized_2/poisson_output/dataset_rgb_poisson_60/assatigue/mini/k20/advanced_stats/model_usage_instructions.md

================================================================================
TRAINING COMPLETED SUCCESSFULLY
================================================================================
Area: assatigue
Dataset: /home/brusc/Projects/random_forest/datasets/dataset_rgb_poisson_60/mini
Feature method: advanced_stats
Total images: 15
Classes: ['low_veg', 'trees', 'water']
Original features: 54
Selected features: 20
N estimators: 3

PERFORMANCE RESULTS:
Test Accuracy: 0.6667
CV Accuracy: 0.8000 ± 0.1633

Top 20 selected features:
  1. R_std: 0.8876
  2. R_var: 0.7348
  3. R_min: 0.6814
  4. R_max: 1.6852
  5. R_cv: 0.8197
  6. R_p25: 0.6676
  7. R_iqr: 0.7487
  8. R_mad: 0.9376
  9. G_std: 0.8248
  10. G_var: 0.8709
  11. G_iqr: 1.2331
  12. G_mad: 0.8681
  13. B_mean: 0.6887
  14. B_min: 1.2354
  15. B_range: 0.7643
  16. B_cv: 0.8135
  17. B_p10: 0.9076
  18. B_p25: 0.8931
  19. B_p50: 0.8208
  20. B_p75: 0.7320

Model and artifacts saved to: /home/brusc/Projects/random_forest/experiments_organized_2/poisson_output/dataset_rgb_poisson_60/assatigue/mini/k20/advanced_stats
================================================================================
