================================================================================
CONFIGURABLE RANDOM FOREST TRAINING SCRIPT
Dataset: /home/brusc/Projects/random_forest/datasets/dataset_rgb_poisson_60/original
Area: popolar
Feature Method: wst
K Features: 10
Output: /home/brusc/Projects/random_forest/experiments_organized_2/poisson_output/dataset_rgb_poisson_60/popolar/original/k10/wst
N Estimators: 50
================================================================================
Loading images from popolar area...
Found classes in popolar: ['low_veg', 'trees', 'water']
Loading 41 images from popolar/low_veg
Loading 40 images from popolar/trees
Loading 40 images from popolar/water
Loaded 121 images with 3 classes
Classes: [np.str_('low_veg'), np.str_('trees'), np.str_('water')]
Image shape: (3, 128, 128)
Extracting wst features...
Feature matrix shape: (121, 486)
Applying SelectKBest feature selection (k=10)...
Selected features: ['R_wst_std_0', 'G_wst_std_0', 'B_wst_mean_0', 'B_wst_mean_39', 'B_wst_mean_40', 'B_wst_mean_46', 'B_wst_mean_58', 'B_wst_mean_76', 'B_wst_mean_77', 'B_wst_std_0']
Feature scores: [0.98205828 0.98269215 0.90066146 0.90955074 0.85091317 0.84909759
 0.85354875 0.84786786 0.86860655 0.88583316]
Training final Random Forest model...
Saving model and artifacts...
Saved trained model: /home/brusc/Projects/random_forest/experiments_organized_2/poisson_output/dataset_rgb_poisson_60/popolar/original/k10/wst/trained_model.joblib
Saved scaler: /home/brusc/Projects/random_forest/experiments_organized_2/poisson_output/dataset_rgb_poisson_60/popolar/original/k10/wst/scaler.joblib
Saved feature selector: /home/brusc/Projects/random_forest/experiments_organized_2/poisson_output/dataset_rgb_poisson_60/popolar/original/k10/wst/feature_selector.joblib
Saved feature information: /home/brusc/Projects/random_forest/experiments_organized_2/poisson_output/dataset_rgb_poisson_60/popolar/original/k10/wst/feature_names.json
Saved experiment report: /home/brusc/Projects/random_forest/experiments_organized_2/poisson_output/dataset_rgb_poisson_60/popolar/original/k10/wst/experiment_report_with_model.json
Saved usage instructions: /home/brusc/Projects/random_forest/experiments_organized_2/poisson_output/dataset_rgb_poisson_60/popolar/original/k10/wst/model_usage_instructions.md

================================================================================
TRAINING COMPLETED SUCCESSFULLY
================================================================================
Area: popolar
Dataset: /home/brusc/Projects/random_forest/datasets/dataset_rgb_poisson_60/original
Feature method: wst
Total images: 121
Classes: ['low_veg', 'trees', 'water']
Original features: 486
Selected features: 10
N estimators: 50

PERFORMANCE RESULTS:
Test Accuracy: 1.0000
CV Accuracy: 0.9667 ± 0.0312

Top 10 selected features:
  1. R_wst_std_0: 0.9821
  2. G_wst_std_0: 0.9827
  3. B_wst_mean_0: 0.9007
  4. B_wst_mean_39: 0.9096
  5. B_wst_mean_40: 0.8509
  6. B_wst_mean_46: 0.8491
  7. B_wst_mean_58: 0.8535
  8. B_wst_mean_76: 0.8479
  9. B_wst_mean_77: 0.8686
  10. B_wst_std_0: 0.8858

Model and artifacts saved to: /home/brusc/Projects/random_forest/experiments_organized_2/poisson_output/dataset_rgb_poisson_60/popolar/original/k10/wst
================================================================================
