================================================================================
CONFIGURABLE RANDOM FOREST TRAINING SCRIPT
Dataset: /home/brusc/Projects/random_forest/datasets/dataset_rgb_poisson_40/augmented
Area: assatigue
Feature Method: wst
K Features: 20
Output: /home/brusc/Projects/random_forest/experiments_organized_2/poisson_output/dataset_rgb_poisson_40/assatigue/augmented/k20/wst
N Estimators: 50
================================================================================
Loading images from assatigue area...
Found classes in assatigue: ['low_veg', 'trees', 'water']
Loading 560 images from assatigue/low_veg
Loading 504 images from assatigue/trees
Loading 560 images from assatigue/water
Loaded 1624 images with 3 classes
Classes: [np.str_('low_veg'), np.str_('trees'), np.str_('water')]
Image shape: (3, 128, 128)
Extracting wst features...
Feature matrix shape: (1624, 486)
Applying SelectKBest feature selection (k=20)...
Selected features: ['R_wst_mean_0', 'R_wst_std_0', 'G_wst_mean_0', 'G_wst_std_0', 'B_wst_mean_0', 'B_wst_mean_20', 'B_wst_mean_21', 'B_wst_mean_29', 'B_wst_mean_30', 'B_wst_mean_31', 'B_wst_mean_40', 'B_wst_mean_41', 'B_wst_mean_47', 'B_wst_mean_48', 'B_wst_mean_49', 'B_wst_mean_50', 'B_wst_mean_56', 'B_wst_mean_67', 'B_wst_mean_75', 'B_wst_mean_77']
Feature scores: [0.68010792 0.86573089 0.55748192 0.85577843 0.6375341  0.5653774
 0.56171885 0.57046624 0.55776083 0.57070668 0.55857186 0.58165673
 0.57378911 0.58512097 0.5557143  0.56626872 0.5555898  0.56167999
 0.56528749 0.57024441]
Training final Random Forest model...
Saving model and artifacts...
Saved trained model: /home/brusc/Projects/random_forest/experiments_organized_2/poisson_output/dataset_rgb_poisson_40/assatigue/augmented/k20/wst/trained_model.joblib
Saved scaler: /home/brusc/Projects/random_forest/experiments_organized_2/poisson_output/dataset_rgb_poisson_40/assatigue/augmented/k20/wst/scaler.joblib
Saved feature selector: /home/brusc/Projects/random_forest/experiments_organized_2/poisson_output/dataset_rgb_poisson_40/assatigue/augmented/k20/wst/feature_selector.joblib
Saved feature information: /home/brusc/Projects/random_forest/experiments_organized_2/poisson_output/dataset_rgb_poisson_40/assatigue/augmented/k20/wst/feature_names.json
Saved experiment report: /home/brusc/Projects/random_forest/experiments_organized_2/poisson_output/dataset_rgb_poisson_40/assatigue/augmented/k20/wst/experiment_report_with_model.json
Saved usage instructions: /home/brusc/Projects/random_forest/experiments_organized_2/poisson_output/dataset_rgb_poisson_40/assatigue/augmented/k20/wst/model_usage_instructions.md

================================================================================
TRAINING COMPLETED SUCCESSFULLY
================================================================================
Area: assatigue
Dataset: /home/brusc/Projects/random_forest/datasets/dataset_rgb_poisson_40/augmented
Feature method: wst
Total images: 1624
Classes: ['low_veg', 'water', 'trees']
Original features: 486
Selected features: 20
N estimators: 50

PERFORMANCE RESULTS:
Test Accuracy: 0.9508
CV Accuracy: 0.9520 ± 0.0124

Top 20 selected features:
  1. R_wst_mean_0: 0.6801
  2. R_wst_std_0: 0.8657
  3. G_wst_mean_0: 0.5575
  4. G_wst_std_0: 0.8558
  5. B_wst_mean_0: 0.6375
  6. B_wst_mean_20: 0.5654
  7. B_wst_mean_21: 0.5617
  8. B_wst_mean_29: 0.5705
  9. B_wst_mean_30: 0.5578
  10. B_wst_mean_31: 0.5707
  11. B_wst_mean_40: 0.5586
  12. B_wst_mean_41: 0.5817
  13. B_wst_mean_47: 0.5738
  14. B_wst_mean_48: 0.5851
  15. B_wst_mean_49: 0.5557
  16. B_wst_mean_50: 0.5663
  17. B_wst_mean_56: 0.5556
  18. B_wst_mean_67: 0.5617
  19. B_wst_mean_75: 0.5653
  20. B_wst_mean_77: 0.5702

Model and artifacts saved to: /home/brusc/Projects/random_forest/experiments_organized_2/poisson_output/dataset_rgb_poisson_40/assatigue/augmented/k20/wst
================================================================================
