================================================================================
CONFIGURABLE RANDOM FOREST TRAINING SCRIPT
Dataset: /home/brusc/Projects/random_forest/datasets/dataset_rgb_poisson_40/mini
Area: sunset
Feature Method: wst
K Features: 20
Output: /home/brusc/Projects/random_forest/experiments_organized_2/poisson_output/dataset_rgb_poisson_40/sunset/mini/k20/wst
N Estimators: 3
================================================================================
Loading images from sunset area...
Found classes in sunset: ['garden', 'low_veg', 'trees']
Loading 5 images from sunset/garden
Loading 5 images from sunset/low_veg
Loading 5 images from sunset/trees
Loaded 15 images with 3 classes
Classes: [np.str_('garden'), np.str_('low_veg'), np.str_('trees')]
Image shape: (3, 128, 128)
Extracting wst features...
Feature matrix shape: (15, 486)
Applying SelectKBest feature selection (k=20)...
Selected features: ['R_wst_mean_9', 'R_wst_mean_11', 'R_wst_mean_13', 'R_wst_std_0', 'R_wst_std_10', 'R_wst_std_11', 'R_wst_std_12', 'R_wst_std_13', 'G_wst_mean_9', 'G_wst_mean_10', 'G_wst_mean_11', 'G_wst_std_10', 'G_wst_std_12', 'G_wst_std_13', 'G_wst_std_14', 'B_wst_mean_14', 'B_wst_std_12', 'B_wst_std_13', 'B_wst_std_14', 'B_wst_std_54']
Feature scores: [0.7514036  0.73473693 0.74732952 0.81537185 0.88981629 0.94259407
 0.84963111 0.80955341 0.97807026 0.76632423 0.73354645 0.73251471
 0.74023717 0.76023717 0.75849114 0.76807026 0.69862582 0.77225182
 0.75245939 0.70468161]
Training final Random Forest model...
Saving model and artifacts...
Saved trained model: /home/brusc/Projects/random_forest/experiments_organized_2/poisson_output/dataset_rgb_poisson_40/sunset/mini/k20/wst/trained_model.joblib
Saved scaler: /home/brusc/Projects/random_forest/experiments_organized_2/poisson_output/dataset_rgb_poisson_40/sunset/mini/k20/wst/scaler.joblib
Saved feature selector: /home/brusc/Projects/random_forest/experiments_organized_2/poisson_output/dataset_rgb_poisson_40/sunset/mini/k20/wst/feature_selector.joblib
Saved feature information: /home/brusc/Projects/random_forest/experiments_organized_2/poisson_output/dataset_rgb_poisson_40/sunset/mini/k20/wst/feature_names.json
Saved experiment report: /home/brusc/Projects/random_forest/experiments_organized_2/poisson_output/dataset_rgb_poisson_40/sunset/mini/k20/wst/experiment_report_with_model.json
Saved usage instructions: /home/brusc/Projects/random_forest/experiments_organized_2/poisson_output/dataset_rgb_poisson_40/sunset/mini/k20/wst/model_usage_instructions.md

================================================================================
TRAINING COMPLETED SUCCESSFULLY
================================================================================
Area: sunset
Dataset: /home/brusc/Projects/random_forest/datasets/dataset_rgb_poisson_40/mini
Feature method: wst
Total images: 15
Classes: ['garden', 'low_veg', 'trees']
Original features: 486
Selected features: 20
N estimators: 3

PERFORMANCE RESULTS:
Test Accuracy: 1.0000
CV Accuracy: 1.0000 ± 0.0000

Top 20 selected features:
  1. R_wst_mean_9: 0.7514
  2. R_wst_mean_11: 0.7347
  3. R_wst_mean_13: 0.7473
  4. R_wst_std_0: 0.8154
  5. R_wst_std_10: 0.8898
  6. R_wst_std_11: 0.9426
  7. R_wst_std_12: 0.8496
  8. R_wst_std_13: 0.8096
  9. G_wst_mean_9: 0.9781
  10. G_wst_mean_10: 0.7663
  11. G_wst_mean_11: 0.7335
  12. G_wst_std_10: 0.7325
  13. G_wst_std_12: 0.7402
  14. G_wst_std_13: 0.7602
  15. G_wst_std_14: 0.7585
  16. B_wst_mean_14: 0.7681
  17. B_wst_std_12: 0.6986
  18. B_wst_std_13: 0.7723
  19. B_wst_std_14: 0.7525
  20. B_wst_std_54: 0.7047

Model and artifacts saved to: /home/brusc/Projects/random_forest/experiments_organized_2/poisson_output/dataset_rgb_poisson_40/sunset/mini/k20/wst
================================================================================
