================================================================================
CONFIGURABLE RANDOM FOREST TRAINING SCRIPT
Dataset: /home/brusc/Projects/random_forest/datasets/dataset_rgb_poisson_60/original
Area: sunset
Feature Method: advanced_stats
K Features: 20
Output: /home/brusc/Projects/random_forest/experiments_organized_2/poisson_output/dataset_rgb_poisson_60/sunset/original/k20/advanced_stats
N Estimators: 50
================================================================================
Loading images from sunset area...
Found classes in sunset: ['garden', 'low_veg', 'trees']
Loading 40 images from sunset/garden
Loading 40 images from sunset/low_veg
Loading 40 images from sunset/trees
Loaded 120 images with 3 classes
Classes: [np.str_('garden'), np.str_('low_veg'), np.str_('trees')]
Image shape: (3, 128, 128)
Extracting advanced_stats features...
Feature matrix shape: (120, 54)
Applying SelectKBest feature selection (k=20)...
Selected features: ['R_std', 'R_var', 'R_range', 'R_iqr', 'R_mad', 'R_grad_mean', 'G_std', 'G_var', 'G_iqr', 'G_mad', 'B_mean', 'B_var', 'B_skew', 'B_p10', 'B_p25', 'B_p50', 'B_p75', 'B_iqr', 'B_mad', 'B_grad_mean']
Feature scores: [0.75455811 0.75345815 0.67091937 0.81745509 0.75053918 0.62651672
 0.72641086 0.72268617 0.66654631 0.71346359 0.67613501 0.62574253
 0.77314862 0.66676624 0.62876491 0.65708113 0.65763877 0.68528208
 0.65460794 0.63675555]
Training final Random Forest model...
Saving model and artifacts...
Saved trained model: /home/brusc/Projects/random_forest/experiments_organized_2/poisson_output/dataset_rgb_poisson_60/sunset/original/k20/advanced_stats/trained_model.joblib
Saved scaler: /home/brusc/Projects/random_forest/experiments_organized_2/poisson_output/dataset_rgb_poisson_60/sunset/original/k20/advanced_stats/scaler.joblib
Saved feature selector: /home/brusc/Projects/random_forest/experiments_organized_2/poisson_output/dataset_rgb_poisson_60/sunset/original/k20/advanced_stats/feature_selector.joblib
Saved feature information: /home/brusc/Projects/random_forest/experiments_organized_2/poisson_output/dataset_rgb_poisson_60/sunset/original/k20/advanced_stats/feature_names.json
Saved experiment report: /home/brusc/Projects/random_forest/experiments_organized_2/poisson_output/dataset_rgb_poisson_60/sunset/original/k20/advanced_stats/experiment_report_with_model.json
Saved usage instructions: /home/brusc/Projects/random_forest/experiments_organized_2/poisson_output/dataset_rgb_poisson_60/sunset/original/k20/advanced_stats/model_usage_instructions.md

================================================================================
TRAINING COMPLETED SUCCESSFULLY
================================================================================
Area: sunset
Dataset: /home/brusc/Projects/random_forest/datasets/dataset_rgb_poisson_60/original
Feature method: advanced_stats
Total images: 120
Classes: ['garden', 'low_veg', 'trees']
Original features: 54
Selected features: 20
N estimators: 50

PERFORMANCE RESULTS:
Test Accuracy: 0.9583
CV Accuracy: 0.9750 ± 0.0333

Top 20 selected features:
  1. R_std: 0.7546
  2. R_var: 0.7535
  3. R_range: 0.6709
  4. R_iqr: 0.8175
  5. R_mad: 0.7505
  6. R_grad_mean: 0.6265
  7. G_std: 0.7264
  8. G_var: 0.7227
  9. G_iqr: 0.6665
  10. G_mad: 0.7135
  11. B_mean: 0.6761
  12. B_var: 0.6257
  13. B_skew: 0.7731
  14. B_p10: 0.6668
  15. B_p25: 0.6288
  16. B_p50: 0.6571
  17. B_p75: 0.6576
  18. B_iqr: 0.6853
  19. B_mad: 0.6546
  20. B_grad_mean: 0.6368

Model and artifacts saved to: /home/brusc/Projects/random_forest/experiments_organized_2/poisson_output/dataset_rgb_poisson_60/sunset/original/k20/advanced_stats
================================================================================
