================================================================================
CONFIGURABLE RANDOM FOREST TRAINING SCRIPT
Dataset: /home/brusc/Projects/random_forest/datasets/dataset_rgb_poisson_40/mini
Area: assatigue
Feature Method: wst
K Features: 20
Output: /home/brusc/Projects/random_forest/experiments_organized_2/poisson_output/dataset_rgb_poisson_40/assatigue/mini/k20/wst
N Estimators: 3
================================================================================
Loading images from assatigue area...
Found classes in assatigue: ['low_veg', 'trees', 'water']
Loading 5 images from assatigue/low_veg
Loading 5 images from assatigue/trees
Loading 5 images from assatigue/water
Loaded 15 images with 3 classes
Classes: [np.str_('low_veg'), np.str_('trees'), np.str_('water')]
Image shape: (3, 128, 128)
Extracting wst features...
Feature matrix shape: (15, 486)
Applying SelectKBest feature selection (k=20)...
Selected features: ['R_wst_mean_55', 'G_wst_std_31', 'G_wst_std_58', 'B_wst_mean_22', 'B_wst_mean_38', 'B_wst_mean_41', 'B_wst_mean_43', 'B_wst_mean_44', 'B_wst_mean_46', 'B_wst_mean_47', 'B_wst_mean_48', 'B_wst_mean_54', 'B_wst_mean_67', 'B_wst_mean_68', 'B_wst_mean_75', 'B_wst_mean_76', 'B_wst_mean_77', 'B_wst_mean_78', 'B_wst_std_47', 'B_wst_std_49']
Feature scores: [0.91592741 0.87092741 0.89314963 0.85981629 0.86076868 0.85862582
 0.88378455 0.94751471 0.84870518 0.86418137 0.95981629 0.84648296
 0.95489566 0.8514036  0.87251471 0.89473693 0.90029249 0.9114036
 0.88203852 0.89489566]
Training final Random Forest model...
Saving model and artifacts...
Saved trained model: /home/brusc/Projects/random_forest/experiments_organized_2/poisson_output/dataset_rgb_poisson_40/assatigue/mini/k20/wst/trained_model.joblib
Saved scaler: /home/brusc/Projects/random_forest/experiments_organized_2/poisson_output/dataset_rgb_poisson_40/assatigue/mini/k20/wst/scaler.joblib
Saved feature selector: /home/brusc/Projects/random_forest/experiments_organized_2/poisson_output/dataset_rgb_poisson_40/assatigue/mini/k20/wst/feature_selector.joblib
Saved feature information: /home/brusc/Projects/random_forest/experiments_organized_2/poisson_output/dataset_rgb_poisson_40/assatigue/mini/k20/wst/feature_names.json
Saved experiment report: /home/brusc/Projects/random_forest/experiments_organized_2/poisson_output/dataset_rgb_poisson_40/assatigue/mini/k20/wst/experiment_report_with_model.json
Saved usage instructions: /home/brusc/Projects/random_forest/experiments_organized_2/poisson_output/dataset_rgb_poisson_40/assatigue/mini/k20/wst/model_usage_instructions.md

================================================================================
TRAINING COMPLETED SUCCESSFULLY
================================================================================
Area: assatigue
Dataset: /home/brusc/Projects/random_forest/datasets/dataset_rgb_poisson_40/mini
Feature method: wst
Total images: 15
Classes: ['low_veg', 'trees', 'water']
Original features: 486
Selected features: 20
N estimators: 3

PERFORMANCE RESULTS:
Test Accuracy: 1.0000
CV Accuracy: 0.8000 ± 0.1633

Top 20 selected features:
  1. R_wst_mean_55: 0.9159
  2. G_wst_std_31: 0.8709
  3. G_wst_std_58: 0.8931
  4. B_wst_mean_22: 0.8598
  5. B_wst_mean_38: 0.8608
  6. B_wst_mean_41: 0.8586
  7. B_wst_mean_43: 0.8838
  8. B_wst_mean_44: 0.9475
  9. B_wst_mean_46: 0.8487
  10. B_wst_mean_47: 0.8642
  11. B_wst_mean_48: 0.9598
  12. B_wst_mean_54: 0.8465
  13. B_wst_mean_67: 0.9549
  14. B_wst_mean_68: 0.8514
  15. B_wst_mean_75: 0.8725
  16. B_wst_mean_76: 0.8947
  17. B_wst_mean_77: 0.9003
  18. B_wst_mean_78: 0.9114
  19. B_wst_std_47: 0.8820
  20. B_wst_std_49: 0.8949

Model and artifacts saved to: /home/brusc/Projects/random_forest/experiments_organized_2/poisson_output/dataset_rgb_poisson_40/assatigue/mini/k20/wst
================================================================================
