================================================================================
CONFIGURABLE RANDOM FOREST TRAINING SCRIPT
Dataset: /home/brusc/Projects/random_forest/datasets/dataset_rgb_poisson_40/mini
Area: sunset
Feature Method: advanced_stats
K Features: 20
Output: /home/brusc/Projects/random_forest/experiments_organized_2/poisson_output/dataset_rgb_poisson_40/sunset/mini/k20/advanced_stats
N Estimators: 3
================================================================================
Loading images from sunset area...
Found classes in sunset: ['garden', 'low_veg', 'trees']
Loading 5 images from sunset/garden
Loading 5 images from sunset/low_veg
Loading 5 images from sunset/trees
Loaded 15 images with 3 classes
Classes: [np.str_('garden'), np.str_('low_veg'), np.str_('trees')]
Image shape: (3, 128, 128)
Extracting advanced_stats features...
Feature matrix shape: (15, 54)
Applying SelectKBest feature selection (k=20)...
Selected features: ['R_std', 'R_var', 'R_max', 'R_mad', 'R_grad_mean', 'G_var', 'G_max', 'G_range', 'G_iqr', 'G_mad', 'G_grad_mean', 'B_std', 'B_var', 'B_range', 'B_skew', 'B_kurt', 'B_p10', 'B_p50', 'B_p75', 'B_grad_mean']
Feature scores: [0.62973693 0.63807026 1.5772718  0.51418137 0.61180042 0.56981629
 1.75920302 0.51632423 0.50931365 0.52854645 0.58013376 0.56124487
 0.53180042 0.61187979 0.65785622 0.635634   0.52195675 0.51896733
 0.52256281 0.53436415]
Training final Random Forest model...
Saving model and artifacts...
Saved trained model: /home/brusc/Projects/random_forest/experiments_organized_2/poisson_output/dataset_rgb_poisson_40/sunset/mini/k20/advanced_stats/trained_model.joblib
Saved scaler: /home/brusc/Projects/random_forest/experiments_organized_2/poisson_output/dataset_rgb_poisson_40/sunset/mini/k20/advanced_stats/scaler.joblib
Saved feature selector: /home/brusc/Projects/random_forest/experiments_organized_2/poisson_output/dataset_rgb_poisson_40/sunset/mini/k20/advanced_stats/feature_selector.joblib
Saved feature information: /home/brusc/Projects/random_forest/experiments_organized_2/poisson_output/dataset_rgb_poisson_40/sunset/mini/k20/advanced_stats/feature_names.json
Saved experiment report: /home/brusc/Projects/random_forest/experiments_organized_2/poisson_output/dataset_rgb_poisson_40/sunset/mini/k20/advanced_stats/experiment_report_with_model.json
Saved usage instructions: /home/brusc/Projects/random_forest/experiments_organized_2/poisson_output/dataset_rgb_poisson_40/sunset/mini/k20/advanced_stats/model_usage_instructions.md

================================================================================
TRAINING COMPLETED SUCCESSFULLY
================================================================================
Area: sunset
Dataset: /home/brusc/Projects/random_forest/datasets/dataset_rgb_poisson_40/mini
Feature method: advanced_stats
Total images: 15
Classes: ['garden', 'low_veg', 'trees']
Original features: 54
Selected features: 20
N estimators: 3

PERFORMANCE RESULTS:
Test Accuracy: 0.6667
CV Accuracy: 0.6667 ± 0.2108

Top 20 selected features:
  1. R_std: 0.6297
  2. R_var: 0.6381
  3. R_max: 1.5773
  4. R_mad: 0.5142
  5. R_grad_mean: 0.6118
  6. G_var: 0.5698
  7. G_max: 1.7592
  8. G_range: 0.5163
  9. G_iqr: 0.5093
  10. G_mad: 0.5285
  11. G_grad_mean: 0.5801
  12. B_std: 0.5612
  13. B_var: 0.5318
  14. B_range: 0.6119
  15. B_skew: 0.6579
  16. B_kurt: 0.6356
  17. B_p10: 0.5220
  18. B_p50: 0.5190
  19. B_p75: 0.5226
  20. B_grad_mean: 0.5344

Model and artifacts saved to: /home/brusc/Projects/random_forest/experiments_organized_2/poisson_output/dataset_rgb_poisson_40/sunset/mini/k20/advanced_stats
================================================================================
