================================================================================
CONFIGURABLE RANDOM FOREST TRAINING SCRIPT
Dataset: /home/brusc/Projects/random_forest/datasets/dataset_rgb_poisson_40/mini
Area: assatigue
Feature Method: hybrid
K Features: 20
Output: /home/brusc/Projects/random_forest/experiments_organized_2/poisson_output/dataset_rgb_poisson_40/assatigue/mini/k20/hybrid
N Estimators: 3
================================================================================
Loading images from assatigue area...
Found classes in assatigue: ['low_veg', 'trees', 'water']
Loading 5 images from assatigue/low_veg
Loading 5 images from assatigue/trees
Loading 5 images from assatigue/water
Loaded 15 images with 3 classes
Classes: [np.str_('low_veg'), np.str_('trees'), np.str_('water')]
Image shape: (3, 128, 128)
Extracting hybrid features...
Feature matrix shape: (15, 540)
Applying SelectKBest feature selection (k=20)...
Selected features: ['R_max', 'R_range', 'B_max', 'B_p10', 'B_wst_mean_0', 'B_wst_mean_22', 'B_wst_mean_23', 'B_wst_mean_28', 'B_wst_mean_40', 'B_wst_mean_44', 'B_wst_mean_46', 'B_wst_mean_47', 'B_wst_mean_48', 'B_wst_mean_52', 'B_wst_mean_56', 'B_wst_mean_67', 'B_wst_mean_74', 'B_wst_mean_76', 'B_wst_std_48', 'B_wst_std_49']
Feature scores: [1.6979711  1.05703852 1.04308229 0.88426074 0.86870518 0.90426074
 0.87092741 0.86489566 0.90703852 0.96973693 0.92037185 0.90307026
 0.89314963 0.89870518 0.95981629 0.90822899 0.86537185 0.92092741
 0.90267344 0.90267344]
Training final Random Forest model...
Saving model and artifacts...
Saved trained model: /home/brusc/Projects/random_forest/experiments_organized_2/poisson_output/dataset_rgb_poisson_40/assatigue/mini/k20/hybrid/trained_model.joblib
Saved scaler: /home/brusc/Projects/random_forest/experiments_organized_2/poisson_output/dataset_rgb_poisson_40/assatigue/mini/k20/hybrid/scaler.joblib
Saved feature selector: /home/brusc/Projects/random_forest/experiments_organized_2/poisson_output/dataset_rgb_poisson_40/assatigue/mini/k20/hybrid/feature_selector.joblib
Saved feature information: /home/brusc/Projects/random_forest/experiments_organized_2/poisson_output/dataset_rgb_poisson_40/assatigue/mini/k20/hybrid/feature_names.json
Saved experiment report: /home/brusc/Projects/random_forest/experiments_organized_2/poisson_output/dataset_rgb_poisson_40/assatigue/mini/k20/hybrid/experiment_report_with_model.json
Saved usage instructions: /home/brusc/Projects/random_forest/experiments_organized_2/poisson_output/dataset_rgb_poisson_40/assatigue/mini/k20/hybrid/model_usage_instructions.md

================================================================================
TRAINING COMPLETED SUCCESSFULLY
================================================================================
Area: assatigue
Dataset: /home/brusc/Projects/random_forest/datasets/dataset_rgb_poisson_40/mini
Feature method: hybrid
Total images: 15
Classes: ['low_veg', 'trees', 'water']
Original features: 540
Selected features: 20
N estimators: 3

PERFORMANCE RESULTS:
Test Accuracy: 1.0000
CV Accuracy: 0.8000 ± 0.1633

Top 20 selected features:
  1. R_max: 1.6980
  2. R_range: 1.0570
  3. B_max: 1.0431
  4. B_p10: 0.8843
  5. B_wst_mean_0: 0.8687
  6. B_wst_mean_22: 0.9043
  7. B_wst_mean_23: 0.8709
  8. B_wst_mean_28: 0.8649
  9. B_wst_mean_40: 0.9070
  10. B_wst_mean_44: 0.9697
  11. B_wst_mean_46: 0.9204
  12. B_wst_mean_47: 0.9031
  13. B_wst_mean_48: 0.8931
  14. B_wst_mean_52: 0.8987
  15. B_wst_mean_56: 0.9598
  16. B_wst_mean_67: 0.9082
  17. B_wst_mean_74: 0.8654
  18. B_wst_mean_76: 0.9209
  19. B_wst_std_48: 0.9027
  20. B_wst_std_49: 0.9027

Model and artifacts saved to: /home/brusc/Projects/random_forest/experiments_organized_2/poisson_output/dataset_rgb_poisson_40/assatigue/mini/k20/hybrid
================================================================================
