================================================================================
CONFIGURABLE RANDOM FOREST TRAINING SCRIPT
Dataset: /home/brusc/Projects/random_forest/datasets/dataset_rgb_poisson_40/original
Area: sunset
Feature Method: hybrid
K Features: 5
Output: /home/brusc/Projects/random_forest/experiments_organized_2/poisson_output/dataset_rgb_poisson_40/sunset/original/k5/hybrid
N Estimators: 50
================================================================================
Loading images from sunset area...
Found classes in sunset: ['garden', 'low_veg', 'trees']
Loading 40 images from sunset/garden
Loading 40 images from sunset/low_veg
Loading 40 images from sunset/trees
Loaded 120 images with 3 classes
Classes: [np.str_('garden'), np.str_('low_veg'), np.str_('trees')]
Image shape: (3, 128, 128)
Extracting hybrid features...
Feature matrix shape: (120, 540)
Applying SelectKBest feature selection (k=5)...
Selected features: ['R_iqr', 'G_iqr', 'B_skew', 'R_wst_std_0', 'R_wst_std_12']
Feature scores: [0.73643286 0.7255793  0.75586646 0.85118366 0.73265919]
Training final Random Forest model...
Saving model and artifacts...
Saved trained model: /home/brusc/Projects/random_forest/experiments_organized_2/poisson_output/dataset_rgb_poisson_40/sunset/original/k5/hybrid/trained_model.joblib
Saved scaler: /home/brusc/Projects/random_forest/experiments_organized_2/poisson_output/dataset_rgb_poisson_40/sunset/original/k5/hybrid/scaler.joblib
Saved feature selector: /home/brusc/Projects/random_forest/experiments_organized_2/poisson_output/dataset_rgb_poisson_40/sunset/original/k5/hybrid/feature_selector.joblib
Saved feature information: /home/brusc/Projects/random_forest/experiments_organized_2/poisson_output/dataset_rgb_poisson_40/sunset/original/k5/hybrid/feature_names.json
Saved experiment report: /home/brusc/Projects/random_forest/experiments_organized_2/poisson_output/dataset_rgb_poisson_40/sunset/original/k5/hybrid/experiment_report_with_model.json
Saved usage instructions: /home/brusc/Projects/random_forest/experiments_organized_2/poisson_output/dataset_rgb_poisson_40/sunset/original/k5/hybrid/model_usage_instructions.md

================================================================================
TRAINING COMPLETED SUCCESSFULLY
================================================================================
Area: sunset
Dataset: /home/brusc/Projects/random_forest/datasets/dataset_rgb_poisson_40/original
Feature method: hybrid
Total images: 120
Classes: ['garden', 'low_veg', 'trees']
Original features: 540
Selected features: 5
N estimators: 50

PERFORMANCE RESULTS:
Test Accuracy: 0.9583
CV Accuracy: 0.9833 ± 0.0204

Top 5 selected features:
  1. R_iqr: 0.7364
  2. G_iqr: 0.7256
  3. B_skew: 0.7559
  4. R_wst_std_0: 0.8512
  5. R_wst_std_12: 0.7327

Model and artifacts saved to: /home/brusc/Projects/random_forest/experiments_organized_2/poisson_output/dataset_rgb_poisson_40/sunset/original/k5/hybrid
================================================================================
