================================================================================
CONFIGURABLE RANDOM FOREST TRAINING SCRIPT
Dataset: /home/brusc/Projects/random_forest/datasets/dataset_rgb_poisson_60/mini
Area: popolar
Feature Method: wst
K Features: 20
Output: /home/brusc/Projects/random_forest/experiments_organized_2/poisson_output/dataset_rgb_poisson_60/popolar/mini/k20/wst
N Estimators: 3
================================================================================
Loading images from popolar area...
Found classes in popolar: ['low_veg', 'trees', 'water']
Loading 5 images from popolar/low_veg
Loading 5 images from popolar/trees
Loading 5 images from popolar/water
Loaded 15 images with 3 classes
Classes: [np.str_('low_veg'), np.str_('trees'), np.str_('water')]
Image shape: (3, 128, 128)
Extracting wst features...
Feature matrix shape: (15, 486)
Applying SelectKBest feature selection (k=20)...
Selected features: ['R_wst_mean_0', 'R_wst_mean_40', 'R_wst_std_0', 'R_wst_std_48', 'G_wst_std_0', 'B_wst_mean_0', 'B_wst_mean_22', 'B_wst_mean_31', 'B_wst_mean_39', 'B_wst_mean_41', 'B_wst_mean_48', 'B_wst_mean_54', 'B_wst_mean_56', 'B_wst_mean_75', 'B_wst_mean_76', 'B_wst_mean_77', 'B_wst_std_21', 'B_wst_std_31', 'B_wst_std_38', 'B_wst_std_76']
Feature scores: [0.86960225 0.90579273 0.81537185 0.86037185 0.9693401  0.92037185
 0.8984423  0.97314963 0.92870518 0.83510897 0.81960225 0.92182447
 0.87023717 0.90203852 0.88918137 0.84288674 0.82648296 0.83537185
 0.81473693 0.81259407]
Training final Random Forest model...
Saving model and artifacts...
Saved trained model: /home/brusc/Projects/random_forest/experiments_organized_2/poisson_output/dataset_rgb_poisson_60/popolar/mini/k20/wst/trained_model.joblib
Saved scaler: /home/brusc/Projects/random_forest/experiments_organized_2/poisson_output/dataset_rgb_poisson_60/popolar/mini/k20/wst/scaler.joblib
Saved feature selector: /home/brusc/Projects/random_forest/experiments_organized_2/poisson_output/dataset_rgb_poisson_60/popolar/mini/k20/wst/feature_selector.joblib
Saved feature information: /home/brusc/Projects/random_forest/experiments_organized_2/poisson_output/dataset_rgb_poisson_60/popolar/mini/k20/wst/feature_names.json
Saved experiment report: /home/brusc/Projects/random_forest/experiments_organized_2/poisson_output/dataset_rgb_poisson_60/popolar/mini/k20/wst/experiment_report_with_model.json
Saved usage instructions: /home/brusc/Projects/random_forest/experiments_organized_2/poisson_output/dataset_rgb_poisson_60/popolar/mini/k20/wst/model_usage_instructions.md

================================================================================
TRAINING COMPLETED SUCCESSFULLY
================================================================================
Area: popolar
Dataset: /home/brusc/Projects/random_forest/datasets/dataset_rgb_poisson_60/mini
Feature method: wst
Total images: 15
Classes: ['low_veg', 'trees', 'water']
Original features: 486
Selected features: 20
N estimators: 3

PERFORMANCE RESULTS:
Test Accuracy: 1.0000
CV Accuracy: 1.0000 ± 0.0000

Top 20 selected features:
  1. R_wst_mean_0: 0.8696
  2. R_wst_mean_40: 0.9058
  3. R_wst_std_0: 0.8154
  4. R_wst_std_48: 0.8604
  5. G_wst_std_0: 0.9693
  6. B_wst_mean_0: 0.9204
  7. B_wst_mean_22: 0.8984
  8. B_wst_mean_31: 0.9731
  9. B_wst_mean_39: 0.9287
  10. B_wst_mean_41: 0.8351
  11. B_wst_mean_48: 0.8196
  12. B_wst_mean_54: 0.9218
  13. B_wst_mean_56: 0.8702
  14. B_wst_mean_75: 0.9020
  15. B_wst_mean_76: 0.8892
  16. B_wst_mean_77: 0.8429
  17. B_wst_std_21: 0.8265
  18. B_wst_std_31: 0.8354
  19. B_wst_std_38: 0.8147
  20. B_wst_std_76: 0.8126

Model and artifacts saved to: /home/brusc/Projects/random_forest/experiments_organized_2/poisson_output/dataset_rgb_poisson_60/popolar/mini/k20/wst
================================================================================
