================================================================================
CONFIGURABLE RANDOM FOREST TRAINING SCRIPT
Dataset: /home/brusc/Projects/random_forest/datasets/dataset_rgb_poisson_40/small
Area: assatigue
Feature Method: hybrid
K Features: 20
Output: /home/brusc/Projects/random_forest/experiments_organized_2/poisson_output/dataset_rgb_poisson_40/assatigue/small/k20/hybrid
N Estimators: 10
================================================================================
Loading images from assatigue area...
Found classes in assatigue: ['low_veg', 'trees', 'water']
Loading 15 images from assatigue/low_veg
Loading 15 images from assatigue/trees
Loading 15 images from assatigue/water
Loaded 45 images with 3 classes
Classes: [np.str_('low_veg'), np.str_('trees'), np.str_('water')]
Image shape: (3, 128, 128)
Extracting hybrid features...
Feature matrix shape: (45, 540)
Applying SelectKBest feature selection (k=20)...
Selected features: ['R_std', 'R_var', 'R_min', 'R_range', 'R_cv', 'R_mad', 'G_std', 'G_var', 'G_cv', 'G_p10', 'G_mad', 'B_cv', 'B_p10', 'R_wst_mean_65', 'R_wst_std_0', 'R_wst_std_56', 'G_wst_std_0', 'B_wst_mean_1', 'B_wst_mean_4', 'B_wst_mean_30']
Feature scores: [0.89234859 0.88878733 0.81475294 0.83839276 0.88022608 0.83161957
 0.87478999 0.86451718 0.92260081 0.80433817 0.85622064 0.87870725
 0.83815682 0.84944399 0.88511915 0.82484883 0.85898158 0.83966445
 0.78634875 0.80184098]
Training final Random Forest model...
Saving model and artifacts...
Saved trained model: /home/brusc/Projects/random_forest/experiments_organized_2/poisson_output/dataset_rgb_poisson_40/assatigue/small/k20/hybrid/trained_model.joblib
Saved scaler: /home/brusc/Projects/random_forest/experiments_organized_2/poisson_output/dataset_rgb_poisson_40/assatigue/small/k20/hybrid/scaler.joblib
Saved feature selector: /home/brusc/Projects/random_forest/experiments_organized_2/poisson_output/dataset_rgb_poisson_40/assatigue/small/k20/hybrid/feature_selector.joblib
Saved feature information: /home/brusc/Projects/random_forest/experiments_organized_2/poisson_output/dataset_rgb_poisson_40/assatigue/small/k20/hybrid/feature_names.json
Saved experiment report: /home/brusc/Projects/random_forest/experiments_organized_2/poisson_output/dataset_rgb_poisson_40/assatigue/small/k20/hybrid/experiment_report_with_model.json
Saved usage instructions: /home/brusc/Projects/random_forest/experiments_organized_2/poisson_output/dataset_rgb_poisson_40/assatigue/small/k20/hybrid/model_usage_instructions.md

================================================================================
TRAINING COMPLETED SUCCESSFULLY
================================================================================
Area: assatigue
Dataset: /home/brusc/Projects/random_forest/datasets/dataset_rgb_poisson_40/small
Feature method: hybrid
Total images: 45
Classes: ['low_veg', 'trees', 'water']
Original features: 540
Selected features: 20
N estimators: 10

PERFORMANCE RESULTS:
Test Accuracy: 0.8889
CV Accuracy: 0.8889 ± 0.0703

Top 20 selected features:
  1. R_std: 0.8923
  2. R_var: 0.8888
  3. R_min: 0.8148
  4. R_range: 0.8384
  5. R_cv: 0.8802
  6. R_mad: 0.8316
  7. G_std: 0.8748
  8. G_var: 0.8645
  9. G_cv: 0.9226
  10. G_p10: 0.8043
  11. G_mad: 0.8562
  12. B_cv: 0.8787
  13. B_p10: 0.8382
  14. R_wst_mean_65: 0.8494
  15. R_wst_std_0: 0.8851
  16. R_wst_std_56: 0.8248
  17. G_wst_std_0: 0.8590
  18. B_wst_mean_1: 0.8397
  19. B_wst_mean_4: 0.7863
  20. B_wst_mean_30: 0.8018

Model and artifacts saved to: /home/brusc/Projects/random_forest/experiments_organized_2/poisson_output/dataset_rgb_poisson_40/assatigue/small/k20/hybrid
================================================================================
