================================================================================
CONFIGURABLE RANDOM FOREST TRAINING SCRIPT
Dataset: /home/brusc/Projects/random_forest/datasets/dataset_rgb_poisson_40/original
Area: sunset
Feature Method: advanced_stats
K Features: 20
Output: /home/brusc/Projects/random_forest/experiments_organized_2/poisson_output/dataset_rgb_poisson_40/sunset/original/k20/advanced_stats
N Estimators: 50
================================================================================
Loading images from sunset area...
Found classes in sunset: ['garden', 'low_veg', 'trees']
Loading 40 images from sunset/garden
Loading 40 images from sunset/low_veg
Loading 40 images from sunset/trees
Loaded 120 images with 3 classes
Classes: [np.str_('garden'), np.str_('low_veg'), np.str_('trees')]
Image shape: (3, 128, 128)
Extracting advanced_stats features...
Feature matrix shape: (120, 54)
Applying SelectKBest feature selection (k=20)...
Selected features: ['R_std', 'R_var', 'R_iqr', 'R_mad', 'G_std', 'G_var', 'G_iqr', 'G_mad', 'B_mean', 'B_max', 'B_range', 'B_skew', 'B_kurt', 'B_cv', 'B_p25', 'B_p50', 'B_p90', 'B_iqr', 'B_mad', 'B_grad_mean']
Feature scores: [0.69833992 0.69884269 0.70473677 0.69112186 0.67407486 0.67329494
 0.72926388 0.635057   0.66981256 0.62985359 0.62080467 0.75586646
 0.62487161 0.62261223 0.68548717 0.69059991 0.63201301 0.69454422
 0.61837533 0.63357143]
Training final Random Forest model...
Saving model and artifacts...
Saved trained model: /home/brusc/Projects/random_forest/experiments_organized_2/poisson_output/dataset_rgb_poisson_40/sunset/original/k20/advanced_stats/trained_model.joblib
Saved scaler: /home/brusc/Projects/random_forest/experiments_organized_2/poisson_output/dataset_rgb_poisson_40/sunset/original/k20/advanced_stats/scaler.joblib
Saved feature selector: /home/brusc/Projects/random_forest/experiments_organized_2/poisson_output/dataset_rgb_poisson_40/sunset/original/k20/advanced_stats/feature_selector.joblib
Saved feature information: /home/brusc/Projects/random_forest/experiments_organized_2/poisson_output/dataset_rgb_poisson_40/sunset/original/k20/advanced_stats/feature_names.json
Saved experiment report: /home/brusc/Projects/random_forest/experiments_organized_2/poisson_output/dataset_rgb_poisson_40/sunset/original/k20/advanced_stats/experiment_report_with_model.json
Saved usage instructions: /home/brusc/Projects/random_forest/experiments_organized_2/poisson_output/dataset_rgb_poisson_40/sunset/original/k20/advanced_stats/model_usage_instructions.md

================================================================================
TRAINING COMPLETED SUCCESSFULLY
================================================================================
Area: sunset
Dataset: /home/brusc/Projects/random_forest/datasets/dataset_rgb_poisson_40/original
Feature method: advanced_stats
Total images: 120
Classes: ['garden', 'low_veg', 'trees']
Original features: 54
Selected features: 20
N estimators: 50

PERFORMANCE RESULTS:
Test Accuracy: 0.9583
CV Accuracy: 0.9750 ± 0.0333

Top 20 selected features:
  1. R_std: 0.6983
  2. R_var: 0.6988
  3. R_iqr: 0.7047
  4. R_mad: 0.6911
  5. G_std: 0.6741
  6. G_var: 0.6733
  7. G_iqr: 0.7293
  8. G_mad: 0.6351
  9. B_mean: 0.6698
  10. B_max: 0.6299
  11. B_range: 0.6208
  12. B_skew: 0.7559
  13. B_kurt: 0.6249
  14. B_cv: 0.6226
  15. B_p25: 0.6855
  16. B_p50: 0.6906
  17. B_p90: 0.6320
  18. B_iqr: 0.6945
  19. B_mad: 0.6184
  20. B_grad_mean: 0.6336

Model and artifacts saved to: /home/brusc/Projects/random_forest/experiments_organized_2/poisson_output/dataset_rgb_poisson_40/sunset/original/k20/advanced_stats
================================================================================
