================================================================================
CONFIGURABLE RANDOM FOREST TRAINING SCRIPT
Dataset: /home/brusc/Projects/random_forest/datasets/dataset_rgb_poisson_60/small
Area: sunset
Feature Method: wst
K Features: 20
Output: /home/brusc/Projects/random_forest/experiments_organized_2/poisson_output/dataset_rgb_poisson_60/sunset/small/k20/wst
N Estimators: 10
================================================================================
Loading images from sunset area...
Found classes in sunset: ['garden', 'low_veg', 'trees']
Loading 15 images from sunset/garden
Loading 15 images from sunset/low_veg
Loading 15 images from sunset/trees
Loaded 45 images with 3 classes
Classes: [np.str_('garden'), np.str_('low_veg'), np.str_('trees')]
Image shape: (3, 128, 128)
Extracting wst features...
Feature matrix shape: (45, 486)
Applying SelectKBest feature selection (k=20)...
Selected features: ['R_wst_mean_10', 'R_wst_mean_11', 'R_wst_mean_13', 'R_wst_std_0', 'R_wst_std_10', 'R_wst_std_13', 'G_wst_mean_10', 'G_wst_mean_11', 'G_wst_mean_12', 'G_wst_mean_13', 'G_wst_std_11', 'G_wst_std_13', 'B_wst_mean_9', 'B_wst_mean_10', 'B_wst_mean_11', 'B_wst_mean_12', 'B_wst_mean_13', 'B_wst_mean_14', 'B_wst_mean_15', 'B_wst_mean_16']
Feature scores: [0.87475527 0.8548505  0.79675054 0.77971101 0.80908244 0.74857097
 0.79489348 0.9012741  0.81614165 0.76437633 0.76083679 0.80407282
 0.87647676 0.81232968 0.8411141  0.89648311 0.93843252 0.85400384
 0.80875423 0.7749888 ]
Training final Random Forest model...
Saving model and artifacts...
Saved trained model: /home/brusc/Projects/random_forest/experiments_organized_2/poisson_output/dataset_rgb_poisson_60/sunset/small/k20/wst/trained_model.joblib
Saved scaler: /home/brusc/Projects/random_forest/experiments_organized_2/poisson_output/dataset_rgb_poisson_60/sunset/small/k20/wst/scaler.joblib
Saved feature selector: /home/brusc/Projects/random_forest/experiments_organized_2/poisson_output/dataset_rgb_poisson_60/sunset/small/k20/wst/feature_selector.joblib
Saved feature information: /home/brusc/Projects/random_forest/experiments_organized_2/poisson_output/dataset_rgb_poisson_60/sunset/small/k20/wst/feature_names.json
Saved experiment report: /home/brusc/Projects/random_forest/experiments_organized_2/poisson_output/dataset_rgb_poisson_60/sunset/small/k20/wst/experiment_report_with_model.json
Saved usage instructions: /home/brusc/Projects/random_forest/experiments_organized_2/poisson_output/dataset_rgb_poisson_60/sunset/small/k20/wst/model_usage_instructions.md

================================================================================
TRAINING COMPLETED SUCCESSFULLY
================================================================================
Area: sunset
Dataset: /home/brusc/Projects/random_forest/datasets/dataset_rgb_poisson_60/small
Feature method: wst
Total images: 45
Classes: ['garden', 'low_veg', 'trees']
Original features: 486
Selected features: 20
N estimators: 10

PERFORMANCE RESULTS:
Test Accuracy: 1.0000
CV Accuracy: 0.9333 ± 0.0544

Top 20 selected features:
  1. R_wst_mean_10: 0.8748
  2. R_wst_mean_11: 0.8549
  3. R_wst_mean_13: 0.7968
  4. R_wst_std_0: 0.7797
  5. R_wst_std_10: 0.8091
  6. R_wst_std_13: 0.7486
  7. G_wst_mean_10: 0.7949
  8. G_wst_mean_11: 0.9013
  9. G_wst_mean_12: 0.8161
  10. G_wst_mean_13: 0.7644
  11. G_wst_std_11: 0.7608
  12. G_wst_std_13: 0.8041
  13. B_wst_mean_9: 0.8765
  14. B_wst_mean_10: 0.8123
  15. B_wst_mean_11: 0.8411
  16. B_wst_mean_12: 0.8965
  17. B_wst_mean_13: 0.9384
  18. B_wst_mean_14: 0.8540
  19. B_wst_mean_15: 0.8088
  20. B_wst_mean_16: 0.7750

Model and artifacts saved to: /home/brusc/Projects/random_forest/experiments_organized_2/poisson_output/dataset_rgb_poisson_60/sunset/small/k20/wst
================================================================================
