================================================================================
CONFIGURABLE RANDOM FOREST TRAINING SCRIPT
Dataset: /home/brusc/Projects/random_forest/datasets/dataset_rgb_poisson_60/original
Area: assatigue
Feature Method: hybrid
K Features: 20
Output: /home/brusc/Projects/random_forest/experiments_organized_2/poisson_output/dataset_rgb_poisson_60/assatigue/original/k20/hybrid
N Estimators: 50
================================================================================
Loading images from assatigue area...
Found classes in assatigue: ['low_veg', 'trees', 'water']
Loading 40 images from assatigue/low_veg
Loading 36 images from assatigue/trees
Loading 40 images from assatigue/water
Loaded 116 images with 3 classes
Classes: [np.str_('low_veg'), np.str_('trees'), np.str_('water')]
Image shape: (3, 128, 128)
Extracting hybrid features...
Feature matrix shape: (116, 540)
Applying SelectKBest feature selection (k=20)...
Selected features: ['R_std', 'R_var', 'R_min', 'R_cv', 'R_mad', 'G_std', 'G_var', 'G_min', 'G_range', 'G_cv', 'G_iqr', 'G_mad', 'B_min', 'B_cv', 'B_p10', 'B_p25', 'R_wst_mean_3', 'R_wst_mean_4', 'R_wst_std_0', 'G_wst_std_0']
Feature scores: [0.84790401 0.84909383 0.7530331  0.88420057 0.88650824 0.87453676
 0.87438233 0.83604626 0.84250914 0.92643513 0.84908894 0.90484624
 0.75019666 0.88205069 0.8189577  0.74409575 0.75129039 0.76176228
 0.91771542 0.90821763]
Training final Random Forest model...
Saving model and artifacts...
Saved trained model: /home/brusc/Projects/random_forest/experiments_organized_2/poisson_output/dataset_rgb_poisson_60/assatigue/original/k20/hybrid/trained_model.joblib
Saved scaler: /home/brusc/Projects/random_forest/experiments_organized_2/poisson_output/dataset_rgb_poisson_60/assatigue/original/k20/hybrid/scaler.joblib
Saved feature selector: /home/brusc/Projects/random_forest/experiments_organized_2/poisson_output/dataset_rgb_poisson_60/assatigue/original/k20/hybrid/feature_selector.joblib
Saved feature information: /home/brusc/Projects/random_forest/experiments_organized_2/poisson_output/dataset_rgb_poisson_60/assatigue/original/k20/hybrid/feature_names.json
Saved experiment report: /home/brusc/Projects/random_forest/experiments_organized_2/poisson_output/dataset_rgb_poisson_60/assatigue/original/k20/hybrid/experiment_report_with_model.json
Saved usage instructions: /home/brusc/Projects/random_forest/experiments_organized_2/poisson_output/dataset_rgb_poisson_60/assatigue/original/k20/hybrid/model_usage_instructions.md

================================================================================
TRAINING COMPLETED SUCCESSFULLY
================================================================================
Area: assatigue
Dataset: /home/brusc/Projects/random_forest/datasets/dataset_rgb_poisson_60/original
Feature method: hybrid
Total images: 116
Classes: ['low_veg', 'water', 'trees']
Original features: 540
Selected features: 20
N estimators: 50

PERFORMANCE RESULTS:
Test Accuracy: 0.9167
CV Accuracy: 0.9312 ± 0.0441

Top 20 selected features:
  1. R_std: 0.8479
  2. R_var: 0.8491
  3. R_min: 0.7530
  4. R_cv: 0.8842
  5. R_mad: 0.8865
  6. G_std: 0.8745
  7. G_var: 0.8744
  8. G_min: 0.8360
  9. G_range: 0.8425
  10. G_cv: 0.9264
  11. G_iqr: 0.8491
  12. G_mad: 0.9048
  13. B_min: 0.7502
  14. B_cv: 0.8821
  15. B_p10: 0.8190
  16. B_p25: 0.7441
  17. R_wst_mean_3: 0.7513
  18. R_wst_mean_4: 0.7618
  19. R_wst_std_0: 0.9177
  20. G_wst_std_0: 0.9082

Model and artifacts saved to: /home/brusc/Projects/random_forest/experiments_organized_2/poisson_output/dataset_rgb_poisson_60/assatigue/original/k20/hybrid
================================================================================
