================================================================================
CONFIGURABLE RANDOM FOREST TRAINING SCRIPT
Dataset: /home/brusc/Projects/random_forest/datasets/dataset_rgb_poisson_40/small
Area: sunset
Feature Method: advanced_stats
K Features: 10
Output: /home/brusc/Projects/random_forest/experiments_organized_2/poisson_output/dataset_rgb_poisson_40/sunset/small/k10/advanced_stats
N Estimators: 10
================================================================================
Loading images from sunset area...
Found classes in sunset: ['garden', 'low_veg', 'trees']
Loading 15 images from sunset/garden
Loading 15 images from sunset/low_veg
Loading 15 images from sunset/trees
Loaded 45 images with 3 classes
Classes: [np.str_('garden'), np.str_('low_veg'), np.str_('trees')]
Image shape: (3, 128, 128)
Extracting advanced_stats features...
Feature matrix shape: (45, 54)
Applying SelectKBest feature selection (k=10)...
Selected features: ['R_var', 'R_mad', 'G_std', 'G_var', 'G_mad', 'B_std', 'B_var', 'B_max', 'B_range', 'B_mad']
Feature scores: [0.62913628 0.64735848 0.66490868 0.66046424 0.64321556 0.64169256
 0.64086952 0.69182343 0.67071232 0.7089642 ]
Training final Random Forest model...
Saving model and artifacts...
Saved trained model: /home/brusc/Projects/random_forest/experiments_organized_2/poisson_output/dataset_rgb_poisson_40/sunset/small/k10/advanced_stats/trained_model.joblib
Saved scaler: /home/brusc/Projects/random_forest/experiments_organized_2/poisson_output/dataset_rgb_poisson_40/sunset/small/k10/advanced_stats/scaler.joblib
Saved feature selector: /home/brusc/Projects/random_forest/experiments_organized_2/poisson_output/dataset_rgb_poisson_40/sunset/small/k10/advanced_stats/feature_selector.joblib
Saved feature information: /home/brusc/Projects/random_forest/experiments_organized_2/poisson_output/dataset_rgb_poisson_40/sunset/small/k10/advanced_stats/feature_names.json
Saved experiment report: /home/brusc/Projects/random_forest/experiments_organized_2/poisson_output/dataset_rgb_poisson_40/sunset/small/k10/advanced_stats/experiment_report_with_model.json
Saved usage instructions: /home/brusc/Projects/random_forest/experiments_organized_2/poisson_output/dataset_rgb_poisson_40/sunset/small/k10/advanced_stats/model_usage_instructions.md

================================================================================
TRAINING COMPLETED SUCCESSFULLY
================================================================================
Area: sunset
Dataset: /home/brusc/Projects/random_forest/datasets/dataset_rgb_poisson_40/small
Feature method: advanced_stats
Total images: 45
Classes: ['garden', 'low_veg', 'trees']
Original features: 54
Selected features: 10
N estimators: 10

PERFORMANCE RESULTS:
Test Accuracy: 1.0000
CV Accuracy: 0.8889 ± 0.1217

Top 10 selected features:
  1. R_var: 0.6291
  2. R_mad: 0.6474
  3. G_std: 0.6649
  4. G_var: 0.6605
  5. G_mad: 0.6432
  6. B_std: 0.6417
  7. B_var: 0.6409
  8. B_max: 0.6918
  9. B_range: 0.6707
  10. B_mad: 0.7090

Model and artifacts saved to: /home/brusc/Projects/random_forest/experiments_organized_2/poisson_output/dataset_rgb_poisson_40/sunset/small/k10/advanced_stats
================================================================================
