================================================================================
CONFIGURABLE RANDOM FOREST TRAINING SCRIPT
Dataset: /home/brusc/Projects/random_forest/datasets/dataset_rgb_poisson_40/original
Area: popolar
Feature Method: advanced_stats
K Features: 20
Output: /home/brusc/Projects/random_forest/experiments_organized_2/poisson_output/dataset_rgb_poisson_40/popolar/original/k20/advanced_stats
N Estimators: 50
================================================================================
Loading images from popolar area...
Found classes in popolar: ['low_veg', 'trees', 'water']
Loading 41 images from popolar/low_veg
Loading 40 images from popolar/trees
Loading 40 images from popolar/water
Loaded 121 images with 3 classes
Classes: [np.str_('low_veg'), np.str_('trees'), np.str_('water')]
Image shape: (3, 128, 128)
Extracting advanced_stats features...
Feature matrix shape: (121, 54)
Applying SelectKBest feature selection (k=20)...
Selected features: ['R_std', 'R_var', 'R_min', 'R_range', 'R_cv', 'R_p10', 'R_p25', 'R_mad', 'G_std', 'G_var', 'G_min', 'G_cv', 'G_iqr', 'G_mad', 'B_mean', 'B_min', 'B_cv', 'B_p10', 'B_p25', 'B_p50']
Feature scores: [0.94354189 0.94622784 0.90419306 0.87199897 1.00398528 0.96994793
 0.91398722 0.95341721 1.02456046 1.02456046 0.85815498 0.87373154
 0.8643538  1.03483827 0.89777633 1.00199517 1.08430953 0.9882263
 0.9755353  0.90268863]
Training final Random Forest model...
Saving model and artifacts...
Saved trained model: /home/brusc/Projects/random_forest/experiments_organized_2/poisson_output/dataset_rgb_poisson_40/popolar/original/k20/advanced_stats/trained_model.joblib
Saved scaler: /home/brusc/Projects/random_forest/experiments_organized_2/poisson_output/dataset_rgb_poisson_40/popolar/original/k20/advanced_stats/scaler.joblib
Saved feature selector: /home/brusc/Projects/random_forest/experiments_organized_2/poisson_output/dataset_rgb_poisson_40/popolar/original/k20/advanced_stats/feature_selector.joblib
Saved feature information: /home/brusc/Projects/random_forest/experiments_organized_2/poisson_output/dataset_rgb_poisson_40/popolar/original/k20/advanced_stats/feature_names.json
Saved experiment report: /home/brusc/Projects/random_forest/experiments_organized_2/poisson_output/dataset_rgb_poisson_40/popolar/original/k20/advanced_stats/experiment_report_with_model.json
Saved usage instructions: /home/brusc/Projects/random_forest/experiments_organized_2/poisson_output/dataset_rgb_poisson_40/popolar/original/k20/advanced_stats/model_usage_instructions.md

================================================================================
TRAINING COMPLETED SUCCESSFULLY
================================================================================
Area: popolar
Dataset: /home/brusc/Projects/random_forest/datasets/dataset_rgb_poisson_40/original
Feature method: advanced_stats
Total images: 121
Classes: ['low_veg', 'trees', 'water']
Original features: 54
Selected features: 20
N estimators: 50

PERFORMANCE RESULTS:
Test Accuracy: 1.0000
CV Accuracy: 0.9833 ± 0.0204

Top 20 selected features:
  1. R_std: 0.9435
  2. R_var: 0.9462
  3. R_min: 0.9042
  4. R_range: 0.8720
  5. R_cv: 1.0040
  6. R_p10: 0.9699
  7. R_p25: 0.9140
  8. R_mad: 0.9534
  9. G_std: 1.0246
  10. G_var: 1.0246
  11. G_min: 0.8582
  12. G_cv: 0.8737
  13. G_iqr: 0.8644
  14. G_mad: 1.0348
  15. B_mean: 0.8978
  16. B_min: 1.0020
  17. B_cv: 1.0843
  18. B_p10: 0.9882
  19. B_p25: 0.9755
  20. B_p50: 0.9027

Model and artifacts saved to: /home/brusc/Projects/random_forest/experiments_organized_2/poisson_output/dataset_rgb_poisson_40/popolar/original/k20/advanced_stats
================================================================================
