================================================================================
CONFIGURABLE RANDOM FOREST TRAINING SCRIPT
Dataset: /home/brusc/Projects/random_forest/datasets/dataset_rgb_poisson_60/mini
Area: assatigue
Feature Method: hybrid
K Features: 20
Output: /home/brusc/Projects/random_forest/experiments_organized_2/poisson_output/dataset_rgb_poisson_60/assatigue/mini/k20/hybrid
N Estimators: 3
================================================================================
Loading images from assatigue area...
Found classes in assatigue: ['low_veg', 'trees', 'water']
Loading 5 images from assatigue/low_veg
Loading 5 images from assatigue/trees
Loading 5 images from assatigue/water
Loaded 15 images with 3 classes
Classes: [np.str_('low_veg'), np.str_('trees'), np.str_('water')]
Image shape: (3, 128, 128)
Extracting hybrid features...
Feature matrix shape: (15, 540)
Applying SelectKBest feature selection (k=20)...
Selected features: ['R_min', 'R_max', 'R_mad', 'G_iqr', 'G_mad', 'B_max', 'R_wst_std_40', 'B_wst_mean_22', 'B_wst_mean_23', 'B_wst_mean_29', 'B_wst_mean_30', 'B_wst_mean_33', 'B_wst_mean_38', 'B_wst_mean_39', 'B_wst_mean_41', 'B_wst_mean_44', 'B_wst_mean_48', 'B_wst_mean_52', 'B_wst_mean_78', 'B_wst_std_33']
Feature scores: [0.97862582 1.5004921  0.95981629 1.29426074 0.91537185 0.90887353
 0.99468161 0.95981629 0.98426074 0.96537185 0.92870518 0.92529249
 0.98759407 0.88918137 0.89259407 0.88918137 0.9493401  0.89314963
 0.90822899 0.92426074]
Training final Random Forest model...
Saving model and artifacts...
Saved trained model: /home/brusc/Projects/random_forest/experiments_organized_2/poisson_output/dataset_rgb_poisson_60/assatigue/mini/k20/hybrid/trained_model.joblib
Saved scaler: /home/brusc/Projects/random_forest/experiments_organized_2/poisson_output/dataset_rgb_poisson_60/assatigue/mini/k20/hybrid/scaler.joblib
Saved feature selector: /home/brusc/Projects/random_forest/experiments_organized_2/poisson_output/dataset_rgb_poisson_60/assatigue/mini/k20/hybrid/feature_selector.joblib
Saved feature information: /home/brusc/Projects/random_forest/experiments_organized_2/poisson_output/dataset_rgb_poisson_60/assatigue/mini/k20/hybrid/feature_names.json
Saved experiment report: /home/brusc/Projects/random_forest/experiments_organized_2/poisson_output/dataset_rgb_poisson_60/assatigue/mini/k20/hybrid/experiment_report_with_model.json
Saved usage instructions: /home/brusc/Projects/random_forest/experiments_organized_2/poisson_output/dataset_rgb_poisson_60/assatigue/mini/k20/hybrid/model_usage_instructions.md

================================================================================
TRAINING COMPLETED SUCCESSFULLY
================================================================================
Area: assatigue
Dataset: /home/brusc/Projects/random_forest/datasets/dataset_rgb_poisson_60/mini
Feature method: hybrid
Total images: 15
Classes: ['low_veg', 'trees', 'water']
Original features: 540
Selected features: 20
N estimators: 3

PERFORMANCE RESULTS:
Test Accuracy: 1.0000
CV Accuracy: 0.8667 ± 0.1633

Top 20 selected features:
  1. R_min: 0.9786
  2. R_max: 1.5005
  3. R_mad: 0.9598
  4. G_iqr: 1.2943
  5. G_mad: 0.9154
  6. B_max: 0.9089
  7. R_wst_std_40: 0.9947
  8. B_wst_mean_22: 0.9598
  9. B_wst_mean_23: 0.9843
  10. B_wst_mean_29: 0.9654
  11. B_wst_mean_30: 0.9287
  12. B_wst_mean_33: 0.9253
  13. B_wst_mean_38: 0.9876
  14. B_wst_mean_39: 0.8892
  15. B_wst_mean_41: 0.8926
  16. B_wst_mean_44: 0.8892
  17. B_wst_mean_48: 0.9493
  18. B_wst_mean_52: 0.8931
  19. B_wst_mean_78: 0.9082
  20. B_wst_std_33: 0.9243

Model and artifacts saved to: /home/brusc/Projects/random_forest/experiments_organized_2/poisson_output/dataset_rgb_poisson_60/assatigue/mini/k20/hybrid
================================================================================
