================================================================================
CONFIGURABLE RANDOM FOREST TRAINING SCRIPT
Dataset: /home/brusc/Projects/random_forest/datasets/dataset_rgb_poisson_60/mini
Area: assatigue
Feature Method: wst
K Features: 20
Output: /home/brusc/Projects/random_forest/experiments_organized_2/poisson_output/dataset_rgb_poisson_60/assatigue/mini/k20/wst
N Estimators: 3
================================================================================
Loading images from assatigue area...
Found classes in assatigue: ['low_veg', 'trees', 'water']
Loading 5 images from assatigue/low_veg
Loading 5 images from assatigue/trees
Loading 5 images from assatigue/water
Loaded 15 images with 3 classes
Classes: [np.str_('low_veg'), np.str_('trees'), np.str_('water')]
Image shape: (3, 128, 128)
Extracting wst features...
Feature matrix shape: (15, 486)
Applying SelectKBest feature selection (k=20)...
Selected features: ['R_wst_std_40', 'B_wst_mean_18', 'B_wst_mean_19', 'B_wst_mean_22', 'B_wst_mean_23', 'B_wst_mean_28', 'B_wst_mean_29', 'B_wst_mean_30', 'B_wst_mean_33', 'B_wst_mean_38', 'B_wst_mean_45', 'B_wst_mean_47', 'B_wst_mean_48', 'B_wst_mean_49', 'B_wst_mean_50', 'B_wst_mean_52', 'B_wst_mean_56', 'B_wst_mean_75', 'B_wst_mean_78', 'B_wst_std_47']
Feature scores: [0.92801495 0.87426074 0.92870518 0.95981629 0.91759407 0.85759407
 0.93481629 0.96759407 0.9114036  0.87648296 0.92037185 1.01822899
 0.96759407 0.89259407 0.92926074 0.93203852 0.86537185 0.88981629
 0.90822899 0.88481629]
Training final Random Forest model...
Saving model and artifacts...
Saved trained model: /home/brusc/Projects/random_forest/experiments_organized_2/poisson_output/dataset_rgb_poisson_60/assatigue/mini/k20/wst/trained_model.joblib
Saved scaler: /home/brusc/Projects/random_forest/experiments_organized_2/poisson_output/dataset_rgb_poisson_60/assatigue/mini/k20/wst/scaler.joblib
Saved feature selector: /home/brusc/Projects/random_forest/experiments_organized_2/poisson_output/dataset_rgb_poisson_60/assatigue/mini/k20/wst/feature_selector.joblib
Saved feature information: /home/brusc/Projects/random_forest/experiments_organized_2/poisson_output/dataset_rgb_poisson_60/assatigue/mini/k20/wst/feature_names.json
Saved experiment report: /home/brusc/Projects/random_forest/experiments_organized_2/poisson_output/dataset_rgb_poisson_60/assatigue/mini/k20/wst/experiment_report_with_model.json
Saved usage instructions: /home/brusc/Projects/random_forest/experiments_organized_2/poisson_output/dataset_rgb_poisson_60/assatigue/mini/k20/wst/model_usage_instructions.md

================================================================================
TRAINING COMPLETED SUCCESSFULLY
================================================================================
Area: assatigue
Dataset: /home/brusc/Projects/random_forest/datasets/dataset_rgb_poisson_60/mini
Feature method: wst
Total images: 15
Classes: ['low_veg', 'trees', 'water']
Original features: 486
Selected features: 20
N estimators: 3

PERFORMANCE RESULTS:
Test Accuracy: 1.0000
CV Accuracy: 0.8667 ± 0.1633

Top 20 selected features:
  1. R_wst_std_40: 0.9280
  2. B_wst_mean_18: 0.8743
  3. B_wst_mean_19: 0.9287
  4. B_wst_mean_22: 0.9598
  5. B_wst_mean_23: 0.9176
  6. B_wst_mean_28: 0.8576
  7. B_wst_mean_29: 0.9348
  8. B_wst_mean_30: 0.9676
  9. B_wst_mean_33: 0.9114
  10. B_wst_mean_38: 0.8765
  11. B_wst_mean_45: 0.9204
  12. B_wst_mean_47: 1.0182
  13. B_wst_mean_48: 0.9676
  14. B_wst_mean_49: 0.8926
  15. B_wst_mean_50: 0.9293
  16. B_wst_mean_52: 0.9320
  17. B_wst_mean_56: 0.8654
  18. B_wst_mean_75: 0.8898
  19. B_wst_mean_78: 0.9082
  20. B_wst_std_47: 0.8848

Model and artifacts saved to: /home/brusc/Projects/random_forest/experiments_organized_2/poisson_output/dataset_rgb_poisson_60/assatigue/mini/k20/wst
================================================================================
