================================================================================
CONFIGURABLE RANDOM FOREST TRAINING SCRIPT
Dataset: /home/brusc/Projects/random_forest/datasets/dataset_rgb_poisson_60/original
Area: assatigue
Feature Method: wst
K Features: 20
Output: /home/brusc/Projects/random_forest/experiments_organized_2/poisson_output/dataset_rgb_poisson_60/assatigue/original/k20/wst
N Estimators: 50
================================================================================
Loading images from assatigue area...
Found classes in assatigue: ['low_veg', 'trees', 'water']
Loading 40 images from assatigue/low_veg
Loading 36 images from assatigue/trees
Loading 40 images from assatigue/water
Loaded 116 images with 3 classes
Classes: [np.str_('low_veg'), np.str_('trees'), np.str_('water')]
Image shape: (3, 128, 128)
Extracting wst features...
Feature matrix shape: (116, 486)
Applying SelectKBest feature selection (k=20)...
Selected features: ['R_wst_mean_3', 'R_wst_mean_4', 'R_wst_mean_35', 'R_wst_mean_54', 'R_wst_mean_59', 'R_wst_mean_65', 'R_wst_mean_78', 'R_wst_std_0', 'G_wst_std_0', 'B_wst_mean_20', 'B_wst_mean_31', 'B_wst_mean_32', 'B_wst_mean_38', 'B_wst_mean_40', 'B_wst_mean_49', 'B_wst_mean_50', 'B_wst_mean_55', 'B_wst_mean_58', 'B_wst_mean_65', 'B_wst_mean_68']
Feature scores: [0.75129039 0.76176228 0.6947224  0.67969387 0.69071501 0.69021452
 0.67859826 0.91771542 0.90821763 0.7259209  0.68370531 0.68443485
 0.6949051  0.73439914 0.6957311  0.68628617 0.68577514 0.68525967
 0.6794393  0.72108289]
Training final Random Forest model...
Saving model and artifacts...
Saved trained model: /home/brusc/Projects/random_forest/experiments_organized_2/poisson_output/dataset_rgb_poisson_60/assatigue/original/k20/wst/trained_model.joblib
Saved scaler: /home/brusc/Projects/random_forest/experiments_organized_2/poisson_output/dataset_rgb_poisson_60/assatigue/original/k20/wst/scaler.joblib
Saved feature selector: /home/brusc/Projects/random_forest/experiments_organized_2/poisson_output/dataset_rgb_poisson_60/assatigue/original/k20/wst/feature_selector.joblib
Saved feature information: /home/brusc/Projects/random_forest/experiments_organized_2/poisson_output/dataset_rgb_poisson_60/assatigue/original/k20/wst/feature_names.json
Saved experiment report: /home/brusc/Projects/random_forest/experiments_organized_2/poisson_output/dataset_rgb_poisson_60/assatigue/original/k20/wst/experiment_report_with_model.json
Saved usage instructions: /home/brusc/Projects/random_forest/experiments_organized_2/poisson_output/dataset_rgb_poisson_60/assatigue/original/k20/wst/model_usage_instructions.md

================================================================================
TRAINING COMPLETED SUCCESSFULLY
================================================================================
Area: assatigue
Dataset: /home/brusc/Projects/random_forest/datasets/dataset_rgb_poisson_60/original
Feature method: wst
Total images: 116
Classes: ['low_veg', 'water', 'trees']
Original features: 486
Selected features: 20
N estimators: 50

PERFORMANCE RESULTS:
Test Accuracy: 0.9167
CV Accuracy: 0.9138 ± 0.0615

Top 20 selected features:
  1. R_wst_mean_3: 0.7513
  2. R_wst_mean_4: 0.7618
  3. R_wst_mean_35: 0.6947
  4. R_wst_mean_54: 0.6797
  5. R_wst_mean_59: 0.6907
  6. R_wst_mean_65: 0.6902
  7. R_wst_mean_78: 0.6786
  8. R_wst_std_0: 0.9177
  9. G_wst_std_0: 0.9082
  10. B_wst_mean_20: 0.7259
  11. B_wst_mean_31: 0.6837
  12. B_wst_mean_32: 0.6844
  13. B_wst_mean_38: 0.6949
  14. B_wst_mean_40: 0.7344
  15. B_wst_mean_49: 0.6957
  16. B_wst_mean_50: 0.6863
  17. B_wst_mean_55: 0.6858
  18. B_wst_mean_58: 0.6853
  19. B_wst_mean_65: 0.6794
  20. B_wst_mean_68: 0.7211

Model and artifacts saved to: /home/brusc/Projects/random_forest/experiments_organized_2/poisson_output/dataset_rgb_poisson_60/assatigue/original/k20/wst
================================================================================
