================================================================================
CONFIGURABLE RANDOM FOREST TRAINING SCRIPT
Dataset: /home/brusc/Projects/random_forest/datasets/dataset_rgb_poisson_60/small
Area: assatigue
Feature Method: wst
K Features: 20
Output: /home/brusc/Projects/random_forest/experiments_organized_2/poisson_output/dataset_rgb_poisson_60/assatigue/small/k20/wst
N Estimators: 10
================================================================================
Loading images from assatigue area...
Found classes in assatigue: ['low_veg', 'trees', 'water']
Loading 15 images from assatigue/low_veg
Loading 15 images from assatigue/trees
Loading 15 images from assatigue/water
Loaded 45 images with 3 classes
Classes: [np.str_('low_veg'), np.str_('trees'), np.str_('water')]
Image shape: (3, 128, 128)
Extracting wst features...
Feature matrix shape: (45, 486)
Applying SelectKBest feature selection (k=20)...
Selected features: ['R_wst_mean_0', 'R_wst_mean_77', 'R_wst_std_0', 'R_wst_std_12', 'G_wst_mean_68', 'G_wst_std_0', 'B_wst_mean_6', 'B_wst_mean_28', 'B_wst_mean_29', 'B_wst_mean_38', 'B_wst_mean_39', 'B_wst_mean_42', 'B_wst_mean_46', 'B_wst_mean_55', 'B_wst_mean_57', 'B_wst_mean_58', 'B_wst_mean_63', 'B_wst_mean_67', 'B_wst_mean_68', 'B_wst_mean_75']
Feature scores: [0.72328879 0.79769716 0.90277347 0.70520694 0.73771535 0.84518529
 0.71710713 0.71823508 0.79667423 0.71026249 0.72549097 0.7302641
 0.73782061 0.73414336 0.74529055 0.79814769 0.73448808 0.7040373
 0.72929408 0.72359743]
Training final Random Forest model...
Saving model and artifacts...
Saved trained model: /home/brusc/Projects/random_forest/experiments_organized_2/poisson_output/dataset_rgb_poisson_60/assatigue/small/k20/wst/trained_model.joblib
Saved scaler: /home/brusc/Projects/random_forest/experiments_organized_2/poisson_output/dataset_rgb_poisson_60/assatigue/small/k20/wst/scaler.joblib
Saved feature selector: /home/brusc/Projects/random_forest/experiments_organized_2/poisson_output/dataset_rgb_poisson_60/assatigue/small/k20/wst/feature_selector.joblib
Saved feature information: /home/brusc/Projects/random_forest/experiments_organized_2/poisson_output/dataset_rgb_poisson_60/assatigue/small/k20/wst/feature_names.json
Saved experiment report: /home/brusc/Projects/random_forest/experiments_organized_2/poisson_output/dataset_rgb_poisson_60/assatigue/small/k20/wst/experiment_report_with_model.json
Saved usage instructions: /home/brusc/Projects/random_forest/experiments_organized_2/poisson_output/dataset_rgb_poisson_60/assatigue/small/k20/wst/model_usage_instructions.md

================================================================================
TRAINING COMPLETED SUCCESSFULLY
================================================================================
Area: assatigue
Dataset: /home/brusc/Projects/random_forest/datasets/dataset_rgb_poisson_60/small
Feature method: wst
Total images: 45
Classes: ['low_veg', 'trees', 'water']
Original features: 486
Selected features: 20
N estimators: 10

PERFORMANCE RESULTS:
Test Accuracy: 1.0000
CV Accuracy: 0.8667 ± 0.0831

Top 20 selected features:
  1. R_wst_mean_0: 0.7233
  2. R_wst_mean_77: 0.7977
  3. R_wst_std_0: 0.9028
  4. R_wst_std_12: 0.7052
  5. G_wst_mean_68: 0.7377
  6. G_wst_std_0: 0.8452
  7. B_wst_mean_6: 0.7171
  8. B_wst_mean_28: 0.7182
  9. B_wst_mean_29: 0.7967
  10. B_wst_mean_38: 0.7103
  11. B_wst_mean_39: 0.7255
  12. B_wst_mean_42: 0.7303
  13. B_wst_mean_46: 0.7378
  14. B_wst_mean_55: 0.7341
  15. B_wst_mean_57: 0.7453
  16. B_wst_mean_58: 0.7981
  17. B_wst_mean_63: 0.7345
  18. B_wst_mean_67: 0.7040
  19. B_wst_mean_68: 0.7293
  20. B_wst_mean_75: 0.7236

Model and artifacts saved to: /home/brusc/Projects/random_forest/experiments_organized_2/poisson_output/dataset_rgb_poisson_60/assatigue/small/k20/wst
================================================================================
