================================================================================
CONFIGURABLE RANDOM FOREST TRAINING SCRIPT
Dataset: /home/brusc/Projects/random_forest/datasets/dataset_rgb_poisson_40/small
Area: sunset
Feature Method: wst
K Features: 20
Output: /home/brusc/Projects/random_forest/experiments_organized_2/poisson_output/dataset_rgb_poisson_40/sunset/small/k20/wst
N Estimators: 10
================================================================================
Loading images from sunset area...
Found classes in sunset: ['garden', 'low_veg', 'trees']
Loading 15 images from sunset/garden
Loading 15 images from sunset/low_veg
Loading 15 images from sunset/trees
Loaded 45 images with 3 classes
Classes: [np.str_('garden'), np.str_('low_veg'), np.str_('trees')]
Image shape: (3, 128, 128)
Extracting wst features...
Feature matrix shape: (45, 486)
Applying SelectKBest feature selection (k=20)...
Selected features: ['R_wst_mean_10', 'R_wst_mean_11', 'R_wst_std_0', 'R_wst_std_11', 'R_wst_std_12', 'G_wst_mean_10', 'G_wst_mean_12', 'G_wst_std_0', 'G_wst_std_11', 'G_wst_std_12', 'B_wst_mean_9', 'B_wst_mean_10', 'B_wst_mean_11', 'B_wst_mean_12', 'B_wst_mean_13', 'B_wst_mean_14', 'B_wst_mean_15', 'B_wst_mean_16', 'B_wst_std_10', 'B_wst_std_17']
Feature scores: [0.7865356  0.83745271 0.79271005 0.72060456 0.7221149  0.73827226
 0.76707738 0.72805926 0.74263865 0.79819964 0.81302438 0.84513527
 0.79045273 0.83148447 0.8687922  0.83742879 0.8257378  0.77733889
 0.77523282 0.73292805]
Training final Random Forest model...
Saving model and artifacts...
Saved trained model: /home/brusc/Projects/random_forest/experiments_organized_2/poisson_output/dataset_rgb_poisson_40/sunset/small/k20/wst/trained_model.joblib
Saved scaler: /home/brusc/Projects/random_forest/experiments_organized_2/poisson_output/dataset_rgb_poisson_40/sunset/small/k20/wst/scaler.joblib
Saved feature selector: /home/brusc/Projects/random_forest/experiments_organized_2/poisson_output/dataset_rgb_poisson_40/sunset/small/k20/wst/feature_selector.joblib
Saved feature information: /home/brusc/Projects/random_forest/experiments_organized_2/poisson_output/dataset_rgb_poisson_40/sunset/small/k20/wst/feature_names.json
Saved experiment report: /home/brusc/Projects/random_forest/experiments_organized_2/poisson_output/dataset_rgb_poisson_40/sunset/small/k20/wst/experiment_report_with_model.json
Saved usage instructions: /home/brusc/Projects/random_forest/experiments_organized_2/poisson_output/dataset_rgb_poisson_40/sunset/small/k20/wst/model_usage_instructions.md

================================================================================
TRAINING COMPLETED SUCCESSFULLY
================================================================================
Area: sunset
Dataset: /home/brusc/Projects/random_forest/datasets/dataset_rgb_poisson_40/small
Feature method: wst
Total images: 45
Classes: ['garden', 'low_veg', 'trees']
Original features: 486
Selected features: 20
N estimators: 10

PERFORMANCE RESULTS:
Test Accuracy: 1.0000
CV Accuracy: 0.9333 ± 0.0544

Top 20 selected features:
  1. R_wst_mean_10: 0.7865
  2. R_wst_mean_11: 0.8375
  3. R_wst_std_0: 0.7927
  4. R_wst_std_11: 0.7206
  5. R_wst_std_12: 0.7221
  6. G_wst_mean_10: 0.7383
  7. G_wst_mean_12: 0.7671
  8. G_wst_std_0: 0.7281
  9. G_wst_std_11: 0.7426
  10. G_wst_std_12: 0.7982
  11. B_wst_mean_9: 0.8130
  12. B_wst_mean_10: 0.8451
  13. B_wst_mean_11: 0.7905
  14. B_wst_mean_12: 0.8315
  15. B_wst_mean_13: 0.8688
  16. B_wst_mean_14: 0.8374
  17. B_wst_mean_15: 0.8257
  18. B_wst_mean_16: 0.7773
  19. B_wst_std_10: 0.7752
  20. B_wst_std_17: 0.7329

Model and artifacts saved to: /home/brusc/Projects/random_forest/experiments_organized_2/poisson_output/dataset_rgb_poisson_40/sunset/small/k20/wst
================================================================================
