================================================================================
CONFIGURABLE RANDOM FOREST TRAINING SCRIPT
Dataset: /home/brusc/Projects/random_forest/datasets/dataset_rgb_poisson_40/small
Area: popolar
Feature Method: wst
K Features: 20
Output: /home/brusc/Projects/random_forest/experiments_organized_2/poisson_output/dataset_rgb_poisson_40/popolar/small/k20/wst
N Estimators: 10
================================================================================
Loading images from popolar area...
Found classes in popolar: ['low_veg', 'trees', 'water']
Loading 15 images from popolar/low_veg
Loading 15 images from popolar/trees
Loading 15 images from popolar/water
Loaded 45 images with 3 classes
Classes: [np.str_('low_veg'), np.str_('trees'), np.str_('water')]
Image shape: (3, 128, 128)
Extracting wst features...
Feature matrix shape: (45, 486)
Applying SelectKBest feature selection (k=20)...
Selected features: ['R_wst_mean_22', 'R_wst_mean_28', 'R_wst_mean_29', 'R_wst_mean_38', 'R_wst_mean_74', 'R_wst_std_0', 'G_wst_mean_10', 'G_wst_std_0', 'B_wst_mean_5', 'B_wst_mean_28', 'B_wst_mean_38', 'B_wst_mean_39', 'B_wst_mean_41', 'B_wst_mean_42', 'B_wst_mean_46', 'B_wst_mean_48', 'B_wst_mean_54', 'B_wst_mean_55', 'B_wst_mean_56', 'B_wst_std_0']
Feature scores: [0.89492651 0.81688587 0.82389725 0.85386198 0.85597454 0.99429463
 0.87840343 0.9972135  0.85935515 0.86060912 1.05961074 0.83331555
 0.85488522 0.91746119 0.81966881 0.83308547 0.87765744 0.88591012
 0.9148833  0.9428011 ]
Training final Random Forest model...
Saving model and artifacts...
Saved trained model: /home/brusc/Projects/random_forest/experiments_organized_2/poisson_output/dataset_rgb_poisson_40/popolar/small/k20/wst/trained_model.joblib
Saved scaler: /home/brusc/Projects/random_forest/experiments_organized_2/poisson_output/dataset_rgb_poisson_40/popolar/small/k20/wst/scaler.joblib
Saved feature selector: /home/brusc/Projects/random_forest/experiments_organized_2/poisson_output/dataset_rgb_poisson_40/popolar/small/k20/wst/feature_selector.joblib
Saved feature information: /home/brusc/Projects/random_forest/experiments_organized_2/poisson_output/dataset_rgb_poisson_40/popolar/small/k20/wst/feature_names.json
Saved experiment report: /home/brusc/Projects/random_forest/experiments_organized_2/poisson_output/dataset_rgb_poisson_40/popolar/small/k20/wst/experiment_report_with_model.json
Saved usage instructions: /home/brusc/Projects/random_forest/experiments_organized_2/poisson_output/dataset_rgb_poisson_40/popolar/small/k20/wst/model_usage_instructions.md

================================================================================
TRAINING COMPLETED SUCCESSFULLY
================================================================================
Area: popolar
Dataset: /home/brusc/Projects/random_forest/datasets/dataset_rgb_poisson_40/small
Feature method: wst
Total images: 45
Classes: ['low_veg', 'trees', 'water']
Original features: 486
Selected features: 20
N estimators: 10

PERFORMANCE RESULTS:
Test Accuracy: 0.6667
CV Accuracy: 0.9333 ± 0.0544

Top 20 selected features:
  1. R_wst_mean_22: 0.8949
  2. R_wst_mean_28: 0.8169
  3. R_wst_mean_29: 0.8239
  4. R_wst_mean_38: 0.8539
  5. R_wst_mean_74: 0.8560
  6. R_wst_std_0: 0.9943
  7. G_wst_mean_10: 0.8784
  8. G_wst_std_0: 0.9972
  9. B_wst_mean_5: 0.8594
  10. B_wst_mean_28: 0.8606
  11. B_wst_mean_38: 1.0596
  12. B_wst_mean_39: 0.8333
  13. B_wst_mean_41: 0.8549
  14. B_wst_mean_42: 0.9175
  15. B_wst_mean_46: 0.8197
  16. B_wst_mean_48: 0.8331
  17. B_wst_mean_54: 0.8777
  18. B_wst_mean_55: 0.8859
  19. B_wst_mean_56: 0.9149
  20. B_wst_std_0: 0.9428

Model and artifacts saved to: /home/brusc/Projects/random_forest/experiments_organized_2/poisson_output/dataset_rgb_poisson_40/popolar/small/k20/wst
================================================================================
