================================================================================
CONFIGURABLE RANDOM FOREST TRAINING SCRIPT
Dataset: /home/brusc/Projects/random_forest/datasets/dataset_rgb_poisson_60/small
Area: popolar
Feature Method: hybrid
K Features: 20
Output: /home/brusc/Projects/random_forest/experiments_organized_2/poisson_output/dataset_rgb_poisson_60/popolar/small/k20/hybrid
N Estimators: 10
================================================================================
Loading images from popolar area...
Found classes in popolar: ['low_veg', 'trees', 'water']
Loading 15 images from popolar/low_veg
Loading 15 images from popolar/trees
Loading 15 images from popolar/water
Loaded 45 images with 3 classes
Classes: [np.str_('low_veg'), np.str_('trees'), np.str_('water')]
Image shape: (3, 128, 128)
Extracting hybrid features...
Feature matrix shape: (45, 540)
Applying SelectKBest feature selection (k=20)...
Selected features: ['R_std', 'R_var', 'R_min', 'R_range', 'R_cv', 'R_mad', 'G_std', 'G_var', 'G_min', 'G_range', 'G_mad', 'B_cv', 'B_p10', 'B_p25', 'R_wst_std_0', 'G_wst_std_0', 'B_wst_mean_31', 'B_wst_mean_48', 'B_wst_mean_75', 'B_wst_std_0']
Feature scores: [0.95836815 0.95165659 0.91725222 0.90799296 0.94377877 0.96921391
 1.04222177 1.03111066 0.91326426 0.91067166 1.05931171 1.07065499
 0.92469435 0.88238835 0.98102303 0.99313943 0.87127851 0.95568068
 0.86802516 0.91745718]
Training final Random Forest model...
Saving model and artifacts...
Saved trained model: /home/brusc/Projects/random_forest/experiments_organized_2/poisson_output/dataset_rgb_poisson_60/popolar/small/k20/hybrid/trained_model.joblib
Saved scaler: /home/brusc/Projects/random_forest/experiments_organized_2/poisson_output/dataset_rgb_poisson_60/popolar/small/k20/hybrid/scaler.joblib
Saved feature selector: /home/brusc/Projects/random_forest/experiments_organized_2/poisson_output/dataset_rgb_poisson_60/popolar/small/k20/hybrid/feature_selector.joblib
Saved feature information: /home/brusc/Projects/random_forest/experiments_organized_2/poisson_output/dataset_rgb_poisson_60/popolar/small/k20/hybrid/feature_names.json
Saved experiment report: /home/brusc/Projects/random_forest/experiments_organized_2/poisson_output/dataset_rgb_poisson_60/popolar/small/k20/hybrid/experiment_report_with_model.json
Saved usage instructions: /home/brusc/Projects/random_forest/experiments_organized_2/poisson_output/dataset_rgb_poisson_60/popolar/small/k20/hybrid/model_usage_instructions.md

================================================================================
TRAINING COMPLETED SUCCESSFULLY
================================================================================
Area: popolar
Dataset: /home/brusc/Projects/random_forest/datasets/dataset_rgb_poisson_60/small
Feature method: hybrid
Total images: 45
Classes: ['low_veg', 'trees', 'water']
Original features: 540
Selected features: 20
N estimators: 10

PERFORMANCE RESULTS:
Test Accuracy: 1.0000
CV Accuracy: 0.9333 ± 0.0889

Top 20 selected features:
  1. R_std: 0.9584
  2. R_var: 0.9517
  3. R_min: 0.9173
  4. R_range: 0.9080
  5. R_cv: 0.9438
  6. R_mad: 0.9692
  7. G_std: 1.0422
  8. G_var: 1.0311
  9. G_min: 0.9133
  10. G_range: 0.9107
  11. G_mad: 1.0593
  12. B_cv: 1.0707
  13. B_p10: 0.9247
  14. B_p25: 0.8824
  15. R_wst_std_0: 0.9810
  16. G_wst_std_0: 0.9931
  17. B_wst_mean_31: 0.8713
  18. B_wst_mean_48: 0.9557
  19. B_wst_mean_75: 0.8680
  20. B_wst_std_0: 0.9175

Model and artifacts saved to: /home/brusc/Projects/random_forest/experiments_organized_2/poisson_output/dataset_rgb_poisson_60/popolar/small/k20/hybrid
================================================================================
