================================================================================
CONFIGURABLE RANDOM FOREST TRAINING SCRIPT
Dataset: /home/brusc/Projects/random_forest/datasets/dataset_rgb_poisson_40/augmented
Area: assatigue
Feature Method: wst
K Features: 10
Output: /home/brusc/Projects/random_forest/experiments_organized_2/poisson_output/dataset_rgb_poisson_40/assatigue/augmented/k10/wst
N Estimators: 50
================================================================================
Loading images from assatigue area...
Found classes in assatigue: ['low_veg', 'trees', 'water']
Loading 560 images from assatigue/low_veg
Loading 504 images from assatigue/trees
Loading 560 images from assatigue/water
Loaded 1624 images with 3 classes
Classes: [np.str_('low_veg'), np.str_('trees'), np.str_('water')]
Image shape: (3, 128, 128)
Extracting wst features...
Feature matrix shape: (1624, 486)
Applying SelectKBest feature selection (k=10)...
Selected features: ['R_wst_mean_0', 'R_wst_std_0', 'G_wst_std_0', 'B_wst_mean_0', 'B_wst_mean_29', 'B_wst_mean_31', 'B_wst_mean_41', 'B_wst_mean_47', 'B_wst_mean_48', 'B_wst_mean_77']
Feature scores: [0.68010792 0.86573089 0.85577843 0.6375341  0.57046624 0.57070668
 0.58165673 0.57387708 0.58512097 0.57024441]
Training final Random Forest model...
Saving model and artifacts...
Saved trained model: /home/brusc/Projects/random_forest/experiments_organized_2/poisson_output/dataset_rgb_poisson_40/assatigue/augmented/k10/wst/trained_model.joblib
Saved scaler: /home/brusc/Projects/random_forest/experiments_organized_2/poisson_output/dataset_rgb_poisson_40/assatigue/augmented/k10/wst/scaler.joblib
Saved feature selector: /home/brusc/Projects/random_forest/experiments_organized_2/poisson_output/dataset_rgb_poisson_40/assatigue/augmented/k10/wst/feature_selector.joblib
Saved feature information: /home/brusc/Projects/random_forest/experiments_organized_2/poisson_output/dataset_rgb_poisson_40/assatigue/augmented/k10/wst/feature_names.json
Saved experiment report: /home/brusc/Projects/random_forest/experiments_organized_2/poisson_output/dataset_rgb_poisson_40/assatigue/augmented/k10/wst/experiment_report_with_model.json
Saved usage instructions: /home/brusc/Projects/random_forest/experiments_organized_2/poisson_output/dataset_rgb_poisson_40/assatigue/augmented/k10/wst/model_usage_instructions.md

================================================================================
TRAINING COMPLETED SUCCESSFULLY
================================================================================
Area: assatigue
Dataset: /home/brusc/Projects/random_forest/datasets/dataset_rgb_poisson_40/augmented
Feature method: wst
Total images: 1624
Classes: ['low_veg', 'water', 'trees']
Original features: 486
Selected features: 10
N estimators: 50

PERFORMANCE RESULTS:
Test Accuracy: 0.9569
CV Accuracy: 0.9544 ± 0.0109

Top 10 selected features:
  1. R_wst_mean_0: 0.6801
  2. R_wst_std_0: 0.8657
  3. G_wst_std_0: 0.8558
  4. B_wst_mean_0: 0.6375
  5. B_wst_mean_29: 0.5705
  6. B_wst_mean_31: 0.5707
  7. B_wst_mean_41: 0.5817
  8. B_wst_mean_47: 0.5739
  9. B_wst_mean_48: 0.5851
  10. B_wst_mean_77: 0.5702

Model and artifacts saved to: /home/brusc/Projects/random_forest/experiments_organized_2/poisson_output/dataset_rgb_poisson_40/assatigue/augmented/k10/wst
================================================================================
