================================================================================
CONFIGURABLE RANDOM FOREST TRAINING SCRIPT
Dataset: /home/brusc/Projects/random_forest/datasets/dataset_rgb_poisson_40/mini
Area: assatigue
Feature Method: advanced_stats
K Features: 20
Output: /home/brusc/Projects/random_forest/experiments_organized_2/poisson_output/dataset_rgb_poisson_40/assatigue/mini/k20/advanced_stats
N Estimators: 3
================================================================================
Loading images from assatigue area...
Found classes in assatigue: ['low_veg', 'trees', 'water']
Loading 5 images from assatigue/low_veg
Loading 5 images from assatigue/trees
Loading 5 images from assatigue/water
Loaded 15 images with 3 classes
Classes: [np.str_('low_veg'), np.str_('trees'), np.str_('water')]
Image shape: (3, 128, 128)
Extracting advanced_stats features...
Feature matrix shape: (15, 54)
Applying SelectKBest feature selection (k=20)...
Selected features: ['R_std', 'R_var', 'R_min', 'R_max', 'R_cv', 'R_mad', 'G_std', 'G_var', 'G_min', 'G_range', 'G_iqr', 'G_mad', 'B_mean', 'B_min', 'B_cv', 'B_p10', 'B_p25', 'B_p50', 'B_p75', 'B_p90']
Feature scores: [0.80521312 0.73695915 0.93391682 1.2572866  0.65973693 0.70918137
 0.82862582 0.83918137 0.74807026 0.75362582 0.84060273 0.76529249
 0.86870518 1.19743534 0.78695915 0.90648296 0.75362582 0.79029249
 0.67918137 0.67105968]
Training final Random Forest model...
Saving model and artifacts...
Saved trained model: /home/brusc/Projects/random_forest/experiments_organized_2/poisson_output/dataset_rgb_poisson_40/assatigue/mini/k20/advanced_stats/trained_model.joblib
Saved scaler: /home/brusc/Projects/random_forest/experiments_organized_2/poisson_output/dataset_rgb_poisson_40/assatigue/mini/k20/advanced_stats/scaler.joblib
Saved feature selector: /home/brusc/Projects/random_forest/experiments_organized_2/poisson_output/dataset_rgb_poisson_40/assatigue/mini/k20/advanced_stats/feature_selector.joblib
Saved feature information: /home/brusc/Projects/random_forest/experiments_organized_2/poisson_output/dataset_rgb_poisson_40/assatigue/mini/k20/advanced_stats/feature_names.json
Saved experiment report: /home/brusc/Projects/random_forest/experiments_organized_2/poisson_output/dataset_rgb_poisson_40/assatigue/mini/k20/advanced_stats/experiment_report_with_model.json
Saved usage instructions: /home/brusc/Projects/random_forest/experiments_organized_2/poisson_output/dataset_rgb_poisson_40/assatigue/mini/k20/advanced_stats/model_usage_instructions.md

================================================================================
TRAINING COMPLETED SUCCESSFULLY
================================================================================
Area: assatigue
Dataset: /home/brusc/Projects/random_forest/datasets/dataset_rgb_poisson_40/mini
Feature method: advanced_stats
Total images: 15
Classes: ['low_veg', 'trees', 'water']
Original features: 54
Selected features: 20
N estimators: 3

PERFORMANCE RESULTS:
Test Accuracy: 0.6667
CV Accuracy: 0.9333 ± 0.1333

Top 20 selected features:
  1. R_std: 0.8052
  2. R_var: 0.7370
  3. R_min: 0.9339
  4. R_max: 1.2573
  5. R_cv: 0.6597
  6. R_mad: 0.7092
  7. G_std: 0.8286
  8. G_var: 0.8392
  9. G_min: 0.7481
  10. G_range: 0.7536
  11. G_iqr: 0.8406
  12. G_mad: 0.7653
  13. B_mean: 0.8687
  14. B_min: 1.1974
  15. B_cv: 0.7870
  16. B_p10: 0.9065
  17. B_p25: 0.7536
  18. B_p50: 0.7903
  19. B_p75: 0.6792
  20. B_p90: 0.6711

Model and artifacts saved to: /home/brusc/Projects/random_forest/experiments_organized_2/poisson_output/dataset_rgb_poisson_40/assatigue/mini/k20/advanced_stats
================================================================================
