================================================================================
CONFIGURABLE RANDOM FOREST TRAINING SCRIPT
Dataset: /home/brusc/Projects/random_forest/datasets/dataset_rgb_poisson_60/small
Area: popolar
Feature Method: wst
K Features: 20
Output: /home/brusc/Projects/random_forest/experiments_organized_2/poisson_output/dataset_rgb_poisson_60/popolar/small/k20/wst
N Estimators: 10
================================================================================
Loading images from popolar area...
Found classes in popolar: ['low_veg', 'trees', 'water']
Loading 15 images from popolar/low_veg
Loading 15 images from popolar/trees
Loading 15 images from popolar/water
Loaded 45 images with 3 classes
Classes: [np.str_('low_veg'), np.str_('trees'), np.str_('water')]
Image shape: (3, 128, 128)
Extracting wst features...
Feature matrix shape: (45, 486)
Applying SelectKBest feature selection (k=20)...
Selected features: ['R_wst_mean_16', 'R_wst_mean_21', 'R_wst_std_0', 'G_wst_mean_16', 'G_wst_std_0', 'B_wst_mean_20', 'B_wst_mean_30', 'B_wst_mean_31', 'B_wst_mean_32', 'B_wst_mean_38', 'B_wst_mean_39', 'B_wst_mean_46', 'B_wst_mean_47', 'B_wst_mean_48', 'B_wst_mean_50', 'B_wst_mean_55', 'B_wst_mean_68', 'B_wst_mean_69', 'B_wst_mean_75', 'B_wst_std_0']
Feature scores: [0.81620725 0.84926458 0.98102303 0.86429303 0.99313943 0.82018063
 0.82803336 0.87127851 0.83366002 0.83870245 0.8135357  0.82449827
 0.8386849  0.95568068 0.85805677 0.85389321 0.81053331 0.82189201
 0.86802516 0.91745718]
Training final Random Forest model...
Saving model and artifacts...
Saved trained model: /home/brusc/Projects/random_forest/experiments_organized_2/poisson_output/dataset_rgb_poisson_60/popolar/small/k20/wst/trained_model.joblib
Saved scaler: /home/brusc/Projects/random_forest/experiments_organized_2/poisson_output/dataset_rgb_poisson_60/popolar/small/k20/wst/scaler.joblib
Saved feature selector: /home/brusc/Projects/random_forest/experiments_organized_2/poisson_output/dataset_rgb_poisson_60/popolar/small/k20/wst/feature_selector.joblib
Saved feature information: /home/brusc/Projects/random_forest/experiments_organized_2/poisson_output/dataset_rgb_poisson_60/popolar/small/k20/wst/feature_names.json
Saved experiment report: /home/brusc/Projects/random_forest/experiments_organized_2/poisson_output/dataset_rgb_poisson_60/popolar/small/k20/wst/experiment_report_with_model.json
Saved usage instructions: /home/brusc/Projects/random_forest/experiments_organized_2/poisson_output/dataset_rgb_poisson_60/popolar/small/k20/wst/model_usage_instructions.md

================================================================================
TRAINING COMPLETED SUCCESSFULLY
================================================================================
Area: popolar
Dataset: /home/brusc/Projects/random_forest/datasets/dataset_rgb_poisson_60/small
Feature method: wst
Total images: 45
Classes: ['low_veg', 'trees', 'water']
Original features: 486
Selected features: 20
N estimators: 10

PERFORMANCE RESULTS:
Test Accuracy: 0.7778
CV Accuracy: 0.9111 ± 0.0831

Top 20 selected features:
  1. R_wst_mean_16: 0.8162
  2. R_wst_mean_21: 0.8493
  3. R_wst_std_0: 0.9810
  4. G_wst_mean_16: 0.8643
  5. G_wst_std_0: 0.9931
  6. B_wst_mean_20: 0.8202
  7. B_wst_mean_30: 0.8280
  8. B_wst_mean_31: 0.8713
  9. B_wst_mean_32: 0.8337
  10. B_wst_mean_38: 0.8387
  11. B_wst_mean_39: 0.8135
  12. B_wst_mean_46: 0.8245
  13. B_wst_mean_47: 0.8387
  14. B_wst_mean_48: 0.9557
  15. B_wst_mean_50: 0.8581
  16. B_wst_mean_55: 0.8539
  17. B_wst_mean_68: 0.8105
  18. B_wst_mean_69: 0.8219
  19. B_wst_mean_75: 0.8680
  20. B_wst_std_0: 0.9175

Model and artifacts saved to: /home/brusc/Projects/random_forest/experiments_organized_2/poisson_output/dataset_rgb_poisson_60/popolar/small/k20/wst
================================================================================
