================================================================================
CONFIGURABLE RANDOM FOREST TRAINING SCRIPT
Dataset: /home/brusc/Projects/random_forest/datasets/dataset_rgb_poisson_40/original
Area: sunset
Feature Method: wst
K Features: 20
Output: /home/brusc/Projects/random_forest/experiments_organized_2/poisson_output/dataset_rgb_poisson_40/sunset/original/k20/wst
N Estimators: 50
================================================================================
Loading images from sunset area...
Found classes in sunset: ['garden', 'low_veg', 'trees']
Loading 40 images from sunset/garden
Loading 40 images from sunset/low_veg
Loading 40 images from sunset/trees
Loaded 120 images with 3 classes
Classes: [np.str_('garden'), np.str_('low_veg'), np.str_('trees')]
Image shape: (3, 128, 128)
Extracting wst features...
Feature matrix shape: (120, 486)
Applying SelectKBest feature selection (k=20)...
Selected features: ['R_wst_mean_13', 'R_wst_std_0', 'R_wst_std_9', 'R_wst_std_11', 'R_wst_std_12', 'R_wst_std_13', 'G_wst_mean_10', 'G_wst_mean_13', 'G_wst_std_0', 'G_wst_std_11', 'B_wst_mean_5', 'B_wst_mean_11', 'B_wst_mean_12', 'B_wst_mean_13', 'B_wst_mean_14', 'B_wst_mean_15', 'B_wst_mean_16', 'B_wst_mean_73', 'B_wst_std_13', 'B_wst_std_14']
Feature scores: [0.6898812  0.85118366 0.67248396 0.71450242 0.73265919 0.67699469
 0.70726048 0.70476083 0.70600947 0.71910815 0.69503936 0.68053249
 0.68771369 0.7182942  0.69159706 0.7000343  0.68631322 0.68477382
 0.67227414 0.71981733]
Training final Random Forest model...
Saving model and artifacts...
Saved trained model: /home/brusc/Projects/random_forest/experiments_organized_2/poisson_output/dataset_rgb_poisson_40/sunset/original/k20/wst/trained_model.joblib
Saved scaler: /home/brusc/Projects/random_forest/experiments_organized_2/poisson_output/dataset_rgb_poisson_40/sunset/original/k20/wst/scaler.joblib
Saved feature selector: /home/brusc/Projects/random_forest/experiments_organized_2/poisson_output/dataset_rgb_poisson_40/sunset/original/k20/wst/feature_selector.joblib
Saved feature information: /home/brusc/Projects/random_forest/experiments_organized_2/poisson_output/dataset_rgb_poisson_40/sunset/original/k20/wst/feature_names.json
Saved experiment report: /home/brusc/Projects/random_forest/experiments_organized_2/poisson_output/dataset_rgb_poisson_40/sunset/original/k20/wst/experiment_report_with_model.json
Saved usage instructions: /home/brusc/Projects/random_forest/experiments_organized_2/poisson_output/dataset_rgb_poisson_40/sunset/original/k20/wst/model_usage_instructions.md

================================================================================
TRAINING COMPLETED SUCCESSFULLY
================================================================================
Area: sunset
Dataset: /home/brusc/Projects/random_forest/datasets/dataset_rgb_poisson_40/original
Feature method: wst
Total images: 120
Classes: ['garden', 'low_veg', 'trees']
Original features: 486
Selected features: 20
N estimators: 50

PERFORMANCE RESULTS:
Test Accuracy: 0.9583
CV Accuracy: 0.9750 ± 0.0333

Top 20 selected features:
  1. R_wst_mean_13: 0.6899
  2. R_wst_std_0: 0.8512
  3. R_wst_std_9: 0.6725
  4. R_wst_std_11: 0.7145
  5. R_wst_std_12: 0.7327
  6. R_wst_std_13: 0.6770
  7. G_wst_mean_10: 0.7073
  8. G_wst_mean_13: 0.7048
  9. G_wst_std_0: 0.7060
  10. G_wst_std_11: 0.7191
  11. B_wst_mean_5: 0.6950
  12. B_wst_mean_11: 0.6805
  13. B_wst_mean_12: 0.6877
  14. B_wst_mean_13: 0.7183
  15. B_wst_mean_14: 0.6916
  16. B_wst_mean_15: 0.7000
  17. B_wst_mean_16: 0.6863
  18. B_wst_mean_73: 0.6848
  19. B_wst_std_13: 0.6723
  20. B_wst_std_14: 0.7198

Model and artifacts saved to: /home/brusc/Projects/random_forest/experiments_organized_2/poisson_output/dataset_rgb_poisson_40/sunset/original/k20/wst
================================================================================
