================================================================================
CONFIGURABLE RANDOM FOREST TRAINING SCRIPT
Dataset: /home/brusc/Projects/random_forest/datasets/dataset_rgb_poisson_40/original
Area: sunset
Feature Method: hybrid
K Features: 20
Output: /home/brusc/Projects/random_forest/experiments_organized_2/poisson_output/dataset_rgb_poisson_40/sunset/original/k20/hybrid
N Estimators: 50
================================================================================
Loading images from sunset area...
Found classes in sunset: ['garden', 'low_veg', 'trees']
Loading 40 images from sunset/garden
Loading 40 images from sunset/low_veg
Loading 40 images from sunset/trees
Loaded 120 images with 3 classes
Classes: [np.str_('garden'), np.str_('low_veg'), np.str_('trees')]
Image shape: (3, 128, 128)
Extracting hybrid features...
Feature matrix shape: (120, 540)
Applying SelectKBest feature selection (k=20)...
Selected features: ['R_std', 'R_var', 'R_iqr', 'R_mad', 'G_iqr', 'B_skew', 'B_iqr', 'R_wst_mean_13', 'R_wst_std_0', 'R_wst_std_11', 'R_wst_std_12', 'G_wst_mean_10', 'G_wst_mean_13', 'G_wst_std_0', 'G_wst_std_11', 'B_wst_mean_5', 'B_wst_mean_13', 'B_wst_mean_14', 'B_wst_mean_15', 'B_wst_std_14']
Feature scores: [0.69833992 0.69884269 0.69794252 0.69112186 0.74379897 0.75586646
 0.70172791 0.6898812  0.85118366 0.71450242 0.73265919 0.70726048
 0.70476083 0.70600947 0.71910815 0.69503936 0.7182942  0.69159706
 0.7000343  0.71981733]
Training final Random Forest model...
Saving model and artifacts...
Saved trained model: /home/brusc/Projects/random_forest/experiments_organized_2/poisson_output/dataset_rgb_poisson_40/sunset/original/k20/hybrid/trained_model.joblib
Saved scaler: /home/brusc/Projects/random_forest/experiments_organized_2/poisson_output/dataset_rgb_poisson_40/sunset/original/k20/hybrid/scaler.joblib
Saved feature selector: /home/brusc/Projects/random_forest/experiments_organized_2/poisson_output/dataset_rgb_poisson_40/sunset/original/k20/hybrid/feature_selector.joblib
Saved feature information: /home/brusc/Projects/random_forest/experiments_organized_2/poisson_output/dataset_rgb_poisson_40/sunset/original/k20/hybrid/feature_names.json
Saved experiment report: /home/brusc/Projects/random_forest/experiments_organized_2/poisson_output/dataset_rgb_poisson_40/sunset/original/k20/hybrid/experiment_report_with_model.json
Saved usage instructions: /home/brusc/Projects/random_forest/experiments_organized_2/poisson_output/dataset_rgb_poisson_40/sunset/original/k20/hybrid/model_usage_instructions.md

================================================================================
TRAINING COMPLETED SUCCESSFULLY
================================================================================
Area: sunset
Dataset: /home/brusc/Projects/random_forest/datasets/dataset_rgb_poisson_40/original
Feature method: hybrid
Total images: 120
Classes: ['garden', 'low_veg', 'trees']
Original features: 540
Selected features: 20
N estimators: 50

PERFORMANCE RESULTS:
Test Accuracy: 0.9583
CV Accuracy: 0.9750 ± 0.0333

Top 20 selected features:
  1. R_std: 0.6983
  2. R_var: 0.6988
  3. R_iqr: 0.6979
  4. R_mad: 0.6911
  5. G_iqr: 0.7438
  6. B_skew: 0.7559
  7. B_iqr: 0.7017
  8. R_wst_mean_13: 0.6899
  9. R_wst_std_0: 0.8512
  10. R_wst_std_11: 0.7145
  11. R_wst_std_12: 0.7327
  12. G_wst_mean_10: 0.7073
  13. G_wst_mean_13: 0.7048
  14. G_wst_std_0: 0.7060
  15. G_wst_std_11: 0.7191
  16. B_wst_mean_5: 0.6950
  17. B_wst_mean_13: 0.7183
  18. B_wst_mean_14: 0.6916
  19. B_wst_mean_15: 0.7000
  20. B_wst_std_14: 0.7198

Model and artifacts saved to: /home/brusc/Projects/random_forest/experiments_organized_2/poisson_output/dataset_rgb_poisson_40/sunset/original/k20/hybrid
================================================================================
