================================================================================
CONFIGURABLE RANDOM FOREST TRAINING SCRIPT
Dataset: /home/brusc/Projects/random_forest/datasets/dataset_rgb_poisson_40/small
Area: assatigue
Feature Method: advanced_stats
K Features: 20
Output: /home/brusc/Projects/random_forest/experiments_organized_2/poisson_output/dataset_rgb_poisson_40/assatigue/small/k20/advanced_stats
N Estimators: 10
================================================================================
Loading images from assatigue area...
Found classes in assatigue: ['low_veg', 'trees', 'water']
Loading 15 images from assatigue/low_veg
Loading 15 images from assatigue/trees
Loading 15 images from assatigue/water
Loaded 45 images with 3 classes
Classes: [np.str_('low_veg'), np.str_('trees'), np.str_('water')]
Image shape: (3, 128, 128)
Extracting advanced_stats features...
Feature matrix shape: (45, 54)
Applying SelectKBest feature selection (k=20)...
Selected features: ['R_mean', 'R_std', 'R_var', 'R_min', 'R_range', 'R_cv', 'R_mad', 'G_std', 'G_var', 'G_min', 'G_range', 'G_cv', 'G_p10', 'G_p25', 'G_p50', 'G_iqr', 'G_mad', 'B_cv', 'B_p10', 'B_p25']
Feature scores: [0.72077476 0.89234859 0.88878733 0.81859774 0.84179303 0.88022608
 0.83161957 0.87478999 0.86451718 0.70850043 0.73120766 0.92260081
 0.81346275 0.70531812 0.72693958 0.70988411 0.85622064 0.87870725
 0.85572296 0.74388763]
Training final Random Forest model...
Saving model and artifacts...
Saved trained model: /home/brusc/Projects/random_forest/experiments_organized_2/poisson_output/dataset_rgb_poisson_40/assatigue/small/k20/advanced_stats/trained_model.joblib
Saved scaler: /home/brusc/Projects/random_forest/experiments_organized_2/poisson_output/dataset_rgb_poisson_40/assatigue/small/k20/advanced_stats/scaler.joblib
Saved feature selector: /home/brusc/Projects/random_forest/experiments_organized_2/poisson_output/dataset_rgb_poisson_40/assatigue/small/k20/advanced_stats/feature_selector.joblib
Saved feature information: /home/brusc/Projects/random_forest/experiments_organized_2/poisson_output/dataset_rgb_poisson_40/assatigue/small/k20/advanced_stats/feature_names.json
Saved experiment report: /home/brusc/Projects/random_forest/experiments_organized_2/poisson_output/dataset_rgb_poisson_40/assatigue/small/k20/advanced_stats/experiment_report_with_model.json
Saved usage instructions: /home/brusc/Projects/random_forest/experiments_organized_2/poisson_output/dataset_rgb_poisson_40/assatigue/small/k20/advanced_stats/model_usage_instructions.md

================================================================================
TRAINING COMPLETED SUCCESSFULLY
================================================================================
Area: assatigue
Dataset: /home/brusc/Projects/random_forest/datasets/dataset_rgb_poisson_40/small
Feature method: advanced_stats
Total images: 45
Classes: ['low_veg', 'trees', 'water']
Original features: 54
Selected features: 20
N estimators: 10

PERFORMANCE RESULTS:
Test Accuracy: 0.8889
CV Accuracy: 0.8667 ± 0.0831

Top 20 selected features:
  1. R_mean: 0.7208
  2. R_std: 0.8923
  3. R_var: 0.8888
  4. R_min: 0.8186
  5. R_range: 0.8418
  6. R_cv: 0.8802
  7. R_mad: 0.8316
  8. G_std: 0.8748
  9. G_var: 0.8645
  10. G_min: 0.7085
  11. G_range: 0.7312
  12. G_cv: 0.9226
  13. G_p10: 0.8135
  14. G_p25: 0.7053
  15. G_p50: 0.7269
  16. G_iqr: 0.7099
  17. G_mad: 0.8562
  18. B_cv: 0.8787
  19. B_p10: 0.8557
  20. B_p25: 0.7439

Model and artifacts saved to: /home/brusc/Projects/random_forest/experiments_organized_2/poisson_output/dataset_rgb_poisson_40/assatigue/small/k20/advanced_stats
================================================================================
