================================================================================
CONFIGURABLE RANDOM FOREST TRAINING SCRIPT
Dataset: /home/brusc/Projects/random_forest/datasets/dataset_rgb_poisson_40/original
Area: assatigue
Feature Method: hybrid
K Features: 20
Output: /home/brusc/Projects/random_forest/experiments_organized_2/poisson_output/dataset_rgb_poisson_40/assatigue/original/k20/hybrid
N Estimators: 50
================================================================================
Loading images from assatigue area...
Found classes in assatigue: ['low_veg', 'trees', 'water']
Loading 40 images from assatigue/low_veg
Loading 36 images from assatigue/trees
Loading 40 images from assatigue/water
Loaded 116 images with 3 classes
Classes: [np.str_('low_veg'), np.str_('trees'), np.str_('water')]
Image shape: (3, 128, 128)
Extracting hybrid features...
Feature matrix shape: (116, 540)
Applying SelectKBest feature selection (k=20)...
Selected features: ['R_std', 'R_var', 'R_cv', 'R_mad', 'G_std', 'G_var', 'G_min', 'G_range', 'G_cv', 'G_p10', 'G_mad', 'B_min', 'B_cv', 'B_p10', 'B_p50', 'R_wst_std_0', 'G_wst_std_0', 'B_wst_mean_47', 'B_wst_mean_56', 'B_wst_mean_69']
Feature scores: [0.82429729 0.82453676 0.84537972 0.80946707 0.88901213 0.88679165
 0.83215388 0.76541255 0.91288293 0.73619033 0.87736309 0.79495089
 0.84912004 0.77837076 0.73903958 0.91085359 0.91703072 0.74685676
 0.74529733 0.74337086]
Training final Random Forest model...
Saving model and artifacts...
Saved trained model: /home/brusc/Projects/random_forest/experiments_organized_2/poisson_output/dataset_rgb_poisson_40/assatigue/original/k20/hybrid/trained_model.joblib
Saved scaler: /home/brusc/Projects/random_forest/experiments_organized_2/poisson_output/dataset_rgb_poisson_40/assatigue/original/k20/hybrid/scaler.joblib
Saved feature selector: /home/brusc/Projects/random_forest/experiments_organized_2/poisson_output/dataset_rgb_poisson_40/assatigue/original/k20/hybrid/feature_selector.joblib
Saved feature information: /home/brusc/Projects/random_forest/experiments_organized_2/poisson_output/dataset_rgb_poisson_40/assatigue/original/k20/hybrid/feature_names.json
Saved experiment report: /home/brusc/Projects/random_forest/experiments_organized_2/poisson_output/dataset_rgb_poisson_40/assatigue/original/k20/hybrid/experiment_report_with_model.json
Saved usage instructions: /home/brusc/Projects/random_forest/experiments_organized_2/poisson_output/dataset_rgb_poisson_40/assatigue/original/k20/hybrid/model_usage_instructions.md

================================================================================
TRAINING COMPLETED SUCCESSFULLY
================================================================================
Area: assatigue
Dataset: /home/brusc/Projects/random_forest/datasets/dataset_rgb_poisson_40/original
Feature method: hybrid
Total images: 116
Classes: ['low_veg', 'water', 'trees']
Original features: 540
Selected features: 20
N estimators: 50

PERFORMANCE RESULTS:
Test Accuracy: 0.9583
CV Accuracy: 0.9565 ± 0.0476

Top 20 selected features:
  1. R_std: 0.8243
  2. R_var: 0.8245
  3. R_cv: 0.8454
  4. R_mad: 0.8095
  5. G_std: 0.8890
  6. G_var: 0.8868
  7. G_min: 0.8322
  8. G_range: 0.7654
  9. G_cv: 0.9129
  10. G_p10: 0.7362
  11. G_mad: 0.8774
  12. B_min: 0.7950
  13. B_cv: 0.8491
  14. B_p10: 0.7784
  15. B_p50: 0.7390
  16. R_wst_std_0: 0.9109
  17. G_wst_std_0: 0.9170
  18. B_wst_mean_47: 0.7469
  19. B_wst_mean_56: 0.7453
  20. B_wst_mean_69: 0.7434

Model and artifacts saved to: /home/brusc/Projects/random_forest/experiments_organized_2/poisson_output/dataset_rgb_poisson_40/assatigue/original/k20/hybrid
================================================================================
