================================================================================
CONFIGURABLE RANDOM FOREST TRAINING SCRIPT
Dataset: /home/brusc/Projects/random_forest/datasets/dataset_rgb_poisson_40/original
Area: assatigue
Feature Method: wst
K Features: 20
Output: /home/brusc/Projects/random_forest/experiments_organized_2/poisson_output/dataset_rgb_poisson_40/assatigue/original/k20/wst
N Estimators: 50
================================================================================
Loading images from assatigue area...
Found classes in assatigue: ['low_veg', 'trees', 'water']
Loading 40 images from assatigue/low_veg
Loading 36 images from assatigue/trees
Loading 40 images from assatigue/water
Loaded 116 images with 3 classes
Classes: [np.str_('low_veg'), np.str_('trees'), np.str_('water')]
Image shape: (3, 128, 128)
Extracting wst features...
Feature matrix shape: (116, 486)
Applying SelectKBest feature selection (k=20)...
Selected features: ['R_wst_mean_4', 'R_wst_mean_6', 'R_wst_mean_19', 'R_wst_mean_50', 'R_wst_mean_51', 'R_wst_mean_60', 'R_wst_std_0', 'G_wst_mean_68', 'G_wst_std_0', 'B_wst_mean_33', 'B_wst_mean_39', 'B_wst_mean_42', 'B_wst_mean_47', 'B_wst_mean_56', 'B_wst_mean_57', 'B_wst_mean_58', 'B_wst_mean_65', 'B_wst_mean_67', 'B_wst_mean_69', 'B_wst_mean_76']
Feature scores: [0.72435312 0.69020309 0.69793071 0.70428329 0.70115931 0.70059572
 0.91085359 0.6943107  0.91703072 0.68751601 0.7142265  0.69820222
 0.74685676 0.74529733 0.69214719 0.72065214 0.70620546 0.70583934
 0.74337086 0.71231874]
Training final Random Forest model...
Saving model and artifacts...
Saved trained model: /home/brusc/Projects/random_forest/experiments_organized_2/poisson_output/dataset_rgb_poisson_40/assatigue/original/k20/wst/trained_model.joblib
Saved scaler: /home/brusc/Projects/random_forest/experiments_organized_2/poisson_output/dataset_rgb_poisson_40/assatigue/original/k20/wst/scaler.joblib
Saved feature selector: /home/brusc/Projects/random_forest/experiments_organized_2/poisson_output/dataset_rgb_poisson_40/assatigue/original/k20/wst/feature_selector.joblib
Saved feature information: /home/brusc/Projects/random_forest/experiments_organized_2/poisson_output/dataset_rgb_poisson_40/assatigue/original/k20/wst/feature_names.json
Saved experiment report: /home/brusc/Projects/random_forest/experiments_organized_2/poisson_output/dataset_rgb_poisson_40/assatigue/original/k20/wst/experiment_report_with_model.json
Saved usage instructions: /home/brusc/Projects/random_forest/experiments_organized_2/poisson_output/dataset_rgb_poisson_40/assatigue/original/k20/wst/model_usage_instructions.md

================================================================================
TRAINING COMPLETED SUCCESSFULLY
================================================================================
Area: assatigue
Dataset: /home/brusc/Projects/random_forest/datasets/dataset_rgb_poisson_40/original
Feature method: wst
Total images: 116
Classes: ['low_veg', 'water', 'trees']
Original features: 486
Selected features: 20
N estimators: 50

PERFORMANCE RESULTS:
Test Accuracy: 0.9583
CV Accuracy: 0.9138 ± 0.0477

Top 20 selected features:
  1. R_wst_mean_4: 0.7244
  2. R_wst_mean_6: 0.6902
  3. R_wst_mean_19: 0.6979
  4. R_wst_mean_50: 0.7043
  5. R_wst_mean_51: 0.7012
  6. R_wst_mean_60: 0.7006
  7. R_wst_std_0: 0.9109
  8. G_wst_mean_68: 0.6943
  9. G_wst_std_0: 0.9170
  10. B_wst_mean_33: 0.6875
  11. B_wst_mean_39: 0.7142
  12. B_wst_mean_42: 0.6982
  13. B_wst_mean_47: 0.7469
  14. B_wst_mean_56: 0.7453
  15. B_wst_mean_57: 0.6921
  16. B_wst_mean_58: 0.7207
  17. B_wst_mean_65: 0.7062
  18. B_wst_mean_67: 0.7058
  19. B_wst_mean_69: 0.7434
  20. B_wst_mean_76: 0.7123

Model and artifacts saved to: /home/brusc/Projects/random_forest/experiments_organized_2/poisson_output/dataset_rgb_poisson_40/assatigue/original/k20/wst
================================================================================
