================================================================================
CONFIGURABLE RANDOM FOREST TRAINING SCRIPT
Dataset: /home/brusc/Projects/random_forest/datasets/dataset_rgb_poisson_40/original
Area: sunset
Feature Method: wst
K Features: 10
Output: /home/brusc/Projects/random_forest/experiments_organized_2/poisson_output/dataset_rgb_poisson_40/sunset/original/k10/wst
N Estimators: 50
================================================================================
Loading images from sunset area...
Found classes in sunset: ['garden', 'low_veg', 'trees']
Loading 40 images from sunset/garden
Loading 40 images from sunset/low_veg
Loading 40 images from sunset/trees
Loaded 120 images with 3 classes
Classes: [np.str_('garden'), np.str_('low_veg'), np.str_('trees')]
Image shape: (3, 128, 128)
Extracting wst features...
Feature matrix shape: (120, 486)
Applying SelectKBest feature selection (k=10)...
Selected features: ['R_wst_std_0', 'R_wst_std_11', 'R_wst_std_12', 'G_wst_mean_10', 'G_wst_mean_13', 'G_wst_std_0', 'G_wst_std_11', 'B_wst_mean_13', 'B_wst_mean_15', 'B_wst_std_14']
Feature scores: [0.85118366 0.71450242 0.73265919 0.70726048 0.70476083 0.70600947
 0.71910815 0.7182942  0.7000343  0.71981733]
Training final Random Forest model...
Saving model and artifacts...
Saved trained model: /home/brusc/Projects/random_forest/experiments_organized_2/poisson_output/dataset_rgb_poisson_40/sunset/original/k10/wst/trained_model.joblib
Saved scaler: /home/brusc/Projects/random_forest/experiments_organized_2/poisson_output/dataset_rgb_poisson_40/sunset/original/k10/wst/scaler.joblib
Saved feature selector: /home/brusc/Projects/random_forest/experiments_organized_2/poisson_output/dataset_rgb_poisson_40/sunset/original/k10/wst/feature_selector.joblib
Saved feature information: /home/brusc/Projects/random_forest/experiments_organized_2/poisson_output/dataset_rgb_poisson_40/sunset/original/k10/wst/feature_names.json
Saved experiment report: /home/brusc/Projects/random_forest/experiments_organized_2/poisson_output/dataset_rgb_poisson_40/sunset/original/k10/wst/experiment_report_with_model.json
Saved usage instructions: /home/brusc/Projects/random_forest/experiments_organized_2/poisson_output/dataset_rgb_poisson_40/sunset/original/k10/wst/model_usage_instructions.md

================================================================================
TRAINING COMPLETED SUCCESSFULLY
================================================================================
Area: sunset
Dataset: /home/brusc/Projects/random_forest/datasets/dataset_rgb_poisson_40/original
Feature method: wst
Total images: 120
Classes: ['garden', 'low_veg', 'trees']
Original features: 486
Selected features: 10
N estimators: 50

PERFORMANCE RESULTS:
Test Accuracy: 0.9583
CV Accuracy: 0.9667 ± 0.0312

Top 10 selected features:
  1. R_wst_std_0: 0.8512
  2. R_wst_std_11: 0.7145
  3. R_wst_std_12: 0.7327
  4. G_wst_mean_10: 0.7073
  5. G_wst_mean_13: 0.7048
  6. G_wst_std_0: 0.7060
  7. G_wst_std_11: 0.7191
  8. B_wst_mean_13: 0.7183
  9. B_wst_mean_15: 0.7000
  10. B_wst_std_14: 0.7198

Model and artifacts saved to: /home/brusc/Projects/random_forest/experiments_organized_2/poisson_output/dataset_rgb_poisson_40/sunset/original/k10/wst
================================================================================
