================================================================================
CONFIGURABLE RANDOM FOREST TRAINING SCRIPT
Dataset: /home/brusc/Projects/random_forest/datasets/dataset_rgb_poisson_60/small
Area: sunset
Feature Method: advanced_stats
K Features: 20
Output: /home/brusc/Projects/random_forest/experiments_organized_2/poisson_output/dataset_rgb_poisson_60/sunset/small/k20/advanced_stats
N Estimators: 10
================================================================================
Loading images from sunset area...
Found classes in sunset: ['garden', 'low_veg', 'trees']
Loading 15 images from sunset/garden
Loading 15 images from sunset/low_veg
Loading 15 images from sunset/trees
Loaded 45 images with 3 classes
Classes: [np.str_('garden'), np.str_('low_veg'), np.str_('trees')]
Image shape: (3, 128, 128)
Extracting advanced_stats features...
Feature matrix shape: (45, 54)
Applying SelectKBest feature selection (k=20)...
Selected features: ['R_std', 'R_var', 'R_range', 'R_iqr', 'R_mad', 'G_std', 'G_var', 'G_range', 'G_cv', 'G_iqr', 'G_mad', 'G_grad_mean', 'B_std', 'B_var', 'B_skew', 'B_p10', 'B_p90', 'B_iqr', 'B_mad', 'B_grad_mean']
Feature scores: [0.69786039 0.70282407 0.68460886 0.80757759 0.73448216 0.64210445
 0.64901803 0.5514484  0.59162898 0.63304002 0.67178699 0.5431706
 0.59659753 0.60320423 0.65953957 0.54464321 0.56579842 0.54812089
 0.70819806 0.62845989]
Training final Random Forest model...
Saving model and artifacts...
Saved trained model: /home/brusc/Projects/random_forest/experiments_organized_2/poisson_output/dataset_rgb_poisson_60/sunset/small/k20/advanced_stats/trained_model.joblib
Saved scaler: /home/brusc/Projects/random_forest/experiments_organized_2/poisson_output/dataset_rgb_poisson_60/sunset/small/k20/advanced_stats/scaler.joblib
Saved feature selector: /home/brusc/Projects/random_forest/experiments_organized_2/poisson_output/dataset_rgb_poisson_60/sunset/small/k20/advanced_stats/feature_selector.joblib
Saved feature information: /home/brusc/Projects/random_forest/experiments_organized_2/poisson_output/dataset_rgb_poisson_60/sunset/small/k20/advanced_stats/feature_names.json
Saved experiment report: /home/brusc/Projects/random_forest/experiments_organized_2/poisson_output/dataset_rgb_poisson_60/sunset/small/k20/advanced_stats/experiment_report_with_model.json
Saved usage instructions: /home/brusc/Projects/random_forest/experiments_organized_2/poisson_output/dataset_rgb_poisson_60/sunset/small/k20/advanced_stats/model_usage_instructions.md

================================================================================
TRAINING COMPLETED SUCCESSFULLY
================================================================================
Area: sunset
Dataset: /home/brusc/Projects/random_forest/datasets/dataset_rgb_poisson_60/small
Feature method: advanced_stats
Total images: 45
Classes: ['garden', 'low_veg', 'trees']
Original features: 54
Selected features: 20
N estimators: 10

PERFORMANCE RESULTS:
Test Accuracy: 1.0000
CV Accuracy: 0.9333 ± 0.0889

Top 20 selected features:
  1. R_std: 0.6979
  2. R_var: 0.7028
  3. R_range: 0.6846
  4. R_iqr: 0.8076
  5. R_mad: 0.7345
  6. G_std: 0.6421
  7. G_var: 0.6490
  8. G_range: 0.5514
  9. G_cv: 0.5916
  10. G_iqr: 0.6330
  11. G_mad: 0.6718
  12. G_grad_mean: 0.5432
  13. B_std: 0.5966
  14. B_var: 0.6032
  15. B_skew: 0.6595
  16. B_p10: 0.5446
  17. B_p90: 0.5658
  18. B_iqr: 0.5481
  19. B_mad: 0.7082
  20. B_grad_mean: 0.6285

Model and artifacts saved to: /home/brusc/Projects/random_forest/experiments_organized_2/poisson_output/dataset_rgb_poisson_60/sunset/small/k20/advanced_stats
================================================================================
