================================================================================
CONFIGURABLE RANDOM FOREST TRAINING SCRIPT
Dataset: /home/brusc/Projects/random_forest/datasets/dataset_rgb_poisson_40/original
Area: popolar
Feature Method: wst
K Features: 20
Output: /home/brusc/Projects/random_forest/experiments_organized_2/poisson_output/dataset_rgb_poisson_40/popolar/original/k20/wst
N Estimators: 50
================================================================================
Loading images from popolar area...
Found classes in popolar: ['low_veg', 'trees', 'water']
Loading 41 images from popolar/low_veg
Loading 40 images from popolar/trees
Loading 40 images from popolar/water
Loaded 121 images with 3 classes
Classes: [np.str_('low_veg'), np.str_('trees'), np.str_('water')]
Image shape: (3, 128, 128)
Extracting wst features...
Feature matrix shape: (121, 486)
Applying SelectKBest feature selection (k=20)...
Selected features: ['R_wst_mean_0', 'R_wst_mean_50', 'R_wst_mean_75', 'R_wst_std_0', 'G_wst_std_0', 'B_wst_mean_0', 'B_wst_mean_20', 'B_wst_mean_21', 'B_wst_mean_22', 'B_wst_mean_27', 'B_wst_mean_30', 'B_wst_mean_31', 'B_wst_mean_38', 'B_wst_mean_39', 'B_wst_mean_49', 'B_wst_mean_75', 'B_wst_mean_76', 'B_wst_mean_77', 'B_wst_mean_78', 'B_wst_std_0']
Feature scores: [0.84579618 0.84700641 0.84619637 0.99114591 1.00299971 0.89344154
 0.86802578 0.86259987 0.97401556 0.83327803 0.84424744 0.84904481
 0.82358773 0.86725665 0.82703482 0.82638884 0.85376865 0.86661174
 0.83357347 0.91507591]
Training final Random Forest model...
Saving model and artifacts...
Saved trained model: /home/brusc/Projects/random_forest/experiments_organized_2/poisson_output/dataset_rgb_poisson_40/popolar/original/k20/wst/trained_model.joblib
Saved scaler: /home/brusc/Projects/random_forest/experiments_organized_2/poisson_output/dataset_rgb_poisson_40/popolar/original/k20/wst/scaler.joblib
Saved feature selector: /home/brusc/Projects/random_forest/experiments_organized_2/poisson_output/dataset_rgb_poisson_40/popolar/original/k20/wst/feature_selector.joblib
Saved feature information: /home/brusc/Projects/random_forest/experiments_organized_2/poisson_output/dataset_rgb_poisson_40/popolar/original/k20/wst/feature_names.json
Saved experiment report: /home/brusc/Projects/random_forest/experiments_organized_2/poisson_output/dataset_rgb_poisson_40/popolar/original/k20/wst/experiment_report_with_model.json
Saved usage instructions: /home/brusc/Projects/random_forest/experiments_organized_2/poisson_output/dataset_rgb_poisson_40/popolar/original/k20/wst/model_usage_instructions.md

================================================================================
TRAINING COMPLETED SUCCESSFULLY
================================================================================
Area: popolar
Dataset: /home/brusc/Projects/random_forest/datasets/dataset_rgb_poisson_40/original
Feature method: wst
Total images: 121
Classes: ['low_veg', 'trees', 'water']
Original features: 486
Selected features: 20
N estimators: 50

PERFORMANCE RESULTS:
Test Accuracy: 0.9600
CV Accuracy: 0.9667 ± 0.0312

Top 20 selected features:
  1. R_wst_mean_0: 0.8458
  2. R_wst_mean_50: 0.8470
  3. R_wst_mean_75: 0.8462
  4. R_wst_std_0: 0.9911
  5. G_wst_std_0: 1.0030
  6. B_wst_mean_0: 0.8934
  7. B_wst_mean_20: 0.8680
  8. B_wst_mean_21: 0.8626
  9. B_wst_mean_22: 0.9740
  10. B_wst_mean_27: 0.8333
  11. B_wst_mean_30: 0.8442
  12. B_wst_mean_31: 0.8490
  13. B_wst_mean_38: 0.8236
  14. B_wst_mean_39: 0.8673
  15. B_wst_mean_49: 0.8270
  16. B_wst_mean_75: 0.8264
  17. B_wst_mean_76: 0.8538
  18. B_wst_mean_77: 0.8666
  19. B_wst_mean_78: 0.8336
  20. B_wst_std_0: 0.9151

Model and artifacts saved to: /home/brusc/Projects/random_forest/experiments_organized_2/poisson_output/dataset_rgb_poisson_40/popolar/original/k20/wst
================================================================================
