================================================================================
CONFIGURABLE RANDOM FOREST TRAINING SCRIPT
Dataset: /home/brusc/Projects/random_forest/datasets/dataset_rgb_poisson_40/small
Area: popolar
Feature Method: advanced_stats
K Features: 10
Output: /home/brusc/Projects/random_forest/experiments_organized_2/poisson_output/dataset_rgb_poisson_40/popolar/small/k10/advanced_stats
N Estimators: 10
================================================================================
Loading images from popolar area...
Found classes in popolar: ['low_veg', 'trees', 'water']
Loading 15 images from popolar/low_veg
Loading 15 images from popolar/trees
Loading 15 images from popolar/water
Loaded 45 images with 3 classes
Classes: [np.str_('low_veg'), np.str_('trees'), np.str_('water')]
Image shape: (3, 128, 128)
Extracting advanced_stats features...
Feature matrix shape: (45, 54)
Applying SelectKBest feature selection (k=10)...
Selected features: ['R_std', 'R_var', 'R_cv', 'R_p25', 'R_mad', 'G_std', 'G_var', 'G_mad', 'B_cv', 'B_p10']
Feature scores: [0.94111948 0.9350252  0.95396891 0.92458619 0.9399848  1.04237168
 1.0445939  1.08634875 1.05769203 0.92977605]
Training final Random Forest model...
Saving model and artifacts...
Saved trained model: /home/brusc/Projects/random_forest/experiments_organized_2/poisson_output/dataset_rgb_poisson_40/popolar/small/k10/advanced_stats/trained_model.joblib
Saved scaler: /home/brusc/Projects/random_forest/experiments_organized_2/poisson_output/dataset_rgb_poisson_40/popolar/small/k10/advanced_stats/scaler.joblib
Saved feature selector: /home/brusc/Projects/random_forest/experiments_organized_2/poisson_output/dataset_rgb_poisson_40/popolar/small/k10/advanced_stats/feature_selector.joblib
Saved feature information: /home/brusc/Projects/random_forest/experiments_organized_2/poisson_output/dataset_rgb_poisson_40/popolar/small/k10/advanced_stats/feature_names.json
Saved experiment report: /home/brusc/Projects/random_forest/experiments_organized_2/poisson_output/dataset_rgb_poisson_40/popolar/small/k10/advanced_stats/experiment_report_with_model.json
Saved usage instructions: /home/brusc/Projects/random_forest/experiments_organized_2/poisson_output/dataset_rgb_poisson_40/popolar/small/k10/advanced_stats/model_usage_instructions.md

================================================================================
TRAINING COMPLETED SUCCESSFULLY
================================================================================
Area: popolar
Dataset: /home/brusc/Projects/random_forest/datasets/dataset_rgb_poisson_40/small
Feature method: advanced_stats
Total images: 45
Classes: ['low_veg', 'trees', 'water']
Original features: 54
Selected features: 10
N estimators: 10

PERFORMANCE RESULTS:
Test Accuracy: 1.0000
CV Accuracy: 0.9778 ± 0.0444

Top 10 selected features:
  1. R_std: 0.9411
  2. R_var: 0.9350
  3. R_cv: 0.9540
  4. R_p25: 0.9246
  5. R_mad: 0.9400
  6. G_std: 1.0424
  7. G_var: 1.0446
  8. G_mad: 1.0863
  9. B_cv: 1.0577
  10. B_p10: 0.9298

Model and artifacts saved to: /home/brusc/Projects/random_forest/experiments_organized_2/poisson_output/dataset_rgb_poisson_40/popolar/small/k10/advanced_stats
================================================================================
