================================================================================
CONFIGURABLE RANDOM FOREST TRAINING SCRIPT
Dataset: /home/brusc/Projects/random_forest/datasets/dataset_rgb_poisson_60/original
Area: assatigue
Feature Method: advanced_stats
K Features: 20
Output: /home/brusc/Projects/random_forest/experiments_organized_2/poisson_output/dataset_rgb_poisson_60/assatigue/original/k20/advanced_stats
N Estimators: 50
================================================================================
Loading images from assatigue area...
Found classes in assatigue: ['low_veg', 'trees', 'water']
Loading 40 images from assatigue/low_veg
Loading 36 images from assatigue/trees
Loading 40 images from assatigue/water
Loaded 116 images with 3 classes
Classes: [np.str_('low_veg'), np.str_('trees'), np.str_('water')]
Image shape: (3, 128, 128)
Extracting advanced_stats features...
Feature matrix shape: (116, 54)
Applying SelectKBest feature selection (k=20)...
Selected features: ['R_std', 'R_var', 'R_min', 'R_cv', 'R_p10', 'R_iqr', 'R_mad', 'G_std', 'G_var', 'G_min', 'G_range', 'G_cv', 'G_p10', 'G_iqr', 'G_mad', 'B_min', 'B_cv', 'B_p10', 'B_p25', 'B_iqr']
Feature scores: [0.84790401 0.84909383 0.75259213 0.88420057 0.68401434 0.72804558
 0.88650824 0.87453676 0.87438233 0.83424631 0.85858683 0.92643513
 0.69566961 0.86132871 0.90484624 0.74591313 0.88205069 0.81106634
 0.74129714 0.71062718]
Training final Random Forest model...
Saving model and artifacts...
Saved trained model: /home/brusc/Projects/random_forest/experiments_organized_2/poisson_output/dataset_rgb_poisson_60/assatigue/original/k20/advanced_stats/trained_model.joblib
Saved scaler: /home/brusc/Projects/random_forest/experiments_organized_2/poisson_output/dataset_rgb_poisson_60/assatigue/original/k20/advanced_stats/scaler.joblib
Saved feature selector: /home/brusc/Projects/random_forest/experiments_organized_2/poisson_output/dataset_rgb_poisson_60/assatigue/original/k20/advanced_stats/feature_selector.joblib
Saved feature information: /home/brusc/Projects/random_forest/experiments_organized_2/poisson_output/dataset_rgb_poisson_60/assatigue/original/k20/advanced_stats/feature_names.json
Saved experiment report: /home/brusc/Projects/random_forest/experiments_organized_2/poisson_output/dataset_rgb_poisson_60/assatigue/original/k20/advanced_stats/experiment_report_with_model.json
Saved usage instructions: /home/brusc/Projects/random_forest/experiments_organized_2/poisson_output/dataset_rgb_poisson_60/assatigue/original/k20/advanced_stats/model_usage_instructions.md

================================================================================
TRAINING COMPLETED SUCCESSFULLY
================================================================================
Area: assatigue
Dataset: /home/brusc/Projects/random_forest/datasets/dataset_rgb_poisson_60/original
Feature method: advanced_stats
Total images: 116
Classes: ['low_veg', 'water', 'trees']
Original features: 54
Selected features: 20
N estimators: 50

PERFORMANCE RESULTS:
Test Accuracy: 0.9167
CV Accuracy: 0.9482 ± 0.0326

Top 20 selected features:
  1. R_std: 0.8479
  2. R_var: 0.8491
  3. R_min: 0.7526
  4. R_cv: 0.8842
  5. R_p10: 0.6840
  6. R_iqr: 0.7280
  7. R_mad: 0.8865
  8. G_std: 0.8745
  9. G_var: 0.8744
  10. G_min: 0.8342
  11. G_range: 0.8586
  12. G_cv: 0.9264
  13. G_p10: 0.6957
  14. G_iqr: 0.8613
  15. G_mad: 0.9048
  16. B_min: 0.7459
  17. B_cv: 0.8821
  18. B_p10: 0.8111
  19. B_p25: 0.7413
  20. B_iqr: 0.7106

Model and artifacts saved to: /home/brusc/Projects/random_forest/experiments_organized_2/poisson_output/dataset_rgb_poisson_60/assatigue/original/k20/advanced_stats
================================================================================
