================================================================================
CONFIGURABLE RANDOM FOREST TRAINING SCRIPT
Dataset: /home/brusc/Projects/random_forest/datasets/dataset_rgb_poisson_40/small
Area: popolar
Feature Method: hybrid
K Features: 20
Output: /home/brusc/Projects/random_forest/experiments_organized_2/poisson_output/dataset_rgb_poisson_40/popolar/small/k20/hybrid
N Estimators: 10
================================================================================
Loading images from popolar area...
Found classes in popolar: ['low_veg', 'trees', 'water']
Loading 15 images from popolar/low_veg
Loading 15 images from popolar/trees
Loading 15 images from popolar/water
Loaded 45 images with 3 classes
Classes: [np.str_('low_veg'), np.str_('trees'), np.str_('water')]
Image shape: (3, 128, 128)
Extracting hybrid features...
Feature matrix shape: (45, 540)
Applying SelectKBest feature selection (k=20)...
Selected features: ['R_std', 'R_var', 'R_range', 'R_cv', 'R_p25', 'R_mad', 'G_std', 'G_var', 'G_iqr', 'G_mad', 'B_min', 'B_cv', 'B_p10', 'R_wst_mean_22', 'R_wst_std_0', 'G_wst_std_0', 'B_wst_mean_38', 'B_wst_mean_42', 'B_wst_mean_56', 'B_wst_std_0']
Feature scores: [0.94111948 0.9350252  0.88818633 0.95396891 0.89606768 0.9399848
 1.04237168 1.0445939  0.8868445  1.08634875 0.91941272 1.05769203
 0.94088716 0.89492651 0.99429463 0.9972135  1.05961074 0.91746119
 0.9148833  0.9428011 ]
Training final Random Forest model...
Saving model and artifacts...
Saved trained model: /home/brusc/Projects/random_forest/experiments_organized_2/poisson_output/dataset_rgb_poisson_40/popolar/small/k20/hybrid/trained_model.joblib
Saved scaler: /home/brusc/Projects/random_forest/experiments_organized_2/poisson_output/dataset_rgb_poisson_40/popolar/small/k20/hybrid/scaler.joblib
Saved feature selector: /home/brusc/Projects/random_forest/experiments_organized_2/poisson_output/dataset_rgb_poisson_40/popolar/small/k20/hybrid/feature_selector.joblib
Saved feature information: /home/brusc/Projects/random_forest/experiments_organized_2/poisson_output/dataset_rgb_poisson_40/popolar/small/k20/hybrid/feature_names.json
Saved experiment report: /home/brusc/Projects/random_forest/experiments_organized_2/poisson_output/dataset_rgb_poisson_40/popolar/small/k20/hybrid/experiment_report_with_model.json
Saved usage instructions: /home/brusc/Projects/random_forest/experiments_organized_2/poisson_output/dataset_rgb_poisson_40/popolar/small/k20/hybrid/model_usage_instructions.md

================================================================================
TRAINING COMPLETED SUCCESSFULLY
================================================================================
Area: popolar
Dataset: /home/brusc/Projects/random_forest/datasets/dataset_rgb_poisson_40/small
Feature method: hybrid
Total images: 45
Classes: ['low_veg', 'trees', 'water']
Original features: 540
Selected features: 20
N estimators: 10

PERFORMANCE RESULTS:
Test Accuracy: 1.0000
CV Accuracy: 0.9556 ± 0.0889

Top 20 selected features:
  1. R_std: 0.9411
  2. R_var: 0.9350
  3. R_range: 0.8882
  4. R_cv: 0.9540
  5. R_p25: 0.8961
  6. R_mad: 0.9400
  7. G_std: 1.0424
  8. G_var: 1.0446
  9. G_iqr: 0.8868
  10. G_mad: 1.0863
  11. B_min: 0.9194
  12. B_cv: 1.0577
  13. B_p10: 0.9409
  14. R_wst_mean_22: 0.8949
  15. R_wst_std_0: 0.9943
  16. G_wst_std_0: 0.9972
  17. B_wst_mean_38: 1.0596
  18. B_wst_mean_42: 0.9175
  19. B_wst_mean_56: 0.9149
  20. B_wst_std_0: 0.9428

Model and artifacts saved to: /home/brusc/Projects/random_forest/experiments_organized_2/poisson_output/dataset_rgb_poisson_40/popolar/small/k20/hybrid
================================================================================
