================================================================================
CONFIGURABLE RANDOM FOREST TRAINING SCRIPT
Dataset: /home/brusc/Projects/random_forest/datasets/dataset_rgb_poisson_40/mini
Area: popolar
Feature Method: hybrid
K Features: 20
Output: /home/brusc/Projects/random_forest/experiments_organized_2/poisson_output/dataset_rgb_poisson_40/popolar/mini/k20/hybrid
N Estimators: 3
================================================================================
Loading images from popolar area...
Found classes in popolar: ['low_veg', 'trees', 'water']
Loading 5 images from popolar/low_veg
Loading 5 images from popolar/trees
Loading 5 images from popolar/water
Loaded 15 images with 3 classes
Classes: [np.str_('low_veg'), np.str_('trees'), np.str_('water')]
Image shape: (3, 128, 128)
Extracting hybrid features...
Feature matrix shape: (15, 540)
Applying SelectKBest feature selection (k=20)...
Selected features: ['R_min', 'R_max', 'R_p10', 'R_p90', 'G_var', 'G_min', 'B_mean', 'B_min', 'B_p10', 'B_p25', 'B_p50', 'G_wst_std_0', 'B_wst_mean_0', 'B_wst_mean_40', 'B_wst_mean_50', 'B_wst_mean_56', 'B_wst_mean_58', 'B_wst_mean_68', 'B_wst_std_36', 'B_wst_std_42']
Feature scores: [1.13187979 1.63159544 1.22251471 0.88293558 0.87426074 1.3545782
 0.89814963 1.14410201 1.01267344 0.96537185 0.91259407 0.92267344
 0.93703852 0.88468161 0.96759407 0.87344063 1.02711788 0.88690384
 0.91600677 0.92801495]
Training final Random Forest model...
Saving model and artifacts...
Saved trained model: /home/brusc/Projects/random_forest/experiments_organized_2/poisson_output/dataset_rgb_poisson_40/popolar/mini/k20/hybrid/trained_model.joblib
Saved scaler: /home/brusc/Projects/random_forest/experiments_organized_2/poisson_output/dataset_rgb_poisson_40/popolar/mini/k20/hybrid/scaler.joblib
Saved feature selector: /home/brusc/Projects/random_forest/experiments_organized_2/poisson_output/dataset_rgb_poisson_40/popolar/mini/k20/hybrid/feature_selector.joblib
Saved feature information: /home/brusc/Projects/random_forest/experiments_organized_2/poisson_output/dataset_rgb_poisson_40/popolar/mini/k20/hybrid/feature_names.json
Saved experiment report: /home/brusc/Projects/random_forest/experiments_organized_2/poisson_output/dataset_rgb_poisson_40/popolar/mini/k20/hybrid/experiment_report_with_model.json
Saved usage instructions: /home/brusc/Projects/random_forest/experiments_organized_2/poisson_output/dataset_rgb_poisson_40/popolar/mini/k20/hybrid/model_usage_instructions.md

================================================================================
TRAINING COMPLETED SUCCESSFULLY
================================================================================
Area: popolar
Dataset: /home/brusc/Projects/random_forest/datasets/dataset_rgb_poisson_40/mini
Feature method: hybrid
Total images: 15
Classes: ['low_veg', 'trees', 'water']
Original features: 540
Selected features: 20
N estimators: 3

PERFORMANCE RESULTS:
Test Accuracy: 1.0000
CV Accuracy: 0.9333 ± 0.1333

Top 20 selected features:
  1. R_min: 1.1319
  2. R_max: 1.6316
  3. R_p10: 1.2225
  4. R_p90: 0.8829
  5. G_var: 0.8743
  6. G_min: 1.3546
  7. B_mean: 0.8981
  8. B_min: 1.1441
  9. B_p10: 1.0127
  10. B_p25: 0.9654
  11. B_p50: 0.9126
  12. G_wst_std_0: 0.9227
  13. B_wst_mean_0: 0.9370
  14. B_wst_mean_40: 0.8847
  15. B_wst_mean_50: 0.9676
  16. B_wst_mean_56: 0.8734
  17. B_wst_mean_58: 1.0271
  18. B_wst_mean_68: 0.8869
  19. B_wst_std_36: 0.9160
  20. B_wst_std_42: 0.9280

Model and artifacts saved to: /home/brusc/Projects/random_forest/experiments_organized_2/poisson_output/dataset_rgb_poisson_40/popolar/mini/k20/hybrid
================================================================================
