================================================================================
CONFIGURABLE RANDOM FOREST TRAINING SCRIPT
Dataset: /home/brusc/Projects/random_forest/datasets/dataset_rgb_poisson_40/original
Area: popolar
Feature Method: hybrid
K Features: 20
Output: /home/brusc/Projects/random_forest/experiments_organized_2/poisson_output/dataset_rgb_poisson_40/popolar/original/k20/hybrid
N Estimators: 50
================================================================================
Loading images from popolar area...
Found classes in popolar: ['low_veg', 'trees', 'water']
Loading 41 images from popolar/low_veg
Loading 40 images from popolar/trees
Loading 40 images from popolar/water
Loaded 121 images with 3 classes
Classes: [np.str_('low_veg'), np.str_('trees'), np.str_('water')]
Image shape: (3, 128, 128)
Extracting hybrid features...
Feature matrix shape: (121, 540)
Applying SelectKBest feature selection (k=20)...
Selected features: ['R_std', 'R_var', 'R_min', 'R_cv', 'R_p10', 'R_p25', 'R_mad', 'G_std', 'G_var', 'G_mad', 'B_mean', 'B_min', 'B_cv', 'B_p10', 'B_p25', 'R_wst_std_0', 'G_wst_std_0', 'B_wst_mean_0', 'B_wst_mean_22', 'B_wst_std_0']
Feature scores: [0.94354189 0.94622784 0.89489279 1.00398528 0.97465958 0.89647549
 0.95341721 1.02456046 1.02456046 1.03483827 0.89777633 0.99902087
 1.08430953 0.98779332 0.99590446 0.99114591 1.00299971 0.89344154
 0.97401556 0.91507591]
Training final Random Forest model...
Saving model and artifacts...
Saved trained model: /home/brusc/Projects/random_forest/experiments_organized_2/poisson_output/dataset_rgb_poisson_40/popolar/original/k20/hybrid/trained_model.joblib
Saved scaler: /home/brusc/Projects/random_forest/experiments_organized_2/poisson_output/dataset_rgb_poisson_40/popolar/original/k20/hybrid/scaler.joblib
Saved feature selector: /home/brusc/Projects/random_forest/experiments_organized_2/poisson_output/dataset_rgb_poisson_40/popolar/original/k20/hybrid/feature_selector.joblib
Saved feature information: /home/brusc/Projects/random_forest/experiments_organized_2/poisson_output/dataset_rgb_poisson_40/popolar/original/k20/hybrid/feature_names.json
Saved experiment report: /home/brusc/Projects/random_forest/experiments_organized_2/poisson_output/dataset_rgb_poisson_40/popolar/original/k20/hybrid/experiment_report_with_model.json
Saved usage instructions: /home/brusc/Projects/random_forest/experiments_organized_2/poisson_output/dataset_rgb_poisson_40/popolar/original/k20/hybrid/model_usage_instructions.md

================================================================================
TRAINING COMPLETED SUCCESSFULLY
================================================================================
Area: popolar
Dataset: /home/brusc/Projects/random_forest/datasets/dataset_rgb_poisson_40/original
Feature method: hybrid
Total images: 121
Classes: ['low_veg', 'trees', 'water']
Original features: 540
Selected features: 20
N estimators: 50

PERFORMANCE RESULTS:
Test Accuracy: 1.0000
CV Accuracy: 0.9917 ± 0.0167

Top 20 selected features:
  1. R_std: 0.9435
  2. R_var: 0.9462
  3. R_min: 0.8949
  4. R_cv: 1.0040
  5. R_p10: 0.9747
  6. R_p25: 0.8965
  7. R_mad: 0.9534
  8. G_std: 1.0246
  9. G_var: 1.0246
  10. G_mad: 1.0348
  11. B_mean: 0.8978
  12. B_min: 0.9990
  13. B_cv: 1.0843
  14. B_p10: 0.9878
  15. B_p25: 0.9959
  16. R_wst_std_0: 0.9911
  17. G_wst_std_0: 1.0030
  18. B_wst_mean_0: 0.8934
  19. B_wst_mean_22: 0.9740
  20. B_wst_std_0: 0.9151

Model and artifacts saved to: /home/brusc/Projects/random_forest/experiments_organized_2/poisson_output/dataset_rgb_poisson_40/popolar/original/k20/hybrid
================================================================================
