================================================================================
CONFIGURABLE RANDOM FOREST TRAINING SCRIPT
Dataset: /home/brusc/Projects/random_forest/datasets/dataset_rgb_poisson_40/small
Area: assatigue
Feature Method: wst
K Features: 20
Output: /home/brusc/Projects/random_forest/experiments_organized_2/poisson_output/dataset_rgb_poisson_40/assatigue/small/k20/wst
N Estimators: 10
================================================================================
Loading images from assatigue area...
Found classes in assatigue: ['low_veg', 'trees', 'water']
Loading 15 images from assatigue/low_veg
Loading 15 images from assatigue/trees
Loading 15 images from assatigue/water
Loaded 45 images with 3 classes
Classes: [np.str_('low_veg'), np.str_('trees'), np.str_('water')]
Image shape: (3, 128, 128)
Extracting wst features...
Feature matrix shape: (45, 486)
Applying SelectKBest feature selection (k=20)...
Selected features: ['R_wst_mean_0', 'R_wst_mean_5', 'R_wst_mean_22', 'R_wst_mean_35', 'R_wst_mean_49', 'R_wst_mean_53', 'R_wst_mean_57', 'R_wst_mean_59', 'R_wst_mean_65', 'R_wst_std_0', 'R_wst_std_56', 'G_wst_std_0', 'B_wst_mean_1', 'B_wst_mean_4', 'B_wst_mean_29', 'B_wst_mean_30', 'B_wst_mean_58', 'B_wst_mean_65', 'B_wst_mean_70', 'B_wst_mean_80']
Feature scores: [0.74520237 0.73622449 0.73477027 0.76933737 0.77735404 0.76380907
 0.74162132 0.74798656 0.84944399 0.88511915 0.82484883 0.85898158
 0.83966445 0.78634875 0.7770195  0.80184098 0.74646259 0.74880907
 0.77629504 0.73759269]
Training final Random Forest model...
Saving model and artifacts...
Saved trained model: /home/brusc/Projects/random_forest/experiments_organized_2/poisson_output/dataset_rgb_poisson_40/assatigue/small/k20/wst/trained_model.joblib
Saved scaler: /home/brusc/Projects/random_forest/experiments_organized_2/poisson_output/dataset_rgb_poisson_40/assatigue/small/k20/wst/scaler.joblib
Saved feature selector: /home/brusc/Projects/random_forest/experiments_organized_2/poisson_output/dataset_rgb_poisson_40/assatigue/small/k20/wst/feature_selector.joblib
Saved feature information: /home/brusc/Projects/random_forest/experiments_organized_2/poisson_output/dataset_rgb_poisson_40/assatigue/small/k20/wst/feature_names.json
Saved experiment report: /home/brusc/Projects/random_forest/experiments_organized_2/poisson_output/dataset_rgb_poisson_40/assatigue/small/k20/wst/experiment_report_with_model.json
Saved usage instructions: /home/brusc/Projects/random_forest/experiments_organized_2/poisson_output/dataset_rgb_poisson_40/assatigue/small/k20/wst/model_usage_instructions.md

================================================================================
TRAINING COMPLETED SUCCESSFULLY
================================================================================
Area: assatigue
Dataset: /home/brusc/Projects/random_forest/datasets/dataset_rgb_poisson_40/small
Feature method: wst
Total images: 45
Classes: ['low_veg', 'trees', 'water']
Original features: 486
Selected features: 20
N estimators: 10

PERFORMANCE RESULTS:
Test Accuracy: 0.8889
CV Accuracy: 0.8889 ± 0.0703

Top 20 selected features:
  1. R_wst_mean_0: 0.7452
  2. R_wst_mean_5: 0.7362
  3. R_wst_mean_22: 0.7348
  4. R_wst_mean_35: 0.7693
  5. R_wst_mean_49: 0.7774
  6. R_wst_mean_53: 0.7638
  7. R_wst_mean_57: 0.7416
  8. R_wst_mean_59: 0.7480
  9. R_wst_mean_65: 0.8494
  10. R_wst_std_0: 0.8851
  11. R_wst_std_56: 0.8248
  12. G_wst_std_0: 0.8590
  13. B_wst_mean_1: 0.8397
  14. B_wst_mean_4: 0.7863
  15. B_wst_mean_29: 0.7770
  16. B_wst_mean_30: 0.8018
  17. B_wst_mean_58: 0.7465
  18. B_wst_mean_65: 0.7488
  19. B_wst_mean_70: 0.7763
  20. B_wst_mean_80: 0.7376

Model and artifacts saved to: /home/brusc/Projects/random_forest/experiments_organized_2/poisson_output/dataset_rgb_poisson_40/assatigue/small/k20/wst
================================================================================
