================================================================================
CONFIGURABLE RANDOM FOREST TRAINING SCRIPT
Dataset: /home/brusc/Projects/random_forest/datasets/dataset_rgb_poisson_40/small
Area: assatigue
Feature Method: advanced_stats
K Features: 5
Output: /home/brusc/Projects/random_forest/experiments_organized_2/poisson_output/dataset_rgb_poisson_40/assatigue/small/k5/advanced_stats
N Estimators: 10
================================================================================
Loading images from assatigue area...
Found classes in assatigue: ['low_veg', 'trees', 'water']
Loading 15 images from assatigue/low_veg
Loading 15 images from assatigue/trees
Loading 15 images from assatigue/water
Loaded 45 images with 3 classes
Classes: [np.str_('low_veg'), np.str_('trees'), np.str_('water')]
Image shape: (3, 128, 128)
Extracting advanced_stats features...
Feature matrix shape: (45, 54)
Applying SelectKBest feature selection (k=5)...
Selected features: ['R_std', 'R_var', 'R_cv', 'G_cv', 'B_cv']
Feature scores: [0.89234859 0.88878733 0.88022608 0.92260081 0.87870725]
Training final Random Forest model...
Saving model and artifacts...
Saved trained model: /home/brusc/Projects/random_forest/experiments_organized_2/poisson_output/dataset_rgb_poisson_40/assatigue/small/k5/advanced_stats/trained_model.joblib
Saved scaler: /home/brusc/Projects/random_forest/experiments_organized_2/poisson_output/dataset_rgb_poisson_40/assatigue/small/k5/advanced_stats/scaler.joblib
Saved feature selector: /home/brusc/Projects/random_forest/experiments_organized_2/poisson_output/dataset_rgb_poisson_40/assatigue/small/k5/advanced_stats/feature_selector.joblib
Saved feature information: /home/brusc/Projects/random_forest/experiments_organized_2/poisson_output/dataset_rgb_poisson_40/assatigue/small/k5/advanced_stats/feature_names.json
Saved experiment report: /home/brusc/Projects/random_forest/experiments_organized_2/poisson_output/dataset_rgb_poisson_40/assatigue/small/k5/advanced_stats/experiment_report_with_model.json
Saved usage instructions: /home/brusc/Projects/random_forest/experiments_organized_2/poisson_output/dataset_rgb_poisson_40/assatigue/small/k5/advanced_stats/model_usage_instructions.md

================================================================================
TRAINING COMPLETED SUCCESSFULLY
================================================================================
Area: assatigue
Dataset: /home/brusc/Projects/random_forest/datasets/dataset_rgb_poisson_40/small
Feature method: advanced_stats
Total images: 45
Classes: ['low_veg', 'trees', 'water']
Original features: 54
Selected features: 5
N estimators: 10

PERFORMANCE RESULTS:
Test Accuracy: 0.8889
CV Accuracy: 0.8889 ± 0.0703

Top 5 selected features:
  1. R_std: 0.8923
  2. R_var: 0.8888
  3. R_cv: 0.8802
  4. G_cv: 0.9226
  5. B_cv: 0.8787

Model and artifacts saved to: /home/brusc/Projects/random_forest/experiments_organized_2/poisson_output/dataset_rgb_poisson_40/assatigue/small/k5/advanced_stats
================================================================================
