================================================================================
CONFIGURABLE RANDOM FOREST TRAINING SCRIPT
Dataset: /home/brusc/Projects/random_forest/datasets/dataset_rgb_poisson_60/mini
Area: popolar
Feature Method: hybrid
K Features: 20
Output: /home/brusc/Projects/random_forest/experiments_organized_2/poisson_output/dataset_rgb_poisson_60/popolar/mini/k20/hybrid
N Estimators: 3
================================================================================
Loading images from popolar area...
Found classes in popolar: ['low_veg', 'trees', 'water']
Loading 5 images from popolar/low_veg
Loading 5 images from popolar/trees
Loading 5 images from popolar/water
Loaded 15 images with 3 classes
Classes: [np.str_('low_veg'), np.str_('trees'), np.str_('water')]
Image shape: (3, 128, 128)
Extracting hybrid features...
Feature matrix shape: (15, 540)
Applying SelectKBest feature selection (k=20)...
Selected features: ['R_min', 'R_max', 'R_p10', 'R_p25', 'R_p50', 'G_iqr', 'B_mean', 'B_min', 'B_max', 'B_p10', 'B_p25', 'B_p75', 'G_wst_std_0', 'B_wst_mean_0', 'B_wst_mean_31', 'B_wst_mean_39', 'B_wst_mean_75', 'B_wst_mean_76', 'B_wst_mean_77', 'B_wst_std_33']
Feature scores: [1.13918137 1.29343101 0.9614036  1.01841177 1.19738003 1.04668979
 0.96814963 1.30918137 1.16647501 0.95156233 0.95267344 0.97801495
 0.94711788 0.92926074 0.90648296 0.94259407 0.95759407 0.96973693
 0.89960225 0.91677397]
Training final Random Forest model...
Saving model and artifacts...
Saved trained model: /home/brusc/Projects/random_forest/experiments_organized_2/poisson_output/dataset_rgb_poisson_60/popolar/mini/k20/hybrid/trained_model.joblib
Saved scaler: /home/brusc/Projects/random_forest/experiments_organized_2/poisson_output/dataset_rgb_poisson_60/popolar/mini/k20/hybrid/scaler.joblib
Saved feature selector: /home/brusc/Projects/random_forest/experiments_organized_2/poisson_output/dataset_rgb_poisson_60/popolar/mini/k20/hybrid/feature_selector.joblib
Saved feature information: /home/brusc/Projects/random_forest/experiments_organized_2/poisson_output/dataset_rgb_poisson_60/popolar/mini/k20/hybrid/feature_names.json
Saved experiment report: /home/brusc/Projects/random_forest/experiments_organized_2/poisson_output/dataset_rgb_poisson_60/popolar/mini/k20/hybrid/experiment_report_with_model.json
Saved usage instructions: /home/brusc/Projects/random_forest/experiments_organized_2/poisson_output/dataset_rgb_poisson_60/popolar/mini/k20/hybrid/model_usage_instructions.md

================================================================================
TRAINING COMPLETED SUCCESSFULLY
================================================================================
Area: popolar
Dataset: /home/brusc/Projects/random_forest/datasets/dataset_rgb_poisson_60/mini
Feature method: hybrid
Total images: 15
Classes: ['low_veg', 'trees', 'water']
Original features: 540
Selected features: 20
N estimators: 3

PERFORMANCE RESULTS:
Test Accuracy: 1.0000
CV Accuracy: 0.9333 ± 0.1333

Top 20 selected features:
  1. R_min: 1.1392
  2. R_max: 1.2934
  3. R_p10: 0.9614
  4. R_p25: 1.0184
  5. R_p50: 1.1974
  6. G_iqr: 1.0467
  7. B_mean: 0.9681
  8. B_min: 1.3092
  9. B_max: 1.1665
  10. B_p10: 0.9516
  11. B_p25: 0.9527
  12. B_p75: 0.9780
  13. G_wst_std_0: 0.9471
  14. B_wst_mean_0: 0.9293
  15. B_wst_mean_31: 0.9065
  16. B_wst_mean_39: 0.9426
  17. B_wst_mean_75: 0.9576
  18. B_wst_mean_76: 0.9697
  19. B_wst_mean_77: 0.8996
  20. B_wst_std_33: 0.9168

Model and artifacts saved to: /home/brusc/Projects/random_forest/experiments_organized_2/poisson_output/dataset_rgb_poisson_60/popolar/mini/k20/hybrid
================================================================================
