================================================================================
CONFIGURABLE RANDOM FOREST TRAINING SCRIPT
Dataset: /home/brusc/Projects/random_forest/datasets/dataset_rgb_poisson_60/small
Area: assatigue
Feature Method: hybrid
K Features: 20
Output: /home/brusc/Projects/random_forest/experiments_organized_2/poisson_output/dataset_rgb_poisson_60/assatigue/small/k20/hybrid
N Estimators: 10
================================================================================
Loading images from assatigue area...
Found classes in assatigue: ['low_veg', 'trees', 'water']
Loading 15 images from assatigue/low_veg
Loading 15 images from assatigue/trees
Loading 15 images from assatigue/water
Loaded 45 images with 3 classes
Classes: [np.str_('low_veg'), np.str_('trees'), np.str_('water')]
Image shape: (3, 128, 128)
Extracting hybrid features...
Feature matrix shape: (45, 540)
Applying SelectKBest feature selection (k=20)...
Selected features: ['R_std', 'R_var', 'R_min', 'R_cv', 'R_iqr', 'R_mad', 'G_std', 'G_var', 'G_cv', 'G_p10', 'G_iqr', 'G_mad', 'B_min', 'B_cv', 'B_p10', 'R_wst_mean_77', 'R_wst_std_0', 'G_wst_std_0', 'B_wst_mean_29', 'B_wst_mean_58']
Feature scores: [0.91610159 0.91185917 0.75781741 0.87056999 0.78226199 0.93001558
 0.85092947 0.84582923 0.89677188 0.75529111 0.87890829 0.88980585
 0.80690705 0.84780544 0.81233696 0.79769716 0.90277347 0.84518529
 0.79667423 0.79814769]
Training final Random Forest model...
Saving model and artifacts...
Saved trained model: /home/brusc/Projects/random_forest/experiments_organized_2/poisson_output/dataset_rgb_poisson_60/assatigue/small/k20/hybrid/trained_model.joblib
Saved scaler: /home/brusc/Projects/random_forest/experiments_organized_2/poisson_output/dataset_rgb_poisson_60/assatigue/small/k20/hybrid/scaler.joblib
Saved feature selector: /home/brusc/Projects/random_forest/experiments_organized_2/poisson_output/dataset_rgb_poisson_60/assatigue/small/k20/hybrid/feature_selector.joblib
Saved feature information: /home/brusc/Projects/random_forest/experiments_organized_2/poisson_output/dataset_rgb_poisson_60/assatigue/small/k20/hybrid/feature_names.json
Saved experiment report: /home/brusc/Projects/random_forest/experiments_organized_2/poisson_output/dataset_rgb_poisson_60/assatigue/small/k20/hybrid/experiment_report_with_model.json
Saved usage instructions: /home/brusc/Projects/random_forest/experiments_organized_2/poisson_output/dataset_rgb_poisson_60/assatigue/small/k20/hybrid/model_usage_instructions.md

================================================================================
TRAINING COMPLETED SUCCESSFULLY
================================================================================
Area: assatigue
Dataset: /home/brusc/Projects/random_forest/datasets/dataset_rgb_poisson_60/small
Feature method: hybrid
Total images: 45
Classes: ['low_veg', 'trees', 'water']
Original features: 540
Selected features: 20
N estimators: 10

PERFORMANCE RESULTS:
Test Accuracy: 0.8889
CV Accuracy: 0.9333 ± 0.0544

Top 20 selected features:
  1. R_std: 0.9161
  2. R_var: 0.9119
  3. R_min: 0.7578
  4. R_cv: 0.8706
  5. R_iqr: 0.7823
  6. R_mad: 0.9300
  7. G_std: 0.8509
  8. G_var: 0.8458
  9. G_cv: 0.8968
  10. G_p10: 0.7553
  11. G_iqr: 0.8789
  12. G_mad: 0.8898
  13. B_min: 0.8069
  14. B_cv: 0.8478
  15. B_p10: 0.8123
  16. R_wst_mean_77: 0.7977
  17. R_wst_std_0: 0.9028
  18. G_wst_std_0: 0.8452
  19. B_wst_mean_29: 0.7967
  20. B_wst_mean_58: 0.7981

Model and artifacts saved to: /home/brusc/Projects/random_forest/experiments_organized_2/poisson_output/dataset_rgb_poisson_60/assatigue/small/k20/hybrid
================================================================================
