================================================================================
CONFIGURABLE RANDOM FOREST TRAINING SCRIPT
Dataset: /home/brusc/Projects/random_forest/datasets/dataset_rgb_poisson_40/mini
Area: popolar
Feature Method: wst
K Features: 20
Output: /home/brusc/Projects/random_forest/experiments_organized_2/poisson_output/dataset_rgb_poisson_40/popolar/mini/k20/wst
N Estimators: 3
================================================================================
Loading images from popolar area...
Found classes in popolar: ['low_veg', 'trees', 'water']
Loading 5 images from popolar/low_veg
Loading 5 images from popolar/trees
Loading 5 images from popolar/water
Loaded 15 images with 3 classes
Classes: [np.str_('low_veg'), np.str_('trees'), np.str_('water')]
Image shape: (3, 128, 128)
Extracting wst features...
Feature matrix shape: (15, 486)
Applying SelectKBest feature selection (k=20)...
Selected features: ['R_wst_mean_0', 'R_wst_mean_2', 'R_wst_std_0', 'G_wst_std_0', 'G_wst_std_14', 'B_wst_mean_0', 'B_wst_mean_39', 'B_wst_mean_40', 'B_wst_mean_42', 'B_wst_mean_43', 'B_wst_mean_47', 'B_wst_mean_50', 'B_wst_mean_51', 'B_wst_mean_56', 'B_wst_mean_58', 'B_wst_mean_67', 'B_wst_mean_68', 'B_wst_std_36', 'B_wst_std_44', 'B_wst_std_67']
Feature scores: [0.90515781 0.79113424 0.85759407 0.90045122 0.81195915 0.88481629
 0.79629778 0.82407555 0.83134828 0.79341177 0.94314963 0.93703852
 0.78558349 0.87344063 1.0493401  0.85481629 0.85912606 0.89378455
 0.80378455 0.78418137]
Training final Random Forest model...
Saving model and artifacts...
Saved trained model: /home/brusc/Projects/random_forest/experiments_organized_2/poisson_output/dataset_rgb_poisson_40/popolar/mini/k20/wst/trained_model.joblib
Saved scaler: /home/brusc/Projects/random_forest/experiments_organized_2/poisson_output/dataset_rgb_poisson_40/popolar/mini/k20/wst/scaler.joblib
Saved feature selector: /home/brusc/Projects/random_forest/experiments_organized_2/poisson_output/dataset_rgb_poisson_40/popolar/mini/k20/wst/feature_selector.joblib
Saved feature information: /home/brusc/Projects/random_forest/experiments_organized_2/poisson_output/dataset_rgb_poisson_40/popolar/mini/k20/wst/feature_names.json
Saved experiment report: /home/brusc/Projects/random_forest/experiments_organized_2/poisson_output/dataset_rgb_poisson_40/popolar/mini/k20/wst/experiment_report_with_model.json
Saved usage instructions: /home/brusc/Projects/random_forest/experiments_organized_2/poisson_output/dataset_rgb_poisson_40/popolar/mini/k20/wst/model_usage_instructions.md

================================================================================
TRAINING COMPLETED SUCCESSFULLY
================================================================================
Area: popolar
Dataset: /home/brusc/Projects/random_forest/datasets/dataset_rgb_poisson_40/mini
Feature method: wst
Total images: 15
Classes: ['low_veg', 'trees', 'water']
Original features: 486
Selected features: 20
N estimators: 3

PERFORMANCE RESULTS:
Test Accuracy: 0.6667
CV Accuracy: 0.8667 ± 0.1633

Top 20 selected features:
  1. R_wst_mean_0: 0.9052
  2. R_wst_mean_2: 0.7911
  3. R_wst_std_0: 0.8576
  4. G_wst_std_0: 0.9005
  5. G_wst_std_14: 0.8120
  6. B_wst_mean_0: 0.8848
  7. B_wst_mean_39: 0.7963
  8. B_wst_mean_40: 0.8241
  9. B_wst_mean_42: 0.8313
  10. B_wst_mean_43: 0.7934
  11. B_wst_mean_47: 0.9431
  12. B_wst_mean_50: 0.9370
  13. B_wst_mean_51: 0.7856
  14. B_wst_mean_56: 0.8734
  15. B_wst_mean_58: 1.0493
  16. B_wst_mean_67: 0.8548
  17. B_wst_mean_68: 0.8591
  18. B_wst_std_36: 0.8938
  19. B_wst_std_44: 0.8038
  20. B_wst_std_67: 0.7842

Model and artifacts saved to: /home/brusc/Projects/random_forest/experiments_organized_2/poisson_output/dataset_rgb_poisson_40/popolar/mini/k20/wst
================================================================================
