================================================================================
CONFIGURABLE RANDOM FOREST TRAINING SCRIPT
Dataset: /home/brusc/Projects/random_forest/datasets/dataset_rgb_poisson_40/original
Area: popolar
Feature Method: wst
K Features: 5
Output: /home/brusc/Projects/random_forest/experiments_organized_2/poisson_output/dataset_rgb_poisson_40/popolar/original/k5/wst
N Estimators: 50
================================================================================
Loading images from popolar area...
Found classes in popolar: ['low_veg', 'trees', 'water']
Loading 41 images from popolar/low_veg
Loading 40 images from popolar/trees
Loading 40 images from popolar/water
Loaded 121 images with 3 classes
Classes: [np.str_('low_veg'), np.str_('trees'), np.str_('water')]
Image shape: (3, 128, 128)
Extracting wst features...
Feature matrix shape: (121, 486)
Applying SelectKBest feature selection (k=5)...
Selected features: ['R_wst_std_0', 'G_wst_std_0', 'B_wst_mean_0', 'B_wst_mean_22', 'B_wst_std_0']
Feature scores: [0.99114591 1.00299971 0.89344154 0.97401556 0.91507591]
Training final Random Forest model...
Saving model and artifacts...
Saved trained model: /home/brusc/Projects/random_forest/experiments_organized_2/poisson_output/dataset_rgb_poisson_40/popolar/original/k5/wst/trained_model.joblib
Saved scaler: /home/brusc/Projects/random_forest/experiments_organized_2/poisson_output/dataset_rgb_poisson_40/popolar/original/k5/wst/scaler.joblib
Saved feature selector: /home/brusc/Projects/random_forest/experiments_organized_2/poisson_output/dataset_rgb_poisson_40/popolar/original/k5/wst/feature_selector.joblib
Saved feature information: /home/brusc/Projects/random_forest/experiments_organized_2/poisson_output/dataset_rgb_poisson_40/popolar/original/k5/wst/feature_names.json
Saved experiment report: /home/brusc/Projects/random_forest/experiments_organized_2/poisson_output/dataset_rgb_poisson_40/popolar/original/k5/wst/experiment_report_with_model.json
Saved usage instructions: /home/brusc/Projects/random_forest/experiments_organized_2/poisson_output/dataset_rgb_poisson_40/popolar/original/k5/wst/model_usage_instructions.md

================================================================================
TRAINING COMPLETED SUCCESSFULLY
================================================================================
Area: popolar
Dataset: /home/brusc/Projects/random_forest/datasets/dataset_rgb_poisson_40/original
Feature method: wst
Total images: 121
Classes: ['low_veg', 'trees', 'water']
Original features: 486
Selected features: 5
N estimators: 50

PERFORMANCE RESULTS:
Test Accuracy: 1.0000
CV Accuracy: 0.9667 ± 0.0408

Top 5 selected features:
  1. R_wst_std_0: 0.9911
  2. G_wst_std_0: 1.0030
  3. B_wst_mean_0: 0.8934
  4. B_wst_mean_22: 0.9740
  5. B_wst_std_0: 0.9151

Model and artifacts saved to: /home/brusc/Projects/random_forest/experiments_organized_2/poisson_output/dataset_rgb_poisson_40/popolar/original/k5/wst
================================================================================
