================================================================================
CONFIGURABLE RANDOM FOREST TRAINING SCRIPT
Dataset: /home/brusc/Projects/random_forest/datasets/dataset_rgb_speckle_55/small
Area: assatigue
Feature Method: advanced_stats
K Features: 20
Output: /home/brusc/Projects/random_forest/experiments_organized/speckle_output/dataset_rgb_speckle_55/assatigue/small/k20/advanced_stats
N Estimators: 10
================================================================================
Loading images from assatigue area...
Found classes in assatigue: ['low_veg', 'trees', 'water']
Loading 15 images from assatigue/low_veg
Loading 15 images from assatigue/trees
Loading 15 images from assatigue/water
Loaded 45 images with 3 classes
Classes: [np.str_('low_veg'), np.str_('trees'), np.str_('water')]
Image shape: (3, 128, 128)
Extracting advanced_stats features...
Feature matrix shape: (45, 54)
Applying SelectKBest feature selection (k=20)...
Selected features: ['R_mean', 'R_p50', 'R_p75', 'G_mean', 'G_skew', 'G_cv', 'G_p10', 'G_p25', 'G_p50', 'G_grad_mean', 'B_std', 'B_var', 'B_skew', 'B_kurt', 'B_cv', 'B_p10', 'B_p25', 'B_p90', 'B_mad', 'B_grad_mean']
Feature scores: [0.67365916 0.66153394 0.69906095 0.69720333 0.75595032 0.778245
 0.77241633 0.72714    0.74887    0.68878261 0.65325407 0.65655077
 0.71235324 0.65380247 0.76770733 0.72696443 0.67309398 0.75104011
 0.64658706 0.74758387]
Training final Random Forest model...
Saving model and artifacts...
Saved trained model: /home/brusc/Projects/random_forest/experiments_organized/speckle_output/dataset_rgb_speckle_55/assatigue/small/k20/advanced_stats/trained_model.joblib
Saved scaler: /home/brusc/Projects/random_forest/experiments_organized/speckle_output/dataset_rgb_speckle_55/assatigue/small/k20/advanced_stats/scaler.joblib
Saved feature selector: /home/brusc/Projects/random_forest/experiments_organized/speckle_output/dataset_rgb_speckle_55/assatigue/small/k20/advanced_stats/feature_selector.joblib
Saved feature information: /home/brusc/Projects/random_forest/experiments_organized/speckle_output/dataset_rgb_speckle_55/assatigue/small/k20/advanced_stats/feature_names.json
Saved experiment report: /home/brusc/Projects/random_forest/experiments_organized/speckle_output/dataset_rgb_speckle_55/assatigue/small/k20/advanced_stats/experiment_report_with_model.json
Saved usage instructions: /home/brusc/Projects/random_forest/experiments_organized/speckle_output/dataset_rgb_speckle_55/assatigue/small/k20/advanced_stats/model_usage_instructions.md

================================================================================
TRAINING COMPLETED SUCCESSFULLY
================================================================================
Area: assatigue
Dataset: /home/brusc/Projects/random_forest/datasets/dataset_rgb_speckle_55/small
Feature method: advanced_stats
Total images: 45
Classes: ['low_veg', 'trees', 'water']
Original features: 54
Selected features: 20
N estimators: 10

PERFORMANCE RESULTS:
Test Accuracy: 0.6667
CV Accuracy: 0.8222 ± 0.0889

Top 20 selected features:
  1. R_mean: 0.6737
  2. R_p50: 0.6615
  3. R_p75: 0.6991
  4. G_mean: 0.6972
  5. G_skew: 0.7560
  6. G_cv: 0.7782
  7. G_p10: 0.7724
  8. G_p25: 0.7271
  9. G_p50: 0.7489
  10. G_grad_mean: 0.6888
  11. B_std: 0.6533
  12. B_var: 0.6566
  13. B_skew: 0.7124
  14. B_kurt: 0.6538
  15. B_cv: 0.7677
  16. B_p10: 0.7270
  17. B_p25: 0.6731
  18. B_p90: 0.7510
  19. B_mad: 0.6466
  20. B_grad_mean: 0.7476

Model and artifacts saved to: /home/brusc/Projects/random_forest/experiments_organized/speckle_output/dataset_rgb_speckle_55/assatigue/small/k20/advanced_stats
================================================================================
