================================================================================
CONFIGURABLE RANDOM FOREST TRAINING SCRIPT
Dataset: /home/brusc/Projects/random_forest/datasets/dataset_rgb_speckle_15/mini
Area: popolar
Feature Method: wst
K Features: 20
Output: /home/brusc/Projects/random_forest/experiments_organized/speckle_output/dataset_rgb_speckle_15/popolar/mini/k20/wst
N Estimators: 3
================================================================================
Loading images from popolar area...
Found classes in popolar: ['low_veg', 'trees', 'water']
Loading 5 images from popolar/low_veg
Loading 5 images from popolar/trees
Loading 5 images from popolar/water
Loaded 15 images with 3 classes
Classes: [np.str_('low_veg'), np.str_('trees'), np.str_('water')]
Image shape: (3, 128, 128)
Extracting wst features...
Feature matrix shape: (15, 486)
Applying SelectKBest feature selection (k=20)...
Selected features: ['R_wst_mean_33', 'R_wst_mean_44', 'R_wst_mean_45', 'R_wst_std_0', 'G_wst_std_0', 'B_wst_mean_0', 'B_wst_mean_18', 'B_wst_mean_21', 'B_wst_mean_22', 'B_wst_mean_23', 'B_wst_mean_31', 'B_wst_mean_52', 'B_wst_mean_73', 'B_wst_mean_74', 'B_wst_mean_75', 'B_wst_mean_78', 'B_wst_mean_79', 'B_wst_std_22', 'B_wst_std_31', 'B_wst_std_32']
Feature scores: [0.95023717 0.96626892 0.89245939 0.89314963 0.91314963 0.89814963
 0.88690384 0.89473693 0.93362582 0.89870518 0.92092741 0.9035705
 0.89447404 1.05074222 0.95370518 1.03518667 0.89801495 0.89037185
 0.91537185 0.88759407]
Training final Random Forest model...
Saving model and artifacts...
Saved trained model: /home/brusc/Projects/random_forest/experiments_organized/speckle_output/dataset_rgb_speckle_15/popolar/mini/k20/wst/trained_model.joblib
Saved scaler: /home/brusc/Projects/random_forest/experiments_organized/speckle_output/dataset_rgb_speckle_15/popolar/mini/k20/wst/scaler.joblib
Saved feature selector: /home/brusc/Projects/random_forest/experiments_organized/speckle_output/dataset_rgb_speckle_15/popolar/mini/k20/wst/feature_selector.joblib
Saved feature information: /home/brusc/Projects/random_forest/experiments_organized/speckle_output/dataset_rgb_speckle_15/popolar/mini/k20/wst/feature_names.json
Saved experiment report: /home/brusc/Projects/random_forest/experiments_organized/speckle_output/dataset_rgb_speckle_15/popolar/mini/k20/wst/experiment_report_with_model.json
Saved usage instructions: /home/brusc/Projects/random_forest/experiments_organized/speckle_output/dataset_rgb_speckle_15/popolar/mini/k20/wst/model_usage_instructions.md

================================================================================
TRAINING COMPLETED SUCCESSFULLY
================================================================================
Area: popolar
Dataset: /home/brusc/Projects/random_forest/datasets/dataset_rgb_speckle_15/mini
Feature method: wst
Total images: 15
Classes: ['low_veg', 'trees', 'water']
Original features: 486
Selected features: 20
N estimators: 3

PERFORMANCE RESULTS:
Test Accuracy: 1.0000
CV Accuracy: 0.9333 ± 0.1333

Top 20 selected features:
  1. R_wst_mean_33: 0.9502
  2. R_wst_mean_44: 0.9663
  3. R_wst_mean_45: 0.8925
  4. R_wst_std_0: 0.8931
  5. G_wst_std_0: 0.9131
  6. B_wst_mean_0: 0.8981
  7. B_wst_mean_18: 0.8869
  8. B_wst_mean_21: 0.8947
  9. B_wst_mean_22: 0.9336
  10. B_wst_mean_23: 0.8987
  11. B_wst_mean_31: 0.9209
  12. B_wst_mean_52: 0.9036
  13. B_wst_mean_73: 0.8945
  14. B_wst_mean_74: 1.0507
  15. B_wst_mean_75: 0.9537
  16. B_wst_mean_78: 1.0352
  17. B_wst_mean_79: 0.8980
  18. B_wst_std_22: 0.8904
  19. B_wst_std_31: 0.9154
  20. B_wst_std_32: 0.8876

Model and artifacts saved to: /home/brusc/Projects/random_forest/experiments_organized/speckle_output/dataset_rgb_speckle_15/popolar/mini/k20/wst
================================================================================
