================================================================================
CONFIGURABLE RANDOM FOREST TRAINING SCRIPT
Dataset: /home/brusc/Projects/random_forest/datasets/dataset_rgb_speckle_15/mini
Area: popolar
Feature Method: wst
K Features: 2
Output: /home/brusc/Projects/random_forest/experiments_organized/speckle_output/dataset_rgb_speckle_15/popolar/mini/k2/wst
N Estimators: 3
================================================================================
Loading images from popolar area...
Found classes in popolar: ['low_veg', 'trees', 'water']
Loading 5 images from popolar/low_veg
Loading 5 images from popolar/trees
Loading 5 images from popolar/water
Loaded 15 images with 3 classes
Classes: [np.str_('low_veg'), np.str_('trees'), np.str_('water')]
Image shape: (3, 128, 128)
Extracting wst features...
Feature matrix shape: (15, 486)
Applying SelectKBest feature selection (k=2)...
Selected features: ['R_wst_mean_33', 'B_wst_mean_74']
Feature scores: [0.99468161 1.00629778]
Training final Random Forest model...
Saving model and artifacts...
Saved trained model: /home/brusc/Projects/random_forest/experiments_organized/speckle_output/dataset_rgb_speckle_15/popolar/mini/k2/wst/trained_model.joblib
Saved scaler: /home/brusc/Projects/random_forest/experiments_organized/speckle_output/dataset_rgb_speckle_15/popolar/mini/k2/wst/scaler.joblib
Saved feature selector: /home/brusc/Projects/random_forest/experiments_organized/speckle_output/dataset_rgb_speckle_15/popolar/mini/k2/wst/feature_selector.joblib
Saved feature information: /home/brusc/Projects/random_forest/experiments_organized/speckle_output/dataset_rgb_speckle_15/popolar/mini/k2/wst/feature_names.json
Saved experiment report: /home/brusc/Projects/random_forest/experiments_organized/speckle_output/dataset_rgb_speckle_15/popolar/mini/k2/wst/experiment_report_with_model.json
Saved usage instructions: /home/brusc/Projects/random_forest/experiments_organized/speckle_output/dataset_rgb_speckle_15/popolar/mini/k2/wst/model_usage_instructions.md

================================================================================
TRAINING COMPLETED SUCCESSFULLY
================================================================================
Area: popolar
Dataset: /home/brusc/Projects/random_forest/datasets/dataset_rgb_speckle_15/mini
Feature method: wst
Total images: 15
Classes: ['low_veg', 'trees', 'water']
Original features: 486
Selected features: 2
N estimators: 3

PERFORMANCE RESULTS:
Test Accuracy: 1.0000
CV Accuracy: 0.9333 ± 0.1333

Top 2 selected features:
  1. R_wst_mean_33: 0.9947
  2. B_wst_mean_74: 1.0063

Model and artifacts saved to: /home/brusc/Projects/random_forest/experiments_organized/speckle_output/dataset_rgb_speckle_15/popolar/mini/k2/wst
================================================================================
