================================================================================
CONFIGURABLE RANDOM FOREST TRAINING SCRIPT
Dataset: /home/brusc/Projects/random_forest/datasets/dataset_rgb_speckle_35/original
Area: assatigue
Feature Method: hybrid
K Features: 10
Output: /home/brusc/Projects/random_forest/experiments_organized/speckle_output/dataset_rgb_speckle_35/assatigue/original/k10/hybrid
N Estimators: 50
================================================================================
Loading images from assatigue area...
Found classes in assatigue: ['low_veg', 'trees', 'water']
Loading 40 images from assatigue/low_veg
Loading 36 images from assatigue/trees
Loading 40 images from assatigue/water
Loaded 116 images with 3 classes
Classes: [np.str_('low_veg'), np.str_('trees'), np.str_('water')]
Image shape: (3, 128, 128)
Extracting hybrid features...
Feature matrix shape: (116, 540)
Applying SelectKBest feature selection (k=10)...
Selected features: ['B_skew', 'B_cv', 'B_p25', 'R_wst_mean_11', 'R_wst_mean_12', 'R_wst_std_0', 'G_wst_std_0', 'B_wst_mean_5', 'B_wst_mean_33', 'B_wst_mean_51']
Feature scores: [0.79209983 0.86861315 0.79084931 0.82181381 0.8134128  0.9580393
 0.953826   0.7461139  0.7805823  0.80756035]
Training final Random Forest model...
Saving model and artifacts...
Saved trained model: /home/brusc/Projects/random_forest/experiments_organized/speckle_output/dataset_rgb_speckle_35/assatigue/original/k10/hybrid/trained_model.joblib
Saved scaler: /home/brusc/Projects/random_forest/experiments_organized/speckle_output/dataset_rgb_speckle_35/assatigue/original/k10/hybrid/scaler.joblib
Saved feature selector: /home/brusc/Projects/random_forest/experiments_organized/speckle_output/dataset_rgb_speckle_35/assatigue/original/k10/hybrid/feature_selector.joblib
Saved feature information: /home/brusc/Projects/random_forest/experiments_organized/speckle_output/dataset_rgb_speckle_35/assatigue/original/k10/hybrid/feature_names.json
Saved experiment report: /home/brusc/Projects/random_forest/experiments_organized/speckle_output/dataset_rgb_speckle_35/assatigue/original/k10/hybrid/experiment_report_with_model.json
Saved usage instructions: /home/brusc/Projects/random_forest/experiments_organized/speckle_output/dataset_rgb_speckle_35/assatigue/original/k10/hybrid/model_usage_instructions.md

================================================================================
TRAINING COMPLETED SUCCESSFULLY
================================================================================
Area: assatigue
Dataset: /home/brusc/Projects/random_forest/datasets/dataset_rgb_speckle_35/original
Feature method: hybrid
Total images: 116
Classes: ['low_veg', 'water', 'trees']
Original features: 540
Selected features: 10
N estimators: 50

PERFORMANCE RESULTS:
Test Accuracy: 0.9583
CV Accuracy: 0.9572 ± 0.0381

Top 10 selected features:
  1. B_skew: 0.7921
  2. B_cv: 0.8686
  3. B_p25: 0.7908
  4. R_wst_mean_11: 0.8218
  5. R_wst_mean_12: 0.8134
  6. R_wst_std_0: 0.9580
  7. G_wst_std_0: 0.9538
  8. B_wst_mean_5: 0.7461
  9. B_wst_mean_33: 0.7806
  10. B_wst_mean_51: 0.8076

Model and artifacts saved to: /home/brusc/Projects/random_forest/experiments_organized/speckle_output/dataset_rgb_speckle_35/assatigue/original/k10/hybrid
================================================================================
