================================================================================
CONFIGURABLE RANDOM FOREST TRAINING SCRIPT
Dataset: /home/brusc/Projects/random_forest/datasets/dataset_rgb_speckle_15/mini
Area: assatigue
Feature Method: hybrid
K Features: 20
Output: /home/brusc/Projects/random_forest/experiments_organized/speckle_output/dataset_rgb_speckle_15/assatigue/mini/k20/hybrid
N Estimators: 3
================================================================================
Loading images from assatigue area...
Found classes in assatigue: ['low_veg', 'trees', 'water']
Loading 5 images from assatigue/low_veg
Loading 5 images from assatigue/trees
Loading 5 images from assatigue/water
Loaded 15 images with 3 classes
Classes: [np.str_('low_veg'), np.str_('trees'), np.str_('water')]
Image shape: (3, 128, 128)
Extracting hybrid features...
Feature matrix shape: (15, 540)
Applying SelectKBest feature selection (k=20)...
Selected features: ['R_max', 'R_cv', 'B_max', 'B_cv', 'B_p10', 'R_wst_std_78', 'B_wst_mean_19', 'B_wst_mean_20', 'B_wst_mean_21', 'B_wst_mean_30', 'B_wst_mean_31', 'B_wst_mean_40', 'B_wst_mean_48', 'B_wst_mean_49', 'B_wst_mean_54', 'B_wst_mean_55', 'B_wst_mean_57', 'B_wst_mean_62', 'B_wst_mean_77', 'B_wst_std_76']
Feature scores: [1.51039109 0.85370518 0.9204897  0.83076868 0.84037185 0.89473693
 0.89870518 0.85426074 0.85362582 0.88759407 0.85981629 0.92092741
 0.94537185 0.94870518 0.87251471 0.92092741 0.88426074 0.88918137
 0.84092741 0.93481629]
Training final Random Forest model...
Saving model and artifacts...
Saved trained model: /home/brusc/Projects/random_forest/experiments_organized/speckle_output/dataset_rgb_speckle_15/assatigue/mini/k20/hybrid/trained_model.joblib
Saved scaler: /home/brusc/Projects/random_forest/experiments_organized/speckle_output/dataset_rgb_speckle_15/assatigue/mini/k20/hybrid/scaler.joblib
Saved feature selector: /home/brusc/Projects/random_forest/experiments_organized/speckle_output/dataset_rgb_speckle_15/assatigue/mini/k20/hybrid/feature_selector.joblib
Saved feature information: /home/brusc/Projects/random_forest/experiments_organized/speckle_output/dataset_rgb_speckle_15/assatigue/mini/k20/hybrid/feature_names.json
Saved experiment report: /home/brusc/Projects/random_forest/experiments_organized/speckle_output/dataset_rgb_speckle_15/assatigue/mini/k20/hybrid/experiment_report_with_model.json
Saved usage instructions: /home/brusc/Projects/random_forest/experiments_organized/speckle_output/dataset_rgb_speckle_15/assatigue/mini/k20/hybrid/model_usage_instructions.md

================================================================================
TRAINING COMPLETED SUCCESSFULLY
================================================================================
Area: assatigue
Dataset: /home/brusc/Projects/random_forest/datasets/dataset_rgb_speckle_15/mini
Feature method: hybrid
Total images: 15
Classes: ['low_veg', 'trees', 'water']
Original features: 540
Selected features: 20
N estimators: 3

PERFORMANCE RESULTS:
Test Accuracy: 1.0000
CV Accuracy: 0.8667 ± 0.1633

Top 20 selected features:
  1. R_max: 1.5104
  2. R_cv: 0.8537
  3. B_max: 0.9205
  4. B_cv: 0.8308
  5. B_p10: 0.8404
  6. R_wst_std_78: 0.8947
  7. B_wst_mean_19: 0.8987
  8. B_wst_mean_20: 0.8543
  9. B_wst_mean_21: 0.8536
  10. B_wst_mean_30: 0.8876
  11. B_wst_mean_31: 0.8598
  12. B_wst_mean_40: 0.9209
  13. B_wst_mean_48: 0.9454
  14. B_wst_mean_49: 0.9487
  15. B_wst_mean_54: 0.8725
  16. B_wst_mean_55: 0.9209
  17. B_wst_mean_57: 0.8843
  18. B_wst_mean_62: 0.8892
  19. B_wst_mean_77: 0.8409
  20. B_wst_std_76: 0.9348

Model and artifacts saved to: /home/brusc/Projects/random_forest/experiments_organized/speckle_output/dataset_rgb_speckle_15/assatigue/mini/k20/hybrid
================================================================================
