================================================================================
CONFIGURABLE RANDOM FOREST TRAINING SCRIPT
Dataset: /home/brusc/Projects/random_forest/datasets/dataset_rgb_speckle_15/original
Area: popolar
Feature Method: hybrid
K Features: 10
Output: /home/brusc/Projects/random_forest/experiments_organized/speckle_output/dataset_rgb_speckle_15/popolar/original/k10/hybrid
N Estimators: 50
================================================================================
Loading images from popolar area...
Found classes in popolar: ['low_veg', 'trees', 'water']
Loading 41 images from popolar/low_veg
Loading 40 images from popolar/trees
Loading 40 images from popolar/water
Loaded 121 images with 3 classes
Classes: [np.str_('low_veg'), np.str_('trees'), np.str_('water')]
Image shape: (3, 128, 128)
Extracting hybrid features...
Feature matrix shape: (121, 540)
Applying SelectKBest feature selection (k=10)...
Selected features: ['R_cv', 'R_p10', 'G_std', 'G_var', 'G_iqr', 'G_mad', 'B_cv', 'B_p10', 'R_wst_std_0', 'G_wst_std_0']
Feature scores: [1.02724183 0.99406435 1.02406853 1.02406853 1.04591032 1.05267931
 1.07461485 1.00959501 0.98059667 1.01450163]
Training final Random Forest model...
Saving model and artifacts...
Saved trained model: /home/brusc/Projects/random_forest/experiments_organized/speckle_output/dataset_rgb_speckle_15/popolar/original/k10/hybrid/trained_model.joblib
Saved scaler: /home/brusc/Projects/random_forest/experiments_organized/speckle_output/dataset_rgb_speckle_15/popolar/original/k10/hybrid/scaler.joblib
Saved feature selector: /home/brusc/Projects/random_forest/experiments_organized/speckle_output/dataset_rgb_speckle_15/popolar/original/k10/hybrid/feature_selector.joblib
Saved feature information: /home/brusc/Projects/random_forest/experiments_organized/speckle_output/dataset_rgb_speckle_15/popolar/original/k10/hybrid/feature_names.json
Saved experiment report: /home/brusc/Projects/random_forest/experiments_organized/speckle_output/dataset_rgb_speckle_15/popolar/original/k10/hybrid/experiment_report_with_model.json
Saved usage instructions: /home/brusc/Projects/random_forest/experiments_organized/speckle_output/dataset_rgb_speckle_15/popolar/original/k10/hybrid/model_usage_instructions.md

================================================================================
TRAINING COMPLETED SUCCESSFULLY
================================================================================
Area: popolar
Dataset: /home/brusc/Projects/random_forest/datasets/dataset_rgb_speckle_15/original
Feature method: hybrid
Total images: 121
Classes: ['low_veg', 'trees', 'water']
Original features: 540
Selected features: 10
N estimators: 50

PERFORMANCE RESULTS:
Test Accuracy: 0.9600
CV Accuracy: 0.9917 ± 0.0167

Top 10 selected features:
  1. R_cv: 1.0272
  2. R_p10: 0.9941
  3. G_std: 1.0241
  4. G_var: 1.0241
  5. G_iqr: 1.0459
  6. G_mad: 1.0527
  7. B_cv: 1.0746
  8. B_p10: 1.0096
  9. R_wst_std_0: 0.9806
  10. G_wst_std_0: 1.0145

Model and artifacts saved to: /home/brusc/Projects/random_forest/experiments_organized/speckle_output/dataset_rgb_speckle_15/popolar/original/k10/hybrid
================================================================================
