================================================================================
CONFIGURABLE RANDOM FOREST TRAINING SCRIPT
Dataset: /home/brusc/Projects/random_forest/datasets/dataset_rgb_speckle_15/mini
Area: popolar
Feature Method: advanced_stats
K Features: 20
Output: /home/brusc/Projects/random_forest/experiments_organized/speckle_output/dataset_rgb_speckle_15/popolar/mini/k20/advanced_stats
N Estimators: 3
================================================================================
Loading images from popolar area...
Found classes in popolar: ['low_veg', 'trees', 'water']
Loading 5 images from popolar/low_veg
Loading 5 images from popolar/trees
Loading 5 images from popolar/water
Loaded 15 images with 3 classes
Classes: [np.str_('low_veg'), np.str_('trees'), np.str_('water')]
Image shape: (3, 128, 128)
Extracting advanced_stats features...
Feature matrix shape: (15, 54)
Applying SelectKBest feature selection (k=20)...
Selected features: ['R_mean', 'R_min', 'R_max', 'R_p10', 'R_p50', 'R_p75', 'R_p90', 'R_mad', 'G_std', 'G_var', 'G_mad', 'B_mean', 'B_min', 'B_max', 'B_cv', 'B_p10', 'B_p25', 'B_p50', 'B_p75', 'B_p90']
Feature scores: [0.85558516 0.97918137 1.10686536 0.81973693 0.75217246 0.75238003
 0.79126892 0.78113905 0.84489566 0.85918137 0.86134828 0.92037185
 1.41473693 1.01916694 0.79272154 0.96822899 0.96759407 0.82185333
 0.87579273 0.85071336]
Training final Random Forest model...
Saving model and artifacts...
Saved trained model: /home/brusc/Projects/random_forest/experiments_organized/speckle_output/dataset_rgb_speckle_15/popolar/mini/k20/advanced_stats/trained_model.joblib
Saved scaler: /home/brusc/Projects/random_forest/experiments_organized/speckle_output/dataset_rgb_speckle_15/popolar/mini/k20/advanced_stats/scaler.joblib
Saved feature selector: /home/brusc/Projects/random_forest/experiments_organized/speckle_output/dataset_rgb_speckle_15/popolar/mini/k20/advanced_stats/feature_selector.joblib
Saved feature information: /home/brusc/Projects/random_forest/experiments_organized/speckle_output/dataset_rgb_speckle_15/popolar/mini/k20/advanced_stats/feature_names.json
Saved experiment report: /home/brusc/Projects/random_forest/experiments_organized/speckle_output/dataset_rgb_speckle_15/popolar/mini/k20/advanced_stats/experiment_report_with_model.json
Saved usage instructions: /home/brusc/Projects/random_forest/experiments_organized/speckle_output/dataset_rgb_speckle_15/popolar/mini/k20/advanced_stats/model_usage_instructions.md

================================================================================
TRAINING COMPLETED SUCCESSFULLY
================================================================================
Area: popolar
Dataset: /home/brusc/Projects/random_forest/datasets/dataset_rgb_speckle_15/mini
Feature method: advanced_stats
Total images: 15
Classes: ['low_veg', 'trees', 'water']
Original features: 54
Selected features: 20
N estimators: 3

PERFORMANCE RESULTS:
Test Accuracy: 1.0000
CV Accuracy: 0.9333 ± 0.1333

Top 20 selected features:
  1. R_mean: 0.8556
  2. R_min: 0.9792
  3. R_max: 1.1069
  4. R_p10: 0.8197
  5. R_p50: 0.7522
  6. R_p75: 0.7524
  7. R_p90: 0.7913
  8. R_mad: 0.7811
  9. G_std: 0.8449
  10. G_var: 0.8592
  11. G_mad: 0.8613
  12. B_mean: 0.9204
  13. B_min: 1.4147
  14. B_max: 1.0192
  15. B_cv: 0.7927
  16. B_p10: 0.9682
  17. B_p25: 0.9676
  18. B_p50: 0.8219
  19. B_p75: 0.8758
  20. B_p90: 0.8507

Model and artifacts saved to: /home/brusc/Projects/random_forest/experiments_organized/speckle_output/dataset_rgb_speckle_15/popolar/mini/k20/advanced_stats
================================================================================
