================================================================================
CONFIGURABLE RANDOM FOREST TRAINING SCRIPT
Dataset: /home/brusc/Projects/random_forest/datasets/dataset_rgb_speckle_15/small
Area: popolar
Feature Method: advanced_stats
K Features: 20
Output: /home/brusc/Projects/random_forest/experiments_organized/speckle_output/dataset_rgb_speckle_15/popolar/small/k20/advanced_stats
N Estimators: 10
================================================================================
Loading images from popolar area...
Found classes in popolar: ['low_veg', 'trees', 'water']
Loading 15 images from popolar/low_veg
Loading 15 images from popolar/trees
Loading 15 images from popolar/water
Loaded 45 images with 3 classes
Classes: [np.str_('low_veg'), np.str_('trees'), np.str_('water')]
Image shape: (3, 128, 128)
Extracting advanced_stats features...
Feature matrix shape: (45, 54)
Applying SelectKBest feature selection (k=20)...
Selected features: ['R_std', 'R_var', 'R_min', 'R_range', 'R_cv', 'R_p10', 'R_p25', 'R_iqr', 'R_mad', 'G_std', 'G_var', 'G_range', 'G_cv', 'G_iqr', 'G_mad', 'B_mean', 'B_cv', 'B_p10', 'B_p25', 'B_p50']
Feature scores: [0.91261008 0.90332995 0.94234553 0.93433983 0.98512509 0.90396891
 0.83369169 0.91136831 0.93390658 1.0745939  1.07681612 0.79278645
 0.91576289 0.98560208 1.06486727 0.81681284 1.07196218 0.97071287
 0.91959968 0.8020082 ]
Training final Random Forest model...
Saving model and artifacts...
Saved trained model: /home/brusc/Projects/random_forest/experiments_organized/speckle_output/dataset_rgb_speckle_15/popolar/small/k20/advanced_stats/trained_model.joblib
Saved scaler: /home/brusc/Projects/random_forest/experiments_organized/speckle_output/dataset_rgb_speckle_15/popolar/small/k20/advanced_stats/scaler.joblib
Saved feature selector: /home/brusc/Projects/random_forest/experiments_organized/speckle_output/dataset_rgb_speckle_15/popolar/small/k20/advanced_stats/feature_selector.joblib
Saved feature information: /home/brusc/Projects/random_forest/experiments_organized/speckle_output/dataset_rgb_speckle_15/popolar/small/k20/advanced_stats/feature_names.json
Saved experiment report: /home/brusc/Projects/random_forest/experiments_organized/speckle_output/dataset_rgb_speckle_15/popolar/small/k20/advanced_stats/experiment_report_with_model.json
Saved usage instructions: /home/brusc/Projects/random_forest/experiments_organized/speckle_output/dataset_rgb_speckle_15/popolar/small/k20/advanced_stats/model_usage_instructions.md

================================================================================
TRAINING COMPLETED SUCCESSFULLY
================================================================================
Area: popolar
Dataset: /home/brusc/Projects/random_forest/datasets/dataset_rgb_speckle_15/small
Feature method: advanced_stats
Total images: 45
Classes: ['low_veg', 'trees', 'water']
Original features: 54
Selected features: 20
N estimators: 10

PERFORMANCE RESULTS:
Test Accuracy: 0.8889
CV Accuracy: 0.9778 ± 0.0444

Top 20 selected features:
  1. R_std: 0.9126
  2. R_var: 0.9033
  3. R_min: 0.9423
  4. R_range: 0.9343
  5. R_cv: 0.9851
  6. R_p10: 0.9040
  7. R_p25: 0.8337
  8. R_iqr: 0.9114
  9. R_mad: 0.9339
  10. G_std: 1.0746
  11. G_var: 1.0768
  12. G_range: 0.7928
  13. G_cv: 0.9158
  14. G_iqr: 0.9856
  15. G_mad: 1.0649
  16. B_mean: 0.8168
  17. B_cv: 1.0720
  18. B_p10: 0.9707
  19. B_p25: 0.9196
  20. B_p50: 0.8020

Model and artifacts saved to: /home/brusc/Projects/random_forest/experiments_organized/speckle_output/dataset_rgb_speckle_15/popolar/small/k20/advanced_stats
================================================================================
