================================================================================
CONFIGURABLE RANDOM FOREST TRAINING SCRIPT
Dataset: /home/brusc/Projects/random_forest/datasets/dataset_rgb_speckle_55/mini
Area: popolar
Feature Method: hybrid
K Features: 20
Output: /home/brusc/Projects/random_forest/experiments_organized/speckle_output/dataset_rgb_speckle_55/popolar/mini/k20/hybrid
N Estimators: 3
================================================================================
Loading images from popolar area...
Found classes in popolar: ['low_veg', 'trees', 'water']
Loading 5 images from popolar/low_veg
Loading 5 images from popolar/trees
Loading 5 images from popolar/water
Loaded 15 images with 3 classes
Classes: [np.str_('low_veg'), np.str_('trees'), np.str_('water')]
Image shape: (3, 128, 128)
Extracting hybrid features...
Feature matrix shape: (15, 540)
Applying SelectKBest feature selection (k=20)...
Selected features: ['R_mean', 'R_p90', 'G_p90', 'B_mean', 'B_skew', 'B_cv', 'B_p10', 'B_p25', 'B_p50', 'B_p75', 'B_p90', 'R_wst_std_17', 'B_wst_mean_0', 'B_wst_mean_2', 'B_wst_mean_6', 'B_wst_mean_7', 'B_wst_mean_73', 'B_wst_mean_77', 'B_wst_mean_78', 'B_wst_std_70']
Feature scores: [0.84182447 1.73851926 1.23117512 0.91134828 0.85579273 0.84335646
 0.93267344 0.89314963 0.90092741 0.97963111 1.05764865 1.02378455
 0.87245939 0.88828357 0.84245939 0.85558516 0.90579273 0.88690384
 0.92023717 0.93045122]
Training final Random Forest model...
Saving model and artifacts...
Saved trained model: /home/brusc/Projects/random_forest/experiments_organized/speckle_output/dataset_rgb_speckle_55/popolar/mini/k20/hybrid/trained_model.joblib
Saved scaler: /home/brusc/Projects/random_forest/experiments_organized/speckle_output/dataset_rgb_speckle_55/popolar/mini/k20/hybrid/scaler.joblib
Saved feature selector: /home/brusc/Projects/random_forest/experiments_organized/speckle_output/dataset_rgb_speckle_55/popolar/mini/k20/hybrid/feature_selector.joblib
Saved feature information: /home/brusc/Projects/random_forest/experiments_organized/speckle_output/dataset_rgb_speckle_55/popolar/mini/k20/hybrid/feature_names.json
Saved experiment report: /home/brusc/Projects/random_forest/experiments_organized/speckle_output/dataset_rgb_speckle_55/popolar/mini/k20/hybrid/experiment_report_with_model.json
Saved usage instructions: /home/brusc/Projects/random_forest/experiments_organized/speckle_output/dataset_rgb_speckle_55/popolar/mini/k20/hybrid/model_usage_instructions.md

================================================================================
TRAINING COMPLETED SUCCESSFULLY
================================================================================
Area: popolar
Dataset: /home/brusc/Projects/random_forest/datasets/dataset_rgb_speckle_55/mini
Feature method: hybrid
Total images: 15
Classes: ['low_veg', 'trees', 'water']
Original features: 540
Selected features: 20
N estimators: 3

PERFORMANCE RESULTS:
Test Accuracy: 1.0000
CV Accuracy: 1.0000 ± 0.0000

Top 20 selected features:
  1. R_mean: 0.8418
  2. R_p90: 1.7385
  3. G_p90: 1.2312
  4. B_mean: 0.9113
  5. B_skew: 0.8558
  6. B_cv: 0.8434
  7. B_p10: 0.9327
  8. B_p25: 0.8931
  9. B_p50: 0.9009
  10. B_p75: 0.9796
  11. B_p90: 1.0576
  12. R_wst_std_17: 1.0238
  13. B_wst_mean_0: 0.8725
  14. B_wst_mean_2: 0.8883
  15. B_wst_mean_6: 0.8425
  16. B_wst_mean_7: 0.8556
  17. B_wst_mean_73: 0.9058
  18. B_wst_mean_77: 0.8869
  19. B_wst_mean_78: 0.9202
  20. B_wst_std_70: 0.9305

Model and artifacts saved to: /home/brusc/Projects/random_forest/experiments_organized/speckle_output/dataset_rgb_speckle_55/popolar/mini/k20/hybrid
================================================================================
