================================================================================
CONFIGURABLE RANDOM FOREST TRAINING SCRIPT
Dataset: /home/brusc/Projects/random_forest/datasets/dataset_rgb_speckle_35/small
Area: sunset
Feature Method: advanced_stats
K Features: 20
Output: /home/brusc/Projects/random_forest/experiments_organized/speckle_output/dataset_rgb_speckle_35/sunset/small/k20/advanced_stats
N Estimators: 10
================================================================================
Loading images from sunset area...
Found classes in sunset: ['garden', 'low_veg', 'trees']
Loading 15 images from sunset/garden
Loading 15 images from sunset/low_veg
Loading 15 images from sunset/trees
Loaded 45 images with 3 classes
Classes: [np.str_('garden'), np.str_('low_veg'), np.str_('trees')]
Image shape: (3, 128, 128)
Extracting advanced_stats features...
Feature matrix shape: (45, 54)
Applying SelectKBest feature selection (k=20)...
Selected features: ['R_std', 'R_var', 'R_mad', 'G_skew', 'G_cv', 'B_mean', 'B_std', 'B_var', 'B_range', 'B_skew', 'B_kurt', 'B_cv', 'B_p10', 'B_p25', 'B_p50', 'B_p75', 'B_p90', 'B_iqr', 'B_mad', 'B_grad_mean']
Feature scores: [0.47601174 0.47015079 0.46756566 0.50152585 0.64112794 0.52326755
 0.67529577 0.66541097 0.46660957 0.64957835 0.46975248 0.85764941
 0.50014346 0.52287073 0.50272082 0.50255327 0.51359163 0.60623969
 0.63654742 0.58059595]
Training final Random Forest model...
Saving model and artifacts...
Saved trained model: /home/brusc/Projects/random_forest/experiments_organized/speckle_output/dataset_rgb_speckle_35/sunset/small/k20/advanced_stats/trained_model.joblib
Saved scaler: /home/brusc/Projects/random_forest/experiments_organized/speckle_output/dataset_rgb_speckle_35/sunset/small/k20/advanced_stats/scaler.joblib
Saved feature selector: /home/brusc/Projects/random_forest/experiments_organized/speckle_output/dataset_rgb_speckle_35/sunset/small/k20/advanced_stats/feature_selector.joblib
Saved feature information: /home/brusc/Projects/random_forest/experiments_organized/speckle_output/dataset_rgb_speckle_35/sunset/small/k20/advanced_stats/feature_names.json
Saved experiment report: /home/brusc/Projects/random_forest/experiments_organized/speckle_output/dataset_rgb_speckle_35/sunset/small/k20/advanced_stats/experiment_report_with_model.json
Saved usage instructions: /home/brusc/Projects/random_forest/experiments_organized/speckle_output/dataset_rgb_speckle_35/sunset/small/k20/advanced_stats/model_usage_instructions.md

================================================================================
TRAINING COMPLETED SUCCESSFULLY
================================================================================
Area: sunset
Dataset: /home/brusc/Projects/random_forest/datasets/dataset_rgb_speckle_35/small
Feature method: advanced_stats
Total images: 45
Classes: ['garden', 'low_veg', 'trees']
Original features: 54
Selected features: 20
N estimators: 10

PERFORMANCE RESULTS:
Test Accuracy: 1.0000
CV Accuracy: 0.9556 ± 0.0544

Top 20 selected features:
  1. R_std: 0.4760
  2. R_var: 0.4702
  3. R_mad: 0.4676
  4. G_skew: 0.5015
  5. G_cv: 0.6411
  6. B_mean: 0.5233
  7. B_std: 0.6753
  8. B_var: 0.6654
  9. B_range: 0.4666
  10. B_skew: 0.6496
  11. B_kurt: 0.4698
  12. B_cv: 0.8576
  13. B_p10: 0.5001
  14. B_p25: 0.5229
  15. B_p50: 0.5027
  16. B_p75: 0.5026
  17. B_p90: 0.5136
  18. B_iqr: 0.6062
  19. B_mad: 0.6365
  20. B_grad_mean: 0.5806

Model and artifacts saved to: /home/brusc/Projects/random_forest/experiments_organized/speckle_output/dataset_rgb_speckle_35/sunset/small/k20/advanced_stats
================================================================================
