================================================================================
CONFIGURABLE RANDOM FOREST TRAINING SCRIPT
Dataset: /home/brusc/Projects/random_forest/datasets/dataset_rgb_speckle_15/mini
Area: assatigue
Feature Method: wst
K Features: 20
Output: /home/brusc/Projects/random_forest/experiments_organized/speckle_output/dataset_rgb_speckle_15/assatigue/mini/k20/wst
N Estimators: 3
================================================================================
Loading images from assatigue area...
Found classes in assatigue: ['low_veg', 'trees', 'water']
Loading 5 images from assatigue/low_veg
Loading 5 images from assatigue/trees
Loading 5 images from assatigue/water
Loaded 15 images with 3 classes
Classes: [np.str_('low_veg'), np.str_('trees'), np.str_('water')]
Image shape: (3, 128, 128)
Extracting wst features...
Feature matrix shape: (15, 486)
Applying SelectKBest feature selection (k=20)...
Selected features: ['R_wst_mean_49', 'R_wst_std_78', 'B_wst_mean_0', 'B_wst_mean_18', 'B_wst_mean_19', 'B_wst_mean_20', 'B_wst_mean_21', 'B_wst_mean_30', 'B_wst_mean_31', 'B_wst_mean_40', 'B_wst_mean_47', 'B_wst_mean_48', 'B_wst_mean_49', 'B_wst_mean_54', 'B_wst_mean_55', 'B_wst_mean_56', 'B_wst_mean_62', 'B_wst_mean_64', 'B_wst_mean_76', 'B_wst_std_76']
Feature scores: [0.81092741 0.88918137 0.82029249 0.81259407 0.90981629 0.82759407
 0.82981629 0.92092741 0.82092741 0.87092741 0.91314963 0.92314963
 0.83759407 0.82529249 0.87648296 0.83537185 0.82529249 0.84648296
 0.84870518 0.90518667]
Training final Random Forest model...
Saving model and artifacts...
Saved trained model: /home/brusc/Projects/random_forest/experiments_organized/speckle_output/dataset_rgb_speckle_15/assatigue/mini/k20/wst/trained_model.joblib
Saved scaler: /home/brusc/Projects/random_forest/experiments_organized/speckle_output/dataset_rgb_speckle_15/assatigue/mini/k20/wst/scaler.joblib
Saved feature selector: /home/brusc/Projects/random_forest/experiments_organized/speckle_output/dataset_rgb_speckle_15/assatigue/mini/k20/wst/feature_selector.joblib
Saved feature information: /home/brusc/Projects/random_forest/experiments_organized/speckle_output/dataset_rgb_speckle_15/assatigue/mini/k20/wst/feature_names.json
Saved experiment report: /home/brusc/Projects/random_forest/experiments_organized/speckle_output/dataset_rgb_speckle_15/assatigue/mini/k20/wst/experiment_report_with_model.json
Saved usage instructions: /home/brusc/Projects/random_forest/experiments_organized/speckle_output/dataset_rgb_speckle_15/assatigue/mini/k20/wst/model_usage_instructions.md

================================================================================
TRAINING COMPLETED SUCCESSFULLY
================================================================================
Area: assatigue
Dataset: /home/brusc/Projects/random_forest/datasets/dataset_rgb_speckle_15/mini
Feature method: wst
Total images: 15
Classes: ['low_veg', 'trees', 'water']
Original features: 486
Selected features: 20
N estimators: 3

PERFORMANCE RESULTS:
Test Accuracy: 1.0000
CV Accuracy: 0.8667 ± 0.1633

Top 20 selected features:
  1. R_wst_mean_49: 0.8109
  2. R_wst_std_78: 0.8892
  3. B_wst_mean_0: 0.8203
  4. B_wst_mean_18: 0.8126
  5. B_wst_mean_19: 0.9098
  6. B_wst_mean_20: 0.8276
  7. B_wst_mean_21: 0.8298
  8. B_wst_mean_30: 0.9209
  9. B_wst_mean_31: 0.8209
  10. B_wst_mean_40: 0.8709
  11. B_wst_mean_47: 0.9131
  12. B_wst_mean_48: 0.9231
  13. B_wst_mean_49: 0.8376
  14. B_wst_mean_54: 0.8253
  15. B_wst_mean_55: 0.8765
  16. B_wst_mean_56: 0.8354
  17. B_wst_mean_62: 0.8253
  18. B_wst_mean_64: 0.8465
  19. B_wst_mean_76: 0.8487
  20. B_wst_std_76: 0.9052

Model and artifacts saved to: /home/brusc/Projects/random_forest/experiments_organized/speckle_output/dataset_rgb_speckle_15/assatigue/mini/k20/wst
================================================================================
