================================================================================
CONFIGURABLE RANDOM FOREST TRAINING SCRIPT
Dataset: /home/brusc/Projects/random_forest/datasets/dataset_rgb_speckle_35/original
Area: sunset
Feature Method: hybrid
K Features: 20
Output: /home/brusc/Projects/random_forest/experiments_organized/speckle_output/dataset_rgb_speckle_35/sunset/original/k20/hybrid
N Estimators: 50
================================================================================
Loading images from sunset area...
Found classes in sunset: ['garden', 'low_veg', 'trees']
Loading 40 images from sunset/garden
Loading 40 images from sunset/low_veg
Loading 40 images from sunset/trees
Loaded 120 images with 3 classes
Classes: [np.str_('garden'), np.str_('low_veg'), np.str_('trees')]
Image shape: (3, 128, 128)
Extracting hybrid features...
Feature matrix shape: (120, 540)
Applying SelectKBest feature selection (k=20)...
Selected features: ['B_mean', 'B_cv', 'B_p10', 'B_p25', 'B_p75', 'R_wst_std_0', 'B_wst_mean_0', 'B_wst_mean_2', 'B_wst_mean_3', 'B_wst_mean_4', 'B_wst_mean_5', 'B_wst_mean_9', 'B_wst_mean_10', 'B_wst_mean_13', 'B_wst_mean_42', 'B_wst_mean_47', 'B_wst_mean_73', 'B_wst_std_16', 'B_wst_std_25', 'B_wst_std_50']
Feature scores: [0.66924709 0.79918527 0.68647985 0.67011959 0.66956145 0.86651141
 0.66727258 0.67216089 0.67446061 0.69317475 0.68524032 0.6959793
 0.6791513  0.67336058 0.67269631 0.69176617 0.6664739  0.69446002
 0.71189027 0.66393877]
Training final Random Forest model...
Saving model and artifacts...
Saved trained model: /home/brusc/Projects/random_forest/experiments_organized/speckle_output/dataset_rgb_speckle_35/sunset/original/k20/hybrid/trained_model.joblib
Saved scaler: /home/brusc/Projects/random_forest/experiments_organized/speckle_output/dataset_rgb_speckle_35/sunset/original/k20/hybrid/scaler.joblib
Saved feature selector: /home/brusc/Projects/random_forest/experiments_organized/speckle_output/dataset_rgb_speckle_35/sunset/original/k20/hybrid/feature_selector.joblib
Saved feature information: /home/brusc/Projects/random_forest/experiments_organized/speckle_output/dataset_rgb_speckle_35/sunset/original/k20/hybrid/feature_names.json
Saved experiment report: /home/brusc/Projects/random_forest/experiments_organized/speckle_output/dataset_rgb_speckle_35/sunset/original/k20/hybrid/experiment_report_with_model.json
Saved usage instructions: /home/brusc/Projects/random_forest/experiments_organized/speckle_output/dataset_rgb_speckle_35/sunset/original/k20/hybrid/model_usage_instructions.md

================================================================================
TRAINING COMPLETED SUCCESSFULLY
================================================================================
Area: sunset
Dataset: /home/brusc/Projects/random_forest/datasets/dataset_rgb_speckle_35/original
Feature method: hybrid
Total images: 120
Classes: ['garden', 'low_veg', 'trees']
Original features: 540
Selected features: 20
N estimators: 50

PERFORMANCE RESULTS:
Test Accuracy: 1.0000
CV Accuracy: 0.9833 ± 0.0333

Top 20 selected features:
  1. B_mean: 0.6692
  2. B_cv: 0.7992
  3. B_p10: 0.6865
  4. B_p25: 0.6701
  5. B_p75: 0.6696
  6. R_wst_std_0: 0.8665
  7. B_wst_mean_0: 0.6673
  8. B_wst_mean_2: 0.6722
  9. B_wst_mean_3: 0.6745
  10. B_wst_mean_4: 0.6932
  11. B_wst_mean_5: 0.6852
  12. B_wst_mean_9: 0.6960
  13. B_wst_mean_10: 0.6792
  14. B_wst_mean_13: 0.6734
  15. B_wst_mean_42: 0.6727
  16. B_wst_mean_47: 0.6918
  17. B_wst_mean_73: 0.6665
  18. B_wst_std_16: 0.6945
  19. B_wst_std_25: 0.7119
  20. B_wst_std_50: 0.6639

Model and artifacts saved to: /home/brusc/Projects/random_forest/experiments_organized/speckle_output/dataset_rgb_speckle_35/sunset/original/k20/hybrid
================================================================================
