================================================================================
CONFIGURABLE RANDOM FOREST TRAINING SCRIPT
Dataset: /home/brusc/Projects/random_forest/datasets/dataset_rgb_speckle_35/mini
Area: assatigue
Feature Method: hybrid
K Features: 20
Output: /home/brusc/Projects/random_forest/experiments_organized/speckle_output/dataset_rgb_speckle_35/assatigue/mini/k20/hybrid
N Estimators: 3
================================================================================
Loading images from assatigue area...
Found classes in assatigue: ['low_veg', 'trees', 'water']
Loading 5 images from assatigue/low_veg
Loading 5 images from assatigue/trees
Loading 5 images from assatigue/water
Loaded 15 images with 3 classes
Classes: [np.str_('low_veg'), np.str_('trees'), np.str_('water')]
Image shape: (3, 128, 128)
Extracting hybrid features...
Feature matrix shape: (15, 540)
Applying SelectKBest feature selection (k=20)...
Selected features: ['B_p50', 'G_wst_mean_56', 'G_wst_std_67', 'B_wst_mean_19', 'B_wst_mean_20', 'B_wst_mean_21', 'B_wst_mean_30', 'B_wst_mean_31', 'B_wst_mean_32', 'B_wst_mean_37', 'B_wst_mean_40', 'B_wst_mean_49', 'B_wst_mean_54', 'B_wst_mean_55', 'B_wst_mean_57', 'B_wst_mean_61', 'B_wst_mean_62', 'B_wst_mean_63', 'B_wst_std_18', 'B_wst_std_37']
Feature scores: [0.92426074 0.85981629 0.86259407 0.95584804 0.93918137 0.8814036
 0.96759407 0.87648296 0.88426074 0.90918137 0.89473693 0.87092741
 0.87807026 0.87648296 0.97314963 0.8614036  0.87092741 0.86870518
 0.89529249 0.87029249]
Training final Random Forest model...
Saving model and artifacts...
Saved trained model: /home/brusc/Projects/random_forest/experiments_organized/speckle_output/dataset_rgb_speckle_35/assatigue/mini/k20/hybrid/trained_model.joblib
Saved scaler: /home/brusc/Projects/random_forest/experiments_organized/speckle_output/dataset_rgb_speckle_35/assatigue/mini/k20/hybrid/scaler.joblib
Saved feature selector: /home/brusc/Projects/random_forest/experiments_organized/speckle_output/dataset_rgb_speckle_35/assatigue/mini/k20/hybrid/feature_selector.joblib
Saved feature information: /home/brusc/Projects/random_forest/experiments_organized/speckle_output/dataset_rgb_speckle_35/assatigue/mini/k20/hybrid/feature_names.json
Saved experiment report: /home/brusc/Projects/random_forest/experiments_organized/speckle_output/dataset_rgb_speckle_35/assatigue/mini/k20/hybrid/experiment_report_with_model.json
Saved usage instructions: /home/brusc/Projects/random_forest/experiments_organized/speckle_output/dataset_rgb_speckle_35/assatigue/mini/k20/hybrid/model_usage_instructions.md

================================================================================
TRAINING COMPLETED SUCCESSFULLY
================================================================================
Area: assatigue
Dataset: /home/brusc/Projects/random_forest/datasets/dataset_rgb_speckle_35/mini
Feature method: hybrid
Total images: 15
Classes: ['low_veg', 'trees', 'water']
Original features: 540
Selected features: 20
N estimators: 3

PERFORMANCE RESULTS:
Test Accuracy: 1.0000
CV Accuracy: 0.8667 ± 0.1633

Top 20 selected features:
  1. B_p50: 0.9243
  2. G_wst_mean_56: 0.8598
  3. G_wst_std_67: 0.8626
  4. B_wst_mean_19: 0.9558
  5. B_wst_mean_20: 0.9392
  6. B_wst_mean_21: 0.8814
  7. B_wst_mean_30: 0.9676
  8. B_wst_mean_31: 0.8765
  9. B_wst_mean_32: 0.8843
  10. B_wst_mean_37: 0.9092
  11. B_wst_mean_40: 0.8947
  12. B_wst_mean_49: 0.8709
  13. B_wst_mean_54: 0.8781
  14. B_wst_mean_55: 0.8765
  15. B_wst_mean_57: 0.9731
  16. B_wst_mean_61: 0.8614
  17. B_wst_mean_62: 0.8709
  18. B_wst_mean_63: 0.8687
  19. B_wst_std_18: 0.8953
  20. B_wst_std_37: 0.8703

Model and artifacts saved to: /home/brusc/Projects/random_forest/experiments_organized/speckle_output/dataset_rgb_speckle_35/assatigue/mini/k20/hybrid
================================================================================
