================================================================================
CONFIGURABLE RANDOM FOREST TRAINING SCRIPT
Dataset: /home/brusc/Projects/random_forest/datasets/dataset_rgb_speckle_35/small
Area: popolar
Feature Method: hybrid
K Features: 5
Output: /home/brusc/Projects/random_forest/experiments_organized/speckle_output/dataset_rgb_speckle_35/popolar/small/k5/hybrid
N Estimators: 10
================================================================================
Loading images from popolar area...
Found classes in popolar: ['low_veg', 'trees', 'water']
Loading 15 images from popolar/low_veg
Loading 15 images from popolar/trees
Loading 15 images from popolar/water
Loaded 45 images with 3 classes
Classes: [np.str_('low_veg'), np.str_('trees'), np.str_('water')]
Image shape: (3, 128, 128)
Extracting hybrid features...
Feature matrix shape: (45, 540)
Applying SelectKBest feature selection (k=5)...
Selected features: ['B_cv', 'B_p10', 'R_wst_std_0', 'G_wst_std_0', 'B_wst_std_0']
Feature scores: [1.00247213 0.93209527 1.0445939  1.00671888 0.92766785]
Training final Random Forest model...
Saving model and artifacts...
Saved trained model: /home/brusc/Projects/random_forest/experiments_organized/speckle_output/dataset_rgb_speckle_35/popolar/small/k5/hybrid/trained_model.joblib
Saved scaler: /home/brusc/Projects/random_forest/experiments_organized/speckle_output/dataset_rgb_speckle_35/popolar/small/k5/hybrid/scaler.joblib
Saved feature selector: /home/brusc/Projects/random_forest/experiments_organized/speckle_output/dataset_rgb_speckle_35/popolar/small/k5/hybrid/feature_selector.joblib
Saved feature information: /home/brusc/Projects/random_forest/experiments_organized/speckle_output/dataset_rgb_speckle_35/popolar/small/k5/hybrid/feature_names.json
Saved experiment report: /home/brusc/Projects/random_forest/experiments_organized/speckle_output/dataset_rgb_speckle_35/popolar/small/k5/hybrid/experiment_report_with_model.json
Saved usage instructions: /home/brusc/Projects/random_forest/experiments_organized/speckle_output/dataset_rgb_speckle_35/popolar/small/k5/hybrid/model_usage_instructions.md

================================================================================
TRAINING COMPLETED SUCCESSFULLY
================================================================================
Area: popolar
Dataset: /home/brusc/Projects/random_forest/datasets/dataset_rgb_speckle_35/small
Feature method: hybrid
Total images: 45
Classes: ['low_veg', 'trees', 'water']
Original features: 540
Selected features: 5
N estimators: 10

PERFORMANCE RESULTS:
Test Accuracy: 0.8889
CV Accuracy: 0.9556 ± 0.0544

Top 5 selected features:
  1. B_cv: 1.0025
  2. B_p10: 0.9321
  3. R_wst_std_0: 1.0446
  4. G_wst_std_0: 1.0067
  5. B_wst_std_0: 0.9277

Model and artifacts saved to: /home/brusc/Projects/random_forest/experiments_organized/speckle_output/dataset_rgb_speckle_35/popolar/small/k5/hybrid
================================================================================
