================================================================================
CONFIGURABLE RANDOM FOREST TRAINING SCRIPT
Dataset: /home/brusc/Projects/random_forest/datasets/dataset_rgb_speckle_35/small
Area: sunset
Feature Method: wst
K Features: 20
Output: /home/brusc/Projects/random_forest/experiments_organized/speckle_output/dataset_rgb_speckle_35/sunset/small/k20/wst
N Estimators: 10
================================================================================
Loading images from sunset area...
Found classes in sunset: ['garden', 'low_veg', 'trees']
Loading 15 images from sunset/garden
Loading 15 images from sunset/low_veg
Loading 15 images from sunset/trees
Loaded 45 images with 3 classes
Classes: [np.str_('garden'), np.str_('low_veg'), np.str_('trees')]
Image shape: (3, 128, 128)
Extracting wst features...
Feature matrix shape: (45, 486)
Applying SelectKBest feature selection (k=20)...
Selected features: ['R_wst_std_0', 'B_wst_mean_9', 'B_wst_mean_10', 'B_wst_mean_13', 'B_wst_mean_14', 'B_wst_mean_15', 'B_wst_mean_16', 'B_wst_std_10', 'B_wst_std_14', 'B_wst_std_25', 'B_wst_std_26', 'B_wst_std_32', 'B_wst_std_44', 'B_wst_std_56', 'B_wst_std_61', 'B_wst_std_63', 'B_wst_std_64', 'B_wst_std_66', 'B_wst_std_69', 'B_wst_std_74']
Feature scores: [0.81502045 0.74531483 0.73530564 0.75596596 0.72134932 0.67392347
 0.71912643 0.68738425 0.83262841 0.68568273 0.68439245 0.6721576
 0.70435165 0.68395594 0.69627937 0.68265082 0.69695562 0.67109874
 0.74541867 0.69396365]
Training final Random Forest model...
Saving model and artifacts...
Saved trained model: /home/brusc/Projects/random_forest/experiments_organized/speckle_output/dataset_rgb_speckle_35/sunset/small/k20/wst/trained_model.joblib
Saved scaler: /home/brusc/Projects/random_forest/experiments_organized/speckle_output/dataset_rgb_speckle_35/sunset/small/k20/wst/scaler.joblib
Saved feature selector: /home/brusc/Projects/random_forest/experiments_organized/speckle_output/dataset_rgb_speckle_35/sunset/small/k20/wst/feature_selector.joblib
Saved feature information: /home/brusc/Projects/random_forest/experiments_organized/speckle_output/dataset_rgb_speckle_35/sunset/small/k20/wst/feature_names.json
Saved experiment report: /home/brusc/Projects/random_forest/experiments_organized/speckle_output/dataset_rgb_speckle_35/sunset/small/k20/wst/experiment_report_with_model.json
Saved usage instructions: /home/brusc/Projects/random_forest/experiments_organized/speckle_output/dataset_rgb_speckle_35/sunset/small/k20/wst/model_usage_instructions.md

================================================================================
TRAINING COMPLETED SUCCESSFULLY
================================================================================
Area: sunset
Dataset: /home/brusc/Projects/random_forest/datasets/dataset_rgb_speckle_35/small
Feature method: wst
Total images: 45
Classes: ['garden', 'low_veg', 'trees']
Original features: 486
Selected features: 20
N estimators: 10

PERFORMANCE RESULTS:
Test Accuracy: 1.0000
CV Accuracy: 0.9111 ± 0.1296

Top 20 selected features:
  1. R_wst_std_0: 0.8150
  2. B_wst_mean_9: 0.7453
  3. B_wst_mean_10: 0.7353
  4. B_wst_mean_13: 0.7560
  5. B_wst_mean_14: 0.7213
  6. B_wst_mean_15: 0.6739
  7. B_wst_mean_16: 0.7191
  8. B_wst_std_10: 0.6874
  9. B_wst_std_14: 0.8326
  10. B_wst_std_25: 0.6857
  11. B_wst_std_26: 0.6844
  12. B_wst_std_32: 0.6722
  13. B_wst_std_44: 0.7044
  14. B_wst_std_56: 0.6840
  15. B_wst_std_61: 0.6963
  16. B_wst_std_63: 0.6827
  17. B_wst_std_64: 0.6970
  18. B_wst_std_66: 0.6711
  19. B_wst_std_69: 0.7454
  20. B_wst_std_74: 0.6940

Model and artifacts saved to: /home/brusc/Projects/random_forest/experiments_organized/speckle_output/dataset_rgb_speckle_35/sunset/small/k20/wst
================================================================================
