================================================================================
CONFIGURABLE RANDOM FOREST TRAINING SCRIPT
Dataset: /home/brusc/Projects/random_forest/datasets/dataset_rgb_speckle_15/small
Area: assatigue
Feature Method: hybrid
K Features: 20
Output: /home/brusc/Projects/random_forest/experiments_organized/speckle_output/dataset_rgb_speckle_15/assatigue/small/k20/hybrid
N Estimators: 10
================================================================================
Loading images from assatigue area...
Found classes in assatigue: ['low_veg', 'trees', 'water']
Loading 15 images from assatigue/low_veg
Loading 15 images from assatigue/trees
Loading 15 images from assatigue/water
Loaded 45 images with 3 classes
Classes: [np.str_('low_veg'), np.str_('trees'), np.str_('water')]
Image shape: (3, 128, 128)
Extracting hybrid features...
Feature matrix shape: (45, 540)
Applying SelectKBest feature selection (k=20)...
Selected features: ['R_std', 'R_var', 'R_cv', 'R_iqr', 'R_mad', 'G_std', 'G_var', 'G_cv', 'G_p10', 'G_p25', 'G_iqr', 'G_mad', 'B_min', 'B_cv', 'B_p10', 'B_p25', 'R_wst_mean_3', 'R_wst_std_0', 'G_wst_std_0', 'B_wst_mean_66']
Feature scores: [0.81930554 0.81807097 0.93587231 0.77834423 0.85795344 0.8097284
 0.81258787 0.9068481  0.81899536 0.83660479 0.87621623 0.84064936
 0.77715344 0.85585027 0.87296171 0.81028229 0.78139284 0.9132673
 0.85434289 0.78268834]
Training final Random Forest model...
Saving model and artifacts...
Saved trained model: /home/brusc/Projects/random_forest/experiments_organized/speckle_output/dataset_rgb_speckle_15/assatigue/small/k20/hybrid/trained_model.joblib
Saved scaler: /home/brusc/Projects/random_forest/experiments_organized/speckle_output/dataset_rgb_speckle_15/assatigue/small/k20/hybrid/scaler.joblib
Saved feature selector: /home/brusc/Projects/random_forest/experiments_organized/speckle_output/dataset_rgb_speckle_15/assatigue/small/k20/hybrid/feature_selector.joblib
Saved feature information: /home/brusc/Projects/random_forest/experiments_organized/speckle_output/dataset_rgb_speckle_15/assatigue/small/k20/hybrid/feature_names.json
Saved experiment report: /home/brusc/Projects/random_forest/experiments_organized/speckle_output/dataset_rgb_speckle_15/assatigue/small/k20/hybrid/experiment_report_with_model.json
Saved usage instructions: /home/brusc/Projects/random_forest/experiments_organized/speckle_output/dataset_rgb_speckle_15/assatigue/small/k20/hybrid/model_usage_instructions.md

================================================================================
TRAINING COMPLETED SUCCESSFULLY
================================================================================
Area: assatigue
Dataset: /home/brusc/Projects/random_forest/datasets/dataset_rgb_speckle_15/small
Feature method: hybrid
Total images: 45
Classes: ['low_veg', 'trees', 'water']
Original features: 540
Selected features: 20
N estimators: 10

PERFORMANCE RESULTS:
Test Accuracy: 0.8889
CV Accuracy: 0.9111 ± 0.0444

Top 20 selected features:
  1. R_std: 0.8193
  2. R_var: 0.8181
  3. R_cv: 0.9359
  4. R_iqr: 0.7783
  5. R_mad: 0.8580
  6. G_std: 0.8097
  7. G_var: 0.8126
  8. G_cv: 0.9068
  9. G_p10: 0.8190
  10. G_p25: 0.8366
  11. G_iqr: 0.8762
  12. G_mad: 0.8406
  13. B_min: 0.7772
  14. B_cv: 0.8559
  15. B_p10: 0.8730
  16. B_p25: 0.8103
  17. R_wst_mean_3: 0.7814
  18. R_wst_std_0: 0.9133
  19. G_wst_std_0: 0.8543
  20. B_wst_mean_66: 0.7827

Model and artifacts saved to: /home/brusc/Projects/random_forest/experiments_organized/speckle_output/dataset_rgb_speckle_15/assatigue/small/k20/hybrid
================================================================================
