================================================================================
CONFIGURABLE RANDOM FOREST TRAINING SCRIPT
Dataset: /home/brusc/Projects/random_forest/datasets/dataset_rgb_speckle_55/original
Area: popolar
Feature Method: wst
K Features: 20
Output: /home/brusc/Projects/random_forest/experiments_organized/speckle_output/dataset_rgb_speckle_55/popolar/original/k20/wst
N Estimators: 50
================================================================================
Loading images from popolar area...
Found classes in popolar: ['low_veg', 'trees', 'water']
Loading 41 images from popolar/low_veg
Loading 40 images from popolar/trees
Loading 40 images from popolar/water
Loaded 121 images with 3 classes
Classes: [np.str_('low_veg'), np.str_('trees'), np.str_('water')]
Image shape: (3, 128, 128)
Extracting wst features...
Feature matrix shape: (121, 486)
Applying SelectKBest feature selection (k=20)...
Selected features: ['R_wst_mean_0', 'R_wst_mean_4', 'R_wst_mean_5', 'R_wst_mean_7', 'R_wst_std_0', 'G_wst_std_0', 'B_wst_mean_0', 'B_wst_mean_1', 'B_wst_mean_2', 'B_wst_mean_3', 'B_wst_mean_4', 'B_wst_mean_5', 'B_wst_mean_6', 'B_wst_mean_7', 'B_wst_mean_31', 'B_wst_mean_32', 'B_wst_mean_46', 'B_wst_mean_51', 'B_wst_mean_58', 'B_wst_std_0']
Feature scores: [0.88303218 0.85229915 0.90717466 0.86204169 1.03002303 1.00064235
 0.89359619 0.91852741 0.9285159  0.91233421 0.86373811 0.92170738
 0.87403845 0.87122407 0.84828155 0.89385736 0.84859103 0.84765677
 0.87461903 0.94192522]
Training final Random Forest model...
Saving model and artifacts...
Saved trained model: /home/brusc/Projects/random_forest/experiments_organized/speckle_output/dataset_rgb_speckle_55/popolar/original/k20/wst/trained_model.joblib
Saved scaler: /home/brusc/Projects/random_forest/experiments_organized/speckle_output/dataset_rgb_speckle_55/popolar/original/k20/wst/scaler.joblib
Saved feature selector: /home/brusc/Projects/random_forest/experiments_organized/speckle_output/dataset_rgb_speckle_55/popolar/original/k20/wst/feature_selector.joblib
Saved feature information: /home/brusc/Projects/random_forest/experiments_organized/speckle_output/dataset_rgb_speckle_55/popolar/original/k20/wst/feature_names.json
Saved experiment report: /home/brusc/Projects/random_forest/experiments_organized/speckle_output/dataset_rgb_speckle_55/popolar/original/k20/wst/experiment_report_with_model.json
Saved usage instructions: /home/brusc/Projects/random_forest/experiments_organized/speckle_output/dataset_rgb_speckle_55/popolar/original/k20/wst/model_usage_instructions.md

================================================================================
TRAINING COMPLETED SUCCESSFULLY
================================================================================
Area: popolar
Dataset: /home/brusc/Projects/random_forest/datasets/dataset_rgb_speckle_55/original
Feature method: wst
Total images: 121
Classes: ['low_veg', 'trees', 'water']
Original features: 486
Selected features: 20
N estimators: 50

PERFORMANCE RESULTS:
Test Accuracy: 0.9600
CV Accuracy: 0.9590 ± 0.0253

Top 20 selected features:
  1. R_wst_mean_0: 0.8830
  2. R_wst_mean_4: 0.8523
  3. R_wst_mean_5: 0.9072
  4. R_wst_mean_7: 0.8620
  5. R_wst_std_0: 1.0300
  6. G_wst_std_0: 1.0006
  7. B_wst_mean_0: 0.8936
  8. B_wst_mean_1: 0.9185
  9. B_wst_mean_2: 0.9285
  10. B_wst_mean_3: 0.9123
  11. B_wst_mean_4: 0.8637
  12. B_wst_mean_5: 0.9217
  13. B_wst_mean_6: 0.8740
  14. B_wst_mean_7: 0.8712
  15. B_wst_mean_31: 0.8483
  16. B_wst_mean_32: 0.8939
  17. B_wst_mean_46: 0.8486
  18. B_wst_mean_51: 0.8477
  19. B_wst_mean_58: 0.8746
  20. B_wst_std_0: 0.9419

Model and artifacts saved to: /home/brusc/Projects/random_forest/experiments_organized/speckle_output/dataset_rgb_speckle_55/popolar/original/k20/wst
================================================================================
