================================================================================
CONFIGURABLE RANDOM FOREST TRAINING SCRIPT
Dataset: /home/brusc/Projects/random_forest/datasets/dataset_rgb_speckle_35/small
Area: assatigue
Feature Method: wst
K Features: 20
Output: /home/brusc/Projects/random_forest/experiments_organized/speckle_output/dataset_rgb_speckle_35/assatigue/small/k20/wst
N Estimators: 10
================================================================================
Loading images from assatigue area...
Found classes in assatigue: ['low_veg', 'trees', 'water']
Loading 15 images from assatigue/low_veg
Loading 15 images from assatigue/trees
Loading 15 images from assatigue/water
Loaded 45 images with 3 classes
Classes: [np.str_('low_veg'), np.str_('trees'), np.str_('water')]
Image shape: (3, 128, 128)
Extracting wst features...
Feature matrix shape: (45, 486)
Applying SelectKBest feature selection (k=20)...
Selected features: ['R_wst_mean_20', 'R_wst_std_0', 'G_wst_mean_1', 'G_wst_mean_22', 'G_wst_mean_23', 'G_wst_mean_29', 'G_wst_mean_30', 'G_wst_mean_73', 'G_wst_mean_78', 'G_wst_std_0', 'B_wst_mean_7', 'B_wst_mean_22', 'B_wst_mean_29', 'B_wst_mean_45', 'B_wst_mean_48', 'B_wst_mean_55', 'B_wst_mean_64', 'B_wst_mean_71', 'B_wst_mean_75', 'B_wst_mean_79']
Feature scores: [0.78902712 0.94857017 0.73665739 0.77187625 0.81138625 0.80799778
 0.75213358 0.76446002 0.7403162  0.90259423 0.73948808 0.74711595
 0.74440792 0.74393253 0.79816373 0.74044046 0.7397871  0.73562565
 0.75144495 0.76883472]
Training final Random Forest model...
Saving model and artifacts...
Saved trained model: /home/brusc/Projects/random_forest/experiments_organized/speckle_output/dataset_rgb_speckle_35/assatigue/small/k20/wst/trained_model.joblib
Saved scaler: /home/brusc/Projects/random_forest/experiments_organized/speckle_output/dataset_rgb_speckle_35/assatigue/small/k20/wst/scaler.joblib
Saved feature selector: /home/brusc/Projects/random_forest/experiments_organized/speckle_output/dataset_rgb_speckle_35/assatigue/small/k20/wst/feature_selector.joblib
Saved feature information: /home/brusc/Projects/random_forest/experiments_organized/speckle_output/dataset_rgb_speckle_35/assatigue/small/k20/wst/feature_names.json
Saved experiment report: /home/brusc/Projects/random_forest/experiments_organized/speckle_output/dataset_rgb_speckle_35/assatigue/small/k20/wst/experiment_report_with_model.json
Saved usage instructions: /home/brusc/Projects/random_forest/experiments_organized/speckle_output/dataset_rgb_speckle_35/assatigue/small/k20/wst/model_usage_instructions.md

================================================================================
TRAINING COMPLETED SUCCESSFULLY
================================================================================
Area: assatigue
Dataset: /home/brusc/Projects/random_forest/datasets/dataset_rgb_speckle_35/small
Feature method: wst
Total images: 45
Classes: ['low_veg', 'trees', 'water']
Original features: 486
Selected features: 20
N estimators: 10

PERFORMANCE RESULTS:
Test Accuracy: 1.0000
CV Accuracy: 0.8889 ± 0.0703

Top 20 selected features:
  1. R_wst_mean_20: 0.7890
  2. R_wst_std_0: 0.9486
  3. G_wst_mean_1: 0.7367
  4. G_wst_mean_22: 0.7719
  5. G_wst_mean_23: 0.8114
  6. G_wst_mean_29: 0.8080
  7. G_wst_mean_30: 0.7521
  8. G_wst_mean_73: 0.7645
  9. G_wst_mean_78: 0.7403
  10. G_wst_std_0: 0.9026
  11. B_wst_mean_7: 0.7395
  12. B_wst_mean_22: 0.7471
  13. B_wst_mean_29: 0.7444
  14. B_wst_mean_45: 0.7439
  15. B_wst_mean_48: 0.7982
  16. B_wst_mean_55: 0.7404
  17. B_wst_mean_64: 0.7398
  18. B_wst_mean_71: 0.7356
  19. B_wst_mean_75: 0.7514
  20. B_wst_mean_79: 0.7688

Model and artifacts saved to: /home/brusc/Projects/random_forest/experiments_organized/speckle_output/dataset_rgb_speckle_35/assatigue/small/k20/wst
================================================================================
