================================================================================
CONFIGURABLE RANDOM FOREST TRAINING SCRIPT
Dataset: /home/brusc/Projects/random_forest/datasets/dataset_rgb_speckle_15/mini
Area: sunset
Feature Method: wst
K Features: 20
Output: /home/brusc/Projects/random_forest/experiments_organized/speckle_output/dataset_rgb_speckle_15/sunset/mini/k20/wst
N Estimators: 3
================================================================================
Loading images from sunset area...
Found classes in sunset: ['garden', 'low_veg', 'trees']
Loading 5 images from sunset/garden
Loading 5 images from sunset/low_veg
Loading 5 images from sunset/trees
Loaded 15 images with 3 classes
Classes: [np.str_('garden'), np.str_('low_veg'), np.str_('trees')]
Image shape: (3, 128, 128)
Extracting wst features...
Feature matrix shape: (15, 486)
Applying SelectKBest feature selection (k=20)...
Selected features: ['R_wst_mean_10', 'R_wst_std_0', 'R_wst_std_4', 'R_wst_std_5', 'R_wst_std_10', 'R_wst_std_11', 'R_wst_std_12', 'R_wst_std_13', 'G_wst_mean_9', 'G_wst_mean_10', 'G_wst_mean_11', 'G_wst_std_10', 'G_wst_std_11', 'G_wst_std_12', 'G_wst_std_13', 'B_wst_mean_9', 'B_wst_mean_14', 'B_wst_std_12', 'B_wst_std_13', 'B_wst_std_72']
Feature scores: [0.85426074 0.88045122 0.80203852 0.81370518 0.83759407 1.04045122
 0.91759407 0.90740889 0.89314963 0.90092741 0.80854645 0.80203852
 0.86711788 0.93912606 0.9335705  0.93918137 0.82426074 0.91600677
 0.90066452 0.79648296]
Training final Random Forest model...
Saving model and artifacts...
Saved trained model: /home/brusc/Projects/random_forest/experiments_organized/speckle_output/dataset_rgb_speckle_15/sunset/mini/k20/wst/trained_model.joblib
Saved scaler: /home/brusc/Projects/random_forest/experiments_organized/speckle_output/dataset_rgb_speckle_15/sunset/mini/k20/wst/scaler.joblib
Saved feature selector: /home/brusc/Projects/random_forest/experiments_organized/speckle_output/dataset_rgb_speckle_15/sunset/mini/k20/wst/feature_selector.joblib
Saved feature information: /home/brusc/Projects/random_forest/experiments_organized/speckle_output/dataset_rgb_speckle_15/sunset/mini/k20/wst/feature_names.json
Saved experiment report: /home/brusc/Projects/random_forest/experiments_organized/speckle_output/dataset_rgb_speckle_15/sunset/mini/k20/wst/experiment_report_with_model.json
Saved usage instructions: /home/brusc/Projects/random_forest/experiments_organized/speckle_output/dataset_rgb_speckle_15/sunset/mini/k20/wst/model_usage_instructions.md

================================================================================
TRAINING COMPLETED SUCCESSFULLY
================================================================================
Area: sunset
Dataset: /home/brusc/Projects/random_forest/datasets/dataset_rgb_speckle_15/mini
Feature method: wst
Total images: 15
Classes: ['garden', 'low_veg', 'trees']
Original features: 486
Selected features: 20
N estimators: 3

PERFORMANCE RESULTS:
Test Accuracy: 1.0000
CV Accuracy: 0.8000 ± 0.1633

Top 20 selected features:
  1. R_wst_mean_10: 0.8543
  2. R_wst_std_0: 0.8805
  3. R_wst_std_4: 0.8020
  4. R_wst_std_5: 0.8137
  5. R_wst_std_10: 0.8376
  6. R_wst_std_11: 1.0405
  7. R_wst_std_12: 0.9176
  8. R_wst_std_13: 0.9074
  9. G_wst_mean_9: 0.8931
  10. G_wst_mean_10: 0.9009
  11. G_wst_mean_11: 0.8085
  12. G_wst_std_10: 0.8020
  13. G_wst_std_11: 0.8671
  14. G_wst_std_12: 0.9391
  15. G_wst_std_13: 0.9336
  16. B_wst_mean_9: 0.9392
  17. B_wst_mean_14: 0.8243
  18. B_wst_std_12: 0.9160
  19. B_wst_std_13: 0.9007
  20. B_wst_std_72: 0.7965

Model and artifacts saved to: /home/brusc/Projects/random_forest/experiments_organized/speckle_output/dataset_rgb_speckle_15/sunset/mini/k20/wst
================================================================================
