================================================================================
CONFIGURABLE RANDOM FOREST TRAINING SCRIPT
Dataset: /home/brusc/Projects/random_forest/datasets/dataset_rgb_speckle_15/small
Area: assatigue
Feature Method: wst
K Features: 20
Output: /home/brusc/Projects/random_forest/experiments_organized/speckle_output/dataset_rgb_speckle_15/assatigue/small/k20/wst
N Estimators: 10
================================================================================
Loading images from assatigue area...
Found classes in assatigue: ['low_veg', 'trees', 'water']
Loading 15 images from assatigue/low_veg
Loading 15 images from assatigue/trees
Loading 15 images from assatigue/water
Loaded 45 images with 3 classes
Classes: [np.str_('low_veg'), np.str_('trees'), np.str_('water')]
Image shape: (3, 128, 128)
Extracting wst features...
Feature matrix shape: (45, 486)
Applying SelectKBest feature selection (k=20)...
Selected features: ['R_wst_mean_0', 'R_wst_mean_2', 'R_wst_mean_3', 'R_wst_mean_5', 'R_wst_mean_6', 'R_wst_mean_38', 'R_wst_mean_51', 'R_wst_std_0', 'R_wst_std_13', 'G_wst_mean_4', 'G_wst_mean_30', 'G_wst_mean_51', 'G_wst_std_0', 'B_wst_mean_2', 'B_wst_mean_3', 'B_wst_mean_5', 'B_wst_mean_6', 'B_wst_mean_32', 'B_wst_mean_47', 'B_wst_mean_66']
Feature scores: [0.75424117 0.74119394 0.78139284 0.76319179 0.75872089 0.77138403
 0.7629096  0.9132673  0.73707102 0.74872089 0.75541401 0.72802344
 0.85434289 0.73962036 0.73668385 0.73199249 0.73399425 0.77037793
 0.73702616 0.78268834]
Training final Random Forest model...
Saving model and artifacts...
Saved trained model: /home/brusc/Projects/random_forest/experiments_organized/speckle_output/dataset_rgb_speckle_15/assatigue/small/k20/wst/trained_model.joblib
Saved scaler: /home/brusc/Projects/random_forest/experiments_organized/speckle_output/dataset_rgb_speckle_15/assatigue/small/k20/wst/scaler.joblib
Saved feature selector: /home/brusc/Projects/random_forest/experiments_organized/speckle_output/dataset_rgb_speckle_15/assatigue/small/k20/wst/feature_selector.joblib
Saved feature information: /home/brusc/Projects/random_forest/experiments_organized/speckle_output/dataset_rgb_speckle_15/assatigue/small/k20/wst/feature_names.json
Saved experiment report: /home/brusc/Projects/random_forest/experiments_organized/speckle_output/dataset_rgb_speckle_15/assatigue/small/k20/wst/experiment_report_with_model.json
Saved usage instructions: /home/brusc/Projects/random_forest/experiments_organized/speckle_output/dataset_rgb_speckle_15/assatigue/small/k20/wst/model_usage_instructions.md

================================================================================
TRAINING COMPLETED SUCCESSFULLY
================================================================================
Area: assatigue
Dataset: /home/brusc/Projects/random_forest/datasets/dataset_rgb_speckle_15/small
Feature method: wst
Total images: 45
Classes: ['low_veg', 'trees', 'water']
Original features: 486
Selected features: 20
N estimators: 10

PERFORMANCE RESULTS:
Test Accuracy: 0.7778
CV Accuracy: 0.9333 ± 0.0544

Top 20 selected features:
  1. R_wst_mean_0: 0.7542
  2. R_wst_mean_2: 0.7412
  3. R_wst_mean_3: 0.7814
  4. R_wst_mean_5: 0.7632
  5. R_wst_mean_6: 0.7587
  6. R_wst_mean_38: 0.7714
  7. R_wst_mean_51: 0.7629
  8. R_wst_std_0: 0.9133
  9. R_wst_std_13: 0.7371
  10. G_wst_mean_4: 0.7487
  11. G_wst_mean_30: 0.7554
  12. G_wst_mean_51: 0.7280
  13. G_wst_std_0: 0.8543
  14. B_wst_mean_2: 0.7396
  15. B_wst_mean_3: 0.7367
  16. B_wst_mean_5: 0.7320
  17. B_wst_mean_6: 0.7340
  18. B_wst_mean_32: 0.7704
  19. B_wst_mean_47: 0.7370
  20. B_wst_mean_66: 0.7827

Model and artifacts saved to: /home/brusc/Projects/random_forest/experiments_organized/speckle_output/dataset_rgb_speckle_15/assatigue/small/k20/wst
================================================================================
