================================================================================
CONFIGURABLE RANDOM FOREST TRAINING SCRIPT
Dataset: /home/brusc/Projects/random_forest/datasets/dataset_rgb_speckle_15/original
Area: popolar
Feature Method: wst
K Features: 10
Output: /home/brusc/Projects/random_forest/experiments_organized/speckle_output/dataset_rgb_speckle_15/popolar/original/k10/wst
N Estimators: 50
================================================================================
Loading images from popolar area...
Found classes in popolar: ['low_veg', 'trees', 'water']
Loading 41 images from popolar/low_veg
Loading 40 images from popolar/trees
Loading 40 images from popolar/water
Loaded 121 images with 3 classes
Classes: [np.str_('low_veg'), np.str_('trees'), np.str_('water')]
Image shape: (3, 128, 128)
Extracting wst features...
Feature matrix shape: (121, 486)
Applying SelectKBest feature selection (k=10)...
Selected features: ['R_wst_std_0', 'G_wst_std_0', 'B_wst_mean_0', 'B_wst_mean_20', 'B_wst_mean_21', 'B_wst_mean_41', 'B_wst_mean_48', 'B_wst_mean_56', 'B_wst_mean_75', 'B_wst_std_0']
Feature scores: [0.98059667 1.01450163 0.89365986 0.88083234 0.85895218 0.86165869
 0.88115193 0.86725946 0.85751182 0.87544937]
Training final Random Forest model...
Saving model and artifacts...
Saved trained model: /home/brusc/Projects/random_forest/experiments_organized/speckle_output/dataset_rgb_speckle_15/popolar/original/k10/wst/trained_model.joblib
Saved scaler: /home/brusc/Projects/random_forest/experiments_organized/speckle_output/dataset_rgb_speckle_15/popolar/original/k10/wst/scaler.joblib
Saved feature selector: /home/brusc/Projects/random_forest/experiments_organized/speckle_output/dataset_rgb_speckle_15/popolar/original/k10/wst/feature_selector.joblib
Saved feature information: /home/brusc/Projects/random_forest/experiments_organized/speckle_output/dataset_rgb_speckle_15/popolar/original/k10/wst/feature_names.json
Saved experiment report: /home/brusc/Projects/random_forest/experiments_organized/speckle_output/dataset_rgb_speckle_15/popolar/original/k10/wst/experiment_report_with_model.json
Saved usage instructions: /home/brusc/Projects/random_forest/experiments_organized/speckle_output/dataset_rgb_speckle_15/popolar/original/k10/wst/model_usage_instructions.md

================================================================================
TRAINING COMPLETED SUCCESSFULLY
================================================================================
Area: popolar
Dataset: /home/brusc/Projects/random_forest/datasets/dataset_rgb_speckle_15/original
Feature method: wst
Total images: 121
Classes: ['low_veg', 'trees', 'water']
Original features: 486
Selected features: 10
N estimators: 50

PERFORMANCE RESULTS:
Test Accuracy: 0.9600
CV Accuracy: 0.9587 ± 0.0456

Top 10 selected features:
  1. R_wst_std_0: 0.9806
  2. G_wst_std_0: 1.0145
  3. B_wst_mean_0: 0.8937
  4. B_wst_mean_20: 0.8808
  5. B_wst_mean_21: 0.8590
  6. B_wst_mean_41: 0.8617
  7. B_wst_mean_48: 0.8812
  8. B_wst_mean_56: 0.8673
  9. B_wst_mean_75: 0.8575
  10. B_wst_std_0: 0.8754

Model and artifacts saved to: /home/brusc/Projects/random_forest/experiments_organized/speckle_output/dataset_rgb_speckle_15/popolar/original/k10/wst
================================================================================
