================================================================================
CONFIGURABLE RANDOM FOREST TRAINING SCRIPT
Dataset: /home/brusc/Projects/random_forest/datasets/dataset_rgb_speckle_55/mini
Area: popolar
Feature Method: wst
K Features: 20
Output: /home/brusc/Projects/random_forest/experiments_organized/speckle_output/dataset_rgb_speckle_55/popolar/mini/k20/wst
N Estimators: 3
================================================================================
Loading images from popolar area...
Found classes in popolar: ['low_veg', 'trees', 'water']
Loading 5 images from popolar/low_veg
Loading 5 images from popolar/trees
Loading 5 images from popolar/water
Loaded 15 images with 3 classes
Classes: [np.str_('low_veg'), np.str_('trees'), np.str_('water')]
Image shape: (3, 128, 128)
Extracting wst features...
Feature matrix shape: (15, 486)
Applying SelectKBest feature selection (k=20)...
Selected features: ['R_wst_mean_8', 'R_wst_mean_71', 'R_wst_mean_79', 'R_wst_std_17', 'G_wst_std_0', 'B_wst_mean_0', 'B_wst_mean_1', 'B_wst_mean_6', 'B_wst_mean_8', 'B_wst_mean_21', 'B_wst_mean_53', 'B_wst_mean_54', 'B_wst_mean_66', 'B_wst_mean_70', 'B_wst_mean_71', 'B_wst_mean_73', 'B_wst_mean_75', 'B_wst_mean_78', 'B_wst_mean_79', 'B_wst_std_70']
Feature scores: [0.89335646 0.81682447 0.80571336 1.03267344 0.82793558 0.94801495
 0.83849114 0.82023717 0.86404669 0.82793558 0.80690384 0.81007844
 0.85558516 0.83468161 0.82515781 0.98955341 0.96468161 0.89801495
 0.87579273 0.88045122]
Training final Random Forest model...
Saving model and artifacts...
Saved trained model: /home/brusc/Projects/random_forest/experiments_organized/speckle_output/dataset_rgb_speckle_55/popolar/mini/k20/wst/trained_model.joblib
Saved scaler: /home/brusc/Projects/random_forest/experiments_organized/speckle_output/dataset_rgb_speckle_55/popolar/mini/k20/wst/scaler.joblib
Saved feature selector: /home/brusc/Projects/random_forest/experiments_organized/speckle_output/dataset_rgb_speckle_55/popolar/mini/k20/wst/feature_selector.joblib
Saved feature information: /home/brusc/Projects/random_forest/experiments_organized/speckle_output/dataset_rgb_speckle_55/popolar/mini/k20/wst/feature_names.json
Saved experiment report: /home/brusc/Projects/random_forest/experiments_organized/speckle_output/dataset_rgb_speckle_55/popolar/mini/k20/wst/experiment_report_with_model.json
Saved usage instructions: /home/brusc/Projects/random_forest/experiments_organized/speckle_output/dataset_rgb_speckle_55/popolar/mini/k20/wst/model_usage_instructions.md

================================================================================
TRAINING COMPLETED SUCCESSFULLY
================================================================================
Area: popolar
Dataset: /home/brusc/Projects/random_forest/datasets/dataset_rgb_speckle_55/mini
Feature method: wst
Total images: 15
Classes: ['low_veg', 'trees', 'water']
Original features: 486
Selected features: 20
N estimators: 3

PERFORMANCE RESULTS:
Test Accuracy: 0.6667
CV Accuracy: 0.9333 ± 0.1333

Top 20 selected features:
  1. R_wst_mean_8: 0.8934
  2. R_wst_mean_71: 0.8168
  3. R_wst_mean_79: 0.8057
  4. R_wst_std_17: 1.0327
  5. G_wst_std_0: 0.8279
  6. B_wst_mean_0: 0.9480
  7. B_wst_mean_1: 0.8385
  8. B_wst_mean_6: 0.8202
  9. B_wst_mean_8: 0.8640
  10. B_wst_mean_21: 0.8279
  11. B_wst_mean_53: 0.8069
  12. B_wst_mean_54: 0.8101
  13. B_wst_mean_66: 0.8556
  14. B_wst_mean_70: 0.8347
  15. B_wst_mean_71: 0.8252
  16. B_wst_mean_73: 0.9896
  17. B_wst_mean_75: 0.9647
  18. B_wst_mean_78: 0.8980
  19. B_wst_mean_79: 0.8758
  20. B_wst_std_70: 0.8805

Model and artifacts saved to: /home/brusc/Projects/random_forest/experiments_organized/speckle_output/dataset_rgb_speckle_55/popolar/mini/k20/wst
================================================================================
