================================================================================
CONFIGURABLE RANDOM FOREST TRAINING SCRIPT
Dataset: /home/brusc/Projects/random_forest/datasets/dataset_rgb_speckle_35/original
Area: assatigue
Feature Method: advanced_stats
K Features: 20
Output: /home/brusc/Projects/random_forest/experiments_organized/speckle_output/dataset_rgb_speckle_35/assatigue/original/k20/advanced_stats
N Estimators: 50
================================================================================
Loading images from assatigue area...
Found classes in assatigue: ['low_veg', 'trees', 'water']
Loading 40 images from assatigue/low_veg
Loading 36 images from assatigue/trees
Loading 40 images from assatigue/water
Loaded 116 images with 3 classes
Classes: [np.str_('low_veg'), np.str_('trees'), np.str_('water')]
Image shape: (3, 128, 128)
Extracting advanced_stats features...
Feature matrix shape: (116, 54)
Applying SelectKBest feature selection (k=20)...
Selected features: ['R_skew', 'R_kurt', 'R_cv', 'R_p25', 'R_grad_mean', 'G_mean', 'G_skew', 'G_cv', 'G_p10', 'G_p25', 'G_p75', 'G_grad_mean', 'B_mean', 'B_skew', 'B_cv', 'B_p10', 'B_p25', 'B_p50', 'B_p75', 'B_grad_mean']
Feature scores: [0.62975883 0.71244455 0.67763393 0.66654024 0.62968882 0.63789333
 0.72469388 0.73918196 0.73840958 0.62918059 0.65879583 0.70473157
 0.67353962 0.79209983 0.86861315 0.7632259  0.77957711 0.67959849
 0.62769701 0.64789784]
Training final Random Forest model...
Saving model and artifacts...
Saved trained model: /home/brusc/Projects/random_forest/experiments_organized/speckle_output/dataset_rgb_speckle_35/assatigue/original/k20/advanced_stats/trained_model.joblib
Saved scaler: /home/brusc/Projects/random_forest/experiments_organized/speckle_output/dataset_rgb_speckle_35/assatigue/original/k20/advanced_stats/scaler.joblib
Saved feature selector: /home/brusc/Projects/random_forest/experiments_organized/speckle_output/dataset_rgb_speckle_35/assatigue/original/k20/advanced_stats/feature_selector.joblib
Saved feature information: /home/brusc/Projects/random_forest/experiments_organized/speckle_output/dataset_rgb_speckle_35/assatigue/original/k20/advanced_stats/feature_names.json
Saved experiment report: /home/brusc/Projects/random_forest/experiments_organized/speckle_output/dataset_rgb_speckle_35/assatigue/original/k20/advanced_stats/experiment_report_with_model.json
Saved usage instructions: /home/brusc/Projects/random_forest/experiments_organized/speckle_output/dataset_rgb_speckle_35/assatigue/original/k20/advanced_stats/model_usage_instructions.md

================================================================================
TRAINING COMPLETED SUCCESSFULLY
================================================================================
Area: assatigue
Dataset: /home/brusc/Projects/random_forest/datasets/dataset_rgb_speckle_35/original
Feature method: advanced_stats
Total images: 116
Classes: ['low_veg', 'water', 'trees']
Original features: 54
Selected features: 20
N estimators: 50

PERFORMANCE RESULTS:
Test Accuracy: 0.8750
CV Accuracy: 0.9315 ± 0.0429

Top 20 selected features:
  1. R_skew: 0.6298
  2. R_kurt: 0.7124
  3. R_cv: 0.6776
  4. R_p25: 0.6665
  5. R_grad_mean: 0.6297
  6. G_mean: 0.6379
  7. G_skew: 0.7247
  8. G_cv: 0.7392
  9. G_p10: 0.7384
  10. G_p25: 0.6292
  11. G_p75: 0.6588
  12. G_grad_mean: 0.7047
  13. B_mean: 0.6735
  14. B_skew: 0.7921
  15. B_cv: 0.8686
  16. B_p10: 0.7632
  17. B_p25: 0.7796
  18. B_p50: 0.6796
  19. B_p75: 0.6277
  20. B_grad_mean: 0.6479

Model and artifacts saved to: /home/brusc/Projects/random_forest/experiments_organized/speckle_output/dataset_rgb_speckle_35/assatigue/original/k20/advanced_stats
================================================================================
