================================================================================
CONFIGURABLE RANDOM FOREST TRAINING SCRIPT
Dataset: /home/brusc/Projects/random_forest/datasets/dataset_rgb_speckle_15/small
Area: sunset
Feature Method: advanced_stats
K Features: 20
Output: /home/brusc/Projects/random_forest/experiments_organized/speckle_output/dataset_rgb_speckle_15/sunset/small/k20/advanced_stats
N Estimators: 10
================================================================================
Loading images from sunset area...
Found classes in sunset: ['garden', 'low_veg', 'trees']
Loading 15 images from sunset/garden
Loading 15 images from sunset/low_veg
Loading 15 images from sunset/trees
Loaded 45 images with 3 classes
Classes: [np.str_('garden'), np.str_('low_veg'), np.str_('trees')]
Image shape: (3, 128, 128)
Extracting advanced_stats features...
Feature matrix shape: (45, 54)
Applying SelectKBest feature selection (k=20)...
Selected features: ['R_std', 'R_var', 'R_range', 'R_iqr', 'R_mad', 'G_std', 'G_var', 'G_range', 'G_cv', 'G_iqr', 'G_mad', 'B_std', 'B_var', 'B_max', 'B_range', 'B_cv', 'B_p90', 'B_iqr', 'B_mad', 'B_grad_mean']
Feature scores: [0.64044092 0.65035155 0.6520524  0.71549952 0.69252205 0.61666273
 0.61348813 0.59083183 0.67779803 0.65093039 0.61704272 0.63598122
 0.62757636 0.59868071 0.64156431 0.85764941 0.57260397 0.57407378
 0.67754207 0.88781336]
Training final Random Forest model...
Saving model and artifacts...
Saved trained model: /home/brusc/Projects/random_forest/experiments_organized/speckle_output/dataset_rgb_speckle_15/sunset/small/k20/advanced_stats/trained_model.joblib
Saved scaler: /home/brusc/Projects/random_forest/experiments_organized/speckle_output/dataset_rgb_speckle_15/sunset/small/k20/advanced_stats/scaler.joblib
Saved feature selector: /home/brusc/Projects/random_forest/experiments_organized/speckle_output/dataset_rgb_speckle_15/sunset/small/k20/advanced_stats/feature_selector.joblib
Saved feature information: /home/brusc/Projects/random_forest/experiments_organized/speckle_output/dataset_rgb_speckle_15/sunset/small/k20/advanced_stats/feature_names.json
Saved experiment report: /home/brusc/Projects/random_forest/experiments_organized/speckle_output/dataset_rgb_speckle_15/sunset/small/k20/advanced_stats/experiment_report_with_model.json
Saved usage instructions: /home/brusc/Projects/random_forest/experiments_organized/speckle_output/dataset_rgb_speckle_15/sunset/small/k20/advanced_stats/model_usage_instructions.md

================================================================================
TRAINING COMPLETED SUCCESSFULLY
================================================================================
Area: sunset
Dataset: /home/brusc/Projects/random_forest/datasets/dataset_rgb_speckle_15/small
Feature method: advanced_stats
Total images: 45
Classes: ['garden', 'low_veg', 'trees']
Original features: 54
Selected features: 20
N estimators: 10

PERFORMANCE RESULTS:
Test Accuracy: 1.0000
CV Accuracy: 0.9333 ± 0.0889

Top 20 selected features:
  1. R_std: 0.6404
  2. R_var: 0.6504
  3. R_range: 0.6521
  4. R_iqr: 0.7155
  5. R_mad: 0.6925
  6. G_std: 0.6167
  7. G_var: 0.6135
  8. G_range: 0.5908
  9. G_cv: 0.6778
  10. G_iqr: 0.6509
  11. G_mad: 0.6170
  12. B_std: 0.6360
  13. B_var: 0.6276
  14. B_max: 0.5987
  15. B_range: 0.6416
  16. B_cv: 0.8576
  17. B_p90: 0.5726
  18. B_iqr: 0.5741
  19. B_mad: 0.6775
  20. B_grad_mean: 0.8878

Model and artifacts saved to: /home/brusc/Projects/random_forest/experiments_organized/speckle_output/dataset_rgb_speckle_15/sunset/small/k20/advanced_stats
================================================================================
