================================================================================
CONFIGURABLE RANDOM FOREST TRAINING SCRIPT
Dataset: /home/brusc/Projects/random_forest/datasets/dataset_rgb_speckle_55/small
Area: assatigue
Feature Method: wst
K Features: 20
Output: /home/brusc/Projects/random_forest/experiments_organized/speckle_output/dataset_rgb_speckle_55/assatigue/small/k20/wst
N Estimators: 10
================================================================================
Loading images from assatigue area...
Found classes in assatigue: ['low_veg', 'trees', 'water']
Loading 15 images from assatigue/low_veg
Loading 15 images from assatigue/trees
Loading 15 images from assatigue/water
Loaded 45 images with 3 classes
Classes: [np.str_('low_veg'), np.str_('trees'), np.str_('water')]
Image shape: (3, 128, 128)
Extracting wst features...
Feature matrix shape: (45, 486)
Applying SelectKBest feature selection (k=20)...
Selected features: ['R_wst_mean_14', 'R_wst_std_0', 'R_wst_std_51', 'G_wst_mean_21', 'G_wst_mean_27', 'G_wst_mean_30', 'G_wst_std_0', 'B_wst_mean_6', 'B_wst_mean_7', 'B_wst_mean_15', 'B_wst_mean_35', 'B_wst_mean_38', 'B_wst_mean_41', 'B_wst_mean_45', 'B_wst_mean_53', 'B_wst_mean_55', 'B_wst_mean_63', 'B_wst_mean_70', 'B_wst_mean_74', 'B_wst_mean_75']
Feature scores: [0.77917944 0.97157803 0.7492015  0.78263734 0.79096796 0.75804163
 0.96391698 0.74736286 0.74982373 0.74883107 0.75180731 0.78497309
 0.74830642 0.8222394  0.7467544  0.7402192  0.74435581 0.75418801
 0.76638322 0.80744944]
Training final Random Forest model...
Saving model and artifacts...
Saved trained model: /home/brusc/Projects/random_forest/experiments_organized/speckle_output/dataset_rgb_speckle_55/assatigue/small/k20/wst/trained_model.joblib
Saved scaler: /home/brusc/Projects/random_forest/experiments_organized/speckle_output/dataset_rgb_speckle_55/assatigue/small/k20/wst/scaler.joblib
Saved feature selector: /home/brusc/Projects/random_forest/experiments_organized/speckle_output/dataset_rgb_speckle_55/assatigue/small/k20/wst/feature_selector.joblib
Saved feature information: /home/brusc/Projects/random_forest/experiments_organized/speckle_output/dataset_rgb_speckle_55/assatigue/small/k20/wst/feature_names.json
Saved experiment report: /home/brusc/Projects/random_forest/experiments_organized/speckle_output/dataset_rgb_speckle_55/assatigue/small/k20/wst/experiment_report_with_model.json
Saved usage instructions: /home/brusc/Projects/random_forest/experiments_organized/speckle_output/dataset_rgb_speckle_55/assatigue/small/k20/wst/model_usage_instructions.md

================================================================================
TRAINING COMPLETED SUCCESSFULLY
================================================================================
Area: assatigue
Dataset: /home/brusc/Projects/random_forest/datasets/dataset_rgb_speckle_55/small
Feature method: wst
Total images: 45
Classes: ['low_veg', 'trees', 'water']
Original features: 486
Selected features: 20
N estimators: 10

PERFORMANCE RESULTS:
Test Accuracy: 0.8889
CV Accuracy: 0.9556 ± 0.0544

Top 20 selected features:
  1. R_wst_mean_14: 0.7792
  2. R_wst_std_0: 0.9716
  3. R_wst_std_51: 0.7492
  4. G_wst_mean_21: 0.7826
  5. G_wst_mean_27: 0.7910
  6. G_wst_mean_30: 0.7580
  7. G_wst_std_0: 0.9639
  8. B_wst_mean_6: 0.7474
  9. B_wst_mean_7: 0.7498
  10. B_wst_mean_15: 0.7488
  11. B_wst_mean_35: 0.7518
  12. B_wst_mean_38: 0.7850
  13. B_wst_mean_41: 0.7483
  14. B_wst_mean_45: 0.8222
  15. B_wst_mean_53: 0.7468
  16. B_wst_mean_55: 0.7402
  17. B_wst_mean_63: 0.7444
  18. B_wst_mean_70: 0.7542
  19. B_wst_mean_74: 0.7664
  20. B_wst_mean_75: 0.8074

Model and artifacts saved to: /home/brusc/Projects/random_forest/experiments_organized/speckle_output/dataset_rgb_speckle_55/assatigue/small/k20/wst
================================================================================
