================================================================================
CONFIGURABLE RANDOM FOREST TRAINING SCRIPT
Dataset: /home/brusc/Projects/random_forest/datasets/dataset_rgb_speckle_15/original
Area: popolar
Feature Method: advanced_stats
K Features: 5
Output: /home/brusc/Projects/random_forest/experiments_organized/speckle_output/dataset_rgb_speckle_15/popolar/original/k5/advanced_stats
N Estimators: 50
================================================================================
Loading images from popolar area...
Found classes in popolar: ['low_veg', 'trees', 'water']
Loading 41 images from popolar/low_veg
Loading 40 images from popolar/trees
Loading 40 images from popolar/water
Loaded 121 images with 3 classes
Classes: [np.str_('low_veg'), np.str_('trees'), np.str_('water')]
Image shape: (3, 128, 128)
Extracting advanced_stats features...
Feature matrix shape: (121, 54)
Applying SelectKBest feature selection (k=5)...
Selected features: ['R_cv', 'G_var', 'G_iqr', 'G_mad', 'B_cv']
Feature scores: [1.02724183 1.02406853 1.05329935 1.05267931 1.07461485]
Training final Random Forest model...
Saving model and artifacts...
Saved trained model: /home/brusc/Projects/random_forest/experiments_organized/speckle_output/dataset_rgb_speckle_15/popolar/original/k5/advanced_stats/trained_model.joblib
Saved scaler: /home/brusc/Projects/random_forest/experiments_organized/speckle_output/dataset_rgb_speckle_15/popolar/original/k5/advanced_stats/scaler.joblib
Saved feature selector: /home/brusc/Projects/random_forest/experiments_organized/speckle_output/dataset_rgb_speckle_15/popolar/original/k5/advanced_stats/feature_selector.joblib
Saved feature information: /home/brusc/Projects/random_forest/experiments_organized/speckle_output/dataset_rgb_speckle_15/popolar/original/k5/advanced_stats/feature_names.json
Saved experiment report: /home/brusc/Projects/random_forest/experiments_organized/speckle_output/dataset_rgb_speckle_15/popolar/original/k5/advanced_stats/experiment_report_with_model.json
Saved usage instructions: /home/brusc/Projects/random_forest/experiments_organized/speckle_output/dataset_rgb_speckle_15/popolar/original/k5/advanced_stats/model_usage_instructions.md

================================================================================
TRAINING COMPLETED SUCCESSFULLY
================================================================================
Area: popolar
Dataset: /home/brusc/Projects/random_forest/datasets/dataset_rgb_speckle_15/original
Feature method: advanced_stats
Total images: 121
Classes: ['low_veg', 'trees', 'water']
Original features: 54
Selected features: 5
N estimators: 50

PERFORMANCE RESULTS:
Test Accuracy: 1.0000
CV Accuracy: 1.0000 ± 0.0000

Top 5 selected features:
  1. R_cv: 1.0272
  2. G_var: 1.0241
  3. G_iqr: 1.0533
  4. G_mad: 1.0527
  5. B_cv: 1.0746

Model and artifacts saved to: /home/brusc/Projects/random_forest/experiments_organized/speckle_output/dataset_rgb_speckle_15/popolar/original/k5/advanced_stats
================================================================================
