================================================================================
CONFIGURABLE RANDOM FOREST TRAINING SCRIPT
Dataset: /home/brusc/Projects/random_forest/datasets/dataset_rgb_speckle_35/original
Area: assatigue
Feature Method: hybrid
K Features: 20
Output: /home/brusc/Projects/random_forest/experiments_organized/speckle_output/dataset_rgb_speckle_35/assatigue/original/k20/hybrid
N Estimators: 50
================================================================================
Loading images from assatigue area...
Found classes in assatigue: ['low_veg', 'trees', 'water']
Loading 40 images from assatigue/low_veg
Loading 36 images from assatigue/trees
Loading 40 images from assatigue/water
Loaded 116 images with 3 classes
Classes: [np.str_('low_veg'), np.str_('trees'), np.str_('water')]
Image shape: (3, 128, 128)
Extracting hybrid features...
Feature matrix shape: (116, 540)
Applying SelectKBest feature selection (k=20)...
Selected features: ['G_skew', 'G_cv', 'B_skew', 'B_cv', 'B_p10', 'B_p25', 'R_wst_mean_11', 'R_wst_mean_12', 'R_wst_mean_13', 'R_wst_std_0', 'G_wst_mean_5', 'G_wst_mean_6', 'G_wst_mean_20', 'G_wst_mean_38', 'G_wst_mean_48', 'G_wst_std_0', 'B_wst_mean_5', 'B_wst_mean_33', 'B_wst_mean_51', 'B_wst_mean_79']
Feature scores: [0.72469388 0.73918196 0.79209983 0.86861315 0.76308543 0.7686302
 0.82181381 0.8134128  0.72390691 0.9580393  0.73321997 0.72913581
 0.74040801 0.74248979 0.74524051 0.953826   0.7461139  0.7805823
 0.80756035 0.74518696]
Training final Random Forest model...
Saving model and artifacts...
Saved trained model: /home/brusc/Projects/random_forest/experiments_organized/speckle_output/dataset_rgb_speckle_35/assatigue/original/k20/hybrid/trained_model.joblib
Saved scaler: /home/brusc/Projects/random_forest/experiments_organized/speckle_output/dataset_rgb_speckle_35/assatigue/original/k20/hybrid/scaler.joblib
Saved feature selector: /home/brusc/Projects/random_forest/experiments_organized/speckle_output/dataset_rgb_speckle_35/assatigue/original/k20/hybrid/feature_selector.joblib
Saved feature information: /home/brusc/Projects/random_forest/experiments_organized/speckle_output/dataset_rgb_speckle_35/assatigue/original/k20/hybrid/feature_names.json
Saved experiment report: /home/brusc/Projects/random_forest/experiments_organized/speckle_output/dataset_rgb_speckle_35/assatigue/original/k20/hybrid/experiment_report_with_model.json
Saved usage instructions: /home/brusc/Projects/random_forest/experiments_organized/speckle_output/dataset_rgb_speckle_35/assatigue/original/k20/hybrid/model_usage_instructions.md

================================================================================
TRAINING COMPLETED SUCCESSFULLY
================================================================================
Area: assatigue
Dataset: /home/brusc/Projects/random_forest/datasets/dataset_rgb_speckle_35/original
Feature method: hybrid
Total images: 116
Classes: ['low_veg', 'water', 'trees']
Original features: 540
Selected features: 20
N estimators: 50

PERFORMANCE RESULTS:
Test Accuracy: 0.9583
CV Accuracy: 0.9659 ± 0.0417

Top 20 selected features:
  1. G_skew: 0.7247
  2. G_cv: 0.7392
  3. B_skew: 0.7921
  4. B_cv: 0.8686
  5. B_p10: 0.7631
  6. B_p25: 0.7686
  7. R_wst_mean_11: 0.8218
  8. R_wst_mean_12: 0.8134
  9. R_wst_mean_13: 0.7239
  10. R_wst_std_0: 0.9580
  11. G_wst_mean_5: 0.7332
  12. G_wst_mean_6: 0.7291
  13. G_wst_mean_20: 0.7404
  14. G_wst_mean_38: 0.7425
  15. G_wst_mean_48: 0.7452
  16. G_wst_std_0: 0.9538
  17. B_wst_mean_5: 0.7461
  18. B_wst_mean_33: 0.7806
  19. B_wst_mean_51: 0.8076
  20. B_wst_mean_79: 0.7452

Model and artifacts saved to: /home/brusc/Projects/random_forest/experiments_organized/speckle_output/dataset_rgb_speckle_35/assatigue/original/k20/hybrid
================================================================================
