================================================================================
CONFIGURABLE RANDOM FOREST TRAINING SCRIPT
Dataset: /home/brusc/Projects/random_forest/datasets/dataset_rgb_speckle_35/small
Area: assatigue
Feature Method: hybrid
K Features: 20
Output: /home/brusc/Projects/random_forest/experiments_organized/speckle_output/dataset_rgb_speckle_35/assatigue/small/k20/hybrid
N Estimators: 10
================================================================================
Loading images from assatigue area...
Found classes in assatigue: ['low_veg', 'trees', 'water']
Loading 15 images from assatigue/low_veg
Loading 15 images from assatigue/trees
Loading 15 images from assatigue/water
Loaded 45 images with 3 classes
Classes: [np.str_('low_veg'), np.str_('trees'), np.str_('water')]
Image shape: (3, 128, 128)
Extracting hybrid features...
Feature matrix shape: (45, 540)
Applying SelectKBest feature selection (k=20)...
Selected features: ['G_skew', 'G_cv', 'G_p10', 'G_p25', 'B_skew', 'B_cv', 'B_p10', 'B_grad_mean', 'R_wst_mean_20', 'R_wst_std_0', 'G_wst_mean_22', 'G_wst_mean_23', 'G_wst_mean_29', 'G_wst_mean_30', 'G_wst_mean_73', 'G_wst_std_0', 'B_wst_mean_22', 'B_wst_mean_48', 'B_wst_mean_75', 'B_wst_mean_79']
Feature scores: [0.87070477 0.8428052  0.79450467 0.75207987 0.84198928 0.87121221
 0.75630386 0.80778614 0.78902712 0.94857017 0.77187625 0.81138625
 0.80799778 0.75213358 0.76446002 0.90259423 0.74711595 0.79816373
 0.75144495 0.76883472]
Training final Random Forest model...
Saving model and artifacts...
Saved trained model: /home/brusc/Projects/random_forest/experiments_organized/speckle_output/dataset_rgb_speckle_35/assatigue/small/k20/hybrid/trained_model.joblib
Saved scaler: /home/brusc/Projects/random_forest/experiments_organized/speckle_output/dataset_rgb_speckle_35/assatigue/small/k20/hybrid/scaler.joblib
Saved feature selector: /home/brusc/Projects/random_forest/experiments_organized/speckle_output/dataset_rgb_speckle_35/assatigue/small/k20/hybrid/feature_selector.joblib
Saved feature information: /home/brusc/Projects/random_forest/experiments_organized/speckle_output/dataset_rgb_speckle_35/assatigue/small/k20/hybrid/feature_names.json
Saved experiment report: /home/brusc/Projects/random_forest/experiments_organized/speckle_output/dataset_rgb_speckle_35/assatigue/small/k20/hybrid/experiment_report_with_model.json
Saved usage instructions: /home/brusc/Projects/random_forest/experiments_organized/speckle_output/dataset_rgb_speckle_35/assatigue/small/k20/hybrid/model_usage_instructions.md

================================================================================
TRAINING COMPLETED SUCCESSFULLY
================================================================================
Area: assatigue
Dataset: /home/brusc/Projects/random_forest/datasets/dataset_rgb_speckle_35/small
Feature method: hybrid
Total images: 45
Classes: ['low_veg', 'trees', 'water']
Original features: 540
Selected features: 20
N estimators: 10

PERFORMANCE RESULTS:
Test Accuracy: 0.8889
CV Accuracy: 0.8889 ± 0.0703

Top 20 selected features:
  1. G_skew: 0.8707
  2. G_cv: 0.8428
  3. G_p10: 0.7945
  4. G_p25: 0.7521
  5. B_skew: 0.8420
  6. B_cv: 0.8712
  7. B_p10: 0.7563
  8. B_grad_mean: 0.8078
  9. R_wst_mean_20: 0.7890
  10. R_wst_std_0: 0.9486
  11. G_wst_mean_22: 0.7719
  12. G_wst_mean_23: 0.8114
  13. G_wst_mean_29: 0.8080
  14. G_wst_mean_30: 0.7521
  15. G_wst_mean_73: 0.7645
  16. G_wst_std_0: 0.9026
  17. B_wst_mean_22: 0.7471
  18. B_wst_mean_48: 0.7982
  19. B_wst_mean_75: 0.7514
  20. B_wst_mean_79: 0.7688

Model and artifacts saved to: /home/brusc/Projects/random_forest/experiments_organized/speckle_output/dataset_rgb_speckle_35/assatigue/small/k20/hybrid
================================================================================
