================================================================================
CONFIGURABLE RANDOM FOREST TRAINING SCRIPT
Dataset: /home/brusc/Projects/random_forest/datasets/dataset_rgb_speckle_15/original
Area: popolar
Feature Method: hybrid
K Features: 20
Output: /home/brusc/Projects/random_forest/experiments_organized/speckle_output/dataset_rgb_speckle_15/popolar/original/k20/hybrid
N Estimators: 50
================================================================================
Loading images from popolar area...
Found classes in popolar: ['low_veg', 'trees', 'water']
Loading 41 images from popolar/low_veg
Loading 40 images from popolar/trees
Loading 40 images from popolar/water
Loaded 121 images with 3 classes
Classes: [np.str_('low_veg'), np.str_('trees'), np.str_('water')]
Image shape: (3, 128, 128)
Extracting hybrid features...
Feature matrix shape: (121, 540)
Applying SelectKBest feature selection (k=20)...
Selected features: ['R_cv', 'R_p10', 'R_p25', 'R_iqr', 'G_std', 'G_var', 'G_cv', 'G_iqr', 'G_mad', 'B_mean', 'B_min', 'B_cv', 'B_p10', 'B_p25', 'B_p50', 'R_wst_std_0', 'G_wst_std_0', 'B_wst_mean_0', 'B_wst_mean_20', 'B_wst_mean_48']
Feature scores: [1.02724183 0.98588864 0.94887935 0.91909299 1.02406853 1.02406853
 0.97245884 1.06677153 1.05267931 0.89294981 0.91201034 1.07461485
 1.02282383 0.96005499 0.89549181 0.98059667 1.01450163 0.89365986
 0.88083234 0.88115193]
Training final Random Forest model...
Saving model and artifacts...
Saved trained model: /home/brusc/Projects/random_forest/experiments_organized/speckle_output/dataset_rgb_speckle_15/popolar/original/k20/hybrid/trained_model.joblib
Saved scaler: /home/brusc/Projects/random_forest/experiments_organized/speckle_output/dataset_rgb_speckle_15/popolar/original/k20/hybrid/scaler.joblib
Saved feature selector: /home/brusc/Projects/random_forest/experiments_organized/speckle_output/dataset_rgb_speckle_15/popolar/original/k20/hybrid/feature_selector.joblib
Saved feature information: /home/brusc/Projects/random_forest/experiments_organized/speckle_output/dataset_rgb_speckle_15/popolar/original/k20/hybrid/feature_names.json
Saved experiment report: /home/brusc/Projects/random_forest/experiments_organized/speckle_output/dataset_rgb_speckle_15/popolar/original/k20/hybrid/experiment_report_with_model.json
Saved usage instructions: /home/brusc/Projects/random_forest/experiments_organized/speckle_output/dataset_rgb_speckle_15/popolar/original/k20/hybrid/model_usage_instructions.md

================================================================================
TRAINING COMPLETED SUCCESSFULLY
================================================================================
Area: popolar
Dataset: /home/brusc/Projects/random_forest/datasets/dataset_rgb_speckle_15/original
Feature method: hybrid
Total images: 121
Classes: ['low_veg', 'trees', 'water']
Original features: 540
Selected features: 20
N estimators: 50

PERFORMANCE RESULTS:
Test Accuracy: 1.0000
CV Accuracy: 0.9753 ± 0.0201

Top 20 selected features:
  1. R_cv: 1.0272
  2. R_p10: 0.9859
  3. R_p25: 0.9489
  4. R_iqr: 0.9191
  5. G_std: 1.0241
  6. G_var: 1.0241
  7. G_cv: 0.9725
  8. G_iqr: 1.0668
  9. G_mad: 1.0527
  10. B_mean: 0.8929
  11. B_min: 0.9120
  12. B_cv: 1.0746
  13. B_p10: 1.0228
  14. B_p25: 0.9601
  15. B_p50: 0.8955
  16. R_wst_std_0: 0.9806
  17. G_wst_std_0: 1.0145
  18. B_wst_mean_0: 0.8937
  19. B_wst_mean_20: 0.8808
  20. B_wst_mean_48: 0.8812

Model and artifacts saved to: /home/brusc/Projects/random_forest/experiments_organized/speckle_output/dataset_rgb_speckle_15/popolar/original/k20/hybrid
================================================================================
