================================================================================
CONFIGURABLE RANDOM FOREST TRAINING SCRIPT
Dataset: /home/brusc/Projects/random_forest/datasets/dataset_rgb_speckle_55/original
Area: sunset
Feature Method: hybrid
K Features: 20
Output: /home/brusc/Projects/random_forest/experiments_organized/speckle_output/dataset_rgb_speckle_55/sunset/original/k20/hybrid
N Estimators: 50
================================================================================
Loading images from sunset area...
Found classes in sunset: ['garden', 'low_veg', 'trees']
Loading 40 images from sunset/garden
Loading 40 images from sunset/low_veg
Loading 40 images from sunset/trees
Loaded 120 images with 3 classes
Classes: [np.str_('garden'), np.str_('low_veg'), np.str_('trees')]
Image shape: (3, 128, 128)
Extracting hybrid features...
Feature matrix shape: (120, 540)
Applying SelectKBest feature selection (k=20)...
Selected features: ['B_mean', 'B_kurt', 'B_cv', 'B_p10', 'B_p25', 'B_p75', 'R_wst_std_0', 'R_wst_std_2', 'G_wst_std_0', 'B_wst_mean_0', 'B_wst_mean_4', 'B_wst_mean_5', 'B_wst_mean_6', 'B_wst_mean_8', 'B_wst_mean_20', 'B_wst_mean_42', 'B_wst_mean_43', 'B_wst_mean_46', 'B_wst_mean_47', 'B_wst_mean_78']
Feature scores: [0.67633042 0.71121806 0.71124039 0.7143215  0.71779739 0.67307335
 0.85241484 0.71300327 0.70269201 0.6809336  0.67807161 0.6818953
 0.67350779 0.67526642 0.69507641 0.68129879 0.68323641 0.67571657
 0.69984427 0.6697175 ]
Training final Random Forest model...
Saving model and artifacts...
Saved trained model: /home/brusc/Projects/random_forest/experiments_organized/speckle_output/dataset_rgb_speckle_55/sunset/original/k20/hybrid/trained_model.joblib
Saved scaler: /home/brusc/Projects/random_forest/experiments_organized/speckle_output/dataset_rgb_speckle_55/sunset/original/k20/hybrid/scaler.joblib
Saved feature selector: /home/brusc/Projects/random_forest/experiments_organized/speckle_output/dataset_rgb_speckle_55/sunset/original/k20/hybrid/feature_selector.joblib
Saved feature information: /home/brusc/Projects/random_forest/experiments_organized/speckle_output/dataset_rgb_speckle_55/sunset/original/k20/hybrid/feature_names.json
Saved experiment report: /home/brusc/Projects/random_forest/experiments_organized/speckle_output/dataset_rgb_speckle_55/sunset/original/k20/hybrid/experiment_report_with_model.json
Saved usage instructions: /home/brusc/Projects/random_forest/experiments_organized/speckle_output/dataset_rgb_speckle_55/sunset/original/k20/hybrid/model_usage_instructions.md

================================================================================
TRAINING COMPLETED SUCCESSFULLY
================================================================================
Area: sunset
Dataset: /home/brusc/Projects/random_forest/datasets/dataset_rgb_speckle_55/original
Feature method: hybrid
Total images: 120
Classes: ['garden', 'low_veg', 'trees']
Original features: 540
Selected features: 20
N estimators: 50

PERFORMANCE RESULTS:
Test Accuracy: 0.9583
CV Accuracy: 0.9833 ± 0.0333

Top 20 selected features:
  1. B_mean: 0.6763
  2. B_kurt: 0.7112
  3. B_cv: 0.7112
  4. B_p10: 0.7143
  5. B_p25: 0.7178
  6. B_p75: 0.6731
  7. R_wst_std_0: 0.8524
  8. R_wst_std_2: 0.7130
  9. G_wst_std_0: 0.7027
  10. B_wst_mean_0: 0.6809
  11. B_wst_mean_4: 0.6781
  12. B_wst_mean_5: 0.6819
  13. B_wst_mean_6: 0.6735
  14. B_wst_mean_8: 0.6753
  15. B_wst_mean_20: 0.6951
  16. B_wst_mean_42: 0.6813
  17. B_wst_mean_43: 0.6832
  18. B_wst_mean_46: 0.6757
  19. B_wst_mean_47: 0.6998
  20. B_wst_mean_78: 0.6697

Model and artifacts saved to: /home/brusc/Projects/random_forest/experiments_organized/speckle_output/dataset_rgb_speckle_55/sunset/original/k20/hybrid
================================================================================
