================================================================================
CONFIGURABLE RANDOM FOREST TRAINING SCRIPT
Dataset: /home/brusc/Projects/random_forest/datasets/dataset_rgb_speckle_55/original
Area: popolar
Feature Method: hybrid
K Features: 20
Output: /home/brusc/Projects/random_forest/experiments_organized/speckle_output/dataset_rgb_speckle_55/popolar/original/k20/hybrid
N Estimators: 50
================================================================================
Loading images from popolar area...
Found classes in popolar: ['low_veg', 'trees', 'water']
Loading 41 images from popolar/low_veg
Loading 40 images from popolar/trees
Loading 40 images from popolar/water
Loaded 121 images with 3 classes
Classes: [np.str_('low_veg'), np.str_('trees'), np.str_('water')]
Image shape: (3, 128, 128)
Extracting hybrid features...
Feature matrix shape: (121, 540)
Applying SelectKBest feature selection (k=20)...
Selected features: ['R_skew', 'R_cv', 'R_p10', 'R_p25', 'B_skew', 'B_cv', 'B_p10', 'B_p25', 'B_p50', 'B_grad_mean', 'R_wst_mean_5', 'R_wst_std_0', 'G_wst_std_0', 'B_wst_mean_0', 'B_wst_mean_1', 'B_wst_mean_2', 'B_wst_mean_3', 'B_wst_mean_5', 'B_wst_mean_32', 'B_wst_std_0']
Feature scores: [0.93049586 0.95027877 0.92427824 0.95644686 0.95298337 0.97945313
 0.950781   0.94776062 0.93016538 0.89593324 0.90717466 1.03002303
 1.00064235 0.89359619 0.91852741 0.9285159  0.91233421 0.92170738
 0.89385736 0.94192522]
Training final Random Forest model...
Saving model and artifacts...
Saved trained model: /home/brusc/Projects/random_forest/experiments_organized/speckle_output/dataset_rgb_speckle_55/popolar/original/k20/hybrid/trained_model.joblib
Saved scaler: /home/brusc/Projects/random_forest/experiments_organized/speckle_output/dataset_rgb_speckle_55/popolar/original/k20/hybrid/scaler.joblib
Saved feature selector: /home/brusc/Projects/random_forest/experiments_organized/speckle_output/dataset_rgb_speckle_55/popolar/original/k20/hybrid/feature_selector.joblib
Saved feature information: /home/brusc/Projects/random_forest/experiments_organized/speckle_output/dataset_rgb_speckle_55/popolar/original/k20/hybrid/feature_names.json
Saved experiment report: /home/brusc/Projects/random_forest/experiments_organized/speckle_output/dataset_rgb_speckle_55/popolar/original/k20/hybrid/experiment_report_with_model.json
Saved usage instructions: /home/brusc/Projects/random_forest/experiments_organized/speckle_output/dataset_rgb_speckle_55/popolar/original/k20/hybrid/model_usage_instructions.md

================================================================================
TRAINING COMPLETED SUCCESSFULLY
================================================================================
Area: popolar
Dataset: /home/brusc/Projects/random_forest/datasets/dataset_rgb_speckle_55/original
Feature method: hybrid
Total images: 121
Classes: ['low_veg', 'trees', 'water']
Original features: 540
Selected features: 20
N estimators: 50

PERFORMANCE RESULTS:
Test Accuracy: 0.9600
CV Accuracy: 0.9590 ± 0.0365

Top 20 selected features:
  1. R_skew: 0.9305
  2. R_cv: 0.9503
  3. R_p10: 0.9243
  4. R_p25: 0.9564
  5. B_skew: 0.9530
  6. B_cv: 0.9795
  7. B_p10: 0.9508
  8. B_p25: 0.9478
  9. B_p50: 0.9302
  10. B_grad_mean: 0.8959
  11. R_wst_mean_5: 0.9072
  12. R_wst_std_0: 1.0300
  13. G_wst_std_0: 1.0006
  14. B_wst_mean_0: 0.8936
  15. B_wst_mean_1: 0.9185
  16. B_wst_mean_2: 0.9285
  17. B_wst_mean_3: 0.9123
  18. B_wst_mean_5: 0.9217
  19. B_wst_mean_32: 0.8939
  20. B_wst_std_0: 0.9419

Model and artifacts saved to: /home/brusc/Projects/random_forest/experiments_organized/speckle_output/dataset_rgb_speckle_55/popolar/original/k20/hybrid
================================================================================
