================================================================================
CONFIGURABLE RANDOM FOREST TRAINING SCRIPT
Dataset: /home/brusc/Projects/random_forest/datasets/dataset_rgb_speckle_55/small
Area: assatigue
Feature Method: wst
K Features: 10
Output: /home/brusc/Projects/random_forest/experiments_organized/speckle_output/dataset_rgb_speckle_55/assatigue/small/k10/wst
N Estimators: 10
================================================================================
Loading images from assatigue area...
Found classes in assatigue: ['low_veg', 'trees', 'water']
Loading 15 images from assatigue/low_veg
Loading 15 images from assatigue/trees
Loading 15 images from assatigue/water
Loaded 45 images with 3 classes
Classes: [np.str_('low_veg'), np.str_('trees'), np.str_('water')]
Image shape: (3, 128, 128)
Extracting wst features...
Feature matrix shape: (45, 486)
Applying SelectKBest feature selection (k=10)...
Selected features: ['R_wst_mean_14', 'R_wst_std_0', 'G_wst_mean_21', 'G_wst_mean_27', 'G_wst_mean_30', 'G_wst_std_0', 'B_wst_mean_38', 'B_wst_mean_45', 'B_wst_mean_74', 'B_wst_mean_75']
Feature scores: [0.77917944 0.97157803 0.78263734 0.79096796 0.75804163 0.96391698
 0.78497309 0.8222394  0.76638322 0.80744944]
Training final Random Forest model...
Saving model and artifacts...
Saved trained model: /home/brusc/Projects/random_forest/experiments_organized/speckle_output/dataset_rgb_speckle_55/assatigue/small/k10/wst/trained_model.joblib
Saved scaler: /home/brusc/Projects/random_forest/experiments_organized/speckle_output/dataset_rgb_speckle_55/assatigue/small/k10/wst/scaler.joblib
Saved feature selector: /home/brusc/Projects/random_forest/experiments_organized/speckle_output/dataset_rgb_speckle_55/assatigue/small/k10/wst/feature_selector.joblib
Saved feature information: /home/brusc/Projects/random_forest/experiments_organized/speckle_output/dataset_rgb_speckle_55/assatigue/small/k10/wst/feature_names.json
Saved experiment report: /home/brusc/Projects/random_forest/experiments_organized/speckle_output/dataset_rgb_speckle_55/assatigue/small/k10/wst/experiment_report_with_model.json
Saved usage instructions: /home/brusc/Projects/random_forest/experiments_organized/speckle_output/dataset_rgb_speckle_55/assatigue/small/k10/wst/model_usage_instructions.md

================================================================================
TRAINING COMPLETED SUCCESSFULLY
================================================================================
Area: assatigue
Dataset: /home/brusc/Projects/random_forest/datasets/dataset_rgb_speckle_55/small
Feature method: wst
Total images: 45
Classes: ['low_veg', 'trees', 'water']
Original features: 486
Selected features: 10
N estimators: 10

PERFORMANCE RESULTS:
Test Accuracy: 0.8889
CV Accuracy: 0.9333 ± 0.0544

Top 10 selected features:
  1. R_wst_mean_14: 0.7792
  2. R_wst_std_0: 0.9716
  3. G_wst_mean_21: 0.7826
  4. G_wst_mean_27: 0.7910
  5. G_wst_mean_30: 0.7580
  6. G_wst_std_0: 0.9639
  7. B_wst_mean_38: 0.7850
  8. B_wst_mean_45: 0.8222
  9. B_wst_mean_74: 0.7664
  10. B_wst_mean_75: 0.8074

Model and artifacts saved to: /home/brusc/Projects/random_forest/experiments_organized/speckle_output/dataset_rgb_speckle_55/assatigue/small/k10/wst
================================================================================
