================================================================================
CONFIGURABLE RANDOM FOREST TRAINING SCRIPT
Dataset: /home/brusc/Projects/random_forest/datasets/dataset_rgb_speckle_35/original
Area: sunset
Feature Method: wst
K Features: 20
Output: /home/brusc/Projects/random_forest/experiments_organized/speckle_output/dataset_rgb_speckle_35/sunset/original/k20/wst
N Estimators: 50
================================================================================
Loading images from sunset area...
Found classes in sunset: ['garden', 'low_veg', 'trees']
Loading 40 images from sunset/garden
Loading 40 images from sunset/low_veg
Loading 40 images from sunset/trees
Loaded 120 images with 3 classes
Classes: [np.str_('garden'), np.str_('low_veg'), np.str_('trees')]
Image shape: (3, 128, 128)
Extracting wst features...
Feature matrix shape: (120, 486)
Applying SelectKBest feature selection (k=20)...
Selected features: ['R_wst_std_0', 'G_wst_std_0', 'B_wst_mean_0', 'B_wst_mean_2', 'B_wst_mean_3', 'B_wst_mean_4', 'B_wst_mean_5', 'B_wst_mean_9', 'B_wst_mean_10', 'B_wst_mean_13', 'B_wst_mean_41', 'B_wst_mean_42', 'B_wst_mean_46', 'B_wst_mean_47', 'B_wst_mean_51', 'B_wst_mean_73', 'B_wst_std_10', 'B_wst_std_16', 'B_wst_std_25', 'B_wst_std_50']
Feature scores: [0.86651141 0.6582751  0.66727258 0.67216089 0.67446061 0.69317475
 0.68524032 0.6959793  0.6791513  0.67336058 0.65689472 0.67269631
 0.65596559 0.69176617 0.65593638 0.6664739  0.65705022 0.69446002
 0.71189027 0.66393877]
Training final Random Forest model...
Saving model and artifacts...
Saved trained model: /home/brusc/Projects/random_forest/experiments_organized/speckle_output/dataset_rgb_speckle_35/sunset/original/k20/wst/trained_model.joblib
Saved scaler: /home/brusc/Projects/random_forest/experiments_organized/speckle_output/dataset_rgb_speckle_35/sunset/original/k20/wst/scaler.joblib
Saved feature selector: /home/brusc/Projects/random_forest/experiments_organized/speckle_output/dataset_rgb_speckle_35/sunset/original/k20/wst/feature_selector.joblib
Saved feature information: /home/brusc/Projects/random_forest/experiments_organized/speckle_output/dataset_rgb_speckle_35/sunset/original/k20/wst/feature_names.json
Saved experiment report: /home/brusc/Projects/random_forest/experiments_organized/speckle_output/dataset_rgb_speckle_35/sunset/original/k20/wst/experiment_report_with_model.json
Saved usage instructions: /home/brusc/Projects/random_forest/experiments_organized/speckle_output/dataset_rgb_speckle_35/sunset/original/k20/wst/model_usage_instructions.md

================================================================================
TRAINING COMPLETED SUCCESSFULLY
================================================================================
Area: sunset
Dataset: /home/brusc/Projects/random_forest/datasets/dataset_rgb_speckle_35/original
Feature method: wst
Total images: 120
Classes: ['garden', 'low_veg', 'trees']
Original features: 486
Selected features: 20
N estimators: 50

PERFORMANCE RESULTS:
Test Accuracy: 1.0000
CV Accuracy: 0.9833 ± 0.0333

Top 20 selected features:
  1. R_wst_std_0: 0.8665
  2. G_wst_std_0: 0.6583
  3. B_wst_mean_0: 0.6673
  4. B_wst_mean_2: 0.6722
  5. B_wst_mean_3: 0.6745
  6. B_wst_mean_4: 0.6932
  7. B_wst_mean_5: 0.6852
  8. B_wst_mean_9: 0.6960
  9. B_wst_mean_10: 0.6792
  10. B_wst_mean_13: 0.6734
  11. B_wst_mean_41: 0.6569
  12. B_wst_mean_42: 0.6727
  13. B_wst_mean_46: 0.6560
  14. B_wst_mean_47: 0.6918
  15. B_wst_mean_51: 0.6559
  16. B_wst_mean_73: 0.6665
  17. B_wst_std_10: 0.6571
  18. B_wst_std_16: 0.6945
  19. B_wst_std_25: 0.7119
  20. B_wst_std_50: 0.6639

Model and artifacts saved to: /home/brusc/Projects/random_forest/experiments_organized/speckle_output/dataset_rgb_speckle_35/sunset/original/k20/wst
================================================================================
