================================================================================
CONFIGURABLE RANDOM FOREST TRAINING SCRIPT
Dataset: /home/brusc/Projects/random_forest/datasets/dataset_rgb_speckle_15/original
Area: sunset
Feature Method: hybrid
K Features: 20
Output: /home/brusc/Projects/random_forest/experiments_organized/speckle_output/dataset_rgb_speckle_15/sunset/original/k20/hybrid
N Estimators: 50
================================================================================
Loading images from sunset area...
Found classes in sunset: ['garden', 'low_veg', 'trees']
Loading 40 images from sunset/garden
Loading 40 images from sunset/low_veg
Loading 40 images from sunset/trees
Loaded 120 images with 3 classes
Classes: [np.str_('garden'), np.str_('low_veg'), np.str_('trees')]
Image shape: (3, 128, 128)
Extracting hybrid features...
Feature matrix shape: (120, 540)
Applying SelectKBest feature selection (k=20)...
Selected features: ['B_cv', 'B_grad_mean', 'R_wst_mean_11', 'R_wst_std_0', 'R_wst_std_11', 'R_wst_std_12', 'R_wst_std_16', 'G_wst_mean_9', 'G_wst_mean_13', 'G_wst_std_11', 'G_wst_std_12', 'G_wst_std_13', 'B_wst_mean_10', 'B_wst_mean_11', 'B_wst_mean_12', 'B_wst_mean_13', 'B_wst_mean_14', 'B_wst_std_10', 'B_wst_std_11', 'B_wst_std_12']
Feature scores: [0.82458345 0.76646016 0.73994776 0.88743237 0.74584046 0.73643598
 0.7369801  0.77721891 0.78827766 0.72389012 0.80593603 0.81083591
 0.73294241 0.78856252 0.77844612 0.80374011 0.72555082 0.75439108
 0.76467064 0.74716986]
Training final Random Forest model...
Saving model and artifacts...
Saved trained model: /home/brusc/Projects/random_forest/experiments_organized/speckle_output/dataset_rgb_speckle_15/sunset/original/k20/hybrid/trained_model.joblib
Saved scaler: /home/brusc/Projects/random_forest/experiments_organized/speckle_output/dataset_rgb_speckle_15/sunset/original/k20/hybrid/scaler.joblib
Saved feature selector: /home/brusc/Projects/random_forest/experiments_organized/speckle_output/dataset_rgb_speckle_15/sunset/original/k20/hybrid/feature_selector.joblib
Saved feature information: /home/brusc/Projects/random_forest/experiments_organized/speckle_output/dataset_rgb_speckle_15/sunset/original/k20/hybrid/feature_names.json
Saved experiment report: /home/brusc/Projects/random_forest/experiments_organized/speckle_output/dataset_rgb_speckle_15/sunset/original/k20/hybrid/experiment_report_with_model.json
Saved usage instructions: /home/brusc/Projects/random_forest/experiments_organized/speckle_output/dataset_rgb_speckle_15/sunset/original/k20/hybrid/model_usage_instructions.md

================================================================================
TRAINING COMPLETED SUCCESSFULLY
================================================================================
Area: sunset
Dataset: /home/brusc/Projects/random_forest/datasets/dataset_rgb_speckle_15/original
Feature method: hybrid
Total images: 120
Classes: ['garden', 'low_veg', 'trees']
Original features: 540
Selected features: 20
N estimators: 50

PERFORMANCE RESULTS:
Test Accuracy: 1.0000
CV Accuracy: 0.9750 ± 0.0204

Top 20 selected features:
  1. B_cv: 0.8246
  2. B_grad_mean: 0.7665
  3. R_wst_mean_11: 0.7399
  4. R_wst_std_0: 0.8874
  5. R_wst_std_11: 0.7458
  6. R_wst_std_12: 0.7364
  7. R_wst_std_16: 0.7370
  8. G_wst_mean_9: 0.7772
  9. G_wst_mean_13: 0.7883
  10. G_wst_std_11: 0.7239
  11. G_wst_std_12: 0.8059
  12. G_wst_std_13: 0.8108
  13. B_wst_mean_10: 0.7329
  14. B_wst_mean_11: 0.7886
  15. B_wst_mean_12: 0.7784
  16. B_wst_mean_13: 0.8037
  17. B_wst_mean_14: 0.7256
  18. B_wst_std_10: 0.7544
  19. B_wst_std_11: 0.7647
  20. B_wst_std_12: 0.7472

Model and artifacts saved to: /home/brusc/Projects/random_forest/experiments_organized/speckle_output/dataset_rgb_speckle_15/sunset/original/k20/hybrid
================================================================================
