================================================================================
CONFIGURABLE RANDOM FOREST TRAINING SCRIPT
Dataset: /home/brusc/Projects/random_forest/datasets/dataset_rgb_speckle_35/small
Area: sunset
Feature Method: hybrid
K Features: 20
Output: /home/brusc/Projects/random_forest/experiments_organized/speckle_output/dataset_rgb_speckle_35/sunset/small/k20/hybrid
N Estimators: 10
================================================================================
Loading images from sunset area...
Found classes in sunset: ['garden', 'low_veg', 'trees']
Loading 15 images from sunset/garden
Loading 15 images from sunset/low_veg
Loading 15 images from sunset/trees
Loaded 45 images with 3 classes
Classes: [np.str_('garden'), np.str_('low_veg'), np.str_('trees')]
Image shape: (3, 128, 128)
Extracting hybrid features...
Feature matrix shape: (45, 540)
Applying SelectKBest feature selection (k=20)...
Selected features: ['B_std', 'B_cv', 'R_wst_std_0', 'B_wst_mean_9', 'B_wst_mean_10', 'B_wst_mean_13', 'B_wst_mean_14', 'B_wst_mean_15', 'B_wst_mean_16', 'B_wst_std_10', 'B_wst_std_14', 'B_wst_std_25', 'B_wst_std_26', 'B_wst_std_44', 'B_wst_std_56', 'B_wst_std_61', 'B_wst_std_63', 'B_wst_std_64', 'B_wst_std_69', 'B_wst_std_74']
Feature scores: [0.67529577 0.85764941 0.81502045 0.74531483 0.73530564 0.75596596
 0.72134932 0.67392347 0.71912643 0.68738425 0.83262841 0.68568273
 0.68439245 0.70435165 0.68395594 0.69627937 0.68265082 0.69695562
 0.74541867 0.69396365]
Training final Random Forest model...
Saving model and artifacts...
Saved trained model: /home/brusc/Projects/random_forest/experiments_organized/speckle_output/dataset_rgb_speckle_35/sunset/small/k20/hybrid/trained_model.joblib
Saved scaler: /home/brusc/Projects/random_forest/experiments_organized/speckle_output/dataset_rgb_speckle_35/sunset/small/k20/hybrid/scaler.joblib
Saved feature selector: /home/brusc/Projects/random_forest/experiments_organized/speckle_output/dataset_rgb_speckle_35/sunset/small/k20/hybrid/feature_selector.joblib
Saved feature information: /home/brusc/Projects/random_forest/experiments_organized/speckle_output/dataset_rgb_speckle_35/sunset/small/k20/hybrid/feature_names.json
Saved experiment report: /home/brusc/Projects/random_forest/experiments_organized/speckle_output/dataset_rgb_speckle_35/sunset/small/k20/hybrid/experiment_report_with_model.json
Saved usage instructions: /home/brusc/Projects/random_forest/experiments_organized/speckle_output/dataset_rgb_speckle_35/sunset/small/k20/hybrid/model_usage_instructions.md

================================================================================
TRAINING COMPLETED SUCCESSFULLY
================================================================================
Area: sunset
Dataset: /home/brusc/Projects/random_forest/datasets/dataset_rgb_speckle_35/small
Feature method: hybrid
Total images: 45
Classes: ['garden', 'low_veg', 'trees']
Original features: 540
Selected features: 20
N estimators: 10

PERFORMANCE RESULTS:
Test Accuracy: 1.0000
CV Accuracy: 0.9556 ± 0.0544

Top 20 selected features:
  1. B_std: 0.6753
  2. B_cv: 0.8576
  3. R_wst_std_0: 0.8150
  4. B_wst_mean_9: 0.7453
  5. B_wst_mean_10: 0.7353
  6. B_wst_mean_13: 0.7560
  7. B_wst_mean_14: 0.7213
  8. B_wst_mean_15: 0.6739
  9. B_wst_mean_16: 0.7191
  10. B_wst_std_10: 0.6874
  11. B_wst_std_14: 0.8326
  12. B_wst_std_25: 0.6857
  13. B_wst_std_26: 0.6844
  14. B_wst_std_44: 0.7044
  15. B_wst_std_56: 0.6840
  16. B_wst_std_61: 0.6963
  17. B_wst_std_63: 0.6827
  18. B_wst_std_64: 0.6970
  19. B_wst_std_69: 0.7454
  20. B_wst_std_74: 0.6940

Model and artifacts saved to: /home/brusc/Projects/random_forest/experiments_organized/speckle_output/dataset_rgb_speckle_35/sunset/small/k20/hybrid
================================================================================
