================================================================================
CONFIGURABLE RANDOM FOREST TRAINING SCRIPT
Dataset: /home/brusc/Projects/random_forest/datasets/dataset_rgb_speckle_35/mini
Area: popolar
Feature Method: hybrid
K Features: 20
Output: /home/brusc/Projects/random_forest/experiments_organized/speckle_output/dataset_rgb_speckle_35/popolar/mini/k20/hybrid
N Estimators: 3
================================================================================
Loading images from popolar area...
Found classes in popolar: ['low_veg', 'trees', 'water']
Loading 5 images from popolar/low_veg
Loading 5 images from popolar/trees
Loading 5 images from popolar/water
Loaded 15 images with 3 classes
Classes: [np.str_('low_veg'), np.str_('trees'), np.str_('water')]
Image shape: (3, 128, 128)
Extracting hybrid features...
Feature matrix shape: (15, 540)
Applying SelectKBest feature selection (k=20)...
Selected features: ['R_p90', 'B_mean', 'B_max', 'B_range', 'B_p10', 'B_p25', 'B_p50', 'B_p90', 'R_wst_mean_8', 'R_wst_mean_45', 'R_wst_std_0', 'B_wst_mean_0', 'B_wst_mean_2', 'B_wst_mean_60', 'B_wst_mean_70', 'B_wst_mean_73', 'B_wst_mean_74', 'B_wst_mean_75', 'B_wst_mean_77', 'B_wst_mean_80']
Feature scores: [1.24738003 0.97963111 1.43532727 1.43532727 0.9793401  0.96759407
 0.92370518 0.89468161 0.89182447 0.9335705  0.90521312 0.91629778
 0.89960225 0.88733119 0.93344063 0.97245939 0.91134828 0.91134828
 0.89245939 0.95579273]
Training final Random Forest model...
Saving model and artifacts...
Saved trained model: /home/brusc/Projects/random_forest/experiments_organized/speckle_output/dataset_rgb_speckle_35/popolar/mini/k20/hybrid/trained_model.joblib
Saved scaler: /home/brusc/Projects/random_forest/experiments_organized/speckle_output/dataset_rgb_speckle_35/popolar/mini/k20/hybrid/scaler.joblib
Saved feature selector: /home/brusc/Projects/random_forest/experiments_organized/speckle_output/dataset_rgb_speckle_35/popolar/mini/k20/hybrid/feature_selector.joblib
Saved feature information: /home/brusc/Projects/random_forest/experiments_organized/speckle_output/dataset_rgb_speckle_35/popolar/mini/k20/hybrid/feature_names.json
Saved experiment report: /home/brusc/Projects/random_forest/experiments_organized/speckle_output/dataset_rgb_speckle_35/popolar/mini/k20/hybrid/experiment_report_with_model.json
Saved usage instructions: /home/brusc/Projects/random_forest/experiments_organized/speckle_output/dataset_rgb_speckle_35/popolar/mini/k20/hybrid/model_usage_instructions.md

================================================================================
TRAINING COMPLETED SUCCESSFULLY
================================================================================
Area: popolar
Dataset: /home/brusc/Projects/random_forest/datasets/dataset_rgb_speckle_35/mini
Feature method: hybrid
Total images: 15
Classes: ['low_veg', 'trees', 'water']
Original features: 540
Selected features: 20
N estimators: 3

PERFORMANCE RESULTS:
Test Accuracy: 1.0000
CV Accuracy: 0.9333 ± 0.1333

Top 20 selected features:
  1. R_p90: 1.2474
  2. B_mean: 0.9796
  3. B_max: 1.4353
  4. B_range: 1.4353
  5. B_p10: 0.9793
  6. B_p25: 0.9676
  7. B_p50: 0.9237
  8. B_p90: 0.8947
  9. R_wst_mean_8: 0.8918
  10. R_wst_mean_45: 0.9336
  11. R_wst_std_0: 0.9052
  12. B_wst_mean_0: 0.9163
  13. B_wst_mean_2: 0.8996
  14. B_wst_mean_60: 0.8873
  15. B_wst_mean_70: 0.9334
  16. B_wst_mean_73: 0.9725
  17. B_wst_mean_74: 0.9113
  18. B_wst_mean_75: 0.9113
  19. B_wst_mean_77: 0.8925
  20. B_wst_mean_80: 0.9558

Model and artifacts saved to: /home/brusc/Projects/random_forest/experiments_organized/speckle_output/dataset_rgb_speckle_35/popolar/mini/k20/hybrid
================================================================================
