================================================================================
CONFIGURABLE RANDOM FOREST TRAINING SCRIPT
Dataset: /home/brusc/Projects/random_forest/datasets/dataset_rgb_speckle_15/original
Area: assatigue
Feature Method: hybrid
K Features: 20
Output: /home/brusc/Projects/random_forest/experiments_organized/speckle_output/dataset_rgb_speckle_15/assatigue/original/k20/hybrid
N Estimators: 50
================================================================================
Loading images from assatigue area...
Found classes in assatigue: ['low_veg', 'trees', 'water']
Loading 40 images from assatigue/low_veg
Loading 36 images from assatigue/trees
Loading 40 images from assatigue/water
Loaded 116 images with 3 classes
Classes: [np.str_('low_veg'), np.str_('trees'), np.str_('water')]
Image shape: (3, 128, 128)
Extracting hybrid features...
Feature matrix shape: (116, 540)
Applying SelectKBest feature selection (k=20)...
Selected features: ['R_std', 'R_var', 'R_min', 'R_cv', 'R_iqr', 'R_mad', 'G_std', 'G_var', 'G_cv', 'G_p10', 'G_iqr', 'G_mad', 'B_min', 'B_cv', 'B_p10', 'B_p25', 'R_wst_std_0', 'G_wst_mean_6', 'G_wst_mean_29', 'G_wst_std_0']
Feature scores: [0.76955031 0.76865781 0.72645117 0.98969807 0.79608306 0.83746439
 0.84643523 0.84787201 0.95161871 0.72683484 0.8976036  0.91542875
 0.81803189 0.93184447 0.74736934 0.75370022 0.92334059 0.75027931
 0.7315886  0.91398011]
Training final Random Forest model...
Saving model and artifacts...
Saved trained model: /home/brusc/Projects/random_forest/experiments_organized/speckle_output/dataset_rgb_speckle_15/assatigue/original/k20/hybrid/trained_model.joblib
Saved scaler: /home/brusc/Projects/random_forest/experiments_organized/speckle_output/dataset_rgb_speckle_15/assatigue/original/k20/hybrid/scaler.joblib
Saved feature selector: /home/brusc/Projects/random_forest/experiments_organized/speckle_output/dataset_rgb_speckle_15/assatigue/original/k20/hybrid/feature_selector.joblib
Saved feature information: /home/brusc/Projects/random_forest/experiments_organized/speckle_output/dataset_rgb_speckle_15/assatigue/original/k20/hybrid/feature_names.json
Saved experiment report: /home/brusc/Projects/random_forest/experiments_organized/speckle_output/dataset_rgb_speckle_15/assatigue/original/k20/hybrid/experiment_report_with_model.json
Saved usage instructions: /home/brusc/Projects/random_forest/experiments_organized/speckle_output/dataset_rgb_speckle_15/assatigue/original/k20/hybrid/model_usage_instructions.md

================================================================================
TRAINING COMPLETED SUCCESSFULLY
================================================================================
Area: assatigue
Dataset: /home/brusc/Projects/random_forest/datasets/dataset_rgb_speckle_15/original
Feature method: hybrid
Total images: 116
Classes: ['low_veg', 'water', 'trees']
Original features: 540
Selected features: 20
N estimators: 50

PERFORMANCE RESULTS:
Test Accuracy: 0.8750
CV Accuracy: 0.9315 ± 0.0429

Top 20 selected features:
  1. R_std: 0.7696
  2. R_var: 0.7687
  3. R_min: 0.7265
  4. R_cv: 0.9897
  5. R_iqr: 0.7961
  6. R_mad: 0.8375
  7. G_std: 0.8464
  8. G_var: 0.8479
  9. G_cv: 0.9516
  10. G_p10: 0.7268
  11. G_iqr: 0.8976
  12. G_mad: 0.9154
  13. B_min: 0.8180
  14. B_cv: 0.9318
  15. B_p10: 0.7474
  16. B_p25: 0.7537
  17. R_wst_std_0: 0.9233
  18. G_wst_mean_6: 0.7503
  19. G_wst_mean_29: 0.7316
  20. G_wst_std_0: 0.9140

Model and artifacts saved to: /home/brusc/Projects/random_forest/experiments_organized/speckle_output/dataset_rgb_speckle_15/assatigue/original/k20/hybrid
================================================================================
