================================================================================
CONFIGURABLE RANDOM FOREST TRAINING SCRIPT
Dataset: /home/brusc/Projects/random_forest/datasets/dataset_rgb_speckle_15/mini
Area: sunset
Feature Method: advanced_stats
K Features: 10
Output: /home/brusc/Projects/random_forest/experiments_organized/speckle_output/dataset_rgb_speckle_15/sunset/mini/k10/advanced_stats
N Estimators: 3
================================================================================
Loading images from sunset area...
Found classes in sunset: ['garden', 'low_veg', 'trees']
Loading 5 images from sunset/garden
Loading 5 images from sunset/low_veg
Loading 5 images from sunset/trees
Loaded 15 images with 3 classes
Classes: [np.str_('garden'), np.str_('low_veg'), np.str_('trees')]
Image shape: (3, 128, 128)
Extracting advanced_stats features...
Feature matrix shape: (15, 54)
Applying SelectKBest feature selection (k=10)...
Selected features: ['R_max', 'R_iqr', 'R_mad', 'R_grad_mean', 'G_max', 'B_std', 'B_var', 'B_iqr', 'B_mad', 'B_grad_mean']
Feature scores: [0.93227587 0.65230066 0.68973693 0.63661524 0.90505365 0.69362582
 0.65076868 0.69807026 0.61227661 0.72584804]
Training final Random Forest model...
Saving model and artifacts...
Saved trained model: /home/brusc/Projects/random_forest/experiments_organized/speckle_output/dataset_rgb_speckle_15/sunset/mini/k10/advanced_stats/trained_model.joblib
Saved scaler: /home/brusc/Projects/random_forest/experiments_organized/speckle_output/dataset_rgb_speckle_15/sunset/mini/k10/advanced_stats/scaler.joblib
Saved feature selector: /home/brusc/Projects/random_forest/experiments_organized/speckle_output/dataset_rgb_speckle_15/sunset/mini/k10/advanced_stats/feature_selector.joblib
Saved feature information: /home/brusc/Projects/random_forest/experiments_organized/speckle_output/dataset_rgb_speckle_15/sunset/mini/k10/advanced_stats/feature_names.json
Saved experiment report: /home/brusc/Projects/random_forest/experiments_organized/speckle_output/dataset_rgb_speckle_15/sunset/mini/k10/advanced_stats/experiment_report_with_model.json
Saved usage instructions: /home/brusc/Projects/random_forest/experiments_organized/speckle_output/dataset_rgb_speckle_15/sunset/mini/k10/advanced_stats/model_usage_instructions.md

================================================================================
TRAINING COMPLETED SUCCESSFULLY
================================================================================
Area: sunset
Dataset: /home/brusc/Projects/random_forest/datasets/dataset_rgb_speckle_15/mini
Feature method: advanced_stats
Total images: 15
Classes: ['garden', 'low_veg', 'trees']
Original features: 54
Selected features: 10
N estimators: 3

PERFORMANCE RESULTS:
Test Accuracy: 1.0000
CV Accuracy: 0.7333 ± 0.2494

Top 10 selected features:
  1. R_max: 0.9323
  2. R_iqr: 0.6523
  3. R_mad: 0.6897
  4. R_grad_mean: 0.6366
  5. G_max: 0.9051
  6. B_std: 0.6936
  7. B_var: 0.6508
  8. B_iqr: 0.6981
  9. B_mad: 0.6123
  10. B_grad_mean: 0.7258

Model and artifacts saved to: /home/brusc/Projects/random_forest/experiments_organized/speckle_output/dataset_rgb_speckle_15/sunset/mini/k10/advanced_stats
================================================================================
