================================================================================
CONFIGURABLE RANDOM FOREST TRAINING SCRIPT
Dataset: /home/brusc/Projects/random_forest/datasets/dataset_rgb_speckle_35/mini
Area: assatigue
Feature Method: wst
K Features: 20
Output: /home/brusc/Projects/random_forest/experiments_organized/speckle_output/dataset_rgb_speckle_35/assatigue/mini/k20/wst
N Estimators: 3
================================================================================
Loading images from assatigue area...
Found classes in assatigue: ['low_veg', 'trees', 'water']
Loading 5 images from assatigue/low_veg
Loading 5 images from assatigue/trees
Loading 5 images from assatigue/water
Loaded 15 images with 3 classes
Classes: [np.str_('low_veg'), np.str_('trees'), np.str_('water')]
Image shape: (3, 128, 128)
Extracting wst features...
Feature matrix shape: (15, 486)
Applying SelectKBest feature selection (k=20)...
Selected features: ['R_wst_mean_14', 'R_wst_mean_38', 'R_wst_std_78', 'G_wst_mean_29', 'G_wst_std_67', 'B_wst_mean_5', 'B_wst_mean_19', 'B_wst_mean_20', 'B_wst_mean_28', 'B_wst_mean_31', 'B_wst_mean_37', 'B_wst_mean_47', 'B_wst_mean_53', 'B_wst_mean_57', 'B_wst_mean_62', 'B_wst_mean_63', 'B_wst_mean_66', 'B_wst_mean_69', 'B_wst_std_37', 'B_wst_std_76']
Feature scores: [0.86156233 0.87426074 0.99156233 0.86378455 0.89870518 0.8614036
 0.92529249 0.85918137 0.87807026 0.84814963 0.89473693 0.94870518
 0.85203852 0.91259407 0.91537185 0.87426074 0.87807026 0.88203852
 0.85203852 0.86629778]
Training final Random Forest model...
Saving model and artifacts...
Saved trained model: /home/brusc/Projects/random_forest/experiments_organized/speckle_output/dataset_rgb_speckle_35/assatigue/mini/k20/wst/trained_model.joblib
Saved scaler: /home/brusc/Projects/random_forest/experiments_organized/speckle_output/dataset_rgb_speckle_35/assatigue/mini/k20/wst/scaler.joblib
Saved feature selector: /home/brusc/Projects/random_forest/experiments_organized/speckle_output/dataset_rgb_speckle_35/assatigue/mini/k20/wst/feature_selector.joblib
Saved feature information: /home/brusc/Projects/random_forest/experiments_organized/speckle_output/dataset_rgb_speckle_35/assatigue/mini/k20/wst/feature_names.json
Saved experiment report: /home/brusc/Projects/random_forest/experiments_organized/speckle_output/dataset_rgb_speckle_35/assatigue/mini/k20/wst/experiment_report_with_model.json
Saved usage instructions: /home/brusc/Projects/random_forest/experiments_organized/speckle_output/dataset_rgb_speckle_35/assatigue/mini/k20/wst/model_usage_instructions.md

================================================================================
TRAINING COMPLETED SUCCESSFULLY
================================================================================
Area: assatigue
Dataset: /home/brusc/Projects/random_forest/datasets/dataset_rgb_speckle_35/mini
Feature method: wst
Total images: 15
Classes: ['low_veg', 'trees', 'water']
Original features: 486
Selected features: 20
N estimators: 3

PERFORMANCE RESULTS:
Test Accuracy: 1.0000
CV Accuracy: 0.9333 ± 0.1333

Top 20 selected features:
  1. R_wst_mean_14: 0.8616
  2. R_wst_mean_38: 0.8743
  3. R_wst_std_78: 0.9916
  4. G_wst_mean_29: 0.8638
  5. G_wst_std_67: 0.8987
  6. B_wst_mean_5: 0.8614
  7. B_wst_mean_19: 0.9253
  8. B_wst_mean_20: 0.8592
  9. B_wst_mean_28: 0.8781
  10. B_wst_mean_31: 0.8481
  11. B_wst_mean_37: 0.8947
  12. B_wst_mean_47: 0.9487
  13. B_wst_mean_53: 0.8520
  14. B_wst_mean_57: 0.9126
  15. B_wst_mean_62: 0.9154
  16. B_wst_mean_63: 0.8743
  17. B_wst_mean_66: 0.8781
  18. B_wst_mean_69: 0.8820
  19. B_wst_std_37: 0.8520
  20. B_wst_std_76: 0.8663

Model and artifacts saved to: /home/brusc/Projects/random_forest/experiments_organized/speckle_output/dataset_rgb_speckle_35/assatigue/mini/k20/wst
================================================================================
