================================================================================
CONFIGURABLE RANDOM FOREST TRAINING SCRIPT
Dataset: /home/brusc/Projects/random_forest/datasets/dataset_rgb_speckle_55/original
Area: assatigue
Feature Method: wst
K Features: 20
Output: /home/brusc/Projects/random_forest/experiments_organized/speckle_output/dataset_rgb_speckle_55/assatigue/original/k20/wst
N Estimators: 50
================================================================================
Loading images from assatigue area...
Found classes in assatigue: ['low_veg', 'trees', 'water']
Loading 40 images from assatigue/low_veg
Loading 36 images from assatigue/trees
Loading 40 images from assatigue/water
Loaded 116 images with 3 classes
Classes: [np.str_('low_veg'), np.str_('trees'), np.str_('water')]
Image shape: (3, 128, 128)
Extracting wst features...
Feature matrix shape: (116, 486)
Applying SelectKBest feature selection (k=20)...
Selected features: ['R_wst_mean_1', 'R_wst_mean_28', 'R_wst_mean_73', 'R_wst_std_0', 'G_wst_mean_1', 'G_wst_mean_3', 'G_wst_mean_5', 'G_wst_std_0', 'B_wst_mean_2', 'B_wst_mean_3', 'B_wst_mean_5', 'B_wst_mean_7', 'B_wst_mean_28', 'B_wst_mean_40', 'B_wst_mean_48', 'B_wst_mean_51', 'B_wst_mean_53', 'B_wst_mean_59', 'B_wst_mean_67', 'B_wst_mean_72']
Feature scores: [0.70748008 0.7032357  0.7104954  0.98210154 0.74737481 0.70904139
 0.73238039 0.94265033 0.71124343 0.69981501 0.73043291 0.69984692
 0.71382404 0.75664115 0.70724096 0.76714604 0.75839927 0.7024509
 0.70557222 0.7170559 ]
Training final Random Forest model...
Saving model and artifacts...
Saved trained model: /home/brusc/Projects/random_forest/experiments_organized/speckle_output/dataset_rgb_speckle_55/assatigue/original/k20/wst/trained_model.joblib
Saved scaler: /home/brusc/Projects/random_forest/experiments_organized/speckle_output/dataset_rgb_speckle_55/assatigue/original/k20/wst/scaler.joblib
Saved feature selector: /home/brusc/Projects/random_forest/experiments_organized/speckle_output/dataset_rgb_speckle_55/assatigue/original/k20/wst/feature_selector.joblib
Saved feature information: /home/brusc/Projects/random_forest/experiments_organized/speckle_output/dataset_rgb_speckle_55/assatigue/original/k20/wst/feature_names.json
Saved experiment report: /home/brusc/Projects/random_forest/experiments_organized/speckle_output/dataset_rgb_speckle_55/assatigue/original/k20/wst/experiment_report_with_model.json
Saved usage instructions: /home/brusc/Projects/random_forest/experiments_organized/speckle_output/dataset_rgb_speckle_55/assatigue/original/k20/wst/model_usage_instructions.md

================================================================================
TRAINING COMPLETED SUCCESSFULLY
================================================================================
Area: assatigue
Dataset: /home/brusc/Projects/random_forest/datasets/dataset_rgb_speckle_55/original
Feature method: wst
Total images: 116
Classes: ['low_veg', 'water', 'trees']
Original features: 486
Selected features: 20
N estimators: 50

PERFORMANCE RESULTS:
Test Accuracy: 0.9167
CV Accuracy: 0.9489 ± 0.0490

Top 20 selected features:
  1. R_wst_mean_1: 0.7075
  2. R_wst_mean_28: 0.7032
  3. R_wst_mean_73: 0.7105
  4. R_wst_std_0: 0.9821
  5. G_wst_mean_1: 0.7474
  6. G_wst_mean_3: 0.7090
  7. G_wst_mean_5: 0.7324
  8. G_wst_std_0: 0.9427
  9. B_wst_mean_2: 0.7112
  10. B_wst_mean_3: 0.6998
  11. B_wst_mean_5: 0.7304
  12. B_wst_mean_7: 0.6998
  13. B_wst_mean_28: 0.7138
  14. B_wst_mean_40: 0.7566
  15. B_wst_mean_48: 0.7072
  16. B_wst_mean_51: 0.7671
  17. B_wst_mean_53: 0.7584
  18. B_wst_mean_59: 0.7025
  19. B_wst_mean_67: 0.7056
  20. B_wst_mean_72: 0.7171

Model and artifacts saved to: /home/brusc/Projects/random_forest/experiments_organized/speckle_output/dataset_rgb_speckle_55/assatigue/original/k20/wst
================================================================================
