================================================================================
CONFIGURABLE RANDOM FOREST TRAINING SCRIPT
Dataset: /home/brusc/Projects/random_forest/datasets/dataset_rgb_speckle_35/original
Area: popolar
Feature Method: wst
K Features: 20
Output: /home/brusc/Projects/random_forest/experiments_organized/speckle_output/dataset_rgb_speckle_35/popolar/original/k20/wst
N Estimators: 50
================================================================================
Loading images from popolar area...
Found classes in popolar: ['low_veg', 'trees', 'water']
Loading 41 images from popolar/low_veg
Loading 40 images from popolar/trees
Loading 40 images from popolar/water
Loaded 121 images with 3 classes
Classes: [np.str_('low_veg'), np.str_('trees'), np.str_('water')]
Image shape: (3, 128, 128)
Extracting wst features...
Feature matrix shape: (121, 486)
Applying SelectKBest feature selection (k=20)...
Selected features: ['R_wst_mean_5', 'R_wst_std_0', 'G_wst_std_0', 'B_wst_mean_0', 'B_wst_mean_2', 'B_wst_mean_3', 'B_wst_mean_4', 'B_wst_mean_5', 'B_wst_mean_6', 'B_wst_mean_7', 'B_wst_mean_21', 'B_wst_mean_25', 'B_wst_mean_32', 'B_wst_mean_42', 'B_wst_mean_45', 'B_wst_mean_46', 'B_wst_mean_52', 'B_wst_mean_75', 'B_wst_mean_76', 'B_wst_std_0']
Feature scores: [0.88056171 1.02997577 1.03931677 0.88405966 0.9270651  0.9314909
 0.88125229 0.89995009 0.89899629 0.94403998 0.90112341 0.8708558
 0.88512667 0.87824227 0.87675343 0.91408089 0.8872461  0.89958103
 0.8705059  0.91275474]
Training final Random Forest model...
Saving model and artifacts...
Saved trained model: /home/brusc/Projects/random_forest/experiments_organized/speckle_output/dataset_rgb_speckle_35/popolar/original/k20/wst/trained_model.joblib
Saved scaler: /home/brusc/Projects/random_forest/experiments_organized/speckle_output/dataset_rgb_speckle_35/popolar/original/k20/wst/scaler.joblib
Saved feature selector: /home/brusc/Projects/random_forest/experiments_organized/speckle_output/dataset_rgb_speckle_35/popolar/original/k20/wst/feature_selector.joblib
Saved feature information: /home/brusc/Projects/random_forest/experiments_organized/speckle_output/dataset_rgb_speckle_35/popolar/original/k20/wst/feature_names.json
Saved experiment report: /home/brusc/Projects/random_forest/experiments_organized/speckle_output/dataset_rgb_speckle_35/popolar/original/k20/wst/experiment_report_with_model.json
Saved usage instructions: /home/brusc/Projects/random_forest/experiments_organized/speckle_output/dataset_rgb_speckle_35/popolar/original/k20/wst/model_usage_instructions.md

================================================================================
TRAINING COMPLETED SUCCESSFULLY
================================================================================
Area: popolar
Dataset: /home/brusc/Projects/random_forest/datasets/dataset_rgb_speckle_35/original
Feature method: wst
Total images: 121
Classes: ['low_veg', 'trees', 'water']
Original features: 486
Selected features: 20
N estimators: 50

PERFORMANCE RESULTS:
Test Accuracy: 0.8800
CV Accuracy: 0.9667 ± 0.0312

Top 20 selected features:
  1. R_wst_mean_5: 0.8806
  2. R_wst_std_0: 1.0300
  3. G_wst_std_0: 1.0393
  4. B_wst_mean_0: 0.8841
  5. B_wst_mean_2: 0.9271
  6. B_wst_mean_3: 0.9315
  7. B_wst_mean_4: 0.8813
  8. B_wst_mean_5: 0.9000
  9. B_wst_mean_6: 0.8990
  10. B_wst_mean_7: 0.9440
  11. B_wst_mean_21: 0.9011
  12. B_wst_mean_25: 0.8709
  13. B_wst_mean_32: 0.8851
  14. B_wst_mean_42: 0.8782
  15. B_wst_mean_45: 0.8768
  16. B_wst_mean_46: 0.9141
  17. B_wst_mean_52: 0.8872
  18. B_wst_mean_75: 0.8996
  19. B_wst_mean_76: 0.8705
  20. B_wst_std_0: 0.9128

Model and artifacts saved to: /home/brusc/Projects/random_forest/experiments_organized/speckle_output/dataset_rgb_speckle_35/popolar/original/k20/wst
================================================================================
