================================================================================
CONFIGURABLE RANDOM FOREST TRAINING SCRIPT
Dataset: /home/brusc/Projects/random_forest/datasets/dataset_rgb_speckle_55/mini
Area: sunset
Feature Method: advanced_stats
K Features: 20
Output: /home/brusc/Projects/random_forest/experiments_organized/speckle_output/dataset_rgb_speckle_55/sunset/mini/k20/advanced_stats
N Estimators: 3
================================================================================
Loading images from sunset area...
Found classes in sunset: ['garden', 'low_veg', 'trees']
Loading 5 images from sunset/garden
Loading 5 images from sunset/low_veg
Loading 5 images from sunset/trees
Loaded 15 images with 3 classes
Classes: [np.str_('garden'), np.str_('low_veg'), np.str_('trees')]
Image shape: (3, 128, 128)
Extracting advanced_stats features...
Feature matrix shape: (15, 54)
Applying SelectKBest feature selection (k=20)...
Selected features: ['R_std', 'R_var', 'R_iqr', 'R_mad', 'B_mean', 'B_std', 'B_var', 'B_max', 'B_range', 'B_skew', 'B_kurt', 'B_cv', 'B_p10', 'B_p25', 'B_p50', 'B_p75', 'B_p90', 'B_iqr', 'B_mad', 'B_grad_mean']
Feature scores: [0.32922947 0.30692789 0.29946997 0.29907074 0.42362341 0.44690624
 0.45560995 0.31605487 0.86502553 0.51444352 0.82862582 0.32020591
 0.45549932 0.48155992 0.45378214 0.52973452 0.54444352 0.57172106
 0.52198561 0.5022213 ]
Training final Random Forest model...
Saving model and artifacts...
Saved trained model: /home/brusc/Projects/random_forest/experiments_organized/speckle_output/dataset_rgb_speckle_55/sunset/mini/k20/advanced_stats/trained_model.joblib
Saved scaler: /home/brusc/Projects/random_forest/experiments_organized/speckle_output/dataset_rgb_speckle_55/sunset/mini/k20/advanced_stats/scaler.joblib
Saved feature selector: /home/brusc/Projects/random_forest/experiments_organized/speckle_output/dataset_rgb_speckle_55/sunset/mini/k20/advanced_stats/feature_selector.joblib
Saved feature information: /home/brusc/Projects/random_forest/experiments_organized/speckle_output/dataset_rgb_speckle_55/sunset/mini/k20/advanced_stats/feature_names.json
Saved experiment report: /home/brusc/Projects/random_forest/experiments_organized/speckle_output/dataset_rgb_speckle_55/sunset/mini/k20/advanced_stats/experiment_report_with_model.json
Saved usage instructions: /home/brusc/Projects/random_forest/experiments_organized/speckle_output/dataset_rgb_speckle_55/sunset/mini/k20/advanced_stats/model_usage_instructions.md

================================================================================
TRAINING COMPLETED SUCCESSFULLY
================================================================================
Area: sunset
Dataset: /home/brusc/Projects/random_forest/datasets/dataset_rgb_speckle_55/mini
Feature method: advanced_stats
Total images: 15
Classes: ['garden', 'low_veg', 'trees']
Original features: 54
Selected features: 20
N estimators: 3

PERFORMANCE RESULTS:
Test Accuracy: 0.6667
CV Accuracy: 0.6667 ± 0.2108

Top 20 selected features:
  1. R_std: 0.3292
  2. R_var: 0.3069
  3. R_iqr: 0.2995
  4. R_mad: 0.2991
  5. B_mean: 0.4236
  6. B_std: 0.4469
  7. B_var: 0.4556
  8. B_max: 0.3161
  9. B_range: 0.8650
  10. B_skew: 0.5144
  11. B_kurt: 0.8286
  12. B_cv: 0.3202
  13. B_p10: 0.4555
  14. B_p25: 0.4816
  15. B_p50: 0.4538
  16. B_p75: 0.5297
  17. B_p90: 0.5444
  18. B_iqr: 0.5717
  19. B_mad: 0.5220
  20. B_grad_mean: 0.5022

Model and artifacts saved to: /home/brusc/Projects/random_forest/experiments_organized/speckle_output/dataset_rgb_speckle_55/sunset/mini/k20/advanced_stats
================================================================================
