================================================================================
CONFIGURABLE RANDOM FOREST TRAINING SCRIPT
Dataset: /home/brusc/Projects/random_forest/datasets/dataset_rgb_speckle_15/mini
Area: popolar
Feature Method: hybrid
K Features: 10
Output: /home/brusc/Projects/random_forest/experiments_organized/speckle_output/dataset_rgb_speckle_15/popolar/mini/k10/hybrid
N Estimators: 3
================================================================================
Loading images from popolar area...
Found classes in popolar: ['low_veg', 'trees', 'water']
Loading 5 images from popolar/low_veg
Loading 5 images from popolar/trees
Loading 5 images from popolar/water
Loaded 15 images with 3 classes
Classes: [np.str_('low_veg'), np.str_('trees'), np.str_('water')]
Image shape: (3, 128, 128)
Extracting hybrid features...
Feature matrix shape: (15, 540)
Applying SelectKBest feature selection (k=10)...
Selected features: ['R_min', 'B_mean', 'B_min', 'B_max', 'B_p10', 'B_p25', 'B_p50', 'R_wst_mean_33', 'B_wst_mean_52', 'B_wst_mean_74']
Feature scores: [1.19807026 0.96481629 1.39807026 1.62314241 1.00156233 1.03426074
 0.99407555 1.03912606 0.96134828 0.96185333]
Training final Random Forest model...
Saving model and artifacts...
Saved trained model: /home/brusc/Projects/random_forest/experiments_organized/speckle_output/dataset_rgb_speckle_15/popolar/mini/k10/hybrid/trained_model.joblib
Saved scaler: /home/brusc/Projects/random_forest/experiments_organized/speckle_output/dataset_rgb_speckle_15/popolar/mini/k10/hybrid/scaler.joblib
Saved feature selector: /home/brusc/Projects/random_forest/experiments_organized/speckle_output/dataset_rgb_speckle_15/popolar/mini/k10/hybrid/feature_selector.joblib
Saved feature information: /home/brusc/Projects/random_forest/experiments_organized/speckle_output/dataset_rgb_speckle_15/popolar/mini/k10/hybrid/feature_names.json
Saved experiment report: /home/brusc/Projects/random_forest/experiments_organized/speckle_output/dataset_rgb_speckle_15/popolar/mini/k10/hybrid/experiment_report_with_model.json
Saved usage instructions: /home/brusc/Projects/random_forest/experiments_organized/speckle_output/dataset_rgb_speckle_15/popolar/mini/k10/hybrid/model_usage_instructions.md

================================================================================
TRAINING COMPLETED SUCCESSFULLY
================================================================================
Area: popolar
Dataset: /home/brusc/Projects/random_forest/datasets/dataset_rgb_speckle_15/mini
Feature method: hybrid
Total images: 15
Classes: ['low_veg', 'trees', 'water']
Original features: 540
Selected features: 10
N estimators: 3

PERFORMANCE RESULTS:
Test Accuracy: 1.0000
CV Accuracy: 1.0000 ± 0.0000

Top 10 selected features:
  1. R_min: 1.1981
  2. B_mean: 0.9648
  3. B_min: 1.3981
  4. B_max: 1.6231
  5. B_p10: 1.0016
  6. B_p25: 1.0343
  7. B_p50: 0.9941
  8. R_wst_mean_33: 1.0391
  9. B_wst_mean_52: 0.9613
  10. B_wst_mean_74: 0.9619

Model and artifacts saved to: /home/brusc/Projects/random_forest/experiments_organized/speckle_output/dataset_rgb_speckle_15/popolar/mini/k10/hybrid
================================================================================
