================================================================================
CONFIGURABLE RANDOM FOREST TRAINING SCRIPT
Dataset: /home/brusc/Projects/random_forest/datasets/dataset_rgb_speckle_35/original
Area: assatigue
Feature Method: wst
K Features: 20
Output: /home/brusc/Projects/random_forest/experiments_organized/speckle_output/dataset_rgb_speckle_35/assatigue/original/k20/wst
N Estimators: 50
================================================================================
Loading images from assatigue area...
Found classes in assatigue: ['low_veg', 'trees', 'water']
Loading 40 images from assatigue/low_veg
Loading 36 images from assatigue/trees
Loading 40 images from assatigue/water
Loaded 116 images with 3 classes
Classes: [np.str_('low_veg'), np.str_('trees'), np.str_('water')]
Image shape: (3, 128, 128)
Extracting wst features...
Feature matrix shape: (116, 486)
Applying SelectKBest feature selection (k=20)...
Selected features: ['R_wst_mean_11', 'R_wst_mean_12', 'R_wst_mean_13', 'R_wst_mean_66', 'R_wst_std_0', 'G_wst_mean_5', 'G_wst_mean_6', 'G_wst_mean_12', 'G_wst_mean_20', 'G_wst_mean_38', 'G_wst_mean_48', 'G_wst_mean_62', 'G_wst_std_0', 'B_wst_mean_5', 'B_wst_mean_25', 'B_wst_mean_33', 'B_wst_mean_43', 'B_wst_mean_51', 'B_wst_mean_68', 'B_wst_mean_79']
Feature scores: [0.82181381 0.8134128  0.72390691 0.71834772 0.9580393  0.73321997
 0.72913581 0.70952003 0.74040801 0.74248979 0.74524051 0.70515164
 0.953826   0.7461139  0.70271137 0.7805823  0.69799695 0.80756035
 0.6989689  0.74518696]
Training final Random Forest model...
Saving model and artifacts...
Saved trained model: /home/brusc/Projects/random_forest/experiments_organized/speckle_output/dataset_rgb_speckle_35/assatigue/original/k20/wst/trained_model.joblib
Saved scaler: /home/brusc/Projects/random_forest/experiments_organized/speckle_output/dataset_rgb_speckle_35/assatigue/original/k20/wst/scaler.joblib
Saved feature selector: /home/brusc/Projects/random_forest/experiments_organized/speckle_output/dataset_rgb_speckle_35/assatigue/original/k20/wst/feature_selector.joblib
Saved feature information: /home/brusc/Projects/random_forest/experiments_organized/speckle_output/dataset_rgb_speckle_35/assatigue/original/k20/wst/feature_names.json
Saved experiment report: /home/brusc/Projects/random_forest/experiments_organized/speckle_output/dataset_rgb_speckle_35/assatigue/original/k20/wst/experiment_report_with_model.json
Saved usage instructions: /home/brusc/Projects/random_forest/experiments_organized/speckle_output/dataset_rgb_speckle_35/assatigue/original/k20/wst/model_usage_instructions.md

================================================================================
TRAINING COMPLETED SUCCESSFULLY
================================================================================
Area: assatigue
Dataset: /home/brusc/Projects/random_forest/datasets/dataset_rgb_speckle_35/original
Feature method: wst
Total images: 116
Classes: ['low_veg', 'water', 'trees']
Original features: 486
Selected features: 20
N estimators: 50

PERFORMANCE RESULTS:
Test Accuracy: 1.0000
CV Accuracy: 0.9572 ± 0.0381

Top 20 selected features:
  1. R_wst_mean_11: 0.8218
  2. R_wst_mean_12: 0.8134
  3. R_wst_mean_13: 0.7239
  4. R_wst_mean_66: 0.7183
  5. R_wst_std_0: 0.9580
  6. G_wst_mean_5: 0.7332
  7. G_wst_mean_6: 0.7291
  8. G_wst_mean_12: 0.7095
  9. G_wst_mean_20: 0.7404
  10. G_wst_mean_38: 0.7425
  11. G_wst_mean_48: 0.7452
  12. G_wst_mean_62: 0.7052
  13. G_wst_std_0: 0.9538
  14. B_wst_mean_5: 0.7461
  15. B_wst_mean_25: 0.7027
  16. B_wst_mean_33: 0.7806
  17. B_wst_mean_43: 0.6980
  18. B_wst_mean_51: 0.8076
  19. B_wst_mean_68: 0.6990
  20. B_wst_mean_79: 0.7452

Model and artifacts saved to: /home/brusc/Projects/random_forest/experiments_organized/speckle_output/dataset_rgb_speckle_35/assatigue/original/k20/wst
================================================================================
