================================================================================
CONFIGURABLE RANDOM FOREST TRAINING SCRIPT
Dataset: /home/brusc/Projects/random_forest/datasets/dataset_rgb_speckle_15/original
Area: assatigue
Feature Method: hybrid
K Features: 10
Output: /home/brusc/Projects/random_forest/experiments_organized/speckle_output/dataset_rgb_speckle_15/assatigue/original/k10/hybrid
N Estimators: 50
================================================================================
Loading images from assatigue area...
Found classes in assatigue: ['low_veg', 'trees', 'water']
Loading 40 images from assatigue/low_veg
Loading 36 images from assatigue/trees
Loading 40 images from assatigue/water
Loaded 116 images with 3 classes
Classes: [np.str_('low_veg'), np.str_('trees'), np.str_('water')]
Image shape: (3, 128, 128)
Extracting hybrid features...
Feature matrix shape: (116, 540)
Applying SelectKBest feature selection (k=10)...
Selected features: ['R_cv', 'R_mad', 'G_std', 'G_var', 'G_cv', 'G_iqr', 'G_mad', 'B_cv', 'R_wst_std_0', 'G_wst_std_0']
Feature scores: [0.98969807 0.83746439 0.84643523 0.84787201 0.95161871 0.90286032
 0.91542875 0.93184447 0.92334059 0.91398011]
Training final Random Forest model...
Saving model and artifacts...
Saved trained model: /home/brusc/Projects/random_forest/experiments_organized/speckle_output/dataset_rgb_speckle_15/assatigue/original/k10/hybrid/trained_model.joblib
Saved scaler: /home/brusc/Projects/random_forest/experiments_organized/speckle_output/dataset_rgb_speckle_15/assatigue/original/k10/hybrid/scaler.joblib
Saved feature selector: /home/brusc/Projects/random_forest/experiments_organized/speckle_output/dataset_rgb_speckle_15/assatigue/original/k10/hybrid/feature_selector.joblib
Saved feature information: /home/brusc/Projects/random_forest/experiments_organized/speckle_output/dataset_rgb_speckle_15/assatigue/original/k10/hybrid/feature_names.json
Saved experiment report: /home/brusc/Projects/random_forest/experiments_organized/speckle_output/dataset_rgb_speckle_15/assatigue/original/k10/hybrid/experiment_report_with_model.json
Saved usage instructions: /home/brusc/Projects/random_forest/experiments_organized/speckle_output/dataset_rgb_speckle_15/assatigue/original/k10/hybrid/model_usage_instructions.md

================================================================================
TRAINING COMPLETED SUCCESSFULLY
================================================================================
Area: assatigue
Dataset: /home/brusc/Projects/random_forest/datasets/dataset_rgb_speckle_15/original
Feature method: hybrid
Total images: 116
Classes: ['low_veg', 'water', 'trees']
Original features: 540
Selected features: 10
N estimators: 50

PERFORMANCE RESULTS:
Test Accuracy: 0.8333
CV Accuracy: 0.9228 ± 0.0413

Top 10 selected features:
  1. R_cv: 0.9897
  2. R_mad: 0.8375
  3. G_std: 0.8464
  4. G_var: 0.8479
  5. G_cv: 0.9516
  6. G_iqr: 0.9029
  7. G_mad: 0.9154
  8. B_cv: 0.9318
  9. R_wst_std_0: 0.9233
  10. G_wst_std_0: 0.9140

Model and artifacts saved to: /home/brusc/Projects/random_forest/experiments_organized/speckle_output/dataset_rgb_speckle_15/assatigue/original/k10/hybrid
================================================================================
