================================================================================
CONFIGURABLE RANDOM FOREST TRAINING SCRIPT
Dataset: /home/brusc/Projects/random_forest/datasets/dataset_rgb_speckle_55/small
Area: sunset
Feature Method: hybrid
K Features: 20
Output: /home/brusc/Projects/random_forest/experiments_organized/speckle_output/dataset_rgb_speckle_55/sunset/small/k20/hybrid
N Estimators: 10
================================================================================
Loading images from sunset area...
Found classes in sunset: ['garden', 'low_veg', 'trees']
Loading 15 images from sunset/garden
Loading 15 images from sunset/low_veg
Loading 15 images from sunset/trees
Loaded 45 images with 3 classes
Classes: [np.str_('garden'), np.str_('low_veg'), np.str_('trees')]
Image shape: (3, 128, 128)
Extracting hybrid features...
Feature matrix shape: (45, 540)
Applying SelectKBest feature selection (k=20)...
Selected features: ['B_cv', 'R_wst_std_0', 'R_wst_std_3', 'G_wst_std_0', 'B_wst_mean_36', 'B_wst_std_19', 'B_wst_std_24', 'B_wst_std_25', 'B_wst_std_26', 'B_wst_std_43', 'B_wst_std_44', 'B_wst_std_45', 'B_wst_std_54', 'B_wst_std_62', 'B_wst_std_63', 'B_wst_std_66', 'B_wst_std_69', 'B_wst_std_74', 'B_wst_std_75', 'B_wst_std_76']
Feature scores: [0.80372444 0.74235799 0.72216075 0.67934424 0.67105195 0.65892757
 0.73206115 0.66602825 0.71900003 0.70341691 0.69930756 0.71055812
 0.71363492 0.66490752 0.67610541 0.66630902 0.71055977 0.72173554
 0.68020703 0.70398128]
Training final Random Forest model...
Saving model and artifacts...
Saved trained model: /home/brusc/Projects/random_forest/experiments_organized/speckle_output/dataset_rgb_speckle_55/sunset/small/k20/hybrid/trained_model.joblib
Saved scaler: /home/brusc/Projects/random_forest/experiments_organized/speckle_output/dataset_rgb_speckle_55/sunset/small/k20/hybrid/scaler.joblib
Saved feature selector: /home/brusc/Projects/random_forest/experiments_organized/speckle_output/dataset_rgb_speckle_55/sunset/small/k20/hybrid/feature_selector.joblib
Saved feature information: /home/brusc/Projects/random_forest/experiments_organized/speckle_output/dataset_rgb_speckle_55/sunset/small/k20/hybrid/feature_names.json
Saved experiment report: /home/brusc/Projects/random_forest/experiments_organized/speckle_output/dataset_rgb_speckle_55/sunset/small/k20/hybrid/experiment_report_with_model.json
Saved usage instructions: /home/brusc/Projects/random_forest/experiments_organized/speckle_output/dataset_rgb_speckle_55/sunset/small/k20/hybrid/model_usage_instructions.md

================================================================================
TRAINING COMPLETED SUCCESSFULLY
================================================================================
Area: sunset
Dataset: /home/brusc/Projects/random_forest/datasets/dataset_rgb_speckle_55/small
Feature method: hybrid
Total images: 45
Classes: ['garden', 'low_veg', 'trees']
Original features: 540
Selected features: 20
N estimators: 10

PERFORMANCE RESULTS:
Test Accuracy: 0.8889
CV Accuracy: 0.9333 ± 0.0889

Top 20 selected features:
  1. B_cv: 0.8037
  2. R_wst_std_0: 0.7424
  3. R_wst_std_3: 0.7222
  4. G_wst_std_0: 0.6793
  5. B_wst_mean_36: 0.6711
  6. B_wst_std_19: 0.6589
  7. B_wst_std_24: 0.7321
  8. B_wst_std_25: 0.6660
  9. B_wst_std_26: 0.7190
  10. B_wst_std_43: 0.7034
  11. B_wst_std_44: 0.6993
  12. B_wst_std_45: 0.7106
  13. B_wst_std_54: 0.7136
  14. B_wst_std_62: 0.6649
  15. B_wst_std_63: 0.6761
  16. B_wst_std_66: 0.6663
  17. B_wst_std_69: 0.7106
  18. B_wst_std_74: 0.7217
  19. B_wst_std_75: 0.6802
  20. B_wst_std_76: 0.7040

Model and artifacts saved to: /home/brusc/Projects/random_forest/experiments_organized/speckle_output/dataset_rgb_speckle_55/sunset/small/k20/hybrid
================================================================================
