================================================================================
CONFIGURABLE RANDOM FOREST TRAINING SCRIPT
Dataset: /home/brusc/Projects/random_forest/datasets/dataset_rgb_speckle_35/small
Area: popolar
Feature Method: wst
K Features: 20
Output: /home/brusc/Projects/random_forest/experiments_organized/speckle_output/dataset_rgb_speckle_35/popolar/small/k20/wst
N Estimators: 10
================================================================================
Loading images from popolar area...
Found classes in popolar: ['low_veg', 'trees', 'water']
Loading 15 images from popolar/low_veg
Loading 15 images from popolar/trees
Loading 15 images from popolar/water
Loaded 45 images with 3 classes
Classes: [np.str_('low_veg'), np.str_('trees'), np.str_('water')]
Image shape: (3, 128, 128)
Extracting wst features...
Feature matrix shape: (45, 486)
Applying SelectKBest feature selection (k=20)...
Selected features: ['R_wst_mean_4', 'R_wst_mean_5', 'R_wst_mean_6', 'R_wst_mean_38', 'R_wst_std_0', 'G_wst_std_0', 'B_wst_mean_2', 'B_wst_mean_3', 'B_wst_mean_4', 'B_wst_mean_7', 'B_wst_mean_26', 'B_wst_mean_30', 'B_wst_mean_32', 'B_wst_mean_33', 'B_wst_mean_41', 'B_wst_mean_72', 'B_wst_mean_74', 'B_wst_mean_75', 'B_wst_mean_78', 'B_wst_std_0']
Feature scores: [0.91593484 0.92415274 0.92475263 0.88743261 1.0445939  1.00671888
 0.84880056 0.85199993 0.85140197 0.91710922 0.86401412 0.87498993
 0.90683432 0.89195473 0.86976049 0.87110825 0.90514586 0.89932839
 0.8870941  0.92766785]
Training final Random Forest model...
Saving model and artifacts...
Saved trained model: /home/brusc/Projects/random_forest/experiments_organized/speckle_output/dataset_rgb_speckle_35/popolar/small/k20/wst/trained_model.joblib
Saved scaler: /home/brusc/Projects/random_forest/experiments_organized/speckle_output/dataset_rgb_speckle_35/popolar/small/k20/wst/scaler.joblib
Saved feature selector: /home/brusc/Projects/random_forest/experiments_organized/speckle_output/dataset_rgb_speckle_35/popolar/small/k20/wst/feature_selector.joblib
Saved feature information: /home/brusc/Projects/random_forest/experiments_organized/speckle_output/dataset_rgb_speckle_35/popolar/small/k20/wst/feature_names.json
Saved experiment report: /home/brusc/Projects/random_forest/experiments_organized/speckle_output/dataset_rgb_speckle_35/popolar/small/k20/wst/experiment_report_with_model.json
Saved usage instructions: /home/brusc/Projects/random_forest/experiments_organized/speckle_output/dataset_rgb_speckle_35/popolar/small/k20/wst/model_usage_instructions.md

================================================================================
TRAINING COMPLETED SUCCESSFULLY
================================================================================
Area: popolar
Dataset: /home/brusc/Projects/random_forest/datasets/dataset_rgb_speckle_35/small
Feature method: wst
Total images: 45
Classes: ['low_veg', 'trees', 'water']
Original features: 486
Selected features: 20
N estimators: 10

PERFORMANCE RESULTS:
Test Accuracy: 0.7778
CV Accuracy: 0.9556 ± 0.0889

Top 20 selected features:
  1. R_wst_mean_4: 0.9159
  2. R_wst_mean_5: 0.9242
  3. R_wst_mean_6: 0.9248
  4. R_wst_mean_38: 0.8874
  5. R_wst_std_0: 1.0446
  6. G_wst_std_0: 1.0067
  7. B_wst_mean_2: 0.8488
  8. B_wst_mean_3: 0.8520
  9. B_wst_mean_4: 0.8514
  10. B_wst_mean_7: 0.9171
  11. B_wst_mean_26: 0.8640
  12. B_wst_mean_30: 0.8750
  13. B_wst_mean_32: 0.9068
  14. B_wst_mean_33: 0.8920
  15. B_wst_mean_41: 0.8698
  16. B_wst_mean_72: 0.8711
  17. B_wst_mean_74: 0.9051
  18. B_wst_mean_75: 0.8993
  19. B_wst_mean_78: 0.8871
  20. B_wst_std_0: 0.9277

Model and artifacts saved to: /home/brusc/Projects/random_forest/experiments_organized/speckle_output/dataset_rgb_speckle_35/popolar/small/k20/wst
================================================================================
