================================================================================
CONFIGURABLE RANDOM FOREST TRAINING SCRIPT
Dataset: /home/brusc/Projects/random_forest/datasets/dataset_rgb_speckle_15/mini
Area: sunset
Feature Method: hybrid
K Features: 10
Output: /home/brusc/Projects/random_forest/experiments_organized/speckle_output/dataset_rgb_speckle_15/sunset/mini/k10/hybrid
N Estimators: 3
================================================================================
Loading images from sunset area...
Found classes in sunset: ['garden', 'low_veg', 'trees']
Loading 5 images from sunset/garden
Loading 5 images from sunset/low_veg
Loading 5 images from sunset/trees
Loaded 15 images with 3 classes
Classes: [np.str_('garden'), np.str_('low_veg'), np.str_('trees')]
Image shape: (3, 128, 128)
Extracting hybrid features...
Feature matrix shape: (15, 540)
Applying SelectKBest feature selection (k=10)...
Selected features: ['R_max', 'R_wst_std_10', 'R_wst_std_11', 'R_wst_std_12', 'R_wst_std_13', 'G_wst_mean_10', 'G_wst_std_11', 'G_wst_std_12', 'G_wst_std_13', 'B_wst_std_13']
Feature scores: [0.92172032 0.89870518 1.0493401  0.90926074 0.90740889 0.90648296
 0.92267344 0.93912606 0.92801495 0.90579273]
Training final Random Forest model...
Saving model and artifacts...
Saved trained model: /home/brusc/Projects/random_forest/experiments_organized/speckle_output/dataset_rgb_speckle_15/sunset/mini/k10/hybrid/trained_model.joblib
Saved scaler: /home/brusc/Projects/random_forest/experiments_organized/speckle_output/dataset_rgb_speckle_15/sunset/mini/k10/hybrid/scaler.joblib
Saved feature selector: /home/brusc/Projects/random_forest/experiments_organized/speckle_output/dataset_rgb_speckle_15/sunset/mini/k10/hybrid/feature_selector.joblib
Saved feature information: /home/brusc/Projects/random_forest/experiments_organized/speckle_output/dataset_rgb_speckle_15/sunset/mini/k10/hybrid/feature_names.json
Saved experiment report: /home/brusc/Projects/random_forest/experiments_organized/speckle_output/dataset_rgb_speckle_15/sunset/mini/k10/hybrid/experiment_report_with_model.json
Saved usage instructions: /home/brusc/Projects/random_forest/experiments_organized/speckle_output/dataset_rgb_speckle_15/sunset/mini/k10/hybrid/model_usage_instructions.md

================================================================================
TRAINING COMPLETED SUCCESSFULLY
================================================================================
Area: sunset
Dataset: /home/brusc/Projects/random_forest/datasets/dataset_rgb_speckle_15/mini
Feature method: hybrid
Total images: 15
Classes: ['garden', 'low_veg', 'trees']
Original features: 540
Selected features: 10
N estimators: 3

PERFORMANCE RESULTS:
Test Accuracy: 1.0000
CV Accuracy: 0.8667 ± 0.1633

Top 10 selected features:
  1. R_max: 0.9217
  2. R_wst_std_10: 0.8987
  3. R_wst_std_11: 1.0493
  4. R_wst_std_12: 0.9093
  5. R_wst_std_13: 0.9074
  6. G_wst_mean_10: 0.9065
  7. G_wst_std_11: 0.9227
  8. G_wst_std_12: 0.9391
  9. G_wst_std_13: 0.9280
  10. B_wst_std_13: 0.9058

Model and artifacts saved to: /home/brusc/Projects/random_forest/experiments_organized/speckle_output/dataset_rgb_speckle_15/sunset/mini/k10/hybrid
================================================================================
