================================================================================
CONFIGURABLE RANDOM FOREST TRAINING SCRIPT
Dataset: /home/brusc/Projects/random_forest/datasets/dataset_rgb_speckle_55/small
Area: popolar
Feature Method: wst
K Features: 20
Output: /home/brusc/Projects/random_forest/experiments_organized/speckle_output/dataset_rgb_speckle_55/popolar/small/k20/wst
N Estimators: 10
================================================================================
Loading images from popolar area...
Found classes in popolar: ['low_veg', 'trees', 'water']
Loading 15 images from popolar/low_veg
Loading 15 images from popolar/trees
Loading 15 images from popolar/water
Loaded 45 images with 3 classes
Classes: [np.str_('low_veg'), np.str_('trees'), np.str_('water')]
Image shape: (3, 128, 128)
Extracting wst features...
Feature matrix shape: (45, 486)
Applying SelectKBest feature selection (k=20)...
Selected features: ['R_wst_mean_4', 'R_wst_mean_5', 'R_wst_mean_6', 'R_wst_std_0', 'G_wst_mean_76', 'G_wst_std_0', 'B_wst_mean_0', 'B_wst_mean_2', 'B_wst_mean_3', 'B_wst_mean_4', 'B_wst_mean_7', 'B_wst_mean_20', 'B_wst_mean_30', 'B_wst_mean_33', 'B_wst_mean_34', 'B_wst_mean_37', 'B_wst_mean_47', 'B_wst_mean_62', 'B_wst_mean_65', 'B_wst_std_0']
Feature scores: [0.87342026 0.83950492 0.86716004 1.05222177 0.86539748 0.97362364
 0.85815187 0.90688185 0.86271231 0.87037463 0.94047863 0.8377349
 0.86304163 0.85296936 0.85172637 0.85496347 0.83623467 0.87358079
 0.84301212 0.95329401]
Training final Random Forest model...
Saving model and artifacts...
Saved trained model: /home/brusc/Projects/random_forest/experiments_organized/speckle_output/dataset_rgb_speckle_55/popolar/small/k20/wst/trained_model.joblib
Saved scaler: /home/brusc/Projects/random_forest/experiments_organized/speckle_output/dataset_rgb_speckle_55/popolar/small/k20/wst/scaler.joblib
Saved feature selector: /home/brusc/Projects/random_forest/experiments_organized/speckle_output/dataset_rgb_speckle_55/popolar/small/k20/wst/feature_selector.joblib
Saved feature information: /home/brusc/Projects/random_forest/experiments_organized/speckle_output/dataset_rgb_speckle_55/popolar/small/k20/wst/feature_names.json
Saved experiment report: /home/brusc/Projects/random_forest/experiments_organized/speckle_output/dataset_rgb_speckle_55/popolar/small/k20/wst/experiment_report_with_model.json
Saved usage instructions: /home/brusc/Projects/random_forest/experiments_organized/speckle_output/dataset_rgb_speckle_55/popolar/small/k20/wst/model_usage_instructions.md

================================================================================
TRAINING COMPLETED SUCCESSFULLY
================================================================================
Area: popolar
Dataset: /home/brusc/Projects/random_forest/datasets/dataset_rgb_speckle_55/small
Feature method: wst
Total images: 45
Classes: ['low_veg', 'trees', 'water']
Original features: 486
Selected features: 20
N estimators: 10

PERFORMANCE RESULTS:
Test Accuracy: 0.7778
CV Accuracy: 0.9333 ± 0.0889

Top 20 selected features:
  1. R_wst_mean_4: 0.8734
  2. R_wst_mean_5: 0.8395
  3. R_wst_mean_6: 0.8672
  4. R_wst_std_0: 1.0522
  5. G_wst_mean_76: 0.8654
  6. G_wst_std_0: 0.9736
  7. B_wst_mean_0: 0.8582
  8. B_wst_mean_2: 0.9069
  9. B_wst_mean_3: 0.8627
  10. B_wst_mean_4: 0.8704
  11. B_wst_mean_7: 0.9405
  12. B_wst_mean_20: 0.8377
  13. B_wst_mean_30: 0.8630
  14. B_wst_mean_33: 0.8530
  15. B_wst_mean_34: 0.8517
  16. B_wst_mean_37: 0.8550
  17. B_wst_mean_47: 0.8362
  18. B_wst_mean_62: 0.8736
  19. B_wst_mean_65: 0.8430
  20. B_wst_std_0: 0.9533

Model and artifacts saved to: /home/brusc/Projects/random_forest/experiments_organized/speckle_output/dataset_rgb_speckle_55/popolar/small/k20/wst
================================================================================
