================================================================================
CONFIGURABLE RANDOM FOREST TRAINING SCRIPT
Dataset: /home/brusc/Projects/random_forest/datasets/dataset_rgb_speckle_15/original
Area: popolar
Feature Method: wst
K Features: 20
Output: /home/brusc/Projects/random_forest/experiments_organized/speckle_output/dataset_rgb_speckle_15/popolar/original/k20/wst
N Estimators: 50
================================================================================
Loading images from popolar area...
Found classes in popolar: ['low_veg', 'trees', 'water']
Loading 41 images from popolar/low_veg
Loading 40 images from popolar/trees
Loading 40 images from popolar/water
Loaded 121 images with 3 classes
Classes: [np.str_('low_veg'), np.str_('trees'), np.str_('water')]
Image shape: (3, 128, 128)
Extracting wst features...
Feature matrix shape: (121, 486)
Applying SelectKBest feature selection (k=20)...
Selected features: ['R_wst_mean_0', 'R_wst_mean_41', 'R_wst_mean_76', 'R_wst_std_0', 'G_wst_std_0', 'B_wst_mean_0', 'B_wst_mean_6', 'B_wst_mean_20', 'B_wst_mean_21', 'B_wst_mean_39', 'B_wst_mean_41', 'B_wst_mean_42', 'B_wst_mean_46', 'B_wst_mean_47', 'B_wst_mean_48', 'B_wst_mean_56', 'B_wst_mean_68', 'B_wst_mean_75', 'B_wst_mean_77', 'B_wst_std_0']
Feature scores: [0.84541933 0.84969551 0.83418253 0.98059667 1.01450163 0.89365986
 0.84996825 0.88083234 0.85895218 0.83529854 0.86165869 0.84629898
 0.8485346  0.83727805 0.88115193 0.86725946 0.84813293 0.85751182
 0.83517028 0.87544937]
Training final Random Forest model...
Saving model and artifacts...
Saved trained model: /home/brusc/Projects/random_forest/experiments_organized/speckle_output/dataset_rgb_speckle_15/popolar/original/k20/wst/trained_model.joblib
Saved scaler: /home/brusc/Projects/random_forest/experiments_organized/speckle_output/dataset_rgb_speckle_15/popolar/original/k20/wst/scaler.joblib
Saved feature selector: /home/brusc/Projects/random_forest/experiments_organized/speckle_output/dataset_rgb_speckle_15/popolar/original/k20/wst/feature_selector.joblib
Saved feature information: /home/brusc/Projects/random_forest/experiments_organized/speckle_output/dataset_rgb_speckle_15/popolar/original/k20/wst/feature_names.json
Saved experiment report: /home/brusc/Projects/random_forest/experiments_organized/speckle_output/dataset_rgb_speckle_15/popolar/original/k20/wst/experiment_report_with_model.json
Saved usage instructions: /home/brusc/Projects/random_forest/experiments_organized/speckle_output/dataset_rgb_speckle_15/popolar/original/k20/wst/model_usage_instructions.md

================================================================================
TRAINING COMPLETED SUCCESSFULLY
================================================================================
Area: popolar
Dataset: /home/brusc/Projects/random_forest/datasets/dataset_rgb_speckle_15/original
Feature method: wst
Total images: 121
Classes: ['low_veg', 'trees', 'water']
Original features: 486
Selected features: 20
N estimators: 50

PERFORMANCE RESULTS:
Test Accuracy: 0.9200
CV Accuracy: 0.9590 ± 0.0365

Top 20 selected features:
  1. R_wst_mean_0: 0.8454
  2. R_wst_mean_41: 0.8497
  3. R_wst_mean_76: 0.8342
  4. R_wst_std_0: 0.9806
  5. G_wst_std_0: 1.0145
  6. B_wst_mean_0: 0.8937
  7. B_wst_mean_6: 0.8500
  8. B_wst_mean_20: 0.8808
  9. B_wst_mean_21: 0.8590
  10. B_wst_mean_39: 0.8353
  11. B_wst_mean_41: 0.8617
  12. B_wst_mean_42: 0.8463
  13. B_wst_mean_46: 0.8485
  14. B_wst_mean_47: 0.8373
  15. B_wst_mean_48: 0.8812
  16. B_wst_mean_56: 0.8673
  17. B_wst_mean_68: 0.8481
  18. B_wst_mean_75: 0.8575
  19. B_wst_mean_77: 0.8352
  20. B_wst_std_0: 0.8754

Model and artifacts saved to: /home/brusc/Projects/random_forest/experiments_organized/speckle_output/dataset_rgb_speckle_15/popolar/original/k20/wst
================================================================================
