================================================================================
CONFIGURABLE RANDOM FOREST TRAINING SCRIPT
Dataset: /home/brusc/Projects/random_forest/datasets/dataset_rgb_speckle_55/mini
Area: sunset
Feature Method: wst
K Features: 20
Output: /home/brusc/Projects/random_forest/experiments_organized/speckle_output/dataset_rgb_speckle_55/sunset/mini/k20/wst
N Estimators: 3
================================================================================
Loading images from sunset area...
Found classes in sunset: ['garden', 'low_veg', 'trees']
Loading 5 images from sunset/garden
Loading 5 images from sunset/low_veg
Loading 5 images from sunset/trees
Loaded 15 images with 3 classes
Classes: [np.str_('garden'), np.str_('low_veg'), np.str_('trees')]
Image shape: (3, 128, 128)
Extracting wst features...
Feature matrix shape: (15, 486)
Applying SelectKBest feature selection (k=20)...
Selected features: ['R_wst_std_0', 'R_wst_std_1', 'R_wst_std_5', 'R_wst_std_70', 'B_wst_mean_17', 'B_wst_mean_50', 'B_wst_std_0', 'B_wst_std_2', 'B_wst_std_5', 'B_wst_std_6', 'B_wst_std_7', 'B_wst_std_9', 'B_wst_std_10', 'B_wst_std_12', 'B_wst_std_15', 'B_wst_std_16', 'B_wst_std_20', 'B_wst_std_28', 'B_wst_std_67', 'B_wst_std_77']
Feature scores: [0.84822899 0.61198561 0.86608373 0.64925833 0.60481389 0.60383746
 0.60844063 0.73177397 0.61320254 0.60076868 0.6782819  0.77307026
 0.62576868 0.6495782  0.60807026 0.62854645 0.62362582 0.61807026
 0.64521312 0.61521312]
Training final Random Forest model...
Saving model and artifacts...
Saved trained model: /home/brusc/Projects/random_forest/experiments_organized/speckle_output/dataset_rgb_speckle_55/sunset/mini/k20/wst/trained_model.joblib
Saved scaler: /home/brusc/Projects/random_forest/experiments_organized/speckle_output/dataset_rgb_speckle_55/sunset/mini/k20/wst/scaler.joblib
Saved feature selector: /home/brusc/Projects/random_forest/experiments_organized/speckle_output/dataset_rgb_speckle_55/sunset/mini/k20/wst/feature_selector.joblib
Saved feature information: /home/brusc/Projects/random_forest/experiments_organized/speckle_output/dataset_rgb_speckle_55/sunset/mini/k20/wst/feature_names.json
Saved experiment report: /home/brusc/Projects/random_forest/experiments_organized/speckle_output/dataset_rgb_speckle_55/sunset/mini/k20/wst/experiment_report_with_model.json
Saved usage instructions: /home/brusc/Projects/random_forest/experiments_organized/speckle_output/dataset_rgb_speckle_55/sunset/mini/k20/wst/model_usage_instructions.md

================================================================================
TRAINING COMPLETED SUCCESSFULLY
================================================================================
Area: sunset
Dataset: /home/brusc/Projects/random_forest/datasets/dataset_rgb_speckle_55/mini
Feature method: wst
Total images: 15
Classes: ['garden', 'low_veg', 'trees']
Original features: 486
Selected features: 20
N estimators: 3

PERFORMANCE RESULTS:
Test Accuracy: 0.6667
CV Accuracy: 0.6667 ± 0.2108

Top 20 selected features:
  1. R_wst_std_0: 0.8482
  2. R_wst_std_1: 0.6120
  3. R_wst_std_5: 0.8661
  4. R_wst_std_70: 0.6493
  5. B_wst_mean_17: 0.6048
  6. B_wst_mean_50: 0.6038
  7. B_wst_std_0: 0.6084
  8. B_wst_std_2: 0.7318
  9. B_wst_std_5: 0.6132
  10. B_wst_std_6: 0.6008
  11. B_wst_std_7: 0.6783
  12. B_wst_std_9: 0.7731
  13. B_wst_std_10: 0.6258
  14. B_wst_std_12: 0.6496
  15. B_wst_std_15: 0.6081
  16. B_wst_std_16: 0.6285
  17. B_wst_std_20: 0.6236
  18. B_wst_std_28: 0.6181
  19. B_wst_std_67: 0.6452
  20. B_wst_std_77: 0.6152

Model and artifacts saved to: /home/brusc/Projects/random_forest/experiments_organized/speckle_output/dataset_rgb_speckle_55/sunset/mini/k20/wst
================================================================================
