================================================================================
CONFIGURABLE RANDOM FOREST TRAINING SCRIPT
Dataset: /home/brusc/Projects/random_forest/datasets/dataset_rgb_speckle_15/mini
Area: sunset
Feature Method: hybrid
K Features: 20
Output: /home/brusc/Projects/random_forest/experiments_organized/speckle_output/dataset_rgb_speckle_15/sunset/mini/k20/hybrid
N Estimators: 3
================================================================================
Loading images from sunset area...
Found classes in sunset: ['garden', 'low_veg', 'trees']
Loading 5 images from sunset/garden
Loading 5 images from sunset/low_veg
Loading 5 images from sunset/trees
Loaded 15 images with 3 classes
Classes: [np.str_('garden'), np.str_('low_veg'), np.str_('trees')]
Image shape: (3, 128, 128)
Extracting hybrid features...
Feature matrix shape: (15, 540)
Applying SelectKBest feature selection (k=20)...
Selected features: ['R_max', 'R_wst_mean_10', 'R_wst_mean_12', 'R_wst_std_0', 'R_wst_std_10', 'R_wst_std_11', 'R_wst_std_12', 'R_wst_std_13', 'R_wst_std_44', 'G_wst_mean_9', 'G_wst_mean_10', 'G_wst_mean_11', 'G_wst_std_11', 'G_wst_std_12', 'G_wst_std_13', 'B_wst_mean_9', 'B_wst_mean_13', 'B_wst_std_12', 'B_wst_std_13', 'B_wst_std_72']
Feature scores: [1.12034059 0.80759407 0.8114036  0.84711788 0.92092741 1.07156233
 1.00648296 0.92963111 0.81695915 0.83759407 0.98981629 0.8064036
 0.90045122 0.9335705  0.84468161 0.8114036  0.82251471 0.98203852
 0.97245939 0.87426074]
Training final Random Forest model...
Saving model and artifacts...
Saved trained model: /home/brusc/Projects/random_forest/experiments_organized/speckle_output/dataset_rgb_speckle_15/sunset/mini/k20/hybrid/trained_model.joblib
Saved scaler: /home/brusc/Projects/random_forest/experiments_organized/speckle_output/dataset_rgb_speckle_15/sunset/mini/k20/hybrid/scaler.joblib
Saved feature selector: /home/brusc/Projects/random_forest/experiments_organized/speckle_output/dataset_rgb_speckle_15/sunset/mini/k20/hybrid/feature_selector.joblib
Saved feature information: /home/brusc/Projects/random_forest/experiments_organized/speckle_output/dataset_rgb_speckle_15/sunset/mini/k20/hybrid/feature_names.json
Saved experiment report: /home/brusc/Projects/random_forest/experiments_organized/speckle_output/dataset_rgb_speckle_15/sunset/mini/k20/hybrid/experiment_report_with_model.json
Saved usage instructions: /home/brusc/Projects/random_forest/experiments_organized/speckle_output/dataset_rgb_speckle_15/sunset/mini/k20/hybrid/model_usage_instructions.md

================================================================================
TRAINING COMPLETED SUCCESSFULLY
================================================================================
Area: sunset
Dataset: /home/brusc/Projects/random_forest/datasets/dataset_rgb_speckle_15/mini
Feature method: hybrid
Total images: 15
Classes: ['garden', 'low_veg', 'trees']
Original features: 540
Selected features: 20
N estimators: 3

PERFORMANCE RESULTS:
Test Accuracy: 1.0000
CV Accuracy: 0.8667 ± 0.1633

Top 20 selected features:
  1. R_max: 1.1203
  2. R_wst_mean_10: 0.8076
  3. R_wst_mean_12: 0.8114
  4. R_wst_std_0: 0.8471
  5. R_wst_std_10: 0.9209
  6. R_wst_std_11: 1.0716
  7. R_wst_std_12: 1.0065
  8. R_wst_std_13: 0.9296
  9. R_wst_std_44: 0.8170
  10. G_wst_mean_9: 0.8376
  11. G_wst_mean_10: 0.9898
  12. G_wst_mean_11: 0.8064
  13. G_wst_std_11: 0.9005
  14. G_wst_std_12: 0.9336
  15. G_wst_std_13: 0.8447
  16. B_wst_mean_9: 0.8114
  17. B_wst_mean_13: 0.8225
  18. B_wst_std_12: 0.9820
  19. B_wst_std_13: 0.9725
  20. B_wst_std_72: 0.8743

Model and artifacts saved to: /home/brusc/Projects/random_forest/experiments_organized/speckle_output/dataset_rgb_speckle_15/sunset/mini/k20/hybrid
================================================================================
