================================================================================
CONFIGURABLE RANDOM FOREST TRAINING SCRIPT
Dataset: /home/brusc/Projects/random_forest/datasets/dataset_rgb_speckle_15/mini
Area: popolar
Feature Method: hybrid
K Features: 20
Output: /home/brusc/Projects/random_forest/experiments_organized/speckle_output/dataset_rgb_speckle_15/popolar/mini/k20/hybrid
N Estimators: 3
================================================================================
Loading images from popolar area...
Found classes in popolar: ['low_veg', 'trees', 'water']
Loading 5 images from popolar/low_veg
Loading 5 images from popolar/trees
Loading 5 images from popolar/water
Loaded 15 images with 3 classes
Classes: [np.str_('low_veg'), np.str_('trees'), np.str_('water')]
Image shape: (3, 128, 128)
Extracting hybrid features...
Feature matrix shape: (15, 540)
Applying SelectKBest feature selection (k=20)...
Selected features: ['R_min', 'R_max', 'B_min', 'B_max', 'B_p10', 'B_p25', 'R_wst_mean_33', 'R_wst_mean_69', 'G_wst_std_0', 'B_wst_mean_0', 'B_wst_mean_19', 'B_wst_mean_22', 'B_wst_mean_23', 'B_wst_mean_52', 'B_wst_mean_74', 'B_wst_mean_75', 'B_wst_mean_78', 'B_wst_mean_79', 'B_wst_std_22', 'B_wst_std_31']
Feature scores: [1.24584804 1.25662967 1.21473693 1.13192067 1.0793401  1.03426074
 0.99468161 0.91134828 0.96711788 0.94259407 0.89126892 0.93362582
 0.89870518 0.9835705  0.91740889 0.92037185 1.01296444 0.89801495
 0.94592741 0.92092741]
Training final Random Forest model...
Saving model and artifacts...
Saved trained model: /home/brusc/Projects/random_forest/experiments_organized/speckle_output/dataset_rgb_speckle_15/popolar/mini/k20/hybrid/trained_model.joblib
Saved scaler: /home/brusc/Projects/random_forest/experiments_organized/speckle_output/dataset_rgb_speckle_15/popolar/mini/k20/hybrid/scaler.joblib
Saved feature selector: /home/brusc/Projects/random_forest/experiments_organized/speckle_output/dataset_rgb_speckle_15/popolar/mini/k20/hybrid/feature_selector.joblib
Saved feature information: /home/brusc/Projects/random_forest/experiments_organized/speckle_output/dataset_rgb_speckle_15/popolar/mini/k20/hybrid/feature_names.json
Saved experiment report: /home/brusc/Projects/random_forest/experiments_organized/speckle_output/dataset_rgb_speckle_15/popolar/mini/k20/hybrid/experiment_report_with_model.json
Saved usage instructions: /home/brusc/Projects/random_forest/experiments_organized/speckle_output/dataset_rgb_speckle_15/popolar/mini/k20/hybrid/model_usage_instructions.md

================================================================================
TRAINING COMPLETED SUCCESSFULLY
================================================================================
Area: popolar
Dataset: /home/brusc/Projects/random_forest/datasets/dataset_rgb_speckle_15/mini
Feature method: hybrid
Total images: 15
Classes: ['low_veg', 'trees', 'water']
Original features: 540
Selected features: 20
N estimators: 3

PERFORMANCE RESULTS:
Test Accuracy: 1.0000
CV Accuracy: 1.0000 ± 0.0000

Top 20 selected features:
  1. R_min: 1.2458
  2. R_max: 1.2566
  3. B_min: 1.2147
  4. B_max: 1.1319
  5. B_p10: 1.0793
  6. B_p25: 1.0343
  7. R_wst_mean_33: 0.9947
  8. R_wst_mean_69: 0.9113
  9. G_wst_std_0: 0.9671
  10. B_wst_mean_0: 0.9426
  11. B_wst_mean_19: 0.8913
  12. B_wst_mean_22: 0.9336
  13. B_wst_mean_23: 0.8987
  14. B_wst_mean_52: 0.9836
  15. B_wst_mean_74: 0.9174
  16. B_wst_mean_75: 0.9204
  17. B_wst_mean_78: 1.0130
  18. B_wst_mean_79: 0.8980
  19. B_wst_std_22: 0.9459
  20. B_wst_std_31: 0.9209

Model and artifacts saved to: /home/brusc/Projects/random_forest/experiments_organized/speckle_output/dataset_rgb_speckle_15/popolar/mini/k20/hybrid
================================================================================
