================================================================================
CONFIGURABLE RANDOM FOREST TRAINING SCRIPT
Dataset: /home/brusc/Projects/random_forest/datasets/dataset_rgb_speckle_35/small
Area: popolar
Feature Method: hybrid
K Features: 20
Output: /home/brusc/Projects/random_forest/experiments_organized/speckle_output/dataset_rgb_speckle_35/popolar/small/k20/hybrid
N Estimators: 10
================================================================================
Loading images from popolar area...
Found classes in popolar: ['low_veg', 'trees', 'water']
Loading 15 images from popolar/low_veg
Loading 15 images from popolar/trees
Loading 15 images from popolar/water
Loaded 45 images with 3 classes
Classes: [np.str_('low_veg'), np.str_('trees'), np.str_('water')]
Image shape: (3, 128, 128)
Extracting hybrid features...
Feature matrix shape: (45, 540)
Applying SelectKBest feature selection (k=20)...
Selected features: ['R_cv', 'R_p10', 'B_skew', 'B_cv', 'B_p10', 'B_p25', 'R_wst_mean_4', 'R_wst_mean_5', 'R_wst_mean_6', 'R_wst_mean_38', 'R_wst_std_0', 'G_wst_std_0', 'B_wst_mean_7', 'B_wst_mean_30', 'B_wst_mean_32', 'B_wst_mean_33', 'B_wst_mean_74', 'B_wst_mean_75', 'B_wst_mean_78', 'B_wst_std_0']
Feature scores: [0.87426793 0.88340373 0.87513086 1.00247213 0.93209527 0.90392067
 0.91593484 0.92415274 0.92475263 0.88743261 1.0445939  1.00671888
 0.91710922 0.87498993 0.90683432 0.89195473 0.90514586 0.89932839
 0.8870941  0.92766785]
Training final Random Forest model...
Saving model and artifacts...
Saved trained model: /home/brusc/Projects/random_forest/experiments_organized/speckle_output/dataset_rgb_speckle_35/popolar/small/k20/hybrid/trained_model.joblib
Saved scaler: /home/brusc/Projects/random_forest/experiments_organized/speckle_output/dataset_rgb_speckle_35/popolar/small/k20/hybrid/scaler.joblib
Saved feature selector: /home/brusc/Projects/random_forest/experiments_organized/speckle_output/dataset_rgb_speckle_35/popolar/small/k20/hybrid/feature_selector.joblib
Saved feature information: /home/brusc/Projects/random_forest/experiments_organized/speckle_output/dataset_rgb_speckle_35/popolar/small/k20/hybrid/feature_names.json
Saved experiment report: /home/brusc/Projects/random_forest/experiments_organized/speckle_output/dataset_rgb_speckle_35/popolar/small/k20/hybrid/experiment_report_with_model.json
Saved usage instructions: /home/brusc/Projects/random_forest/experiments_organized/speckle_output/dataset_rgb_speckle_35/popolar/small/k20/hybrid/model_usage_instructions.md

================================================================================
TRAINING COMPLETED SUCCESSFULLY
================================================================================
Area: popolar
Dataset: /home/brusc/Projects/random_forest/datasets/dataset_rgb_speckle_35/small
Feature method: hybrid
Total images: 45
Classes: ['low_veg', 'trees', 'water']
Original features: 540
Selected features: 20
N estimators: 10

PERFORMANCE RESULTS:
Test Accuracy: 0.7778
CV Accuracy: 0.9111 ± 0.0831

Top 20 selected features:
  1. R_cv: 0.8743
  2. R_p10: 0.8834
  3. B_skew: 0.8751
  4. B_cv: 1.0025
  5. B_p10: 0.9321
  6. B_p25: 0.9039
  7. R_wst_mean_4: 0.9159
  8. R_wst_mean_5: 0.9242
  9. R_wst_mean_6: 0.9248
  10. R_wst_mean_38: 0.8874
  11. R_wst_std_0: 1.0446
  12. G_wst_std_0: 1.0067
  13. B_wst_mean_7: 0.9171
  14. B_wst_mean_30: 0.8750
  15. B_wst_mean_32: 0.9068
  16. B_wst_mean_33: 0.8920
  17. B_wst_mean_74: 0.9051
  18. B_wst_mean_75: 0.8993
  19. B_wst_mean_78: 0.8871
  20. B_wst_std_0: 0.9277

Model and artifacts saved to: /home/brusc/Projects/random_forest/experiments_organized/speckle_output/dataset_rgb_speckle_35/popolar/small/k20/hybrid
================================================================================
