================================================================================
CONFIGURABLE RANDOM FOREST TRAINING SCRIPT
Dataset: /home/brusc/Projects/random_forest/datasets/dataset_rgb_speckle_55/mini
Area: assatigue
Feature Method: hybrid
K Features: 20
Output: /home/brusc/Projects/random_forest/experiments_organized/speckle_output/dataset_rgb_speckle_55/assatigue/mini/k20/hybrid
N Estimators: 3
================================================================================
Loading images from assatigue area...
Found classes in assatigue: ['low_veg', 'trees', 'water']
Loading 5 images from assatigue/low_veg
Loading 5 images from assatigue/trees
Loading 5 images from assatigue/water
Loaded 15 images with 3 classes
Classes: [np.str_('low_veg'), np.str_('trees'), np.str_('water')]
Image shape: (3, 128, 128)
Extracting hybrid features...
Feature matrix shape: (15, 540)
Applying SelectKBest feature selection (k=20)...
Selected features: ['R_p90', 'G_p90', 'R_wst_mean_38', 'B_wst_mean_3', 'B_wst_mean_18', 'B_wst_mean_30', 'B_wst_mean_31', 'B_wst_mean_32', 'B_wst_mean_40', 'B_wst_mean_47', 'B_wst_mean_48', 'B_wst_mean_49', 'B_wst_mean_53', 'B_wst_mean_57', 'B_wst_mean_61', 'B_wst_mean_63', 'B_wst_mean_66', 'B_wst_mean_67', 'B_wst_mean_70', 'B_wst_std_37']
Feature scores: [1.14680042 1.5772718  0.89473693 0.8614036  0.86037185 0.93267344
 0.92037185 0.85426074 0.87807026 0.85981629 0.89092741 0.92092741
 0.84870518 0.88600677 0.87092741 0.85981629 0.86418137 0.85029249
 0.95981629 0.95370518]
Training final Random Forest model...
Saving model and artifacts...
Saved trained model: /home/brusc/Projects/random_forest/experiments_organized/speckle_output/dataset_rgb_speckle_55/assatigue/mini/k20/hybrid/trained_model.joblib
Saved scaler: /home/brusc/Projects/random_forest/experiments_organized/speckle_output/dataset_rgb_speckle_55/assatigue/mini/k20/hybrid/scaler.joblib
Saved feature selector: /home/brusc/Projects/random_forest/experiments_organized/speckle_output/dataset_rgb_speckle_55/assatigue/mini/k20/hybrid/feature_selector.joblib
Saved feature information: /home/brusc/Projects/random_forest/experiments_organized/speckle_output/dataset_rgb_speckle_55/assatigue/mini/k20/hybrid/feature_names.json
Saved experiment report: /home/brusc/Projects/random_forest/experiments_organized/speckle_output/dataset_rgb_speckle_55/assatigue/mini/k20/hybrid/experiment_report_with_model.json
Saved usage instructions: /home/brusc/Projects/random_forest/experiments_organized/speckle_output/dataset_rgb_speckle_55/assatigue/mini/k20/hybrid/model_usage_instructions.md

================================================================================
TRAINING COMPLETED SUCCESSFULLY
================================================================================
Area: assatigue
Dataset: /home/brusc/Projects/random_forest/datasets/dataset_rgb_speckle_55/mini
Feature method: hybrid
Total images: 15
Classes: ['low_veg', 'trees', 'water']
Original features: 540
Selected features: 20
N estimators: 3

PERFORMANCE RESULTS:
Test Accuracy: 1.0000
CV Accuracy: 0.8667 ± 0.1633

Top 20 selected features:
  1. R_p90: 1.1468
  2. G_p90: 1.5773
  3. R_wst_mean_38: 0.8947
  4. B_wst_mean_3: 0.8614
  5. B_wst_mean_18: 0.8604
  6. B_wst_mean_30: 0.9327
  7. B_wst_mean_31: 0.9204
  8. B_wst_mean_32: 0.8543
  9. B_wst_mean_40: 0.8781
  10. B_wst_mean_47: 0.8598
  11. B_wst_mean_48: 0.8909
  12. B_wst_mean_49: 0.9209
  13. B_wst_mean_53: 0.8487
  14. B_wst_mean_57: 0.8860
  15. B_wst_mean_61: 0.8709
  16. B_wst_mean_63: 0.8598
  17. B_wst_mean_66: 0.8642
  18. B_wst_mean_67: 0.8503
  19. B_wst_mean_70: 0.9598
  20. B_wst_std_37: 0.9537

Model and artifacts saved to: /home/brusc/Projects/random_forest/experiments_organized/speckle_output/dataset_rgb_speckle_55/assatigue/mini/k20/hybrid
================================================================================
