================================================================================
CONFIGURABLE RANDOM FOREST TRAINING SCRIPT
Dataset: /home/brusc/Projects/random_forest/datasets/dataset_rgb_speckle_55/mini
Area: assatigue
Feature Method: wst
K Features: 20
Output: /home/brusc/Projects/random_forest/experiments_organized/speckle_output/dataset_rgb_speckle_55/assatigue/mini/k20/wst
N Estimators: 3
================================================================================
Loading images from assatigue area...
Found classes in assatigue: ['low_veg', 'trees', 'water']
Loading 5 images from assatigue/low_veg
Loading 5 images from assatigue/trees
Loading 5 images from assatigue/water
Loaded 15 images with 3 classes
Classes: [np.str_('low_veg'), np.str_('trees'), np.str_('water')]
Image shape: (3, 128, 128)
Extracting wst features...
Feature matrix shape: (15, 486)
Applying SelectKBest feature selection (k=20)...
Selected features: ['R_wst_mean_54', 'R_wst_std_0', 'B_wst_mean_2', 'B_wst_mean_7', 'B_wst_mean_24', 'B_wst_mean_30', 'B_wst_mean_31', 'B_wst_mean_37', 'B_wst_mean_40', 'B_wst_mean_48', 'B_wst_mean_54', 'B_wst_mean_55', 'B_wst_mean_57', 'B_wst_mean_58', 'B_wst_mean_62', 'B_wst_mean_64', 'B_wst_mean_66', 'B_wst_mean_70', 'B_wst_std_37', 'B_wst_std_76']
Feature scores: [0.91537185 0.85243534 0.83695915 0.87426074 0.87807026 0.95489566
 0.87314963 0.91751471 0.88695915 0.92426074 0.87807026 0.84473693
 0.97711788 0.88537185 0.92092741 0.83203852 0.83695915 0.84592741
 0.94537185 0.87074222]
Training final Random Forest model...
Saving model and artifacts...
Saved trained model: /home/brusc/Projects/random_forest/experiments_organized/speckle_output/dataset_rgb_speckle_55/assatigue/mini/k20/wst/trained_model.joblib
Saved scaler: /home/brusc/Projects/random_forest/experiments_organized/speckle_output/dataset_rgb_speckle_55/assatigue/mini/k20/wst/scaler.joblib
Saved feature selector: /home/brusc/Projects/random_forest/experiments_organized/speckle_output/dataset_rgb_speckle_55/assatigue/mini/k20/wst/feature_selector.joblib
Saved feature information: /home/brusc/Projects/random_forest/experiments_organized/speckle_output/dataset_rgb_speckle_55/assatigue/mini/k20/wst/feature_names.json
Saved experiment report: /home/brusc/Projects/random_forest/experiments_organized/speckle_output/dataset_rgb_speckle_55/assatigue/mini/k20/wst/experiment_report_with_model.json
Saved usage instructions: /home/brusc/Projects/random_forest/experiments_organized/speckle_output/dataset_rgb_speckle_55/assatigue/mini/k20/wst/model_usage_instructions.md

================================================================================
TRAINING COMPLETED SUCCESSFULLY
================================================================================
Area: assatigue
Dataset: /home/brusc/Projects/random_forest/datasets/dataset_rgb_speckle_55/mini
Feature method: wst
Total images: 15
Classes: ['low_veg', 'trees', 'water']
Original features: 486
Selected features: 20
N estimators: 3

PERFORMANCE RESULTS:
Test Accuracy: 1.0000
CV Accuracy: 0.9333 ± 0.1333

Top 20 selected features:
  1. R_wst_mean_54: 0.9154
  2. R_wst_std_0: 0.8524
  3. B_wst_mean_2: 0.8370
  4. B_wst_mean_7: 0.8743
  5. B_wst_mean_24: 0.8781
  6. B_wst_mean_30: 0.9549
  7. B_wst_mean_31: 0.8731
  8. B_wst_mean_37: 0.9175
  9. B_wst_mean_40: 0.8870
  10. B_wst_mean_48: 0.9243
  11. B_wst_mean_54: 0.8781
  12. B_wst_mean_55: 0.8447
  13. B_wst_mean_57: 0.9771
  14. B_wst_mean_58: 0.8854
  15. B_wst_mean_62: 0.9209
  16. B_wst_mean_64: 0.8320
  17. B_wst_mean_66: 0.8370
  18. B_wst_mean_70: 0.8459
  19. B_wst_std_37: 0.9454
  20. B_wst_std_76: 0.8707

Model and artifacts saved to: /home/brusc/Projects/random_forest/experiments_organized/speckle_output/dataset_rgb_speckle_55/assatigue/mini/k20/wst
================================================================================
