================================================================================
CONFIGURABLE RANDOM FOREST TRAINING SCRIPT
Dataset: /home/brusc/Projects/random_forest/datasets/dataset_rgb_speckle_15/mini
Area: sunset
Feature Method: advanced_stats
K Features: 20
Output: /home/brusc/Projects/random_forest/experiments_organized/speckle_output/dataset_rgb_speckle_15/sunset/mini/k20/advanced_stats
N Estimators: 3
================================================================================
Loading images from sunset area...
Found classes in sunset: ['garden', 'low_veg', 'trees']
Loading 5 images from sunset/garden
Loading 5 images from sunset/low_veg
Loading 5 images from sunset/trees
Loaded 15 images with 3 classes
Classes: [np.str_('garden'), np.str_('low_veg'), np.str_('trees')]
Image shape: (3, 128, 128)
Extracting advanced_stats features...
Feature matrix shape: (15, 54)
Applying SelectKBest feature selection (k=20)...
Selected features: ['R_std', 'R_var', 'R_max', 'R_range', 'R_iqr', 'R_mad', 'R_grad_mean', 'G_var', 'G_range', 'G_grad_mean', 'B_mean', 'B_std', 'B_var', 'B_skew', 'B_kurt', 'B_p50', 'B_p75', 'B_iqr', 'B_mad', 'B_grad_mean']
Feature scores: [0.59362582 0.58029249 0.67386317 0.51187979 0.78114071 0.68973693
 0.56994857 0.56981629 0.64452288 0.57180042 0.52973452 0.67918137
 0.5964036  0.52999907 0.50930884 0.56021312 0.49875809 0.68418137
 0.58449883 0.62029249]
Training final Random Forest model...
Saving model and artifacts...
Saved trained model: /home/brusc/Projects/random_forest/experiments_organized/speckle_output/dataset_rgb_speckle_15/sunset/mini/k20/advanced_stats/trained_model.joblib
Saved scaler: /home/brusc/Projects/random_forest/experiments_organized/speckle_output/dataset_rgb_speckle_15/sunset/mini/k20/advanced_stats/scaler.joblib
Saved feature selector: /home/brusc/Projects/random_forest/experiments_organized/speckle_output/dataset_rgb_speckle_15/sunset/mini/k20/advanced_stats/feature_selector.joblib
Saved feature information: /home/brusc/Projects/random_forest/experiments_organized/speckle_output/dataset_rgb_speckle_15/sunset/mini/k20/advanced_stats/feature_names.json
Saved experiment report: /home/brusc/Projects/random_forest/experiments_organized/speckle_output/dataset_rgb_speckle_15/sunset/mini/k20/advanced_stats/experiment_report_with_model.json
Saved usage instructions: /home/brusc/Projects/random_forest/experiments_organized/speckle_output/dataset_rgb_speckle_15/sunset/mini/k20/advanced_stats/model_usage_instructions.md

================================================================================
TRAINING COMPLETED SUCCESSFULLY
================================================================================
Area: sunset
Dataset: /home/brusc/Projects/random_forest/datasets/dataset_rgb_speckle_15/mini
Feature method: advanced_stats
Total images: 15
Classes: ['garden', 'low_veg', 'trees']
Original features: 54
Selected features: 20
N estimators: 3

PERFORMANCE RESULTS:
Test Accuracy: 1.0000
CV Accuracy: 0.6667 ± 0.2108

Top 20 selected features:
  1. R_std: 0.5936
  2. R_var: 0.5803
  3. R_max: 0.6739
  4. R_range: 0.5119
  5. R_iqr: 0.7811
  6. R_mad: 0.6897
  7. R_grad_mean: 0.5699
  8. G_var: 0.5698
  9. G_range: 0.6445
  10. G_grad_mean: 0.5718
  11. B_mean: 0.5297
  12. B_std: 0.6792
  13. B_var: 0.5964
  14. B_skew: 0.5300
  15. B_kurt: 0.5093
  16. B_p50: 0.5602
  17. B_p75: 0.4988
  18. B_iqr: 0.6842
  19. B_mad: 0.5845
  20. B_grad_mean: 0.6203

Model and artifacts saved to: /home/brusc/Projects/random_forest/experiments_organized/speckle_output/dataset_rgb_speckle_15/sunset/mini/k20/advanced_stats
================================================================================
